[0.040s] Invoking command in '/home/ahmedk/dev_ws/build/turtlebot3_simulations': CMAKE_PREFIX_PATH=/home/ahmedk/dev_ws/install/turtlebot3_gazebo:/home/ahmedk/dev_ws/install/turtlebot3_fake_node:/home/ahmedk/dev_ws/install/turtlebot3_simulations:/home/ahmedk/dev_ws/install/my_package:/home/ahmedk/dev_ws/install/my_own_srv:/home/ahmedk/dev_ws/install/my_bot:/home/ahmedk/dev_ws/install/add_two_int_srv:/home/ahmedk/dev_ws/install/my_first_py:/opt/ros/humble /usr/bin/cmake --build /home/ahmedk/dev_ws/build/turtlebot3_simulations -- -j2 -l2
[0.126s] Invoked command in '/home/ahmedk/dev_ws/build/turtlebot3_simulations' returned '0': CMAKE_PREFIX_PATH=/home/ahmedk/dev_ws/install/turtlebot3_gazebo:/home/ahmedk/dev_ws/install/turtlebot3_fake_node:/home/ahmedk/dev_ws/install/turtlebot3_simulations:/home/ahmedk/dev_ws/install/my_package:/home/ahmedk/dev_ws/install/my_own_srv:/home/ahmedk/dev_ws/install/my_bot:/home/ahmedk/dev_ws/install/add_two_int_srv:/home/ahmedk/dev_ws/install/my_first_py:/opt/ros/humble /usr/bin/cmake --build /home/ahmedk/dev_ws/build/turtlebot3_simulations -- -j2 -l2
[0.156s] Invoking command in '/home/ahmedk/dev_ws/build/turtlebot3_simulations': CMAKE_PREFIX_PATH=/home/ahmedk/dev_ws/install/turtlebot3_gazebo:/home/ahmedk/dev_ws/install/turtlebot3_fake_node:/home/ahmedk/dev_ws/install/turtlebot3_simulations:/home/ahmedk/dev_ws/install/my_package:/home/ahmedk/dev_ws/install/my_own_srv:/home/ahmedk/dev_ws/install/my_bot:/home/ahmedk/dev_ws/install/add_two_int_srv:/home/ahmedk/dev_ws/install/my_first_py:/opt/ros/humble /usr/bin/cmake --install /home/ahmedk/dev_ws/build/turtlebot3_simulations
[0.172s] -- Install configuration: ""
[0.173s] -- Execute custom install script
[0.174s] -- Up-to-date symlink: /home/ahmedk/dev_ws/install/turtlebot3_simulations/share/ament_index/resource_index/package_run_dependencies/turtlebot3_simulations
[0.175s] -- Up-to-date symlink: /home/ahmedk/dev_ws/install/turtlebot3_simulations/share/ament_index/resource_index/parent_prefix_path/turtlebot3_simulations
[0.176s] -- Up-to-date symlink: /home/ahmedk/dev_ws/install/turtlebot3_simulations/share/turtlebot3_simulations/environment/ament_prefix_path.sh
[0.176s] -- Up-to-date symlink: /home/ahmedk/dev_ws/install/turtlebot3_simulations/share/turtlebot3_simulations/environment/ament_prefix_path.dsv
[0.178s] -- Up-to-date symlink: /home/ahmedk/dev_ws/install/turtlebot3_simulations/share/turtlebot3_simulations/environment/path.sh
[0.178s] -- Up-to-date symlink: /home/ahmedk/dev_ws/install/turtlebot3_simulations/share/turtlebot3_simulations/environment/path.dsv
[0.179s] -- Up-to-date symlink: /home/ahmedk/dev_ws/install/turtlebot3_simulations/share/turtlebot3_simulations/local_setup.bash
[0.180s] -- Up-to-date symlink: /home/ahmedk/dev_ws/install/turtlebot3_simulations/share/turtlebot3_simulations/local_setup.sh
[0.186s] -- Up-to-date symlink: /home/ahmedk/dev_ws/install/turtlebot3_simulations/share/turtlebot3_simulations/local_setup.zsh
[0.187s] -- Up-to-date symlink: /home/ahmedk/dev_ws/install/turtlebot3_simulations/share/turtlebot3_simulations/local_setup.dsv
[0.188s] -- Symlinking: /home/ahmedk/dev_ws/install/turtlebot3_simulations/share/turtlebot3_simulations/package.dsv
[0.206s] -- Up-to-date symlink: /home/ahmedk/dev_ws/install/turtlebot3_simulations/share/ament_index/resource_index/packages/turtlebot3_simulations
[0.206s] -- Up-to-date symlink: /home/ahmedk/dev_ws/install/turtlebot3_simulations/share/turtlebot3_simulations/cmake/turtlebot3_simulationsConfig.cmake
[0.207s] -- Up-to-date symlink: /home/ahmedk/dev_ws/install/turtlebot3_simulations/share/turtlebot3_simulations/cmake/turtlebot3_simulationsConfig-version.cmake
[0.209s] -- Up-to-date symlink: /home/ahmedk/dev_ws/install/turtlebot3_simulations/share/turtlebot3_simulations/package.xml
[0.212s] Invoked command in '/home/ahmedk/dev_ws/build/turtlebot3_simulations' returned '0': CMAKE_PREFIX_PATH=/home/ahmedk/dev_ws/install/turtlebot3_gazebo:/home/ahmedk/dev_ws/install/turtlebot3_fake_node:/home/ahmedk/dev_ws/install/turtlebot3_simulations:/home/ahmedk/dev_ws/install/my_package:/home/ahmedk/dev_ws/install/my_own_srv:/home/ahmedk/dev_ws/install/my_bot:/home/ahmedk/dev_ws/install/add_two_int_srv:/home/ahmedk/dev_ws/install/my_first_py:/opt/ros/humble /usr/bin/cmake --install /home/ahmedk/dev_ws/build/turtlebot3_simulations
