[0.285s] Invoking command in '/home/ahmedk/dev_ws/build/my_own_srv': CMAKE_PREFIX_PATH=${CMAKE_PREFIX_PATH}:/home/ahmedk/dev_ws/install/add_two_int_srv:/home/ahmedk/dev_ws/install/my_first_py:/opt/ros/humble /usr/bin/cmake /home/ahmedk/dev_ws/src/my_own_srv -DAMENT_CMAKE_SYMLINK_INSTALL=1 -DCMAKE_INSTALL_PREFIX=/home/ahmedk/dev_ws/install/my_own_srv
[0.368s] -- Found ament_cmake: 1.3.6 (/opt/ros/humble/share/ament_cmake/cmake)
[0.673s] -- Override CMake install command with custom implementation using symlinks instead of copying resources
[0.687s] -- Found std_msgs: 4.2.3 (/opt/ros/humble/share/std_msgs/cmake)
[0.750s] -- Found rosidl_generator_c: 3.1.5 (/opt/ros/humble/share/rosidl_generator_c/cmake)
[0.763s] -- Found rosidl_adapter: 3.1.5 (/opt/ros/humble/share/rosidl_adapter/cmake)
[0.785s] -- Found rosidl_generator_cpp: 3.1.5 (/opt/ros/humble/share/rosidl_generator_cpp/cmake)
[0.817s] -- Using all available rosidl_typesupport_c: rosidl_typesupport_fastrtps_c;rosidl_typesupport_introspection_c
[0.861s] -- Using all available rosidl_typesupport_cpp: rosidl_typesupport_fastrtps_cpp;rosidl_typesupport_introspection_cpp
[0.966s] -- Found rosidl_default_generators: 1.2.0 (/opt/ros/humble/share/rosidl_default_generators/cmake)
[1.471s] -- Found ament_cmake_ros: 0.10.0 (/opt/ros/humble/share/ament_cmake_ros/cmake)
[2.111s] -- Using all available rosidl_typesupport_c: rosidl_typesupport_fastrtps_c;rosidl_typesupport_introspection_c
[2.373s] -- Using all available rosidl_typesupport_cpp: rosidl_typesupport_fastrtps_cpp;rosidl_typesupport_introspection_cpp
[2.424s] -- Found python_cmake_module: 0.10.0 (/opt/ros/humble/share/python_cmake_module/cmake)
[2.487s] -- Using PYTHON_EXECUTABLE: /usr/bin/python3
[2.487s] -- Using PYTHON_INCLUDE_DIRS: /usr/include/python3.10
[2.487s] -- Using PYTHON_LIBRARIES: /usr/lib/x86_64-linux-gnu/libpython3.10.so
[2.554s] -- Found ament_lint_auto: 0.12.9 (/opt/ros/humble/share/ament_lint_auto/cmake)
[2.616s] -- Added test 'lint_cmake' to check CMake code style
[2.620s] -- Added test 'xmllint' to check XML markup files
[2.630s] -- Configuring done
[2.807s] -- Generating done
[2.819s] -- Build files have been written to: /home/ahmedk/dev_ws/build/my_own_srv
[2.830s] Invoked command in '/home/ahmedk/dev_ws/build/my_own_srv' returned '0': CMAKE_PREFIX_PATH=${CMAKE_PREFIX_PATH}:/home/ahmedk/dev_ws/install/add_two_int_srv:/home/ahmedk/dev_ws/install/my_first_py:/opt/ros/humble /usr/bin/cmake /home/ahmedk/dev_ws/src/my_own_srv -DAMENT_CMAKE_SYMLINK_INSTALL=1 -DCMAKE_INSTALL_PREFIX=/home/ahmedk/dev_ws/install/my_own_srv
[2.830s] Invoking command in '/home/ahmedk/dev_ws/build/my_own_srv': CMAKE_PREFIX_PATH=${CMAKE_PREFIX_PATH}:/home/ahmedk/dev_ws/install/add_two_int_srv:/home/ahmedk/dev_ws/install/my_first_py:/opt/ros/humble /usr/bin/cmake --build /home/ahmedk/dev_ws/build/my_own_srv -- -j2 -l2
[2.915s] [35m[1mConsolidate compiler generated dependencies of target my_own_srv__rosidl_generator_c[0m
[2.963s] [  9%] Built target my_own_srv__rosidl_generator_c
[2.965s] [ 12%] Built target my_own_srv__cpp
[3.000s] [35m[1mConsolidate compiler generated dependencies of target my_own_srv__rosidl_typesupport_cpp[0m
[3.023s] [ 12%] Built target ament_cmake_python_symlink_my_own_srv
[3.044s] [ 22%] Built target my_own_srv__rosidl_typesupport_cpp
[3.061s] [35m[1mConsolidate compiler generated dependencies of target my_own_srv__rosidl_typesupport_fastrtps_c[0m
[3.095s] [35m[1mConsolidate compiler generated dependencies of target my_own_srv__rosidl_typesupport_fastrtps_cpp[0m
[3.097s] [ 32%] Built target my_own_srv__rosidl_typesupport_fastrtps_c
[3.121s] [35m[1mConsolidate compiler generated dependencies of target my_own_srv__rosidl_typesupport_introspection_c[0m
[3.133s] [ 41%] Built target my_own_srv__rosidl_typesupport_fastrtps_cpp
[3.155s] [ 51%] Built target my_own_srv__rosidl_typesupport_introspection_c
[3.155s] [35m[1mConsolidate compiler generated dependencies of target my_own_srv__rosidl_typesupport_c[0m
[3.174s] [35m[1mConsolidate compiler generated dependencies of target my_own_srv__rosidl_typesupport_introspection_cpp[0m
[3.176s] [ 61%] Built target my_own_srv__rosidl_typesupport_c
[3.192s] [ 70%] Built target my_own_srv__rosidl_typesupport_introspection_cpp
[3.219s] [ 70%] Built target my_own_srv
[3.258s] [ 74%] Built target my_own_srv__py
[3.269s] [35m[1mConsolidate compiler generated dependencies of target my_own_srv__rosidl_generator_py[0m
[3.322s] [ 80%] Built target my_own_srv__rosidl_generator_py
[3.338s] [35m[1mConsolidate compiler generated dependencies of target my_own_srv__rosidl_typesupport_fastrtps_c__pyext[0m
[3.401s] [ 87%] Built target my_own_srv__rosidl_typesupport_fastrtps_c__pyext
[3.461s] [35m[1mConsolidate compiler generated dependencies of target my_own_srv__rosidl_typesupport_introspection_c__pyext[0m
[3.507s] [ 93%] Built target my_own_srv__rosidl_typesupport_introspection_c__pyext
[3.526s] [35m[1mConsolidate compiler generated dependencies of target my_own_srv__rosidl_typesupport_c__pyext[0m
[3.556s] [100%] Built target my_own_srv__rosidl_typesupport_c__pyext
[3.698s] running egg_info
[3.699s] writing my_own_srv.egg-info/PKG-INFO
[3.700s] writing dependency_links to my_own_srv.egg-info/dependency_links.txt
[3.700s] writing top-level names to my_own_srv.egg-info/top_level.txt
[3.705s] reading manifest file 'my_own_srv.egg-info/SOURCES.txt'
[3.707s] writing manifest file 'my_own_srv.egg-info/SOURCES.txt'
[3.763s] [100%] Built target ament_cmake_python_build_my_own_srv_egg
[3.822s] Invoked command in '/home/ahmedk/dev_ws/build/my_own_srv' returned '0': CMAKE_PREFIX_PATH=${CMAKE_PREFIX_PATH}:/home/ahmedk/dev_ws/install/add_two_int_srv:/home/ahmedk/dev_ws/install/my_first_py:/opt/ros/humble /usr/bin/cmake --build /home/ahmedk/dev_ws/build/my_own_srv -- -j2 -l2
[3.929s] Invoking command in '/home/ahmedk/dev_ws/build/my_own_srv': CMAKE_PREFIX_PATH=${CMAKE_PREFIX_PATH}:/home/ahmedk/dev_ws/install/add_two_int_srv:/home/ahmedk/dev_ws/install/my_first_py:/opt/ros/humble /usr/bin/cmake --install /home/ahmedk/dev_ws/build/my_own_srv
[3.940s] -- Install configuration: ""
[3.940s] -- Execute custom install script
[3.945s] -- Up-to-date symlink: /home/ahmedk/dev_ws/install/my_own_srv/share/ament_index/resource_index/rosidl_interfaces/my_own_srv
[3.951s] -- Up-to-date symlink: /home/ahmedk/dev_ws/install/my_own_srv/include/my_own_srv/my_own_srv/msg/rosidl_generator_c__visibility_control.h
[3.952s] -- Up-to-date symlink: /home/ahmedk/dev_ws/install/my_own_srv/include/my_own_srv/my_own_srv/srv/add_two_ints.h
[3.953s] -- Up-to-date symlink: /home/ahmedk/dev_ws/install/my_own_srv/include/my_own_srv/my_own_srv/srv/detail/add_two_ints__functions.h
[3.956s] -- Up-to-date symlink: /home/ahmedk/dev_ws/install/my_own_srv/include/my_own_srv/my_own_srv/srv/detail/add_two_ints__struct.h
[3.957s] -- Up-to-date symlink: /home/ahmedk/dev_ws/install/my_own_srv/include/my_own_srv/my_own_srv/srv/detail/add_two_ints__type_support.h
[3.958s] -- Up-to-date symlink: /home/ahmedk/dev_ws/install/my_own_srv/share/my_own_srv/environment/library_path.sh
[3.959s] -- Up-to-date symlink: /home/ahmedk/dev_ws/install/my_own_srv/share/my_own_srv/environment/library_path.dsv
[3.961s] -- Up-to-date symlink: /home/ahmedk/dev_ws/install/my_own_srv/include/my_own_srv/my_own_srv/msg/rosidl_typesupport_fastrtps_c__visibility_control.h
[3.961s] -- Up-to-date symlink: /home/ahmedk/dev_ws/install/my_own_srv/include/my_own_srv/my_own_srv/srv/detail/add_two_ints__rosidl_typesupport_fastrtps_c.h
[3.963s] -- Up-to-date symlink: /home/ahmedk/dev_ws/install/my_own_srv/include/my_own_srv/my_own_srv/srv/add_two_ints.hpp
[3.964s] -- Up-to-date symlink: /home/ahmedk/dev_ws/install/my_own_srv/include/my_own_srv/my_own_srv/srv/detail/add_two_ints__builder.hpp
[3.965s] -- Up-to-date symlink: /home/ahmedk/dev_ws/install/my_own_srv/include/my_own_srv/my_own_srv/srv/detail/add_two_ints__struct.hpp
[3.965s] -- Up-to-date symlink: /home/ahmedk/dev_ws/install/my_own_srv/include/my_own_srv/my_own_srv/srv/detail/add_two_ints__traits.hpp
[3.967s] -- Up-to-date symlink: /home/ahmedk/dev_ws/install/my_own_srv/include/my_own_srv/my_own_srv/msg/rosidl_typesupport_fastrtps_cpp__visibility_control.h
[3.967s] -- Up-to-date symlink: /home/ahmedk/dev_ws/install/my_own_srv/include/my_own_srv/my_own_srv/srv/detail/add_two_ints__rosidl_typesupport_fastrtps_cpp.hpp
[3.969s] -- Up-to-date symlink: /home/ahmedk/dev_ws/install/my_own_srv/include/my_own_srv/my_own_srv/msg/rosidl_typesupport_introspection_c__visibility_control.h
[3.969s] -- Up-to-date symlink: /home/ahmedk/dev_ws/install/my_own_srv/include/my_own_srv/my_own_srv/srv/detail/add_two_ints__rosidl_typesupport_introspection_c.h
[3.972s] -- Up-to-date symlink: /home/ahmedk/dev_ws/install/my_own_srv/include/my_own_srv/my_own_srv/srv/detail/add_two_ints__rosidl_typesupport_introspection_cpp.hpp
[3.972s] -- Up-to-date symlink: /home/ahmedk/dev_ws/install/my_own_srv/share/my_own_srv/environment/pythonpath.sh
[3.972s] -- Up-to-date symlink: /home/ahmedk/dev_ws/install/my_own_srv/share/my_own_srv/environment/pythonpath.dsv
[3.972s] -- Up-to-date symlink: /home/ahmedk/dev_ws/install/my_own_srv/local/lib/python3.10/dist-packages/my_own_srv-0.0.0-py3.10.egg-info/PKG-INFO
[3.973s] -- Up-to-date symlink: /home/ahmedk/dev_ws/install/my_own_srv/local/lib/python3.10/dist-packages/my_own_srv-0.0.0-py3.10.egg-info/SOURCES.txt
[3.973s] -- Up-to-date symlink: /home/ahmedk/dev_ws/install/my_own_srv/local/lib/python3.10/dist-packages/my_own_srv-0.0.0-py3.10.egg-info/dependency_links.txt
[3.974s] -- Up-to-date symlink: /home/ahmedk/dev_ws/install/my_own_srv/local/lib/python3.10/dist-packages/my_own_srv-0.0.0-py3.10.egg-info/top_level.txt
[3.976s] -- Up-to-date symlink: /home/ahmedk/dev_ws/install/my_own_srv/local/lib/python3.10/dist-packages/my_own_srv/__init__.py
[3.977s] -- Up-to-date symlink: /home/ahmedk/dev_ws/install/my_own_srv/local/lib/python3.10/dist-packages/my_own_srv/_my_own_srv_s.ep.rosidl_typesupport_c.c
[3.978s] -- Up-to-date symlink: /home/ahmedk/dev_ws/install/my_own_srv/local/lib/python3.10/dist-packages/my_own_srv/_my_own_srv_s.ep.rosidl_typesupport_fastrtps_c.c
[3.979s] -- Up-to-date symlink: /home/ahmedk/dev_ws/install/my_own_srv/local/lib/python3.10/dist-packages/my_own_srv/_my_own_srv_s.ep.rosidl_typesupport_introspection_c.c
[3.979s] -- Up-to-date symlink: /home/ahmedk/dev_ws/install/my_own_srv/local/lib/python3.10/dist-packages/my_own_srv/libmy_own_srv__rosidl_generator_py.so
[3.980s] -- Up-to-date symlink: /home/ahmedk/dev_ws/install/my_own_srv/local/lib/python3.10/dist-packages/my_own_srv/my_own_srv_s__rosidl_typesupport_c.cpython-310-x86_64-linux-gnu.so
[3.981s] -- Up-to-date symlink: /home/ahmedk/dev_ws/install/my_own_srv/local/lib/python3.10/dist-packages/my_own_srv/my_own_srv_s__rosidl_typesupport_fastrtps_c.cpython-310-x86_64-linux-gnu.so
[3.982s] -- Up-to-date symlink: /home/ahmedk/dev_ws/install/my_own_srv/local/lib/python3.10/dist-packages/my_own_srv/my_own_srv_s__rosidl_typesupport_introspection_c.cpython-310-x86_64-linux-gnu.so
[3.984s] -- Up-to-date symlink: /home/ahmedk/dev_ws/install/my_own_srv/local/lib/python3.10/dist-packages/my_own_srv/srv/__init__.py
[3.984s] -- Up-to-date symlink: /home/ahmedk/dev_ws/install/my_own_srv/local/lib/python3.10/dist-packages/my_own_srv/srv/_add_two_ints.py
[3.985s] -- Up-to-date symlink: /home/ahmedk/dev_ws/install/my_own_srv/local/lib/python3.10/dist-packages/my_own_srv/srv/_add_two_ints_s.c
[3.986s] -- Up-to-date symlink: /home/ahmedk/dev_ws/install/my_own_srv/local/lib/python3.10/dist-packages/my_own_srv/my_own_srv_s__rosidl_typesupport_fastrtps_c.cpython-310-x86_64-linux-gnu.so
[3.986s] -- Up-to-date symlink: /home/ahmedk/dev_ws/install/my_own_srv/local/lib/python3.10/dist-packages/my_own_srv/my_own_srv_s__rosidl_typesupport_introspection_c.cpython-310-x86_64-linux-gnu.so
[3.986s] -- Up-to-date symlink: /home/ahmedk/dev_ws/install/my_own_srv/local/lib/python3.10/dist-packages/my_own_srv/my_own_srv_s__rosidl_typesupport_c.cpython-310-x86_64-linux-gnu.so
[3.989s] -- Up-to-date symlink: /home/ahmedk/dev_ws/install/my_own_srv/share/my_own_srv/srv/AddTwoInts.idl
[3.989s] -- Up-to-date symlink: /home/ahmedk/dev_ws/install/my_own_srv/share/my_own_srv/srv/AddTwoInts.srv
[3.989s] -- Up-to-date symlink: /home/ahmedk/dev_ws/install/my_own_srv/share/my_own_srv/srv/AddTwoInts_Request.msg
[3.990s] -- Up-to-date symlink: /home/ahmedk/dev_ws/install/my_own_srv/share/my_own_srv/srv/AddTwoInts_Response.msg
[3.990s] -- Up-to-date symlink: /home/ahmedk/dev_ws/install/my_own_srv/share/ament_index/resource_index/package_run_dependencies/my_own_srv
[3.991s] -- Up-to-date symlink: /home/ahmedk/dev_ws/install/my_own_srv/share/ament_index/resource_index/parent_prefix_path/my_own_srv
[3.992s] -- Up-to-date symlink: /home/ahmedk/dev_ws/install/my_own_srv/share/my_own_srv/environment/ament_prefix_path.sh
[3.992s] -- Up-to-date symlink: /home/ahmedk/dev_ws/install/my_own_srv/share/my_own_srv/environment/ament_prefix_path.dsv
[3.993s] -- Up-to-date symlink: /home/ahmedk/dev_ws/install/my_own_srv/share/my_own_srv/environment/path.sh
[3.993s] -- Up-to-date symlink: /home/ahmedk/dev_ws/install/my_own_srv/share/my_own_srv/environment/path.dsv
[3.994s] -- Up-to-date symlink: /home/ahmedk/dev_ws/install/my_own_srv/share/my_own_srv/local_setup.bash
[3.995s] -- Up-to-date symlink: /home/ahmedk/dev_ws/install/my_own_srv/share/my_own_srv/local_setup.sh
[3.996s] -- Up-to-date symlink: /home/ahmedk/dev_ws/install/my_own_srv/share/my_own_srv/local_setup.zsh
[3.996s] -- Up-to-date symlink: /home/ahmedk/dev_ws/install/my_own_srv/share/my_own_srv/local_setup.dsv
[3.996s] -- Symlinking: /home/ahmedk/dev_ws/install/my_own_srv/share/my_own_srv/package.dsv
[4.010s] -- Up-to-date symlink: /home/ahmedk/dev_ws/install/my_own_srv/share/ament_index/resource_index/packages/my_own_srv
[4.011s] -- Up-to-date symlink: /home/ahmedk/dev_ws/install/my_own_srv/share/my_own_srv/cmake/rosidl_cmake-extras.cmake
[4.012s] -- Up-to-date symlink: /home/ahmedk/dev_ws/install/my_own_srv/share/my_own_srv/cmake/ament_cmake_export_dependencies-extras.cmake
[4.013s] -- Up-to-date symlink: /home/ahmedk/dev_ws/install/my_own_srv/share/my_own_srv/cmake/ament_cmake_export_include_directories-extras.cmake
[4.014s] -- Up-to-date symlink: /home/ahmedk/dev_ws/install/my_own_srv/share/my_own_srv/cmake/ament_cmake_export_libraries-extras.cmake
[4.015s] -- Up-to-date symlink: /home/ahmedk/dev_ws/install/my_own_srv/share/my_own_srv/cmake/ament_cmake_export_targets-extras.cmake
[4.016s] -- Up-to-date symlink: /home/ahmedk/dev_ws/install/my_own_srv/share/my_own_srv/cmake/rosidl_cmake_export_typesupport_targets-extras.cmake
[4.017s] -- Up-to-date symlink: /home/ahmedk/dev_ws/install/my_own_srv/share/my_own_srv/cmake/rosidl_cmake_export_typesupport_libraries-extras.cmake
[4.018s] -- Up-to-date symlink: /home/ahmedk/dev_ws/install/my_own_srv/share/my_own_srv/cmake/my_own_srvConfig.cmake
[4.018s] -- Up-to-date symlink: /home/ahmedk/dev_ws/install/my_own_srv/share/my_own_srv/cmake/my_own_srvConfig-version.cmake
[4.019s] -- Up-to-date symlink: /home/ahmedk/dev_ws/install/my_own_srv/share/my_own_srv/package.xml
[4.020s] -- Up-to-date: /home/ahmedk/dev_ws/install/my_own_srv/lib/libmy_own_srv__rosidl_generator_c.so
[4.022s] -- Up-to-date: /home/ahmedk/dev_ws/install/my_own_srv/lib/libmy_own_srv__rosidl_typesupport_fastrtps_c.so
[4.027s] -- Up-to-date: /home/ahmedk/dev_ws/install/my_own_srv/lib/libmy_own_srv__rosidl_typesupport_fastrtps_cpp.so
[4.028s] -- Up-to-date: /home/ahmedk/dev_ws/install/my_own_srv/lib/libmy_own_srv__rosidl_typesupport_introspection_c.so
[4.031s] -- Up-to-date: /home/ahmedk/dev_ws/install/my_own_srv/lib/libmy_own_srv__rosidl_typesupport_c.so
[4.033s] -- Up-to-date: /home/ahmedk/dev_ws/install/my_own_srv/lib/libmy_own_srv__rosidl_typesupport_introspection_cpp.so
[4.035s] -- Up-to-date: /home/ahmedk/dev_ws/install/my_own_srv/lib/libmy_own_srv__rosidl_typesupport_cpp.so
[4.091s] Listing '/home/ahmedk/dev_ws/install/my_own_srv/local/lib/python3.10/dist-packages/my_own_srv'...
[4.091s] Compiling '/home/ahmedk/dev_ws/install/my_own_srv/local/lib/python3.10/dist-packages/my_own_srv/__init__.py'...
[4.091s] Listing '/home/ahmedk/dev_ws/install/my_own_srv/local/lib/python3.10/dist-packages/my_own_srv/srv'...
[4.099s] -- Up-to-date: /home/ahmedk/dev_ws/install/my_own_srv/lib/libmy_own_srv__rosidl_generator_py.so
[4.100s] -- Up-to-date: /home/ahmedk/dev_ws/install/my_own_srv/share/my_own_srv/cmake/export_my_own_srv__rosidl_generator_cExport.cmake
[4.101s] -- Up-to-date: /home/ahmedk/dev_ws/install/my_own_srv/share/my_own_srv/cmake/export_my_own_srv__rosidl_generator_cExport-noconfig.cmake
[4.101s] -- Up-to-date: /home/ahmedk/dev_ws/install/my_own_srv/share/my_own_srv/cmake/export_my_own_srv__rosidl_typesupport_fastrtps_cExport.cmake
[4.102s] -- Up-to-date: /home/ahmedk/dev_ws/install/my_own_srv/share/my_own_srv/cmake/export_my_own_srv__rosidl_typesupport_fastrtps_cExport-noconfig.cmake
[4.102s] -- Up-to-date: /home/ahmedk/dev_ws/install/my_own_srv/share/my_own_srv/cmake/export_my_own_srv__rosidl_generator_cppExport.cmake
[4.103s] -- Up-to-date: /home/ahmedk/dev_ws/install/my_own_srv/share/my_own_srv/cmake/export_my_own_srv__rosidl_typesupport_fastrtps_cppExport.cmake
[4.103s] -- Up-to-date: /home/ahmedk/dev_ws/install/my_own_srv/share/my_own_srv/cmake/export_my_own_srv__rosidl_typesupport_fastrtps_cppExport-noconfig.cmake
[4.104s] -- Up-to-date: /home/ahmedk/dev_ws/install/my_own_srv/share/my_own_srv/cmake/my_own_srv__rosidl_typesupport_introspection_cExport.cmake
[4.106s] -- Up-to-date: /home/ahmedk/dev_ws/install/my_own_srv/share/my_own_srv/cmake/my_own_srv__rosidl_typesupport_introspection_cExport-noconfig.cmake
[4.107s] -- Up-to-date: /home/ahmedk/dev_ws/install/my_own_srv/share/my_own_srv/cmake/my_own_srv__rosidl_typesupport_cExport.cmake
[4.107s] -- Up-to-date: /home/ahmedk/dev_ws/install/my_own_srv/share/my_own_srv/cmake/my_own_srv__rosidl_typesupport_cExport-noconfig.cmake
[4.108s] -- Up-to-date: /home/ahmedk/dev_ws/install/my_own_srv/share/my_own_srv/cmake/my_own_srv__rosidl_typesupport_introspection_cppExport.cmake
[4.108s] -- Up-to-date: /home/ahmedk/dev_ws/install/my_own_srv/share/my_own_srv/cmake/my_own_srv__rosidl_typesupport_introspection_cppExport-noconfig.cmake
[4.110s] -- Up-to-date: /home/ahmedk/dev_ws/install/my_own_srv/share/my_own_srv/cmake/my_own_srv__rosidl_typesupport_cppExport.cmake
[4.111s] -- Up-to-date: /home/ahmedk/dev_ws/install/my_own_srv/share/my_own_srv/cmake/my_own_srv__rosidl_typesupport_cppExport-noconfig.cmake
[4.113s] -- Up-to-date: /home/ahmedk/dev_ws/install/my_own_srv/share/my_own_srv/cmake/export_my_own_srv__rosidl_generator_pyExport.cmake
[4.114s] -- Up-to-date: /home/ahmedk/dev_ws/install/my_own_srv/share/my_own_srv/cmake/export_my_own_srv__rosidl_generator_pyExport-noconfig.cmake
[4.120s] Invoked command in '/home/ahmedk/dev_ws/build/my_own_srv' returned '0': CMAKE_PREFIX_PATH=${CMAKE_PREFIX_PATH}:/home/ahmedk/dev_ws/install/add_two_int_srv:/home/ahmedk/dev_ws/install/my_first_py:/opt/ros/humble /usr/bin/cmake --install /home/ahmedk/dev_ws/build/my_own_srv
