[0.147s] Invoking command in '/home/ahmedk/dev_ws/build/my_package': CMAKE_PREFIX_PATH=${CMAKE_PREFIX_PATH}:/home/ahmedk/dev_ws/install/add_two_int_srv:/home/ahmedk/dev_ws/install/my_first_py:/opt/ros/humble /usr/bin/cmake /home/ahmedk/dev_ws/src/my_package -DCMAKE_INSTALL_PREFIX=/home/ahmedk/dev_ws/install/my_package
[0.181s] -- Found ament_cmake: 1.3.6 (/opt/ros/humble/share/ament_cmake/cmake)
[0.523s] -- Override CMake install command with custom implementation using symlinks instead of copying resources
[0.545s] -- Found ament_lint_auto: 0.12.9 (/opt/ros/humble/share/ament_lint_auto/cmake)
[0.718s] -- Added test 'flake8' to check Python code syntax and style conventions
[0.719s] -- Added test 'lint_cmake' to check CMake code style
[0.720s] -- Added test 'pep257' to check Python code against some of the docstring style conventions in PEP 257
[0.723s] -- Added test 'xmllint' to check XML markup files
[0.728s] -- Configuring done
[0.745s] -- Generating done
[0.749s] -- Build files have been written to: /home/ahmedk/dev_ws/build/my_package
[0.759s] Invoked command in '/home/ahmedk/dev_ws/build/my_package' returned '0': CMAKE_PREFIX_PATH=${CMAKE_PREFIX_PATH}:/home/ahmedk/dev_ws/install/add_two_int_srv:/home/ahmedk/dev_ws/install/my_first_py:/opt/ros/humble /usr/bin/cmake /home/ahmedk/dev_ws/src/my_package -DCMAKE_INSTALL_PREFIX=/home/ahmedk/dev_ws/install/my_package
[0.759s] Invoking command in '/home/ahmedk/dev_ws/build/my_package': CMAKE_PREFIX_PATH=${CMAKE_PREFIX_PATH}:/home/ahmedk/dev_ws/install/add_two_int_srv:/home/ahmedk/dev_ws/install/my_first_py:/opt/ros/humble /usr/bin/cmake --build /home/ahmedk/dev_ws/build/my_package -- -j2 -l2
[0.882s] Invoked command in '/home/ahmedk/dev_ws/build/my_package' returned '0': CMAKE_PREFIX_PATH=${CMAKE_PREFIX_PATH}:/home/ahmedk/dev_ws/install/add_two_int_srv:/home/ahmedk/dev_ws/install/my_first_py:/opt/ros/humble /usr/bin/cmake --build /home/ahmedk/dev_ws/build/my_package -- -j2 -l2
[0.945s] Invoking command in '/home/ahmedk/dev_ws/build/my_package': CMAKE_PREFIX_PATH=${CMAKE_PREFIX_PATH}:/home/ahmedk/dev_ws/install/add_two_int_srv:/home/ahmedk/dev_ws/install/my_first_py:/opt/ros/humble /usr/bin/cmake --install /home/ahmedk/dev_ws/build/my_package
[0.968s] -- Install configuration: ""
[0.969s] -- Execute custom install script
[0.972s] -- Up-to-date symlink: /home/ahmedk/dev_ws/install/my_package/share/my_package/launch/talker.launch.py
[0.975s] -- Up-to-date symlink: /home/ahmedk/dev_ws/install/my_package/share/ament_index/resource_index/package_run_dependencies/my_package
[0.977s] -- Up-to-date symlink: /home/ahmedk/dev_ws/install/my_package/share/ament_index/resource_index/parent_prefix_path/my_package
[0.980s] -- Up-to-date symlink: /home/ahmedk/dev_ws/install/my_package/share/my_package/environment/ament_prefix_path.sh
[0.982s] -- Up-to-date symlink: /home/ahmedk/dev_ws/install/my_package/share/my_package/environment/ament_prefix_path.dsv
[0.983s] -- Up-to-date symlink: /home/ahmedk/dev_ws/install/my_package/share/my_package/environment/path.sh
[0.985s] -- Up-to-date symlink: /home/ahmedk/dev_ws/install/my_package/share/my_package/environment/path.dsv
[0.986s] -- Up-to-date symlink: /home/ahmedk/dev_ws/install/my_package/share/my_package/local_setup.bash
[0.987s] -- Up-to-date symlink: /home/ahmedk/dev_ws/install/my_package/share/my_package/local_setup.sh
[0.989s] -- Up-to-date symlink: /home/ahmedk/dev_ws/install/my_package/share/my_package/local_setup.zsh
[0.990s] -- Up-to-date symlink: /home/ahmedk/dev_ws/install/my_package/share/my_package/local_setup.dsv
[0.990s] -- Symlinking: /home/ahmedk/dev_ws/install/my_package/share/my_package/package.dsv
[1.008s] -- Up-to-date symlink: /home/ahmedk/dev_ws/install/my_package/share/ament_index/resource_index/packages/my_package
[1.009s] -- Up-to-date symlink: /home/ahmedk/dev_ws/install/my_package/share/my_package/cmake/my_packageConfig.cmake
[1.010s] -- Up-to-date symlink: /home/ahmedk/dev_ws/install/my_package/share/my_package/cmake/my_packageConfig-version.cmake
[1.011s] -- Up-to-date symlink: /home/ahmedk/dev_ws/install/my_package/share/my_package/package.xml
[1.019s] Invoked command in '/home/ahmedk/dev_ws/build/my_package' returned '0': CMAKE_PREFIX_PATH=${CMAKE_PREFIX_PATH}:/home/ahmedk/dev_ws/install/add_two_int_srv:/home/ahmedk/dev_ws/install/my_first_py:/opt/ros/humble /usr/bin/cmake --install /home/ahmedk/dev_ws/build/my_package
