[0.088s] Invoking command in '/home/ahmedk/dev_ws/build/turtlebot3_gazebo': CMAKE_PREFIX_PATH=${CMAKE_PREFIX_PATH}:/home/ahmedk/dev_ws/install/my_first_py:/opt/ros/humble /usr/bin/cmake /home/ahmedk/dev_ws/src/turtlebot3_simulations/turtlebot3_gazebo -DAMENT_CMAKE_SYMLINK_INSTALL=1 -DCMAKE_INSTALL_PREFIX=/home/ahmedk/dev_ws/install/turtlebot3_gazebo
[0.201s] -- Found ament_cmake: 1.3.5 (/opt/ros/humble/share/ament_cmake/cmake)
[0.479s] -- Override CMake install command with custom implementation using symlinks instead of copying resources
[0.648s] -- Found DART: /usr/include (Required is at least version "6.6") found components: dart 
[0.753s] -- Found Protobuf: /usr/lib/x86_64-linux-gnu/libprotobuf.so (found version "3.12.4") 
[0.760s] -- Looking for ignition-math6 -- found version 6.12.0
[0.778s] -- Searching for dependencies of ignition-math6
[0.785s] -- Looking for OGRE...
[0.796s] -- Found Ogre Ghadamon (1.9.0)
[0.797s] -- Found OGRE: optimized;/usr/lib/x86_64-linux-gnu/libOgreMain.so;debug;/usr/lib/x86_64-linux-gnu/libOgreMain.so
[0.817s] -- Looking for OGRE_Paging...
[0.818s] -- Found OGRE_Paging: optimized;/usr/lib/x86_64-linux-gnu/libOgrePaging.so;debug;/usr/lib/x86_64-linux-gnu/libOgrePaging.so
[0.818s] -- Looking for OGRE_Terrain...
[0.819s] -- Found OGRE_Terrain: optimized;/usr/lib/x86_64-linux-gnu/libOgreTerrain.so;debug;/usr/lib/x86_64-linux-gnu/libOgreTerrain.so
[0.819s] -- Looking for OGRE_Property...
[0.821s] -- Found OGRE_Property: optimized;/usr/lib/x86_64-linux-gnu/libOgreProperty.so;debug;/usr/lib/x86_64-linux-gnu/libOgreProperty.so
[0.821s] -- Looking for OGRE_RTShaderSystem...
[0.821s] -- Found OGRE_RTShaderSystem: optimized;/usr/lib/x86_64-linux-gnu/libOgreRTShaderSystem.so;debug;/usr/lib/x86_64-linux-gnu/libOgreRTShaderSystem.so
[0.822s] -- Looking for OGRE_Volume...
[0.822s] -- Found OGRE_Volume: optimized;/usr/lib/x86_64-linux-gnu/libOgreVolume.so;debug;/usr/lib/x86_64-linux-gnu/libOgreVolume.so
[0.822s] -- Looking for OGRE_Overlay...
[0.822s] -- Found OGRE_Overlay: optimized;/usr/lib/x86_64-linux-gnu/libOgreOverlay.so;debug;/usr/lib/x86_64-linux-gnu/libOgreOverlay.so
[1.020s] -- Looking for ignition-math6 -- found version 6.12.0
[1.022s] -- Looking for ignition-transport8 -- found version 8.2.1
[1.023s] -- Searching for dependencies of ignition-transport8
[1.055s] -- Found Protobuf: /usr/lib/x86_64-linux-gnu/libprotobuf.so (found suitable version "3.12.4", minimum required is "3") 
[1.070s] -- Config-file not installed for ZeroMQ -- checking for pkg-config
[1.080s] -- Checking for module 'libzmq >= 4'
[1.108s] --   Found libzmq , version 4.3.4
[1.166s] -- Checking for module 'uuid'
[1.183s] --   Found uuid, version 2.37.2
[1.244s] -- Looking for ignition-msgs5 -- found version 5.8.1
[1.245s] -- Searching for dependencies of ignition-msgs5
[1.279s] -- Looking for ignition-math6 -- found version 6.12.0
[1.290s] -- Checking for module 'tinyxml2'
[1.321s] --   Found tinyxml2, version 9.0.0
[1.386s] -- Looking for ignition-msgs5 -- found version 5.8.1
[1.388s] -- Looking for ignition-common3 -- found version 3.14.0
[1.389s] -- Searching for dependencies of ignition-common3
[1.389s] -- Looking for dlfcn.h - found
[1.389s] -- Looking for libdl - found
[1.408s] -- Searching for <ignition-common3> component [graphics]
[1.412s] -- Looking for ignition-common3-graphics -- found version 3.14.0
[1.413s] -- Searching for dependencies of ignition-common3-graphics
[1.415s] -- Looking for ignition-math6 -- found version 6.12.0
[1.425s] -- Looking for ignition-fuel_tools4 -- found version 4.4.0
[1.426s] -- Searching for dependencies of ignition-fuel_tools4
[1.497s] -- Checking for module 'jsoncpp'
[1.517s] --   Found jsoncpp, version 1.9.5
[1.577s] -- Checking for module 'libzip'
[1.598s] --   Found libzip, version 1.7.3
[1.639s] -- Looking for ignition-common3 -- found version 3.14.0
[1.640s] -- Looking for ignition-math6 -- found version 6.12.0
[1.641s] -- Looking for ignition-msgs5 -- found version 5.8.1
[1.649s] -- Found gazebo_ros_pkgs: 3.7.0 (/opt/ros/humble/share/gazebo_ros_pkgs/cmake)
[1.650s] -- Found geometry_msgs: 4.2.3 (/opt/ros/humble/share/geometry_msgs/cmake)
[1.680s] -- Found rosidl_generator_c: 3.1.5 (/opt/ros/humble/share/rosidl_generator_c/cmake)
[1.683s] -- Found rosidl_adapter: 3.1.5 (/opt/ros/humble/share/rosidl_adapter/cmake)
[1.700s] -- Found rosidl_generator_cpp: 3.1.5 (/opt/ros/humble/share/rosidl_generator_cpp/cmake)
[1.717s] -- Using all available rosidl_typesupport_c: rosidl_typesupport_fastrtps_c;rosidl_typesupport_introspection_c
[1.745s] -- Using all available rosidl_typesupport_cpp: rosidl_typesupport_fastrtps_cpp;rosidl_typesupport_introspection_cpp
[1.957s] -- Found nav_msgs: 4.2.3 (/opt/ros/humble/share/nav_msgs/cmake)
[2.107s] -- Found rclcpp: 16.0.5 (/opt/ros/humble/share/rclcpp/cmake)
[2.191s] -- Found rmw_implementation_cmake: 6.1.1 (/opt/ros/humble/share/rmw_implementation_cmake/cmake)
[2.201s] -- Found rmw_fastrtps_cpp: 6.2.3 (/opt/ros/humble/share/rmw_fastrtps_cpp/cmake)
[2.411s] -- Using RMW implementation 'rmw_fastrtps_cpp' as default
[2.660s] -- Found sensor_msgs: 4.2.3 (/opt/ros/humble/share/sensor_msgs/cmake)
[2.815s] -- Found tf2: 0.25.3 (/opt/ros/humble/share/tf2/cmake)
[3.006s] -- Configuring done
[3.153s] -- Generating done
[3.164s] -- Build files have been written to: /home/ahmedk/dev_ws/build/turtlebot3_gazebo
[3.191s] Invoked command in '/home/ahmedk/dev_ws/build/turtlebot3_gazebo' returned '0': CMAKE_PREFIX_PATH=${CMAKE_PREFIX_PATH}:/home/ahmedk/dev_ws/install/my_first_py:/opt/ros/humble /usr/bin/cmake /home/ahmedk/dev_ws/src/turtlebot3_simulations/turtlebot3_gazebo -DAMENT_CMAKE_SYMLINK_INSTALL=1 -DCMAKE_INSTALL_PREFIX=/home/ahmedk/dev_ws/install/turtlebot3_gazebo
[3.201s] Invoking command in '/home/ahmedk/dev_ws/build/turtlebot3_gazebo': CMAKE_PREFIX_PATH=${CMAKE_PREFIX_PATH}:/home/ahmedk/dev_ws/install/my_first_py:/opt/ros/humble /usr/bin/cmake --build /home/ahmedk/dev_ws/build/turtlebot3_gazebo -- -j2 -l2
[3.307s] [35m[1mConsolidate compiler generated dependencies of target turtlebot3_drive[0m
[3.315s] [35m[1mConsolidate compiler generated dependencies of target obstacle1[0m
[3.342s] [ 25%] Built target turtlebot3_drive
[3.365s] [35m[1mConsolidate compiler generated dependencies of target obstacle2[0m
[3.562s] [ 50%] Built target obstacle2
[3.563s] [ 75%] Built target obstacle1
[3.600s] [35m[1mConsolidate compiler generated dependencies of target obstacles[0m
[3.662s] [100%] Built target obstacles
[3.683s] Invoked command in '/home/ahmedk/dev_ws/build/turtlebot3_gazebo' returned '0': CMAKE_PREFIX_PATH=${CMAKE_PREFIX_PATH}:/home/ahmedk/dev_ws/install/my_first_py:/opt/ros/humble /usr/bin/cmake --build /home/ahmedk/dev_ws/build/turtlebot3_gazebo -- -j2 -l2
[3.760s] Invoking command in '/home/ahmedk/dev_ws/build/turtlebot3_gazebo': CMAKE_PREFIX_PATH=${CMAKE_PREFIX_PATH}:/home/ahmedk/dev_ws/install/my_first_py:/opt/ros/humble /usr/bin/cmake --install /home/ahmedk/dev_ws/build/turtlebot3_gazebo
[4.276s] -- Install configuration: ""
[4.277s] -- Execute custom install script
[4.278s] -- Up-to-date symlink: /home/ahmedk/dev_ws/install/turtlebot3_gazebo/lib/turtlebot3_gazebo/turtlebot3_drive
[4.279s] -- Up-to-date symlink: /home/ahmedk/dev_ws/install/turtlebot3_gazebo/share/turtlebot3_gazebo//launch/empty_world.launch.py
[4.279s] -- Up-to-date symlink: /home/ahmedk/dev_ws/install/turtlebot3_gazebo/share/turtlebot3_gazebo//launch/robot_state_publisher.launch.py
[4.279s] -- Up-to-date symlink: /home/ahmedk/dev_ws/install/turtlebot3_gazebo/share/turtlebot3_gazebo//launch/spawn_turtlebot3.launch.py
[4.279s] -- Up-to-date symlink: /home/ahmedk/dev_ws/install/turtlebot3_gazebo/share/turtlebot3_gazebo//launch/turtlebot3_dqn_stage1.launch.py
[4.279s] -- Up-to-date symlink: /home/ahmedk/dev_ws/install/turtlebot3_gazebo/share/turtlebot3_gazebo//launch/turtlebot3_dqn_stage2.launch.py
[4.280s] -- Up-to-date symlink: /home/ahmedk/dev_ws/install/turtlebot3_gazebo/share/turtlebot3_gazebo//launch/turtlebot3_dqn_stage3.launch.py
[4.280s] -- Up-to-date symlink: /home/ahmedk/dev_ws/install/turtlebot3_gazebo/share/turtlebot3_gazebo//launch/turtlebot3_dqn_stage4.launch.py
[4.280s] -- Up-to-date symlink: /home/ahmedk/dev_ws/install/turtlebot3_gazebo/share/turtlebot3_gazebo//launch/turtlebot3_house.launch.py
[4.281s] -- Up-to-date symlink: /home/ahmedk/dev_ws/install/turtlebot3_gazebo/share/turtlebot3_gazebo//launch/turtlebot3_world.launch.py
[4.281s] -- Up-to-date symlink: /home/ahmedk/dev_ws/install/turtlebot3_gazebo/share/turtlebot3_gazebo//models/turtlebot3_burger/model-1_4.sdf
[4.281s] -- Up-to-date symlink: /home/ahmedk/dev_ws/install/turtlebot3_gazebo/share/turtlebot3_gazebo//models/turtlebot3_burger/model.config
[4.281s] -- Up-to-date symlink: /home/ahmedk/dev_ws/install/turtlebot3_gazebo/share/turtlebot3_gazebo//models/turtlebot3_burger/model.sdf
[4.281s] -- Up-to-date symlink: /home/ahmedk/dev_ws/install/turtlebot3_gazebo/share/turtlebot3_gazebo//models/turtlebot3_common/meshes/burger_base.dae
[4.282s] -- Up-to-date symlink: /home/ahmedk/dev_ws/install/turtlebot3_gazebo/share/turtlebot3_gazebo//models/turtlebot3_common/meshes/lds.dae
[4.282s] -- Up-to-date symlink: /home/ahmedk/dev_ws/install/turtlebot3_gazebo/share/turtlebot3_gazebo//models/turtlebot3_common/meshes/r200.dae
[4.282s] -- Up-to-date symlink: /home/ahmedk/dev_ws/install/turtlebot3_gazebo/share/turtlebot3_gazebo//models/turtlebot3_common/meshes/tire.dae
[4.283s] -- Up-to-date symlink: /home/ahmedk/dev_ws/install/turtlebot3_gazebo/share/turtlebot3_gazebo//models/turtlebot3_common/meshes/waffle_base.dae
[4.283s] -- Up-to-date symlink: /home/ahmedk/dev_ws/install/turtlebot3_gazebo/share/turtlebot3_gazebo//models/turtlebot3_common/meshes/waffle_pi_base.dae
[4.283s] -- Up-to-date symlink: /home/ahmedk/dev_ws/install/turtlebot3_gazebo/share/turtlebot3_gazebo//models/turtlebot3_common/model.config
[4.283s] -- Up-to-date symlink: /home/ahmedk/dev_ws/install/turtlebot3_gazebo/share/turtlebot3_gazebo//models/turtlebot3_dqn_world/goal_box/model.config
[4.284s] -- Up-to-date symlink: /home/ahmedk/dev_ws/install/turtlebot3_gazebo/share/turtlebot3_gazebo//models/turtlebot3_dqn_world/goal_box/model.sdf
[4.284s] -- Up-to-date symlink: /home/ahmedk/dev_ws/install/turtlebot3_gazebo/share/turtlebot3_gazebo//models/turtlebot3_dqn_world/inner_walls/model.config
[4.284s] -- Up-to-date symlink: /home/ahmedk/dev_ws/install/turtlebot3_gazebo/share/turtlebot3_gazebo//models/turtlebot3_dqn_world/inner_walls/model.sdf
[4.284s] -- Up-to-date symlink: /home/ahmedk/dev_ws/install/turtlebot3_gazebo/share/turtlebot3_gazebo//models/turtlebot3_dqn_world/model.config
[4.284s] -- Up-to-date symlink: /home/ahmedk/dev_ws/install/turtlebot3_gazebo/share/turtlebot3_gazebo//models/turtlebot3_dqn_world/model.sdf
[4.285s] -- Up-to-date symlink: /home/ahmedk/dev_ws/install/turtlebot3_gazebo/share/turtlebot3_gazebo//models/turtlebot3_dqn_world/obstacle1/model.config
[4.285s] -- Up-to-date symlink: /home/ahmedk/dev_ws/install/turtlebot3_gazebo/share/turtlebot3_gazebo//models/turtlebot3_dqn_world/obstacle1/model.sdf
[4.285s] -- Up-to-date symlink: /home/ahmedk/dev_ws/install/turtlebot3_gazebo/share/turtlebot3_gazebo//models/turtlebot3_dqn_world/obstacle2/model.config
[4.285s] -- Up-to-date symlink: /home/ahmedk/dev_ws/install/turtlebot3_gazebo/share/turtlebot3_gazebo//models/turtlebot3_dqn_world/obstacle2/model.sdf
[4.286s] -- Up-to-date symlink: /home/ahmedk/dev_ws/install/turtlebot3_gazebo/share/turtlebot3_gazebo//models/turtlebot3_dqn_world/obstacle_plugin/CMakeLists.txt
[4.286s] -- Up-to-date symlink: /home/ahmedk/dev_ws/install/turtlebot3_gazebo/share/turtlebot3_gazebo//models/turtlebot3_dqn_world/obstacle_plugin/obstacle1.cc
[4.286s] -- Up-to-date symlink: /home/ahmedk/dev_ws/install/turtlebot3_gazebo/share/turtlebot3_gazebo//models/turtlebot3_dqn_world/obstacle_plugin/obstacle2.cc
[4.287s] -- Up-to-date symlink: /home/ahmedk/dev_ws/install/turtlebot3_gazebo/share/turtlebot3_gazebo//models/turtlebot3_dqn_world/obstacle_plugin/obstacles.cc
[4.287s] -- Up-to-date symlink: /home/ahmedk/dev_ws/install/turtlebot3_gazebo/share/turtlebot3_gazebo//models/turtlebot3_dqn_world/obstacles/model.config
[4.287s] -- Up-to-date symlink: /home/ahmedk/dev_ws/install/turtlebot3_gazebo/share/turtlebot3_gazebo//models/turtlebot3_dqn_world/obstacles/model.sdf
[4.287s] -- Up-to-date symlink: /home/ahmedk/dev_ws/install/turtlebot3_gazebo/share/turtlebot3_gazebo//models/turtlebot3_house/model.config
[4.287s] -- Up-to-date symlink: /home/ahmedk/dev_ws/install/turtlebot3_gazebo/share/turtlebot3_gazebo//models/turtlebot3_house/model.sdf
[4.288s] -- Up-to-date symlink: /home/ahmedk/dev_ws/install/turtlebot3_gazebo/share/turtlebot3_gazebo//models/turtlebot3_waffle/model-1_4.sdf
[4.288s] -- Up-to-date symlink: /home/ahmedk/dev_ws/install/turtlebot3_gazebo/share/turtlebot3_gazebo//models/turtlebot3_waffle/model.config
[4.288s] -- Up-to-date symlink: /home/ahmedk/dev_ws/install/turtlebot3_gazebo/share/turtlebot3_gazebo//models/turtlebot3_waffle/model.sdf
[4.288s] -- Up-to-date symlink: /home/ahmedk/dev_ws/install/turtlebot3_gazebo/share/turtlebot3_gazebo//models/turtlebot3_waffle_pi/model-1_4_.sdf
[4.288s] -- Up-to-date symlink: /home/ahmedk/dev_ws/install/turtlebot3_gazebo/share/turtlebot3_gazebo//models/turtlebot3_waffle_pi/model.config
[4.288s] -- Up-to-date symlink: /home/ahmedk/dev_ws/install/turtlebot3_gazebo/share/turtlebot3_gazebo//models/turtlebot3_waffle_pi/model.sdf
[4.288s] -- Up-to-date symlink: /home/ahmedk/dev_ws/install/turtlebot3_gazebo/share/turtlebot3_gazebo//models/turtlebot3_world/meshes/hexagon.dae
[4.288s] -- Up-to-date symlink: /home/ahmedk/dev_ws/install/turtlebot3_gazebo/share/turtlebot3_gazebo//models/turtlebot3_world/meshes/wall.dae
[4.288s] -- Up-to-date symlink: /home/ahmedk/dev_ws/install/turtlebot3_gazebo/share/turtlebot3_gazebo//models/turtlebot3_world/model-1_4.sdf
[4.289s] -- Up-to-date symlink: /home/ahmedk/dev_ws/install/turtlebot3_gazebo/share/turtlebot3_gazebo//models/turtlebot3_world/model.config
[4.289s] -- Up-to-date symlink: /home/ahmedk/dev_ws/install/turtlebot3_gazebo/share/turtlebot3_gazebo//models/turtlebot3_world/model.sdf
[4.289s] -- Up-to-date symlink: /home/ahmedk/dev_ws/install/turtlebot3_gazebo/share/turtlebot3_gazebo//rviz/tb3_gazebo.rviz
[4.289s] -- Up-to-date symlink: /home/ahmedk/dev_ws/install/turtlebot3_gazebo/share/turtlebot3_gazebo//urdf/common_properties.urdf
[4.289s] -- Up-to-date symlink: /home/ahmedk/dev_ws/install/turtlebot3_gazebo/share/turtlebot3_gazebo//urdf/turtlebot3_burger.urdf
[4.290s] -- Up-to-date symlink: /home/ahmedk/dev_ws/install/turtlebot3_gazebo/share/turtlebot3_gazebo//urdf/turtlebot3_waffle.urdf
[4.290s] -- Up-to-date symlink: /home/ahmedk/dev_ws/install/turtlebot3_gazebo/share/turtlebot3_gazebo//urdf/turtlebot3_waffle_pi.urdf
[4.290s] -- Up-to-date symlink: /home/ahmedk/dev_ws/install/turtlebot3_gazebo/share/turtlebot3_gazebo//worlds/empty_world.world
[4.290s] -- Up-to-date symlink: /home/ahmedk/dev_ws/install/turtlebot3_gazebo/share/turtlebot3_gazebo//worlds/turtlebot3_dqn_stage1.world
[4.290s] -- Up-to-date symlink: /home/ahmedk/dev_ws/install/turtlebot3_gazebo/share/turtlebot3_gazebo//worlds/turtlebot3_dqn_stage2.world
[4.290s] -- Up-to-date symlink: /home/ahmedk/dev_ws/install/turtlebot3_gazebo/share/turtlebot3_gazebo//worlds/turtlebot3_dqn_stage3.world
[4.291s] -- Up-to-date symlink: /home/ahmedk/dev_ws/install/turtlebot3_gazebo/share/turtlebot3_gazebo//worlds/turtlebot3_dqn_stage4.world
[4.291s] -- Up-to-date symlink: /home/ahmedk/dev_ws/install/turtlebot3_gazebo/share/turtlebot3_gazebo//worlds/turtlebot3_house.world
[4.291s] -- Up-to-date symlink: /home/ahmedk/dev_ws/install/turtlebot3_gazebo/share/turtlebot3_gazebo//worlds/turtlebot3_world.world
[4.291s] -- Up-to-date symlink: /home/ahmedk/dev_ws/install/turtlebot3_gazebo/include//turtlebot3_gazebo/turtlebot3_drive.hpp
[4.291s] -- Up-to-date symlink: /home/ahmedk/dev_ws/install/turtlebot3_gazebo/share/ament_index/resource_index/package_run_dependencies/turtlebot3_gazebo
[4.292s] -- Up-to-date symlink: /home/ahmedk/dev_ws/install/turtlebot3_gazebo/share/ament_index/resource_index/parent_prefix_path/turtlebot3_gazebo
[4.292s] -- Up-to-date symlink: /home/ahmedk/dev_ws/install/turtlebot3_gazebo/share/turtlebot3_gazebo/environment/ament_prefix_path.sh
[4.292s] -- Up-to-date symlink: /home/ahmedk/dev_ws/install/turtlebot3_gazebo/share/turtlebot3_gazebo/environment/ament_prefix_path.dsv
[4.292s] -- Up-to-date symlink: /home/ahmedk/dev_ws/install/turtlebot3_gazebo/share/turtlebot3_gazebo/environment/path.sh
[4.292s] -- Up-to-date symlink: /home/ahmedk/dev_ws/install/turtlebot3_gazebo/share/turtlebot3_gazebo/environment/path.dsv
[4.293s] -- Up-to-date symlink: /home/ahmedk/dev_ws/install/turtlebot3_gazebo/share/turtlebot3_gazebo/local_setup.bash
[4.294s] -- Up-to-date symlink: /home/ahmedk/dev_ws/install/turtlebot3_gazebo/share/turtlebot3_gazebo/local_setup.sh
[4.294s] -- Up-to-date symlink: /home/ahmedk/dev_ws/install/turtlebot3_gazebo/share/turtlebot3_gazebo/local_setup.zsh
[4.294s] -- Up-to-date symlink: /home/ahmedk/dev_ws/install/turtlebot3_gazebo/share/turtlebot3_gazebo/local_setup.dsv
[4.294s] -- Symlinking: /home/ahmedk/dev_ws/install/turtlebot3_gazebo/share/turtlebot3_gazebo/package.dsv
[4.295s] -- Up-to-date symlink: /home/ahmedk/dev_ws/install/turtlebot3_gazebo/share/ament_index/resource_index/packages/turtlebot3_gazebo
[4.295s] -- Up-to-date symlink: /home/ahmedk/dev_ws/install/turtlebot3_gazebo/share/turtlebot3_gazebo/cmake/ament_cmake_export_include_directories-extras.cmake
[4.295s] -- Up-to-date symlink: /home/ahmedk/dev_ws/install/turtlebot3_gazebo/share/turtlebot3_gazebo/cmake/ament_cmake_export_dependencies-extras.cmake
[4.295s] -- Up-to-date symlink: /home/ahmedk/dev_ws/install/turtlebot3_gazebo/share/turtlebot3_gazebo/cmake/turtlebot3_gazeboConfig.cmake
[4.296s] -- Up-to-date symlink: /home/ahmedk/dev_ws/install/turtlebot3_gazebo/share/turtlebot3_gazebo/cmake/turtlebot3_gazeboConfig-version.cmake
[4.296s] -- Up-to-date symlink: /home/ahmedk/dev_ws/install/turtlebot3_gazebo/share/turtlebot3_gazebo/package.xml
[4.296s] Invoked command in '/home/ahmedk/dev_ws/build/turtlebot3_gazebo' returned '0': CMAKE_PREFIX_PATH=${CMAKE_PREFIX_PATH}:/home/ahmedk/dev_ws/install/my_first_py:/opt/ros/humble /usr/bin/cmake --install /home/ahmedk/dev_ws/build/turtlebot3_gazebo
