[1.489s] Invoking command in '/home/ahmedk/dev_ws/src/add_two_int_srv': CMAKE_PREFIX_PATH=/home/ahmedk/dev_ws/install/my_own_srv:/home/ahmedk/dev_ws/install/turtlebot3_simulations:/home/ahmedk/dev_ws/install/turtlebot3_gazebo:/home/ahmedk/dev_ws/install/turtlebot3_fake_node:/home/ahmedk/dev_ws/install/rplidar_ros:/home/ahmedk/dev_ws/install/my_package:/home/ahmedk/dev_ws/install/my_bot LD_LIBRARY_PATH=/home/ahmedk/dev_ws/install/my_own_srv/lib:/home/ahmedk/dev_ws/install/rplidar_ros/lib:/usr/lib/x86_64-linux-gnu/gazebo-11/plugins:/opt/ros/humble/opt/rviz_ogre_vendor/lib:/opt/ros/humble/lib/x86_64-linux-gnu:/opt/ros/humble/lib PYTHONPATH=/home/ahmedk/dev_ws/build/add_two_int_srv/prefix_override:/home/ahmedk/dev_ws/install/add_two_int_srv/lib/python3.10/site-packages:${PYTHONPATH} /usr/bin/python3 setup.py egg_info --egg-base ../../build/add_two_int_srv build --build-base /home/ahmedk/dev_ws/build/add_two_int_srv/build install --record /home/ahmedk/dev_ws/build/add_two_int_srv/install.log --single-version-externally-managed
[1.851s] running egg_info
[1.851s] writing ../../build/add_two_int_srv/add_two_int_srv.egg-info/PKG-INFO
[1.852s] writing dependency_links to ../../build/add_two_int_srv/add_two_int_srv.egg-info/dependency_links.txt
[1.853s] writing entry points to ../../build/add_two_int_srv/add_two_int_srv.egg-info/entry_points.txt
[1.853s] writing requirements to ../../build/add_two_int_srv/add_two_int_srv.egg-info/requires.txt
[1.854s] writing top-level names to ../../build/add_two_int_srv/add_two_int_srv.egg-info/top_level.txt
[1.856s] reading manifest file '../../build/add_two_int_srv/add_two_int_srv.egg-info/SOURCES.txt'
[1.858s] writing manifest file '../../build/add_two_int_srv/add_two_int_srv.egg-info/SOURCES.txt'
[1.858s] running build
[1.858s] running build_py
[1.859s] running install
[1.859s] running install_lib
[1.861s] running install_data
[1.862s] running install_egg_info
[1.864s] removing '/home/ahmedk/dev_ws/install/add_two_int_srv/lib/python3.10/site-packages/add_two_int_srv-0.0.0-py3.10.egg-info' (and everything under it)
[1.865s] Copying ../../build/add_two_int_srv/add_two_int_srv.egg-info to /home/ahmedk/dev_ws/install/add_two_int_srv/lib/python3.10/site-packages/add_two_int_srv-0.0.0-py3.10.egg-info
[1.866s] running install_scripts
[1.887s] Installing server script to /home/ahmedk/dev_ws/install/add_two_int_srv/lib/add_two_int_srv
[1.888s] writing list of installed files to '/home/ahmedk/dev_ws/build/add_two_int_srv/install.log'
[1.923s] Invoked command in '/home/ahmedk/dev_ws/src/add_two_int_srv' returned '0': CMAKE_PREFIX_PATH=/home/ahmedk/dev_ws/install/my_own_srv:/home/ahmedk/dev_ws/install/turtlebot3_simulations:/home/ahmedk/dev_ws/install/turtlebot3_gazebo:/home/ahmedk/dev_ws/install/turtlebot3_fake_node:/home/ahmedk/dev_ws/install/rplidar_ros:/home/ahmedk/dev_ws/install/my_package:/home/ahmedk/dev_ws/install/my_bot LD_LIBRARY_PATH=/home/ahmedk/dev_ws/install/my_own_srv/lib:/home/ahmedk/dev_ws/install/rplidar_ros/lib:/usr/lib/x86_64-linux-gnu/gazebo-11/plugins:/opt/ros/humble/opt/rviz_ogre_vendor/lib:/opt/ros/humble/lib/x86_64-linux-gnu:/opt/ros/humble/lib PYTHONPATH=/home/ahmedk/dev_ws/build/add_two_int_srv/prefix_override:/home/ahmedk/dev_ws/install/add_two_int_srv/lib/python3.10/site-packages:${PYTHONPATH} /usr/bin/python3 setup.py egg_info --egg-base ../../build/add_two_int_srv build --build-base /home/ahmedk/dev_ws/build/add_two_int_srv/build install --record /home/ahmedk/dev_ws/build/add_two_int_srv/install.log --single-version-externally-managed
