[0.308s] DEBUG:colcon:Command line arguments: ['/usr/bin/colcon', 'build', '--symlink-install']
[0.308s] DEBUG:colcon:Parsed command line arguments: Namespace(log_base=None, log_level=None, verb_name='build', build_base='build', install_base='install', merge_install=False, symlink_install=True, test_result_base=None, continue_on_error=False, executor='parallel', parallel_workers=2, event_handlers=None, ignore_user_meta=False, metas=['./colcon.meta'], base_paths=['.'], packages_ignore=None, packages_ignore_regex=None, paths=None, packages_up_to=None, packages_up_to_regex=None, packages_above=None, packages_above_and_dependencies=None, packages_above_depth=None, packages_select_by_dep=None, packages_skip_by_dep=None, packages_skip_up_to=None, packages_select_build_failed=False, packages_skip_build_finished=False, packages_select_test_failures=False, packages_skip_test_passed=False, packages_select=None, packages_skip=None, packages_select_regex=None, packages_skip_regex=None, packages_start=None, packages_end=None, allow_overriding=[], cmake_args=None, cmake_target=None, cmake_target_skip_unavailable=False, cmake_clean_cache=False, cmake_clean_first=False, cmake_force_configure=False, ament_cmake_args=None, catkin_cmake_args=None, catkin_skip_building_tests=False, verb_parser=<colcon_defaults.argument_parser.defaults.DefaultArgumentsDecorator object at 0x7fdcd3fefcd0>, verb_extension=<colcon_core.verb.build.BuildVerb object at 0x7fdcd3e22890>, main=<bound method BuildVerb.main of <colcon_core.verb.build.BuildVerb object at 0x7fdcd3e22890>>)
[0.329s] Level 1:colcon.colcon_core.package_discovery:discover_packages(colcon_meta) check parameters
[0.329s] Level 1:colcon.colcon_core.package_discovery:discover_packages(recursive) check parameters
[0.329s] Level 1:colcon.colcon_core.package_discovery:discover_packages(ignore) check parameters
[0.329s] Level 1:colcon.colcon_core.package_discovery:discover_packages(path) check parameters
[0.329s] Level 1:colcon.colcon_core.package_discovery:discover_packages(colcon_meta) discover
[0.329s] Level 1:colcon.colcon_core.package_discovery:discover_packages(recursive) discover
[0.329s] INFO:colcon.colcon_core.package_discovery:Crawling recursively for packages in '/home/ahmedk/dev_ws'
[0.329s] Level 1:colcon.colcon_core.package_identification:_identify(.) by extensions ['ignore', 'ignore_ament_install']
[0.330s] Level 1:colcon.colcon_core.package_identification:_identify(.) by extension 'ignore'
[0.330s] Level 1:colcon.colcon_core.package_identification:_identify(.) by extension 'ignore_ament_install'
[0.330s] Level 1:colcon.colcon_core.package_identification:_identify(.) by extensions ['colcon_pkg']
[0.330s] Level 1:colcon.colcon_core.package_identification:_identify(.) by extension 'colcon_pkg'
[0.330s] Level 1:colcon.colcon_core.package_identification:_identify(.) by extensions ['colcon_meta']
[0.330s] Level 1:colcon.colcon_core.package_identification:_identify(.) by extension 'colcon_meta'
[0.330s] Level 1:colcon.colcon_core.package_identification:_identify(.) by extensions ['ros']
[0.330s] Level 1:colcon.colcon_core.package_identification:_identify(.) by extension 'ros'
[0.340s] Level 1:colcon.colcon_core.package_identification:_identify(.) by extensions ['cmake', 'python']
[0.340s] Level 1:colcon.colcon_core.package_identification:_identify(.) by extension 'cmake'
[0.340s] Level 1:colcon.colcon_core.package_identification:_identify(.) by extension 'python'
[0.340s] Level 1:colcon.colcon_core.package_identification:_identify(.) by extensions ['python_setup_py']
[0.340s] Level 1:colcon.colcon_core.package_identification:_identify(.) by extension 'python_setup_py'
[0.340s] Level 1:colcon.colcon_core.package_identification:_identify(build) by extensions ['ignore', 'ignore_ament_install']
[0.340s] Level 1:colcon.colcon_core.package_identification:_identify(build) by extension 'ignore'
[0.340s] Level 1:colcon.colcon_core.package_identification:_identify(build) ignored
[0.341s] Level 1:colcon.colcon_core.package_identification:_identify(install) by extensions ['ignore', 'ignore_ament_install']
[0.341s] Level 1:colcon.colcon_core.package_identification:_identify(install) by extension 'ignore'
[0.341s] Level 1:colcon.colcon_core.package_identification:_identify(install) ignored
[0.341s] Level 1:colcon.colcon_core.package_identification:_identify(log) by extensions ['ignore', 'ignore_ament_install']
[0.341s] Level 1:colcon.colcon_core.package_identification:_identify(log) by extension 'ignore'
[0.341s] Level 1:colcon.colcon_core.package_identification:_identify(log) ignored
[0.341s] Level 1:colcon.colcon_core.package_identification:_identify(src) by extensions ['ignore', 'ignore_ament_install']
[0.341s] Level 1:colcon.colcon_core.package_identification:_identify(src) by extension 'ignore'
[0.341s] Level 1:colcon.colcon_core.package_identification:_identify(src) by extension 'ignore_ament_install'
[0.341s] Level 1:colcon.colcon_core.package_identification:_identify(src) by extensions ['colcon_pkg']
[0.341s] Level 1:colcon.colcon_core.package_identification:_identify(src) by extension 'colcon_pkg'
[0.341s] Level 1:colcon.colcon_core.package_identification:_identify(src) by extensions ['colcon_meta']
[0.341s] Level 1:colcon.colcon_core.package_identification:_identify(src) by extension 'colcon_meta'
[0.341s] Level 1:colcon.colcon_core.package_identification:_identify(src) by extensions ['ros']
[0.341s] Level 1:colcon.colcon_core.package_identification:_identify(src) by extension 'ros'
[0.341s] Level 1:colcon.colcon_core.package_identification:_identify(src) by extensions ['cmake', 'python']
[0.341s] Level 1:colcon.colcon_core.package_identification:_identify(src) by extension 'cmake'
[0.341s] Level 1:colcon.colcon_core.package_identification:_identify(src) by extension 'python'
[0.342s] Level 1:colcon.colcon_core.package_identification:_identify(src) by extensions ['python_setup_py']
[0.342s] Level 1:colcon.colcon_core.package_identification:_identify(src) by extension 'python_setup_py'
[0.342s] Level 1:colcon.colcon_core.package_identification:_identify(src/my_first_py) by extensions ['ignore', 'ignore_ament_install']
[0.342s] Level 1:colcon.colcon_core.package_identification:_identify(src/my_first_py) by extension 'ignore'
[0.342s] Level 1:colcon.colcon_core.package_identification:_identify(src/my_first_py) by extension 'ignore_ament_install'
[0.342s] Level 1:colcon.colcon_core.package_identification:_identify(src/my_first_py) by extensions ['colcon_pkg']
[0.342s] Level 1:colcon.colcon_core.package_identification:_identify(src/my_first_py) by extension 'colcon_pkg'
[0.342s] Level 1:colcon.colcon_core.package_identification:_identify(src/my_first_py) by extensions ['colcon_meta']
[0.342s] Level 1:colcon.colcon_core.package_identification:_identify(src/my_first_py) by extension 'colcon_meta'
[0.342s] Level 1:colcon.colcon_core.package_identification:_identify(src/my_first_py) by extensions ['ros']
[0.342s] Level 1:colcon.colcon_core.package_identification:_identify(src/my_first_py) by extension 'ros'
[0.344s] DEBUG:colcon.colcon_core.package_identification:Package 'src/my_first_py' with type 'ros.ament_python' and name 'my_first_py'
[0.344s] Level 1:colcon.colcon_core.package_identification:_identify(src/my_own_srv) by extensions ['ignore', 'ignore_ament_install']
[0.344s] Level 1:colcon.colcon_core.package_identification:_identify(src/my_own_srv) by extension 'ignore'
[0.345s] Level 1:colcon.colcon_core.package_identification:_identify(src/my_own_srv) by extension 'ignore_ament_install'
[0.345s] Level 1:colcon.colcon_core.package_identification:_identify(src/my_own_srv) by extensions ['colcon_pkg']
[0.345s] Level 1:colcon.colcon_core.package_identification:_identify(src/my_own_srv) by extension 'colcon_pkg'
[0.345s] Level 1:colcon.colcon_core.package_identification:_identify(src/my_own_srv) by extensions ['colcon_meta']
[0.345s] Level 1:colcon.colcon_core.package_identification:_identify(src/my_own_srv) by extension 'colcon_meta'
[0.345s] Level 1:colcon.colcon_core.package_identification:_identify(src/my_own_srv) by extensions ['ros']
[0.345s] Level 1:colcon.colcon_core.package_identification:_identify(src/my_own_srv) by extension 'ros'
[0.345s] DEBUG:colcon.colcon_core.package_identification:Package 'src/my_own_srv' with type 'ros.ament_cmake' and name 'my_own_srv'
[0.345s] Level 1:colcon.colcon_core.package_identification:_identify(src/my_package) by extensions ['ignore', 'ignore_ament_install']
[0.345s] Level 1:colcon.colcon_core.package_identification:_identify(src/my_package) by extension 'ignore'
[0.345s] Level 1:colcon.colcon_core.package_identification:_identify(src/my_package) by extension 'ignore_ament_install'
[0.346s] Level 1:colcon.colcon_core.package_identification:_identify(src/my_package) by extensions ['colcon_pkg']
[0.346s] Level 1:colcon.colcon_core.package_identification:_identify(src/my_package) by extension 'colcon_pkg'
[0.346s] Level 1:colcon.colcon_core.package_identification:_identify(src/my_package) by extensions ['colcon_meta']
[0.346s] Level 1:colcon.colcon_core.package_identification:_identify(src/my_package) by extension 'colcon_meta'
[0.346s] Level 1:colcon.colcon_core.package_identification:_identify(src/my_package) by extensions ['ros']
[0.346s] Level 1:colcon.colcon_core.package_identification:_identify(src/my_package) by extension 'ros'
[0.346s] DEBUG:colcon.colcon_core.package_identification:Package 'src/my_package' with type 'ros.ament_cmake' and name 'my_package'
[0.346s] Level 1:colcon.colcon_core.package_identification:_identify(src/turtlebot3_simulations) by extensions ['ignore', 'ignore_ament_install']
[0.346s] Level 1:colcon.colcon_core.package_identification:_identify(src/turtlebot3_simulations) by extension 'ignore'
[0.346s] Level 1:colcon.colcon_core.package_identification:_identify(src/turtlebot3_simulations) by extension 'ignore_ament_install'
[0.346s] Level 1:colcon.colcon_core.package_identification:_identify(src/turtlebot3_simulations) by extensions ['colcon_pkg']
[0.346s] Level 1:colcon.colcon_core.package_identification:_identify(src/turtlebot3_simulations) by extension 'colcon_pkg'
[0.346s] Level 1:colcon.colcon_core.package_identification:_identify(src/turtlebot3_simulations) by extensions ['colcon_meta']
[0.346s] Level 1:colcon.colcon_core.package_identification:_identify(src/turtlebot3_simulations) by extension 'colcon_meta'
[0.347s] Level 1:colcon.colcon_core.package_identification:_identify(src/turtlebot3_simulations) by extensions ['ros']
[0.347s] Level 1:colcon.colcon_core.package_identification:_identify(src/turtlebot3_simulations) by extension 'ros'
[0.347s] Level 1:colcon.colcon_core.package_identification:_identify(src/turtlebot3_simulations) by extensions ['cmake', 'python']
[0.347s] Level 1:colcon.colcon_core.package_identification:_identify(src/turtlebot3_simulations) by extension 'cmake'
[0.347s] Level 1:colcon.colcon_core.package_identification:_identify(src/turtlebot3_simulations) by extension 'python'
[0.347s] Level 1:colcon.colcon_core.package_identification:_identify(src/turtlebot3_simulations) by extensions ['python_setup_py']
[0.347s] Level 1:colcon.colcon_core.package_identification:_identify(src/turtlebot3_simulations) by extension 'python_setup_py'
[0.347s] Level 1:colcon.colcon_core.package_identification:_identify(src/turtlebot3_simulations/turtlebot3_fake_node) by extensions ['ignore', 'ignore_ament_install']
[0.347s] Level 1:colcon.colcon_core.package_identification:_identify(src/turtlebot3_simulations/turtlebot3_fake_node) by extension 'ignore'
[0.347s] Level 1:colcon.colcon_core.package_identification:_identify(src/turtlebot3_simulations/turtlebot3_fake_node) by extension 'ignore_ament_install'
[0.347s] Level 1:colcon.colcon_core.package_identification:_identify(src/turtlebot3_simulations/turtlebot3_fake_node) by extensions ['colcon_pkg']
[0.347s] Level 1:colcon.colcon_core.package_identification:_identify(src/turtlebot3_simulations/turtlebot3_fake_node) by extension 'colcon_pkg'
[0.347s] Level 1:colcon.colcon_core.package_identification:_identify(src/turtlebot3_simulations/turtlebot3_fake_node) by extensions ['colcon_meta']
[0.347s] Level 1:colcon.colcon_core.package_identification:_identify(src/turtlebot3_simulations/turtlebot3_fake_node) by extension 'colcon_meta'
[0.347s] Level 1:colcon.colcon_core.package_identification:_identify(src/turtlebot3_simulations/turtlebot3_fake_node) by extensions ['ros']
[0.347s] Level 1:colcon.colcon_core.package_identification:_identify(src/turtlebot3_simulations/turtlebot3_fake_node) by extension 'ros'
[0.348s] DEBUG:colcon.colcon_core.package_identification:Package 'src/turtlebot3_simulations/turtlebot3_fake_node' with type 'ros.ament_cmake' and name 'turtlebot3_fake_node'
[0.348s] Level 1:colcon.colcon_core.package_identification:_identify(src/turtlebot3_simulations/turtlebot3_gazebo) by extensions ['ignore', 'ignore_ament_install']
[0.348s] Level 1:colcon.colcon_core.package_identification:_identify(src/turtlebot3_simulations/turtlebot3_gazebo) by extension 'ignore'
[0.348s] Level 1:colcon.colcon_core.package_identification:_identify(src/turtlebot3_simulations/turtlebot3_gazebo) by extension 'ignore_ament_install'
[0.348s] Level 1:colcon.colcon_core.package_identification:_identify(src/turtlebot3_simulations/turtlebot3_gazebo) by extensions ['colcon_pkg']
[0.348s] Level 1:colcon.colcon_core.package_identification:_identify(src/turtlebot3_simulations/turtlebot3_gazebo) by extension 'colcon_pkg'
[0.349s] Level 1:colcon.colcon_core.package_identification:_identify(src/turtlebot3_simulations/turtlebot3_gazebo) by extensions ['colcon_meta']
[0.349s] Level 1:colcon.colcon_core.package_identification:_identify(src/turtlebot3_simulations/turtlebot3_gazebo) by extension 'colcon_meta'
[0.349s] Level 1:colcon.colcon_core.package_identification:_identify(src/turtlebot3_simulations/turtlebot3_gazebo) by extensions ['ros']
[0.349s] Level 1:colcon.colcon_core.package_identification:_identify(src/turtlebot3_simulations/turtlebot3_gazebo) by extension 'ros'
[0.350s] DEBUG:colcon.colcon_core.package_identification:Package 'src/turtlebot3_simulations/turtlebot3_gazebo' with type 'ros.ament_cmake' and name 'turtlebot3_gazebo'
[0.350s] Level 1:colcon.colcon_core.package_identification:_identify(src/turtlebot3_simulations/turtlebot3_simulations) by extensions ['ignore', 'ignore_ament_install']
[0.350s] Level 1:colcon.colcon_core.package_identification:_identify(src/turtlebot3_simulations/turtlebot3_simulations) by extension 'ignore'
[0.350s] Level 1:colcon.colcon_core.package_identification:_identify(src/turtlebot3_simulations/turtlebot3_simulations) by extension 'ignore_ament_install'
[0.350s] Level 1:colcon.colcon_core.package_identification:_identify(src/turtlebot3_simulations/turtlebot3_simulations) by extensions ['colcon_pkg']
[0.350s] Level 1:colcon.colcon_core.package_identification:_identify(src/turtlebot3_simulations/turtlebot3_simulations) by extension 'colcon_pkg'
[0.350s] Level 1:colcon.colcon_core.package_identification:_identify(src/turtlebot3_simulations/turtlebot3_simulations) by extensions ['colcon_meta']
[0.350s] Level 1:colcon.colcon_core.package_identification:_identify(src/turtlebot3_simulations/turtlebot3_simulations) by extension 'colcon_meta'
[0.350s] Level 1:colcon.colcon_core.package_identification:_identify(src/turtlebot3_simulations/turtlebot3_simulations) by extensions ['ros']
[0.350s] Level 1:colcon.colcon_core.package_identification:_identify(src/turtlebot3_simulations/turtlebot3_simulations) by extension 'ros'
[0.351s] DEBUG:colcon.colcon_core.package_identification:Package 'src/turtlebot3_simulations/turtlebot3_simulations' with type 'ros.ament_cmake' and name 'turtlebot3_simulations'
[0.351s] Level 1:colcon.colcon_core.package_discovery:discover_packages(recursive) using defaults
[0.351s] Level 1:colcon.colcon_core.package_discovery:discover_packages(ignore) discover
[0.351s] Level 1:colcon.colcon_core.package_discovery:discover_packages(ignore) using defaults
[0.351s] Level 1:colcon.colcon_core.package_discovery:discover_packages(path) discover
[0.351s] Level 1:colcon.colcon_core.package_discovery:discover_packages(path) using defaults
[0.373s] Level 1:colcon.colcon_core.package_discovery:discover_packages(prefix_path) check parameters
[0.373s] Level 1:colcon.colcon_core.package_discovery:discover_packages(prefix_path) discover
[0.376s] DEBUG:colcon.colcon_installed_package_information.package_discovery:Found 4 installed packages in /home/ahmedk/dev_ws/install
[0.377s] DEBUG:colcon.colcon_installed_package_information.package_discovery:Found 386 installed packages in /opt/ros/humble
[0.379s] Level 1:colcon.colcon_core.package_discovery:discover_packages(prefix_path) using defaults
[0.446s] Level 5:colcon.colcon_core.verb:set package 'my_first_py' build argument 'cmake_args' from command line to 'None'
[0.447s] Level 5:colcon.colcon_core.verb:set package 'my_first_py' build argument 'cmake_target' from command line to 'None'
[0.447s] Level 5:colcon.colcon_core.verb:set package 'my_first_py' build argument 'cmake_target_skip_unavailable' from command line to 'False'
[0.447s] Level 5:colcon.colcon_core.verb:set package 'my_first_py' build argument 'cmake_clean_cache' from command line to 'False'
[0.447s] Level 5:colcon.colcon_core.verb:set package 'my_first_py' build argument 'cmake_clean_first' from command line to 'False'
[0.447s] Level 5:colcon.colcon_core.verb:set package 'my_first_py' build argument 'cmake_force_configure' from command line to 'False'
[0.447s] Level 5:colcon.colcon_core.verb:set package 'my_first_py' build argument 'ament_cmake_args' from command line to 'None'
[0.447s] Level 5:colcon.colcon_core.verb:set package 'my_first_py' build argument 'catkin_cmake_args' from command line to 'None'
[0.447s] Level 5:colcon.colcon_core.verb:set package 'my_first_py' build argument 'catkin_skip_building_tests' from command line to 'False'
[0.447s] DEBUG:colcon.colcon_core.verb:Building package 'my_first_py' with the following arguments: {'ament_cmake_args': None, 'build_base': '/home/ahmedk/dev_ws/build/my_first_py', 'catkin_cmake_args': None, 'catkin_skip_building_tests': False, 'cmake_args': None, 'cmake_clean_cache': False, 'cmake_clean_first': False, 'cmake_force_configure': False, 'cmake_target': None, 'cmake_target_skip_unavailable': False, 'install_base': '/home/ahmedk/dev_ws/install/my_first_py', 'merge_install': False, 'path': '/home/ahmedk/dev_ws/src/my_first_py', 'symlink_install': True, 'test_result_base': None}
[0.448s] Level 5:colcon.colcon_core.verb:set package 'my_own_srv' build argument 'cmake_args' from command line to 'None'
[0.448s] Level 5:colcon.colcon_core.verb:set package 'my_own_srv' build argument 'cmake_target' from command line to 'None'
[0.448s] Level 5:colcon.colcon_core.verb:set package 'my_own_srv' build argument 'cmake_target_skip_unavailable' from command line to 'False'
[0.448s] Level 5:colcon.colcon_core.verb:set package 'my_own_srv' build argument 'cmake_clean_cache' from command line to 'False'
[0.448s] Level 5:colcon.colcon_core.verb:set package 'my_own_srv' build argument 'cmake_clean_first' from command line to 'False'
[0.448s] Level 5:colcon.colcon_core.verb:set package 'my_own_srv' build argument 'cmake_force_configure' from command line to 'False'
[0.448s] Level 5:colcon.colcon_core.verb:set package 'my_own_srv' build argument 'ament_cmake_args' from command line to 'None'
[0.448s] Level 5:colcon.colcon_core.verb:set package 'my_own_srv' build argument 'catkin_cmake_args' from command line to 'None'
[0.448s] Level 5:colcon.colcon_core.verb:set package 'my_own_srv' build argument 'catkin_skip_building_tests' from command line to 'False'
[0.448s] DEBUG:colcon.colcon_core.verb:Building package 'my_own_srv' with the following arguments: {'ament_cmake_args': None, 'build_base': '/home/ahmedk/dev_ws/build/my_own_srv', 'catkin_cmake_args': None, 'catkin_skip_building_tests': False, 'cmake_args': None, 'cmake_clean_cache': False, 'cmake_clean_first': False, 'cmake_force_configure': False, 'cmake_target': None, 'cmake_target_skip_unavailable': False, 'install_base': '/home/ahmedk/dev_ws/install/my_own_srv', 'merge_install': False, 'path': '/home/ahmedk/dev_ws/src/my_own_srv', 'symlink_install': True, 'test_result_base': None}
[0.449s] Level 5:colcon.colcon_core.verb:set package 'my_package' build argument 'cmake_args' from command line to 'None'
[0.449s] Level 5:colcon.colcon_core.verb:set package 'my_package' build argument 'cmake_target' from command line to 'None'
[0.449s] Level 5:colcon.colcon_core.verb:set package 'my_package' build argument 'cmake_target_skip_unavailable' from command line to 'False'
[0.449s] Level 5:colcon.colcon_core.verb:set package 'my_package' build argument 'cmake_clean_cache' from command line to 'False'
[0.449s] Level 5:colcon.colcon_core.verb:set package 'my_package' build argument 'cmake_clean_first' from command line to 'False'
[0.449s] Level 5:colcon.colcon_core.verb:set package 'my_package' build argument 'cmake_force_configure' from command line to 'False'
[0.449s] Level 5:colcon.colcon_core.verb:set package 'my_package' build argument 'ament_cmake_args' from command line to 'None'
[0.449s] Level 5:colcon.colcon_core.verb:set package 'my_package' build argument 'catkin_cmake_args' from command line to 'None'
[0.449s] Level 5:colcon.colcon_core.verb:set package 'my_package' build argument 'catkin_skip_building_tests' from command line to 'False'
[0.449s] DEBUG:colcon.colcon_core.verb:Building package 'my_package' with the following arguments: {'ament_cmake_args': None, 'build_base': '/home/ahmedk/dev_ws/build/my_package', 'catkin_cmake_args': None, 'catkin_skip_building_tests': False, 'cmake_args': None, 'cmake_clean_cache': False, 'cmake_clean_first': False, 'cmake_force_configure': False, 'cmake_target': None, 'cmake_target_skip_unavailable': False, 'install_base': '/home/ahmedk/dev_ws/install/my_package', 'merge_install': False, 'path': '/home/ahmedk/dev_ws/src/my_package', 'symlink_install': True, 'test_result_base': None}
[0.450s] Level 5:colcon.colcon_core.verb:set package 'turtlebot3_fake_node' build argument 'cmake_args' from command line to 'None'
[0.450s] Level 5:colcon.colcon_core.verb:set package 'turtlebot3_fake_node' build argument 'cmake_target' from command line to 'None'
[0.450s] Level 5:colcon.colcon_core.verb:set package 'turtlebot3_fake_node' build argument 'cmake_target_skip_unavailable' from command line to 'False'
[0.450s] Level 5:colcon.colcon_core.verb:set package 'turtlebot3_fake_node' build argument 'cmake_clean_cache' from command line to 'False'
[0.450s] Level 5:colcon.colcon_core.verb:set package 'turtlebot3_fake_node' build argument 'cmake_clean_first' from command line to 'False'
[0.450s] Level 5:colcon.colcon_core.verb:set package 'turtlebot3_fake_node' build argument 'cmake_force_configure' from command line to 'False'
[0.450s] Level 5:colcon.colcon_core.verb:set package 'turtlebot3_fake_node' build argument 'ament_cmake_args' from command line to 'None'
[0.450s] Level 5:colcon.colcon_core.verb:set package 'turtlebot3_fake_node' build argument 'catkin_cmake_args' from command line to 'None'
[0.450s] Level 5:colcon.colcon_core.verb:set package 'turtlebot3_fake_node' build argument 'catkin_skip_building_tests' from command line to 'False'
[0.450s] DEBUG:colcon.colcon_core.verb:Building package 'turtlebot3_fake_node' with the following arguments: {'ament_cmake_args': None, 'build_base': '/home/ahmedk/dev_ws/build/turtlebot3_fake_node', 'catkin_cmake_args': None, 'catkin_skip_building_tests': False, 'cmake_args': None, 'cmake_clean_cache': False, 'cmake_clean_first': False, 'cmake_force_configure': False, 'cmake_target': None, 'cmake_target_skip_unavailable': False, 'install_base': '/home/ahmedk/dev_ws/install/turtlebot3_fake_node', 'merge_install': False, 'path': '/home/ahmedk/dev_ws/src/turtlebot3_simulations/turtlebot3_fake_node', 'symlink_install': True, 'test_result_base': None}
[0.451s] Level 5:colcon.colcon_core.verb:set package 'turtlebot3_gazebo' build argument 'cmake_args' from command line to 'None'
[0.451s] Level 5:colcon.colcon_core.verb:set package 'turtlebot3_gazebo' build argument 'cmake_target' from command line to 'None'
[0.451s] Level 5:colcon.colcon_core.verb:set package 'turtlebot3_gazebo' build argument 'cmake_target_skip_unavailable' from command line to 'False'
[0.451s] Level 5:colcon.colcon_core.verb:set package 'turtlebot3_gazebo' build argument 'cmake_clean_cache' from command line to 'False'
[0.451s] Level 5:colcon.colcon_core.verb:set package 'turtlebot3_gazebo' build argument 'cmake_clean_first' from command line to 'False'
[0.451s] Level 5:colcon.colcon_core.verb:set package 'turtlebot3_gazebo' build argument 'cmake_force_configure' from command line to 'False'
[0.451s] Level 5:colcon.colcon_core.verb:set package 'turtlebot3_gazebo' build argument 'ament_cmake_args' from command line to 'None'
[0.451s] Level 5:colcon.colcon_core.verb:set package 'turtlebot3_gazebo' build argument 'catkin_cmake_args' from command line to 'None'
[0.451s] Level 5:colcon.colcon_core.verb:set package 'turtlebot3_gazebo' build argument 'catkin_skip_building_tests' from command line to 'False'
[0.451s] DEBUG:colcon.colcon_core.verb:Building package 'turtlebot3_gazebo' with the following arguments: {'ament_cmake_args': None, 'build_base': '/home/ahmedk/dev_ws/build/turtlebot3_gazebo', 'catkin_cmake_args': None, 'catkin_skip_building_tests': False, 'cmake_args': None, 'cmake_clean_cache': False, 'cmake_clean_first': False, 'cmake_force_configure': False, 'cmake_target': None, 'cmake_target_skip_unavailable': False, 'install_base': '/home/ahmedk/dev_ws/install/turtlebot3_gazebo', 'merge_install': False, 'path': '/home/ahmedk/dev_ws/src/turtlebot3_simulations/turtlebot3_gazebo', 'symlink_install': True, 'test_result_base': None}
[0.452s] Level 5:colcon.colcon_core.verb:set package 'turtlebot3_simulations' build argument 'cmake_args' from command line to 'None'
[0.452s] Level 5:colcon.colcon_core.verb:set package 'turtlebot3_simulations' build argument 'cmake_target' from command line to 'None'
[0.452s] Level 5:colcon.colcon_core.verb:set package 'turtlebot3_simulations' build argument 'cmake_target_skip_unavailable' from command line to 'False'
[0.452s] Level 5:colcon.colcon_core.verb:set package 'turtlebot3_simulations' build argument 'cmake_clean_cache' from command line to 'False'
[0.452s] Level 5:colcon.colcon_core.verb:set package 'turtlebot3_simulations' build argument 'cmake_clean_first' from command line to 'False'
[0.452s] Level 5:colcon.colcon_core.verb:set package 'turtlebot3_simulations' build argument 'cmake_force_configure' from command line to 'False'
[0.452s] Level 5:colcon.colcon_core.verb:set package 'turtlebot3_simulations' build argument 'ament_cmake_args' from command line to 'None'
[0.452s] Level 5:colcon.colcon_core.verb:set package 'turtlebot3_simulations' build argument 'catkin_cmake_args' from command line to 'None'
[0.452s] Level 5:colcon.colcon_core.verb:set package 'turtlebot3_simulations' build argument 'catkin_skip_building_tests' from command line to 'False'
[0.452s] DEBUG:colcon.colcon_core.verb:Building package 'turtlebot3_simulations' with the following arguments: {'ament_cmake_args': None, 'build_base': '/home/ahmedk/dev_ws/build/turtlebot3_simulations', 'catkin_cmake_args': None, 'catkin_skip_building_tests': False, 'cmake_args': None, 'cmake_clean_cache': False, 'cmake_clean_first': False, 'cmake_force_configure': False, 'cmake_target': None, 'cmake_target_skip_unavailable': False, 'install_base': '/home/ahmedk/dev_ws/install/turtlebot3_simulations', 'merge_install': False, 'path': '/home/ahmedk/dev_ws/src/turtlebot3_simulations/turtlebot3_simulations', 'symlink_install': True, 'test_result_base': None}
[0.453s] INFO:colcon.colcon_core.executor:Executing jobs using 'parallel' executor
[0.456s] DEBUG:colcon.colcon_parallel_executor.executor.parallel:run_until_complete
[0.456s] INFO:colcon.colcon_ros.task.ament_cmake.build:Building ROS package in '/home/ahmedk/dev_ws/src/turtlebot3_simulations/turtlebot3_fake_node' with build type 'ament_cmake'
[0.456s] INFO:colcon.colcon_cmake.task.cmake.build:Building CMake package in '/home/ahmedk/dev_ws/src/turtlebot3_simulations/turtlebot3_fake_node'
[0.461s] INFO:colcon.colcon_core.plugin_system:Skipping extension 'colcon_core.shell.bat': Not used on non-Windows systems
[0.461s] INFO:colcon.colcon_core.shell:Skip shell extension 'powershell' for command environment: Not usable outside of PowerShell
[0.461s] DEBUG:colcon.colcon_core.shell:Skip shell extension 'dsv' for command environment
[0.466s] INFO:colcon.colcon_ros.task.ament_cmake.build:Building ROS package in '/home/ahmedk/dev_ws/src/turtlebot3_simulations/turtlebot3_gazebo' with build type 'ament_cmake'
[0.466s] INFO:colcon.colcon_cmake.task.cmake.build:Building CMake package in '/home/ahmedk/dev_ws/src/turtlebot3_simulations/turtlebot3_gazebo'
[0.467s] INFO:colcon.colcon_core.shell:Skip shell extension 'powershell' for command environment: Not usable outside of PowerShell
[0.467s] DEBUG:colcon.colcon_core.shell:Skip shell extension 'dsv' for command environment
[0.481s] DEBUG:colcon.colcon_core.event_handler.log_command:Invoking command in '/home/ahmedk/dev_ws/build/turtlebot3_fake_node': CMAKE_PREFIX_PATH=${CMAKE_PREFIX_PATH}:/home/ahmedk/dev_ws/install/my_first_py:/opt/ros/humble /usr/bin/cmake --build /home/ahmedk/dev_ws/build/turtlebot3_fake_node -- -j2 -l2
[0.491s] DEBUG:colcon.colcon_core.event_handler.log_command:Invoking command in '/home/ahmedk/dev_ws/build/turtlebot3_gazebo': CMAKE_PREFIX_PATH=${CMAKE_PREFIX_PATH}:/home/ahmedk/dev_ws/install/my_first_py:/opt/ros/humble /usr/bin/cmake --build /home/ahmedk/dev_ws/build/turtlebot3_gazebo -- -j2 -l2
[0.574s] DEBUG:colcon.colcon_core.event_handler.log_command:Invoked command in '/home/ahmedk/dev_ws/build/turtlebot3_fake_node' returned '0': CMAKE_PREFIX_PATH=${CMAKE_PREFIX_PATH}:/home/ahmedk/dev_ws/install/my_first_py:/opt/ros/humble /usr/bin/cmake --build /home/ahmedk/dev_ws/build/turtlebot3_fake_node -- -j2 -l2
[0.641s] DEBUG:colcon.colcon_core.event_handler.log_command:Invoking command in '/home/ahmedk/dev_ws/build/turtlebot3_fake_node': CMAKE_PREFIX_PATH=${CMAKE_PREFIX_PATH}:/home/ahmedk/dev_ws/install/my_first_py:/opt/ros/humble /usr/bin/cmake --install /home/ahmedk/dev_ws/build/turtlebot3_fake_node
[0.656s] DEBUG:colcon.colcon_core.event_handler.log_command:Invoked command in '/home/ahmedk/dev_ws/build/turtlebot3_gazebo' returned '0': CMAKE_PREFIX_PATH=${CMAKE_PREFIX_PATH}:/home/ahmedk/dev_ws/install/my_first_py:/opt/ros/humble /usr/bin/cmake --build /home/ahmedk/dev_ws/build/turtlebot3_gazebo -- -j2 -l2
[0.666s] Level 1:colcon.colcon_core.environment:create_environment_scripts_only(turtlebot3_fake_node)
[0.669s] DEBUG:colcon.colcon_core.event_handler.log_command:Invoked command in '/home/ahmedk/dev_ws/build/turtlebot3_fake_node' returned '0': CMAKE_PREFIX_PATH=${CMAKE_PREFIX_PATH}:/home/ahmedk/dev_ws/install/my_first_py:/opt/ros/humble /usr/bin/cmake --install /home/ahmedk/dev_ws/build/turtlebot3_fake_node
[0.671s] Level 1:colcon.colcon_core.environment:checking '/home/ahmedk/dev_ws/install/turtlebot3_fake_node' for CMake module files
[0.672s] Level 1:colcon.colcon_core.environment:checking '/home/ahmedk/dev_ws/install/turtlebot3_fake_node' for CMake config files
[0.672s] Level 1:colcon.colcon_core.shell:create_environment_hook('turtlebot3_fake_node', 'cmake_prefix_path')
[0.673s] INFO:colcon.colcon_core.shell:Creating environment hook '/home/ahmedk/dev_ws/install/turtlebot3_fake_node/share/turtlebot3_fake_node/hook/cmake_prefix_path.ps1'
[0.674s] INFO:colcon.colcon_core.shell:Creating environment descriptor '/home/ahmedk/dev_ws/install/turtlebot3_fake_node/share/turtlebot3_fake_node/hook/cmake_prefix_path.dsv'
[0.675s] INFO:colcon.colcon_core.shell:Creating environment hook '/home/ahmedk/dev_ws/install/turtlebot3_fake_node/share/turtlebot3_fake_node/hook/cmake_prefix_path.sh'
[0.676s] Level 1:colcon.colcon_core.environment:checking '/home/ahmedk/dev_ws/install/turtlebot3_fake_node/lib'
[0.676s] Level 1:colcon.colcon_core.environment:checking '/home/ahmedk/dev_ws/install/turtlebot3_fake_node/bin'
[0.676s] Level 1:colcon.colcon_core.environment:checking '/home/ahmedk/dev_ws/install/turtlebot3_fake_node/lib/pkgconfig/turtlebot3_fake_node.pc'
[0.676s] Level 1:colcon.colcon_core.environment:checking '/home/ahmedk/dev_ws/install/turtlebot3_fake_node/lib/python3.10/site-packages'
[0.676s] Level 1:colcon.colcon_core.environment:checking '/home/ahmedk/dev_ws/install/turtlebot3_fake_node/bin'
[0.678s] INFO:colcon.colcon_core.shell:Creating package script '/home/ahmedk/dev_ws/install/turtlebot3_fake_node/share/turtlebot3_fake_node/package.ps1'
[0.679s] INFO:colcon.colcon_core.shell:Creating package descriptor '/home/ahmedk/dev_ws/install/turtlebot3_fake_node/share/turtlebot3_fake_node/package.dsv'
[0.679s] INFO:colcon.colcon_core.shell:Creating package script '/home/ahmedk/dev_ws/install/turtlebot3_fake_node/share/turtlebot3_fake_node/package.sh'
[0.680s] INFO:colcon.colcon_core.shell:Creating package script '/home/ahmedk/dev_ws/install/turtlebot3_fake_node/share/turtlebot3_fake_node/package.bash'
[0.681s] INFO:colcon.colcon_core.shell:Creating package script '/home/ahmedk/dev_ws/install/turtlebot3_fake_node/share/turtlebot3_fake_node/package.zsh'
[0.681s] Level 1:colcon.colcon_core.environment:create_file_with_runtime_dependencies(/home/ahmedk/dev_ws/install/turtlebot3_fake_node/share/colcon-core/packages/turtlebot3_fake_node)
[0.695s] DEBUG:colcon.colcon_core.event_handler.log_command:Invoking command in '/home/ahmedk/dev_ws/build/turtlebot3_gazebo': CMAKE_PREFIX_PATH=${CMAKE_PREFIX_PATH}:/home/ahmedk/dev_ws/install/my_first_py:/opt/ros/humble /usr/bin/cmake --install /home/ahmedk/dev_ws/build/turtlebot3_gazebo
[0.729s] Level 1:colcon.colcon_core.environment:create_environment_scripts_only(turtlebot3_gazebo)
[0.731s] Level 1:colcon.colcon_core.environment:checking '/home/ahmedk/dev_ws/install/turtlebot3_gazebo' for CMake module files
[0.732s] DEBUG:colcon.colcon_core.event_handler.log_command:Invoked command in '/home/ahmedk/dev_ws/build/turtlebot3_gazebo' returned '0': CMAKE_PREFIX_PATH=${CMAKE_PREFIX_PATH}:/home/ahmedk/dev_ws/install/my_first_py:/opt/ros/humble /usr/bin/cmake --install /home/ahmedk/dev_ws/build/turtlebot3_gazebo
[0.732s] Level 1:colcon.colcon_core.environment:checking '/home/ahmedk/dev_ws/install/turtlebot3_gazebo' for CMake config files
[0.733s] Level 1:colcon.colcon_core.shell:create_environment_hook('turtlebot3_gazebo', 'cmake_prefix_path')
[0.734s] INFO:colcon.colcon_core.shell:Creating environment hook '/home/ahmedk/dev_ws/install/turtlebot3_gazebo/share/turtlebot3_gazebo/hook/cmake_prefix_path.ps1'
[0.735s] INFO:colcon.colcon_core.shell:Creating environment descriptor '/home/ahmedk/dev_ws/install/turtlebot3_gazebo/share/turtlebot3_gazebo/hook/cmake_prefix_path.dsv'
[0.735s] INFO:colcon.colcon_core.shell:Creating environment hook '/home/ahmedk/dev_ws/install/turtlebot3_gazebo/share/turtlebot3_gazebo/hook/cmake_prefix_path.sh'
[0.736s] Level 1:colcon.colcon_core.environment:checking '/home/ahmedk/dev_ws/install/turtlebot3_gazebo/lib'
[0.736s] Level 1:colcon.colcon_core.environment:checking '/home/ahmedk/dev_ws/install/turtlebot3_gazebo/bin'
[0.736s] Level 1:colcon.colcon_core.environment:checking '/home/ahmedk/dev_ws/install/turtlebot3_gazebo/lib/pkgconfig/turtlebot3_gazebo.pc'
[0.736s] Level 1:colcon.colcon_core.environment:checking '/home/ahmedk/dev_ws/install/turtlebot3_gazebo/lib/python3.10/site-packages'
[0.736s] Level 1:colcon.colcon_core.environment:checking '/home/ahmedk/dev_ws/install/turtlebot3_gazebo/bin'
[0.738s] INFO:colcon.colcon_core.shell:Creating package script '/home/ahmedk/dev_ws/install/turtlebot3_gazebo/share/turtlebot3_gazebo/package.ps1'
[0.739s] INFO:colcon.colcon_core.shell:Creating package descriptor '/home/ahmedk/dev_ws/install/turtlebot3_gazebo/share/turtlebot3_gazebo/package.dsv'
[0.739s] INFO:colcon.colcon_core.shell:Creating package script '/home/ahmedk/dev_ws/install/turtlebot3_gazebo/share/turtlebot3_gazebo/package.sh'
[0.740s] INFO:colcon.colcon_core.shell:Creating package script '/home/ahmedk/dev_ws/install/turtlebot3_gazebo/share/turtlebot3_gazebo/package.bash'
[0.740s] INFO:colcon.colcon_core.shell:Creating package script '/home/ahmedk/dev_ws/install/turtlebot3_gazebo/share/turtlebot3_gazebo/package.zsh'
[0.740s] Level 1:colcon.colcon_core.environment:create_file_with_runtime_dependencies(/home/ahmedk/dev_ws/install/turtlebot3_gazebo/share/colcon-core/packages/turtlebot3_gazebo)
[0.744s] Level 1:colcon.colcon_core.environment:create_environment_scripts_only(turtlebot3_fake_node)
[0.746s] Level 1:colcon.colcon_core.environment:checking '/home/ahmedk/dev_ws/install/turtlebot3_fake_node' for CMake module files
[0.746s] Level 1:colcon.colcon_core.environment:checking '/home/ahmedk/dev_ws/install/turtlebot3_fake_node' for CMake config files
[0.746s] Level 1:colcon.colcon_core.shell:create_environment_hook('turtlebot3_fake_node', 'cmake_prefix_path')
[0.747s] INFO:colcon.colcon_core.shell:Creating environment hook '/home/ahmedk/dev_ws/install/turtlebot3_fake_node/share/turtlebot3_fake_node/hook/cmake_prefix_path.ps1'
[0.748s] INFO:colcon.colcon_core.shell:Creating environment descriptor '/home/ahmedk/dev_ws/install/turtlebot3_fake_node/share/turtlebot3_fake_node/hook/cmake_prefix_path.dsv'
[0.748s] INFO:colcon.colcon_core.shell:Creating environment hook '/home/ahmedk/dev_ws/install/turtlebot3_fake_node/share/turtlebot3_fake_node/hook/cmake_prefix_path.sh'
[0.749s] Level 1:colcon.colcon_core.environment:checking '/home/ahmedk/dev_ws/install/turtlebot3_fake_node/lib'
[0.749s] Level 1:colcon.colcon_core.environment:checking '/home/ahmedk/dev_ws/install/turtlebot3_fake_node/bin'
[0.749s] Level 1:colcon.colcon_core.environment:checking '/home/ahmedk/dev_ws/install/turtlebot3_fake_node/lib/pkgconfig/turtlebot3_fake_node.pc'
[0.750s] Level 1:colcon.colcon_core.environment:checking '/home/ahmedk/dev_ws/install/turtlebot3_fake_node/lib/python3.10/site-packages'
[0.750s] Level 1:colcon.colcon_core.environment:checking '/home/ahmedk/dev_ws/install/turtlebot3_fake_node/bin'
[0.752s] INFO:colcon.colcon_core.shell:Creating package script '/home/ahmedk/dev_ws/install/turtlebot3_fake_node/share/turtlebot3_fake_node/package.ps1'
[0.752s] INFO:colcon.colcon_core.shell:Creating package descriptor '/home/ahmedk/dev_ws/install/turtlebot3_fake_node/share/turtlebot3_fake_node/package.dsv'
[0.753s] INFO:colcon.colcon_core.shell:Creating package script '/home/ahmedk/dev_ws/install/turtlebot3_fake_node/share/turtlebot3_fake_node/package.sh'
[0.753s] INFO:colcon.colcon_core.shell:Creating package script '/home/ahmedk/dev_ws/install/turtlebot3_fake_node/share/turtlebot3_fake_node/package.bash'
[0.754s] INFO:colcon.colcon_core.shell:Creating package script '/home/ahmedk/dev_ws/install/turtlebot3_fake_node/share/turtlebot3_fake_node/package.zsh'
[0.754s] Level 1:colcon.colcon_core.environment:create_file_with_runtime_dependencies(/home/ahmedk/dev_ws/install/turtlebot3_fake_node/share/colcon-core/packages/turtlebot3_fake_node)
[0.755s] INFO:colcon.colcon_ros.task.ament_python.build:Building ROS package in '/home/ahmedk/dev_ws/src/my_first_py' with build type 'ament_python'
[0.755s] Level 1:colcon.colcon_core.shell:create_environment_hook('my_first_py', 'ament_prefix_path')
[0.756s] INFO:colcon.colcon_core.shell:Creating environment hook '/home/ahmedk/dev_ws/install/my_first_py/share/my_first_py/hook/ament_prefix_path.ps1'
[0.757s] INFO:colcon.colcon_core.shell:Creating environment descriptor '/home/ahmedk/dev_ws/install/my_first_py/share/my_first_py/hook/ament_prefix_path.dsv'
[0.758s] INFO:colcon.colcon_core.shell:Creating environment hook '/home/ahmedk/dev_ws/install/my_first_py/share/my_first_py/hook/ament_prefix_path.sh'
[0.760s] INFO:colcon.colcon_core.shell:Skip shell extension 'powershell' for command environment: Not usable outside of PowerShell
[0.760s] DEBUG:colcon.colcon_core.shell:Skip shell extension 'dsv' for command environment
[1.059s] INFO:colcon.colcon_core.task.python.build:Building Python package in '/home/ahmedk/dev_ws/src/my_first_py'
[1.060s] INFO:colcon.colcon_core.shell:Skip shell extension 'powershell' for command environment: Not usable outside of PowerShell
[1.060s] DEBUG:colcon.colcon_core.shell:Skip shell extension 'dsv' for command environment
[1.065s] Level 1:colcon.colcon_core.environment:create_environment_scripts_only(turtlebot3_gazebo)
[1.067s] Level 1:colcon.colcon_core.environment:checking '/home/ahmedk/dev_ws/install/turtlebot3_gazebo' for CMake module files
[1.068s] Level 1:colcon.colcon_core.environment:checking '/home/ahmedk/dev_ws/install/turtlebot3_gazebo' for CMake config files
[1.068s] Level 1:colcon.colcon_core.shell:create_environment_hook('turtlebot3_gazebo', 'cmake_prefix_path')
[1.069s] INFO:colcon.colcon_core.shell:Creating environment hook '/home/ahmedk/dev_ws/install/turtlebot3_gazebo/share/turtlebot3_gazebo/hook/cmake_prefix_path.ps1'
[1.069s] INFO:colcon.colcon_core.shell:Creating environment descriptor '/home/ahmedk/dev_ws/install/turtlebot3_gazebo/share/turtlebot3_gazebo/hook/cmake_prefix_path.dsv'
[1.070s] INFO:colcon.colcon_core.shell:Creating environment hook '/home/ahmedk/dev_ws/install/turtlebot3_gazebo/share/turtlebot3_gazebo/hook/cmake_prefix_path.sh'
[1.070s] Level 1:colcon.colcon_core.environment:checking '/home/ahmedk/dev_ws/install/turtlebot3_gazebo/lib'
[1.071s] Level 1:colcon.colcon_core.environment:checking '/home/ahmedk/dev_ws/install/turtlebot3_gazebo/bin'
[1.071s] Level 1:colcon.colcon_core.environment:checking '/home/ahmedk/dev_ws/install/turtlebot3_gazebo/lib/pkgconfig/turtlebot3_gazebo.pc'
[1.071s] Level 1:colcon.colcon_core.environment:checking '/home/ahmedk/dev_ws/install/turtlebot3_gazebo/lib/python3.10/site-packages'
[1.071s] Level 1:colcon.colcon_core.environment:checking '/home/ahmedk/dev_ws/install/turtlebot3_gazebo/bin'
[1.072s] INFO:colcon.colcon_core.shell:Creating package script '/home/ahmedk/dev_ws/install/turtlebot3_gazebo/share/turtlebot3_gazebo/package.ps1'
[1.073s] INFO:colcon.colcon_core.shell:Creating package descriptor '/home/ahmedk/dev_ws/install/turtlebot3_gazebo/share/turtlebot3_gazebo/package.dsv'
[1.073s] INFO:colcon.colcon_core.shell:Creating package script '/home/ahmedk/dev_ws/install/turtlebot3_gazebo/share/turtlebot3_gazebo/package.sh'
[1.074s] INFO:colcon.colcon_core.shell:Creating package script '/home/ahmedk/dev_ws/install/turtlebot3_gazebo/share/turtlebot3_gazebo/package.bash'
[1.074s] INFO:colcon.colcon_core.shell:Creating package script '/home/ahmedk/dev_ws/install/turtlebot3_gazebo/share/turtlebot3_gazebo/package.zsh'
[1.075s] Level 1:colcon.colcon_core.environment:create_file_with_runtime_dependencies(/home/ahmedk/dev_ws/install/turtlebot3_gazebo/share/colcon-core/packages/turtlebot3_gazebo)
[1.076s] INFO:colcon.colcon_ros.task.ament_cmake.build:Building ROS package in '/home/ahmedk/dev_ws/src/my_own_srv' with build type 'ament_cmake'
[1.076s] INFO:colcon.colcon_cmake.task.cmake.build:Building CMake package in '/home/ahmedk/dev_ws/src/my_own_srv'
[1.077s] INFO:colcon.colcon_core.shell:Skip shell extension 'powershell' for command environment: Not usable outside of PowerShell
[1.077s] DEBUG:colcon.colcon_core.shell:Skip shell extension 'dsv' for command environment
[1.086s] DEBUG:colcon.colcon_core.event_handler.log_command:Invoking command in '/home/ahmedk/dev_ws/build/my_own_srv': CMAKE_PREFIX_PATH=${CMAKE_PREFIX_PATH}:/home/ahmedk/dev_ws/install/my_first_py:/opt/ros/humble /usr/bin/cmake /home/ahmedk/dev_ws/src/my_own_srv -DAMENT_CMAKE_SYMLINK_INSTALL=1 -DCMAKE_INSTALL_PREFIX=/home/ahmedk/dev_ws/install/my_own_srv
[1.481s] DEBUG:colcon.colcon_core.event_handler.log_command:Invoking command in '/home/ahmedk/dev_ws/build/my_first_py': PYTHONPATH=/home/ahmedk/dev_ws/build/my_first_py/prefix_override:/home/ahmedk/dev_ws/install/my_first_py/lib/python3.10/site-packages:${PYTHONPATH} /usr/bin/python3 setup.py develop --editable --build-directory /home/ahmedk/dev_ws/build/my_first_py/build --no-deps install_data
[2.033s] Level 1:colcon.colcon_core.shell:create_environment_hook('my_first_py', 'pythonpath_develop')
[2.034s] INFO:colcon.colcon_core.shell:Creating environment hook '/home/ahmedk/dev_ws/build/my_first_py/share/my_first_py/hook/pythonpath_develop.ps1'
[2.035s] DEBUG:colcon.colcon_core.event_handler.log_command:Invoked command in '/home/ahmedk/dev_ws/build/my_first_py' returned '0': PYTHONPATH=/home/ahmedk/dev_ws/build/my_first_py/prefix_override:/home/ahmedk/dev_ws/install/my_first_py/lib/python3.10/site-packages:${PYTHONPATH} /usr/bin/python3 setup.py develop --editable --build-directory /home/ahmedk/dev_ws/build/my_first_py/build --no-deps install_data
[2.035s] INFO:colcon.colcon_core.shell:Creating environment descriptor '/home/ahmedk/dev_ws/build/my_first_py/share/my_first_py/hook/pythonpath_develop.dsv'
[2.036s] INFO:colcon.colcon_core.shell:Creating environment hook '/home/ahmedk/dev_ws/build/my_first_py/share/my_first_py/hook/pythonpath_develop.sh'
[2.038s] Level 1:colcon.colcon_core.environment:checking '/home/ahmedk/dev_ws/install/my_first_py' for CMake module files
[2.038s] Level 1:colcon.colcon_core.environment:checking '/home/ahmedk/dev_ws/install/my_first_py' for CMake config files
[2.039s] Level 1:colcon.colcon_core.environment:checking '/home/ahmedk/dev_ws/install/my_first_py/lib'
[2.039s] Level 1:colcon.colcon_core.environment:checking '/home/ahmedk/dev_ws/install/my_first_py/bin'
[2.039s] Level 1:colcon.colcon_core.environment:checking '/home/ahmedk/dev_ws/install/my_first_py/lib/pkgconfig/my_first_py.pc'
[2.040s] Level 1:colcon.colcon_core.environment:checking '/home/ahmedk/dev_ws/install/my_first_py/lib/python3.10/site-packages'
[2.040s] Level 1:colcon.colcon_core.shell:create_environment_hook('my_first_py', 'pythonpath')
[2.041s] INFO:colcon.colcon_core.shell:Creating environment hook '/home/ahmedk/dev_ws/install/my_first_py/share/my_first_py/hook/pythonpath.ps1'
[2.041s] INFO:colcon.colcon_core.shell:Creating environment descriptor '/home/ahmedk/dev_ws/install/my_first_py/share/my_first_py/hook/pythonpath.dsv'
[2.042s] INFO:colcon.colcon_core.shell:Creating environment hook '/home/ahmedk/dev_ws/install/my_first_py/share/my_first_py/hook/pythonpath.sh'
[2.042s] Level 1:colcon.colcon_core.environment:checking '/home/ahmedk/dev_ws/install/my_first_py/bin'
[2.042s] Level 1:colcon.colcon_core.environment:create_environment_scripts_only(my_first_py)
[2.043s] INFO:colcon.colcon_core.shell:Creating package script '/home/ahmedk/dev_ws/install/my_first_py/share/my_first_py/package.ps1'
[2.044s] INFO:colcon.colcon_core.shell:Creating package descriptor '/home/ahmedk/dev_ws/install/my_first_py/share/my_first_py/package.dsv'
[2.045s] INFO:colcon.colcon_core.shell:Creating package script '/home/ahmedk/dev_ws/install/my_first_py/share/my_first_py/package.sh'
[2.046s] INFO:colcon.colcon_core.shell:Creating package script '/home/ahmedk/dev_ws/install/my_first_py/share/my_first_py/package.bash'
[2.046s] INFO:colcon.colcon_core.shell:Creating package script '/home/ahmedk/dev_ws/install/my_first_py/share/my_first_py/package.zsh'
[2.047s] Level 1:colcon.colcon_core.environment:create_file_with_runtime_dependencies(/home/ahmedk/dev_ws/install/my_first_py/share/colcon-core/packages/my_first_py)
[2.048s] INFO:colcon.colcon_ros.task.ament_cmake.build:Building ROS package in '/home/ahmedk/dev_ws/src/my_package' with build type 'ament_cmake'
[2.049s] INFO:colcon.colcon_cmake.task.cmake.build:Building CMake package in '/home/ahmedk/dev_ws/src/my_package'
[2.050s] INFO:colcon.colcon_core.shell:Skip shell extension 'powershell' for command environment: Not usable outside of PowerShell
[2.050s] DEBUG:colcon.colcon_core.shell:Skip shell extension 'dsv' for command environment
[2.059s] DEBUG:colcon.colcon_core.event_handler.log_command:Invoking command in '/home/ahmedk/dev_ws/build/my_package': CMAKE_PREFIX_PATH=${CMAKE_PREFIX_PATH}:/home/ahmedk/dev_ws/install/my_first_py:/opt/ros/humble /usr/bin/cmake --build /home/ahmedk/dev_ws/build/my_package -- -j2 -l2
[2.115s] DEBUG:colcon.colcon_core.event_handler.log_command:Invoked command in '/home/ahmedk/dev_ws/build/my_package' returned '0': CMAKE_PREFIX_PATH=${CMAKE_PREFIX_PATH}:/home/ahmedk/dev_ws/install/my_first_py:/opt/ros/humble /usr/bin/cmake --build /home/ahmedk/dev_ws/build/my_package -- -j2 -l2
[2.145s] DEBUG:colcon.colcon_core.event_handler.log_command:Invoking command in '/home/ahmedk/dev_ws/build/my_package': CMAKE_PREFIX_PATH=${CMAKE_PREFIX_PATH}:/home/ahmedk/dev_ws/install/my_first_py:/opt/ros/humble /usr/bin/cmake --install /home/ahmedk/dev_ws/build/my_package
[2.309s] Level 1:colcon.colcon_core.environment:create_environment_scripts_only(my_package)
[2.311s] Level 1:colcon.colcon_core.environment:checking '/home/ahmedk/dev_ws/install/my_package' for CMake module files
[2.312s] DEBUG:colcon.colcon_core.event_handler.log_command:Invoked command in '/home/ahmedk/dev_ws/build/my_package' returned '0': CMAKE_PREFIX_PATH=${CMAKE_PREFIX_PATH}:/home/ahmedk/dev_ws/install/my_first_py:/opt/ros/humble /usr/bin/cmake --install /home/ahmedk/dev_ws/build/my_package
[2.312s] Level 1:colcon.colcon_core.environment:checking '/home/ahmedk/dev_ws/install/my_package' for CMake config files
[2.313s] Level 1:colcon.colcon_core.shell:create_environment_hook('my_package', 'cmake_prefix_path')
[2.314s] INFO:colcon.colcon_core.shell:Creating environment hook '/home/ahmedk/dev_ws/install/my_package/share/my_package/hook/cmake_prefix_path.ps1'
[2.315s] INFO:colcon.colcon_core.shell:Creating environment descriptor '/home/ahmedk/dev_ws/install/my_package/share/my_package/hook/cmake_prefix_path.dsv'
[2.315s] INFO:colcon.colcon_core.shell:Creating environment hook '/home/ahmedk/dev_ws/install/my_package/share/my_package/hook/cmake_prefix_path.sh'
[2.316s] Level 1:colcon.colcon_core.environment:checking '/home/ahmedk/dev_ws/install/my_package/bin'
[2.316s] Level 1:colcon.colcon_core.environment:checking '/home/ahmedk/dev_ws/install/my_package/lib/pkgconfig/my_package.pc'
[2.316s] Level 1:colcon.colcon_core.environment:checking '/home/ahmedk/dev_ws/install/my_package/lib/python3.10/site-packages'
[2.316s] Level 1:colcon.colcon_core.environment:checking '/home/ahmedk/dev_ws/install/my_package/bin'
[2.318s] INFO:colcon.colcon_core.shell:Creating package script '/home/ahmedk/dev_ws/install/my_package/share/my_package/package.ps1'
[2.318s] INFO:colcon.colcon_core.shell:Creating package descriptor '/home/ahmedk/dev_ws/install/my_package/share/my_package/package.dsv'
[2.319s] INFO:colcon.colcon_core.shell:Creating package script '/home/ahmedk/dev_ws/install/my_package/share/my_package/package.sh'
[2.319s] INFO:colcon.colcon_core.shell:Creating package script '/home/ahmedk/dev_ws/install/my_package/share/my_package/package.bash'
[2.319s] INFO:colcon.colcon_core.shell:Creating package script '/home/ahmedk/dev_ws/install/my_package/share/my_package/package.zsh'
[2.320s] Level 1:colcon.colcon_core.environment:create_file_with_runtime_dependencies(/home/ahmedk/dev_ws/install/my_package/share/colcon-core/packages/my_package)
[2.352s] Level 1:colcon.colcon_core.environment:create_environment_scripts_only(my_package)
[2.354s] Level 1:colcon.colcon_core.environment:checking '/home/ahmedk/dev_ws/install/my_package' for CMake module files
[2.354s] Level 1:colcon.colcon_core.environment:checking '/home/ahmedk/dev_ws/install/my_package' for CMake config files
[2.355s] Level 1:colcon.colcon_core.shell:create_environment_hook('my_package', 'cmake_prefix_path')
[2.356s] INFO:colcon.colcon_core.shell:Creating environment hook '/home/ahmedk/dev_ws/install/my_package/share/my_package/hook/cmake_prefix_path.ps1'
[2.358s] INFO:colcon.colcon_core.shell:Creating environment descriptor '/home/ahmedk/dev_ws/install/my_package/share/my_package/hook/cmake_prefix_path.dsv'
[2.358s] INFO:colcon.colcon_core.shell:Creating environment hook '/home/ahmedk/dev_ws/install/my_package/share/my_package/hook/cmake_prefix_path.sh'
[2.359s] Level 1:colcon.colcon_core.environment:checking '/home/ahmedk/dev_ws/install/my_package/bin'
[2.359s] Level 1:colcon.colcon_core.environment:checking '/home/ahmedk/dev_ws/install/my_package/lib/pkgconfig/my_package.pc'
[2.360s] Level 1:colcon.colcon_core.environment:checking '/home/ahmedk/dev_ws/install/my_package/lib/python3.10/site-packages'
[2.360s] Level 1:colcon.colcon_core.environment:checking '/home/ahmedk/dev_ws/install/my_package/bin'
[2.362s] INFO:colcon.colcon_core.shell:Creating package script '/home/ahmedk/dev_ws/install/my_package/share/my_package/package.ps1'
[2.363s] INFO:colcon.colcon_core.shell:Creating package descriptor '/home/ahmedk/dev_ws/install/my_package/share/my_package/package.dsv'
[2.364s] INFO:colcon.colcon_core.shell:Creating package script '/home/ahmedk/dev_ws/install/my_package/share/my_package/package.sh'
[2.365s] INFO:colcon.colcon_core.shell:Creating package script '/home/ahmedk/dev_ws/install/my_package/share/my_package/package.bash'
[2.366s] INFO:colcon.colcon_core.shell:Creating package script '/home/ahmedk/dev_ws/install/my_package/share/my_package/package.zsh'
[2.366s] Level 1:colcon.colcon_core.environment:create_file_with_runtime_dependencies(/home/ahmedk/dev_ws/install/my_package/share/colcon-core/packages/my_package)
[2.367s] INFO:colcon.colcon_ros.task.ament_cmake.build:Building ROS package in '/home/ahmedk/dev_ws/src/turtlebot3_simulations/turtlebot3_simulations' with build type 'ament_cmake'
[2.367s] INFO:colcon.colcon_cmake.task.cmake.build:Building CMake package in '/home/ahmedk/dev_ws/src/turtlebot3_simulations/turtlebot3_simulations'
[2.369s] INFO:colcon.colcon_core.shell:Skip shell extension 'powershell' for command environment: Not usable outside of PowerShell
[2.369s] DEBUG:colcon.colcon_core.shell:Skip shell extension 'dsv' for command environment
[2.399s] DEBUG:colcon.colcon_core.event_handler.log_command:Invoking command in '/home/ahmedk/dev_ws/build/turtlebot3_simulations': CMAKE_PREFIX_PATH=${CMAKE_PREFIX_PATH}:/home/ahmedk/dev_ws/install/my_first_py:/opt/ros/humble /usr/bin/cmake /home/ahmedk/dev_ws/src/turtlebot3_simulations/turtlebot3_simulations -DAMENT_CMAKE_SYMLINK_INSTALL=1 -DCMAKE_INSTALL_PREFIX=/home/ahmedk/dev_ws/install/turtlebot3_simulations
[2.702s] DEBUG:colcon.colcon_core.event_handler.log_command:Invoked command in '/home/ahmedk/dev_ws/build/my_own_srv' returned '0': CMAKE_PREFIX_PATH=${CMAKE_PREFIX_PATH}:/home/ahmedk/dev_ws/install/my_first_py:/opt/ros/humble /usr/bin/cmake /home/ahmedk/dev_ws/src/my_own_srv -DAMENT_CMAKE_SYMLINK_INSTALL=1 -DCMAKE_INSTALL_PREFIX=/home/ahmedk/dev_ws/install/my_own_srv
[2.703s] DEBUG:colcon.colcon_core.event_handler.log_command:Invoking command in '/home/ahmedk/dev_ws/build/my_own_srv': CMAKE_PREFIX_PATH=${CMAKE_PREFIX_PATH}:/home/ahmedk/dev_ws/install/my_first_py:/opt/ros/humble /usr/bin/cmake --build /home/ahmedk/dev_ws/build/my_own_srv -- -j2 -l2
[3.894s] DEBUG:colcon.colcon_core.event_handler.log_command:Invoked command in '/home/ahmedk/dev_ws/build/turtlebot3_simulations' returned '0': CMAKE_PREFIX_PATH=${CMAKE_PREFIX_PATH}:/home/ahmedk/dev_ws/install/my_first_py:/opt/ros/humble /usr/bin/cmake /home/ahmedk/dev_ws/src/turtlebot3_simulations/turtlebot3_simulations -DAMENT_CMAKE_SYMLINK_INSTALL=1 -DCMAKE_INSTALL_PREFIX=/home/ahmedk/dev_ws/install/turtlebot3_simulations
[3.895s] DEBUG:colcon.colcon_core.event_handler.log_command:Invoking command in '/home/ahmedk/dev_ws/build/turtlebot3_simulations': CMAKE_PREFIX_PATH=${CMAKE_PREFIX_PATH}:/home/ahmedk/dev_ws/install/my_first_py:/opt/ros/humble /usr/bin/cmake --build /home/ahmedk/dev_ws/build/turtlebot3_simulations -- -j2 -l2
[4.003s] DEBUG:colcon.colcon_core.event_handler.log_command:Invoked command in '/home/ahmedk/dev_ws/build/turtlebot3_simulations' returned '0': CMAKE_PREFIX_PATH=${CMAKE_PREFIX_PATH}:/home/ahmedk/dev_ws/install/my_first_py:/opt/ros/humble /usr/bin/cmake --build /home/ahmedk/dev_ws/build/turtlebot3_simulations -- -j2 -l2
[4.037s] DEBUG:colcon.colcon_core.event_handler.log_command:Invoking command in '/home/ahmedk/dev_ws/build/turtlebot3_simulations': CMAKE_PREFIX_PATH=${CMAKE_PREFIX_PATH}:/home/ahmedk/dev_ws/install/my_first_py:/opt/ros/humble /usr/bin/cmake --install /home/ahmedk/dev_ws/build/turtlebot3_simulations
[4.403s] Level 1:colcon.colcon_core.environment:create_environment_scripts_only(turtlebot3_simulations)
[4.405s] Level 1:colcon.colcon_core.environment:checking '/home/ahmedk/dev_ws/install/turtlebot3_simulations' for CMake module files
[4.406s] DEBUG:colcon.colcon_core.event_handler.log_command:Invoked command in '/home/ahmedk/dev_ws/build/turtlebot3_simulations' returned '0': CMAKE_PREFIX_PATH=${CMAKE_PREFIX_PATH}:/home/ahmedk/dev_ws/install/my_first_py:/opt/ros/humble /usr/bin/cmake --install /home/ahmedk/dev_ws/build/turtlebot3_simulations
[4.406s] Level 1:colcon.colcon_core.environment:checking '/home/ahmedk/dev_ws/install/turtlebot3_simulations' for CMake config files
[4.406s] Level 1:colcon.colcon_core.shell:create_environment_hook('turtlebot3_simulations', 'cmake_prefix_path')
[4.407s] INFO:colcon.colcon_core.shell:Creating environment hook '/home/ahmedk/dev_ws/install/turtlebot3_simulations/share/turtlebot3_simulations/hook/cmake_prefix_path.ps1'
[4.408s] INFO:colcon.colcon_core.shell:Creating environment descriptor '/home/ahmedk/dev_ws/install/turtlebot3_simulations/share/turtlebot3_simulations/hook/cmake_prefix_path.dsv'
[4.408s] INFO:colcon.colcon_core.shell:Creating environment hook '/home/ahmedk/dev_ws/install/turtlebot3_simulations/share/turtlebot3_simulations/hook/cmake_prefix_path.sh'
[4.409s] Level 1:colcon.colcon_core.environment:checking '/home/ahmedk/dev_ws/install/turtlebot3_simulations/bin'
[4.409s] Level 1:colcon.colcon_core.environment:checking '/home/ahmedk/dev_ws/install/turtlebot3_simulations/lib/pkgconfig/turtlebot3_simulations.pc'
[4.409s] Level 1:colcon.colcon_core.environment:checking '/home/ahmedk/dev_ws/install/turtlebot3_simulations/lib/python3.10/site-packages'
[4.409s] Level 1:colcon.colcon_core.environment:checking '/home/ahmedk/dev_ws/install/turtlebot3_simulations/bin'
[4.414s] INFO:colcon.colcon_core.shell:Creating package script '/home/ahmedk/dev_ws/install/turtlebot3_simulations/share/turtlebot3_simulations/package.ps1'
[4.415s] INFO:colcon.colcon_core.shell:Creating package descriptor '/home/ahmedk/dev_ws/install/turtlebot3_simulations/share/turtlebot3_simulations/package.dsv'
[4.415s] INFO:colcon.colcon_core.shell:Creating package script '/home/ahmedk/dev_ws/install/turtlebot3_simulations/share/turtlebot3_simulations/package.sh'
[4.415s] INFO:colcon.colcon_core.shell:Creating package script '/home/ahmedk/dev_ws/install/turtlebot3_simulations/share/turtlebot3_simulations/package.bash'
[4.416s] INFO:colcon.colcon_core.shell:Creating package script '/home/ahmedk/dev_ws/install/turtlebot3_simulations/share/turtlebot3_simulations/package.zsh'
[4.416s] Level 1:colcon.colcon_core.environment:create_file_with_runtime_dependencies(/home/ahmedk/dev_ws/install/turtlebot3_simulations/share/colcon-core/packages/turtlebot3_simulations)
[4.562s] Level 1:colcon.colcon_core.environment:create_environment_scripts_only(turtlebot3_simulations)
[4.564s] Level 1:colcon.colcon_core.environment:checking '/home/ahmedk/dev_ws/install/turtlebot3_simulations' for CMake module files
[4.564s] Level 1:colcon.colcon_core.environment:checking '/home/ahmedk/dev_ws/install/turtlebot3_simulations' for CMake config files
[4.564s] Level 1:colcon.colcon_core.shell:create_environment_hook('turtlebot3_simulations', 'cmake_prefix_path')
[4.565s] INFO:colcon.colcon_core.shell:Creating environment hook '/home/ahmedk/dev_ws/install/turtlebot3_simulations/share/turtlebot3_simulations/hook/cmake_prefix_path.ps1'
[4.566s] INFO:colcon.colcon_core.shell:Creating environment descriptor '/home/ahmedk/dev_ws/install/turtlebot3_simulations/share/turtlebot3_simulations/hook/cmake_prefix_path.dsv'
[4.566s] INFO:colcon.colcon_core.shell:Creating environment hook '/home/ahmedk/dev_ws/install/turtlebot3_simulations/share/turtlebot3_simulations/hook/cmake_prefix_path.sh'
[4.567s] Level 1:colcon.colcon_core.environment:checking '/home/ahmedk/dev_ws/install/turtlebot3_simulations/bin'
[4.567s] Level 1:colcon.colcon_core.environment:checking '/home/ahmedk/dev_ws/install/turtlebot3_simulations/lib/pkgconfig/turtlebot3_simulations.pc'
[4.567s] Level 1:colcon.colcon_core.environment:checking '/home/ahmedk/dev_ws/install/turtlebot3_simulations/lib/python3.10/site-packages'
[4.567s] Level 1:colcon.colcon_core.environment:checking '/home/ahmedk/dev_ws/install/turtlebot3_simulations/bin'
[4.572s] INFO:colcon.colcon_core.shell:Creating package script '/home/ahmedk/dev_ws/install/turtlebot3_simulations/share/turtlebot3_simulations/package.ps1'
[4.578s] INFO:colcon.colcon_core.shell:Creating package descriptor '/home/ahmedk/dev_ws/install/turtlebot3_simulations/share/turtlebot3_simulations/package.dsv'
[4.579s] INFO:colcon.colcon_core.shell:Creating package script '/home/ahmedk/dev_ws/install/turtlebot3_simulations/share/turtlebot3_simulations/package.sh'
[4.579s] INFO:colcon.colcon_core.shell:Creating package script '/home/ahmedk/dev_ws/install/turtlebot3_simulations/share/turtlebot3_simulations/package.bash'
[4.580s] INFO:colcon.colcon_core.shell:Creating package script '/home/ahmedk/dev_ws/install/turtlebot3_simulations/share/turtlebot3_simulations/package.zsh'
[4.580s] Level 1:colcon.colcon_core.environment:create_file_with_runtime_dependencies(/home/ahmedk/dev_ws/install/turtlebot3_simulations/share/colcon-core/packages/turtlebot3_simulations)
[7.075s] DEBUG:colcon.colcon_core.event_handler.log_command:Invoked command in '/home/ahmedk/dev_ws/build/my_own_srv' returned '0': CMAKE_PREFIX_PATH=${CMAKE_PREFIX_PATH}:/home/ahmedk/dev_ws/install/my_first_py:/opt/ros/humble /usr/bin/cmake --build /home/ahmedk/dev_ws/build/my_own_srv -- -j2 -l2
[7.135s] DEBUG:colcon.colcon_core.event_handler.log_command:Invoking command in '/home/ahmedk/dev_ws/build/my_own_srv': CMAKE_PREFIX_PATH=${CMAKE_PREFIX_PATH}:/home/ahmedk/dev_ws/install/my_first_py:/opt/ros/humble /usr/bin/cmake --install /home/ahmedk/dev_ws/build/my_own_srv
[7.742s] Level 1:colcon.colcon_core.environment:create_environment_scripts_only(my_own_srv)
[7.744s] Level 1:colcon.colcon_core.environment:checking '/home/ahmedk/dev_ws/install/my_own_srv' for CMake module files
[7.744s] Level 1:colcon.colcon_core.environment:checking '/home/ahmedk/dev_ws/install/my_own_srv' for CMake config files
[7.745s] Level 1:colcon.colcon_core.shell:create_environment_hook('my_own_srv', 'cmake_prefix_path')
[7.746s] INFO:colcon.colcon_core.shell:Creating environment hook '/home/ahmedk/dev_ws/install/my_own_srv/share/my_own_srv/hook/cmake_prefix_path.ps1'
[7.747s] INFO:colcon.colcon_core.shell:Creating environment descriptor '/home/ahmedk/dev_ws/install/my_own_srv/share/my_own_srv/hook/cmake_prefix_path.dsv'
[7.747s] DEBUG:colcon.colcon_core.event_handler.log_command:Invoked command in '/home/ahmedk/dev_ws/build/my_own_srv' returned '0': CMAKE_PREFIX_PATH=${CMAKE_PREFIX_PATH}:/home/ahmedk/dev_ws/install/my_first_py:/opt/ros/humble /usr/bin/cmake --install /home/ahmedk/dev_ws/build/my_own_srv
[7.748s] INFO:colcon.colcon_core.shell:Creating environment hook '/home/ahmedk/dev_ws/install/my_own_srv/share/my_own_srv/hook/cmake_prefix_path.sh'
[7.748s] Level 1:colcon.colcon_core.environment:checking '/home/ahmedk/dev_ws/install/my_own_srv/lib'
[7.748s] Level 1:colcon.colcon_core.shell:create_environment_hook('my_own_srv', 'ld_library_path_lib')
[7.749s] INFO:colcon.colcon_core.shell:Creating environment hook '/home/ahmedk/dev_ws/install/my_own_srv/share/my_own_srv/hook/ld_library_path_lib.ps1'
[7.750s] INFO:colcon.colcon_core.shell:Creating environment descriptor '/home/ahmedk/dev_ws/install/my_own_srv/share/my_own_srv/hook/ld_library_path_lib.dsv'
[7.750s] INFO:colcon.colcon_core.shell:Creating environment hook '/home/ahmedk/dev_ws/install/my_own_srv/share/my_own_srv/hook/ld_library_path_lib.sh'
[7.750s] Level 1:colcon.colcon_core.environment:checking '/home/ahmedk/dev_ws/install/my_own_srv/bin'
[7.750s] Level 1:colcon.colcon_core.environment:checking '/home/ahmedk/dev_ws/install/my_own_srv/lib/pkgconfig/my_own_srv.pc'
[7.750s] Level 1:colcon.colcon_core.environment:checking '/home/ahmedk/dev_ws/install/my_own_srv/lib/python3.10/site-packages'
[7.751s] Level 1:colcon.colcon_core.environment:checking '/home/ahmedk/dev_ws/install/my_own_srv/bin'
[7.752s] INFO:colcon.colcon_core.shell:Creating package script '/home/ahmedk/dev_ws/install/my_own_srv/share/my_own_srv/package.ps1'
[7.752s] INFO:colcon.colcon_core.shell:Creating package descriptor '/home/ahmedk/dev_ws/install/my_own_srv/share/my_own_srv/package.dsv'
[7.753s] INFO:colcon.colcon_core.shell:Creating package script '/home/ahmedk/dev_ws/install/my_own_srv/share/my_own_srv/package.sh'
[7.753s] INFO:colcon.colcon_core.shell:Creating package script '/home/ahmedk/dev_ws/install/my_own_srv/share/my_own_srv/package.bash'
[7.753s] INFO:colcon.colcon_core.shell:Creating package script '/home/ahmedk/dev_ws/install/my_own_srv/share/my_own_srv/package.zsh'
[7.754s] Level 1:colcon.colcon_core.environment:create_file_with_runtime_dependencies(/home/ahmedk/dev_ws/install/my_own_srv/share/colcon-core/packages/my_own_srv)
[7.815s] Level 1:colcon.colcon_core.environment:create_environment_scripts_only(my_own_srv)
[7.817s] Level 1:colcon.colcon_core.environment:checking '/home/ahmedk/dev_ws/install/my_own_srv' for CMake module files
[7.818s] Level 1:colcon.colcon_core.environment:checking '/home/ahmedk/dev_ws/install/my_own_srv' for CMake config files
[7.818s] Level 1:colcon.colcon_core.shell:create_environment_hook('my_own_srv', 'cmake_prefix_path')
[7.821s] INFO:colcon.colcon_core.shell:Creating environment hook '/home/ahmedk/dev_ws/install/my_own_srv/share/my_own_srv/hook/cmake_prefix_path.ps1'
[7.821s] INFO:colcon.colcon_core.shell:Creating environment descriptor '/home/ahmedk/dev_ws/install/my_own_srv/share/my_own_srv/hook/cmake_prefix_path.dsv'
[7.821s] INFO:colcon.colcon_core.shell:Creating environment hook '/home/ahmedk/dev_ws/install/my_own_srv/share/my_own_srv/hook/cmake_prefix_path.sh'
[7.822s] Level 1:colcon.colcon_core.environment:checking '/home/ahmedk/dev_ws/install/my_own_srv/lib'
[7.822s] Level 1:colcon.colcon_core.shell:create_environment_hook('my_own_srv', 'ld_library_path_lib')
[7.823s] INFO:colcon.colcon_core.shell:Creating environment hook '/home/ahmedk/dev_ws/install/my_own_srv/share/my_own_srv/hook/ld_library_path_lib.ps1'
[7.823s] INFO:colcon.colcon_core.shell:Creating environment descriptor '/home/ahmedk/dev_ws/install/my_own_srv/share/my_own_srv/hook/ld_library_path_lib.dsv'
[7.824s] INFO:colcon.colcon_core.shell:Creating environment hook '/home/ahmedk/dev_ws/install/my_own_srv/share/my_own_srv/hook/ld_library_path_lib.sh'
[7.824s] Level 1:colcon.colcon_core.environment:checking '/home/ahmedk/dev_ws/install/my_own_srv/bin'
[7.825s] Level 1:colcon.colcon_core.environment:checking '/home/ahmedk/dev_ws/install/my_own_srv/lib/pkgconfig/my_own_srv.pc'
[7.825s] Level 1:colcon.colcon_core.environment:checking '/home/ahmedk/dev_ws/install/my_own_srv/lib/python3.10/site-packages'
[7.825s] Level 1:colcon.colcon_core.environment:checking '/home/ahmedk/dev_ws/install/my_own_srv/bin'
[7.827s] INFO:colcon.colcon_core.shell:Creating package script '/home/ahmedk/dev_ws/install/my_own_srv/share/my_own_srv/package.ps1'
[7.828s] INFO:colcon.colcon_core.shell:Creating package descriptor '/home/ahmedk/dev_ws/install/my_own_srv/share/my_own_srv/package.dsv'
[7.829s] INFO:colcon.colcon_core.shell:Creating package script '/home/ahmedk/dev_ws/install/my_own_srv/share/my_own_srv/package.sh'
[7.829s] INFO:colcon.colcon_core.shell:Creating package script '/home/ahmedk/dev_ws/install/my_own_srv/share/my_own_srv/package.bash'
[7.829s] INFO:colcon.colcon_core.shell:Creating package script '/home/ahmedk/dev_ws/install/my_own_srv/share/my_own_srv/package.zsh'
[7.830s] Level 1:colcon.colcon_core.environment:create_file_with_runtime_dependencies(/home/ahmedk/dev_ws/install/my_own_srv/share/colcon-core/packages/my_own_srv)
[7.830s] DEBUG:colcon.colcon_parallel_executor.executor.parallel:closing loop
[7.830s] DEBUG:colcon.colcon_parallel_executor.executor.parallel:loop closed
[7.830s] DEBUG:colcon.colcon_parallel_executor.executor.parallel:run_until_complete finished with '0'
[7.830s] DEBUG:colcon.colcon_core.event_reactor:joining thread
[7.837s] INFO:colcon.colcon_core.plugin_system:Skipping extension 'colcon_notification.desktop_notification.terminal_notifier': Not used on non-Darwin systems
[7.837s] INFO:colcon.colcon_core.plugin_system:Skipping extension 'colcon_notification.desktop_notification.win32': Not used on non-Windows systems
[7.837s] INFO:colcon.colcon_notification.desktop_notification:Sending desktop notification using 'notify2'
[7.852s] DEBUG:colcon.colcon_core.event_reactor:joined thread
[7.853s] INFO:colcon.colcon_core.shell:Creating prefix script '/home/ahmedk/dev_ws/install/local_setup.ps1'
[7.855s] INFO:colcon.colcon_core.shell:Creating prefix util module '/home/ahmedk/dev_ws/install/_local_setup_util_ps1.py'
[7.856s] INFO:colcon.colcon_core.shell:Creating prefix chain script '/home/ahmedk/dev_ws/install/setup.ps1'
[7.858s] INFO:colcon.colcon_core.shell:Creating prefix script '/home/ahmedk/dev_ws/install/local_setup.sh'
[7.859s] INFO:colcon.colcon_core.shell:Creating prefix util module '/home/ahmedk/dev_ws/install/_local_setup_util_sh.py'
[7.859s] INFO:colcon.colcon_core.shell:Creating prefix chain script '/home/ahmedk/dev_ws/install/setup.sh'
[7.861s] INFO:colcon.colcon_core.shell:Creating prefix script '/home/ahmedk/dev_ws/install/local_setup.bash'
[7.861s] INFO:colcon.colcon_core.shell:Creating prefix chain script '/home/ahmedk/dev_ws/install/setup.bash'
[7.863s] INFO:colcon.colcon_core.shell:Creating prefix script '/home/ahmedk/dev_ws/install/local_setup.zsh'
[7.863s] INFO:colcon.colcon_core.shell:Creating prefix chain script '/home/ahmedk/dev_ws/install/setup.zsh'
