[0.030s] Invoking command in '/home/ahmedk/dev_ws/build/turtlebot3_fake_node': CMAKE_PREFIX_PATH=${CMAKE_PREFIX_PATH}:/home/ahmedk/dev_ws/install/add_two_int_srv:/home/ahmedk/dev_ws/install/my_first_py:/opt/ros/humble /usr/bin/cmake --build /home/ahmedk/dev_ws/build/turtlebot3_fake_node -- -j2 -l2
[0.297s] [100%] Built target turtlebot3_fake_node
[0.324s] Invoked command in '/home/ahmedk/dev_ws/build/turtlebot3_fake_node' returned '0': CMAKE_PREFIX_PATH=${CMAKE_PREFIX_PATH}:/home/ahmedk/dev_ws/install/add_two_int_srv:/home/ahmedk/dev_ws/install/my_first_py:/opt/ros/humble /usr/bin/cmake --build /home/ahmedk/dev_ws/build/turtlebot3_fake_node -- -j2 -l2
[0.375s] Invoking command in '/home/ahmedk/dev_ws/build/turtlebot3_fake_node': CMAKE_PREFIX_PATH=${CMAKE_PREFIX_PATH}:/home/ahmedk/dev_ws/install/add_two_int_srv:/home/ahmedk/dev_ws/install/my_first_py:/opt/ros/humble /usr/bin/cmake --install /home/ahmedk/dev_ws/build/turtlebot3_fake_node
[0.389s] -- Install configuration: ""
[0.390s] -- Execute custom install script
[0.391s] -- Up-to-date symlink: /home/ahmedk/dev_ws/install/turtlebot3_fake_node/lib/turtlebot3_fake_node/turtlebot3_fake_node
[0.393s] -- Up-to-date symlink: /home/ahmedk/dev_ws/install/turtlebot3_fake_node/share/turtlebot3_fake_node/launch/rviz2.launch.py
[0.393s] -- Up-to-date symlink: /home/ahmedk/dev_ws/install/turtlebot3_fake_node/share/turtlebot3_fake_node/launch/turtlebot3_fake_node.launch.py
[0.394s] -- Up-to-date symlink: /home/ahmedk/dev_ws/install/turtlebot3_fake_node/share/turtlebot3_fake_node/param/burger.yaml
[0.395s] -- Up-to-date symlink: /home/ahmedk/dev_ws/install/turtlebot3_fake_node/share/turtlebot3_fake_node/param/waffle.yaml
[0.395s] -- Up-to-date symlink: /home/ahmedk/dev_ws/install/turtlebot3_fake_node/share/turtlebot3_fake_node/param/waffle_pi.yaml
[0.396s] -- Up-to-date symlink: /home/ahmedk/dev_ws/install/turtlebot3_fake_node/include//turtlebot3_fake_node/turtlebot3_fake_node.hpp
[0.397s] -- Up-to-date symlink: /home/ahmedk/dev_ws/install/turtlebot3_fake_node/share/ament_index/resource_index/package_run_dependencies/turtlebot3_fake_node
[0.397s] -- Up-to-date symlink: /home/ahmedk/dev_ws/install/turtlebot3_fake_node/share/ament_index/resource_index/parent_prefix_path/turtlebot3_fake_node
[0.397s] -- Up-to-date symlink: /home/ahmedk/dev_ws/install/turtlebot3_fake_node/share/turtlebot3_fake_node/environment/ament_prefix_path.sh
[0.397s] -- Up-to-date symlink: /home/ahmedk/dev_ws/install/turtlebot3_fake_node/share/turtlebot3_fake_node/environment/ament_prefix_path.dsv
[0.398s] -- Up-to-date symlink: /home/ahmedk/dev_ws/install/turtlebot3_fake_node/share/turtlebot3_fake_node/environment/path.sh
[0.398s] -- Up-to-date symlink: /home/ahmedk/dev_ws/install/turtlebot3_fake_node/share/turtlebot3_fake_node/environment/path.dsv
[0.399s] -- Up-to-date symlink: /home/ahmedk/dev_ws/install/turtlebot3_fake_node/share/turtlebot3_fake_node/local_setup.bash
[0.399s] -- Up-to-date symlink: /home/ahmedk/dev_ws/install/turtlebot3_fake_node/share/turtlebot3_fake_node/local_setup.sh
[0.399s] -- Up-to-date symlink: /home/ahmedk/dev_ws/install/turtlebot3_fake_node/share/turtlebot3_fake_node/local_setup.zsh
[0.400s] -- Up-to-date symlink: /home/ahmedk/dev_ws/install/turtlebot3_fake_node/share/turtlebot3_fake_node/local_setup.dsv
[0.400s] -- Symlinking: /home/ahmedk/dev_ws/install/turtlebot3_fake_node/share/turtlebot3_fake_node/package.dsv
[0.424s] -- Up-to-date symlink: /home/ahmedk/dev_ws/install/turtlebot3_fake_node/share/ament_index/resource_index/packages/turtlebot3_fake_node
[0.425s] -- Up-to-date symlink: /home/ahmedk/dev_ws/install/turtlebot3_fake_node/share/turtlebot3_fake_node/cmake/ament_cmake_export_include_directories-extras.cmake
[0.425s] -- Up-to-date symlink: /home/ahmedk/dev_ws/install/turtlebot3_fake_node/share/turtlebot3_fake_node/cmake/ament_cmake_export_dependencies-extras.cmake
[0.428s] -- Up-to-date symlink: /home/ahmedk/dev_ws/install/turtlebot3_fake_node/share/turtlebot3_fake_node/cmake/turtlebot3_fake_nodeConfig.cmake
[0.428s] -- Up-to-date symlink: /home/ahmedk/dev_ws/install/turtlebot3_fake_node/share/turtlebot3_fake_node/cmake/turtlebot3_fake_nodeConfig-version.cmake
[0.428s] -- Up-to-date symlink: /home/ahmedk/dev_ws/install/turtlebot3_fake_node/share/turtlebot3_fake_node/package.xml
[0.430s] Invoked command in '/home/ahmedk/dev_ws/build/turtlebot3_fake_node' returned '0': CMAKE_PREFIX_PATH=${CMAKE_PREFIX_PATH}:/home/ahmedk/dev_ws/install/add_two_int_srv:/home/ahmedk/dev_ws/install/my_first_py:/opt/ros/humble /usr/bin/cmake --install /home/ahmedk/dev_ws/build/turtlebot3_fake_node
