[0.033s] Invoking command in '/home/ahmedk/dev_ws/build/my_own_srv': CMAKE_PREFIX_PATH=${CMAKE_PREFIX_PATH}:/home/ahmedk/dev_ws/install/my_first_py:/opt/ros/humble /usr/bin/cmake --build /home/ahmedk/dev_ws/build/my_own_srv -- -j2 -l2
[0.190s] [  3%] Built target my_own_srv__cpp
[0.198s] [35m[1mConsolidate compiler generated dependencies of target my_own_srv__rosidl_generator_c[0m
[0.223s] [ 12%] Built target my_own_srv__rosidl_generator_c
[0.266s] [ 12%] Built target ament_cmake_python_symlink_my_own_srv
[0.271s] [35m[1mConsolidate compiler generated dependencies of target my_own_srv__rosidl_typesupport_cpp[0m
[0.303s] [35m[1mConsolidate compiler generated dependencies of target my_own_srv__rosidl_typesupport_fastrtps_c[0m
[0.316s] [ 22%] Built target my_own_srv__rosidl_typesupport_cpp
[0.336s] [ 32%] Built target my_own_srv__rosidl_typesupport_fastrtps_c
[0.359s] [35m[1mConsolidate compiler generated dependencies of target my_own_srv__rosidl_typesupport_fastrtps_cpp[0m
[0.379s] [35m[1mConsolidate compiler generated dependencies of target my_own_srv__rosidl_typesupport_introspection_c[0m
[0.399s] [ 41%] Built target my_own_srv__rosidl_typesupport_fastrtps_cpp
[0.417s] [ 51%] Built target my_own_srv__rosidl_typesupport_introspection_c
[0.439s] [35m[1mConsolidate compiler generated dependencies of target my_own_srv__rosidl_typesupport_c[0m
[0.464s] [35m[1mConsolidate compiler generated dependencies of target my_own_srv__rosidl_typesupport_introspection_cpp[0m
[0.480s] [ 61%] Built target my_own_srv__rosidl_typesupport_c
[0.496s] [ 70%] Built target my_own_srv__rosidl_typesupport_introspection_cpp
[0.574s] [ 70%] Built target my_own_srv
[0.663s] [ 74%] Built target my_own_srv__py
[0.706s] [35m[1mConsolidate compiler generated dependencies of target my_own_srv__rosidl_generator_py[0m
[0.753s] [ 80%] Built target my_own_srv__rosidl_generator_py
[0.802s] [35m[1mConsolidate compiler generated dependencies of target my_own_srv__rosidl_typesupport_fastrtps_c__pyext[0m
[0.853s] [ 87%] Built target my_own_srv__rosidl_typesupport_fastrtps_c__pyext
[0.929s] [35m[1mConsolidate compiler generated dependencies of target my_own_srv__rosidl_typesupport_introspection_c__pyext[0m
[0.973s] [ 93%] Built target my_own_srv__rosidl_typesupport_introspection_c__pyext
[1.037s] [35m[1mConsolidate compiler generated dependencies of target my_own_srv__rosidl_typesupport_c__pyext[0m
[1.071s] [100%] Built target my_own_srv__rosidl_typesupport_c__pyext
[1.110s] running egg_info
[1.111s] writing my_own_srv.egg-info/PKG-INFO
[1.111s] writing dependency_links to my_own_srv.egg-info/dependency_links.txt
[1.112s] writing top-level names to my_own_srv.egg-info/top_level.txt
[1.116s] reading manifest file 'my_own_srv.egg-info/SOURCES.txt'
[1.117s] writing manifest file 'my_own_srv.egg-info/SOURCES.txt'
[1.158s] [100%] Built target ament_cmake_python_build_my_own_srv_egg
[1.188s] Invoked command in '/home/ahmedk/dev_ws/build/my_own_srv' returned '0': CMAKE_PREFIX_PATH=${CMAKE_PREFIX_PATH}:/home/ahmedk/dev_ws/install/my_first_py:/opt/ros/humble /usr/bin/cmake --build /home/ahmedk/dev_ws/build/my_own_srv -- -j2 -l2
[1.339s] Invoking command in '/home/ahmedk/dev_ws/build/my_own_srv': CMAKE_PREFIX_PATH=${CMAKE_PREFIX_PATH}:/home/ahmedk/dev_ws/install/my_first_py:/opt/ros/humble /usr/bin/cmake --install /home/ahmedk/dev_ws/build/my_own_srv
[1.360s] -- Install configuration: ""
[1.362s] -- Execute custom install script
[1.363s] -- Up-to-date symlink: /home/ahmedk/dev_ws/install/my_own_srv/share/ament_index/resource_index/rosidl_interfaces/my_own_srv
[1.366s] -- Up-to-date symlink: /home/ahmedk/dev_ws/install/my_own_srv/include/my_own_srv/my_own_srv/msg/rosidl_generator_c__visibility_control.h
[1.367s] -- Up-to-date symlink: /home/ahmedk/dev_ws/install/my_own_srv/include/my_own_srv/my_own_srv/srv/add_two_ints.h
[1.369s] -- Up-to-date symlink: /home/ahmedk/dev_ws/install/my_own_srv/include/my_own_srv/my_own_srv/srv/detail/add_two_ints__functions.h
[1.371s] -- Up-to-date symlink: /home/ahmedk/dev_ws/install/my_own_srv/include/my_own_srv/my_own_srv/srv/detail/add_two_ints__struct.h
[1.371s] -- Up-to-date symlink: /home/ahmedk/dev_ws/install/my_own_srv/include/my_own_srv/my_own_srv/srv/detail/add_two_ints__type_support.h
[1.372s] -- Up-to-date symlink: /home/ahmedk/dev_ws/install/my_own_srv/share/my_own_srv/environment/library_path.sh
[1.373s] -- Up-to-date symlink: /home/ahmedk/dev_ws/install/my_own_srv/share/my_own_srv/environment/library_path.dsv
[1.374s] -- Up-to-date symlink: /home/ahmedk/dev_ws/install/my_own_srv/include/my_own_srv/my_own_srv/msg/rosidl_typesupport_fastrtps_c__visibility_control.h
[1.374s] -- Up-to-date symlink: /home/ahmedk/dev_ws/install/my_own_srv/include/my_own_srv/my_own_srv/srv/detail/add_two_ints__rosidl_typesupport_fastrtps_c.h
[1.375s] -- Up-to-date symlink: /home/ahmedk/dev_ws/install/my_own_srv/include/my_own_srv/my_own_srv/srv/add_two_ints.hpp
[1.376s] -- Up-to-date symlink: /home/ahmedk/dev_ws/install/my_own_srv/include/my_own_srv/my_own_srv/srv/detail/add_two_ints__builder.hpp
[1.377s] -- Up-to-date symlink: /home/ahmedk/dev_ws/install/my_own_srv/include/my_own_srv/my_own_srv/srv/detail/add_two_ints__struct.hpp
[1.377s] -- Up-to-date symlink: /home/ahmedk/dev_ws/install/my_own_srv/include/my_own_srv/my_own_srv/srv/detail/add_two_ints__traits.hpp
[1.379s] -- Up-to-date symlink: /home/ahmedk/dev_ws/install/my_own_srv/include/my_own_srv/my_own_srv/msg/rosidl_typesupport_fastrtps_cpp__visibility_control.h
[1.380s] -- Up-to-date symlink: /home/ahmedk/dev_ws/install/my_own_srv/include/my_own_srv/my_own_srv/srv/detail/add_two_ints__rosidl_typesupport_fastrtps_cpp.hpp
[1.381s] -- Up-to-date symlink: /home/ahmedk/dev_ws/install/my_own_srv/include/my_own_srv/my_own_srv/msg/rosidl_typesupport_introspection_c__visibility_control.h
[1.381s] -- Up-to-date symlink: /home/ahmedk/dev_ws/install/my_own_srv/include/my_own_srv/my_own_srv/srv/detail/add_two_ints__rosidl_typesupport_introspection_c.h
[1.382s] -- Up-to-date symlink: /home/ahmedk/dev_ws/install/my_own_srv/include/my_own_srv/my_own_srv/srv/detail/add_two_ints__rosidl_typesupport_introspection_cpp.hpp
[1.383s] -- Up-to-date symlink: /home/ahmedk/dev_ws/install/my_own_srv/share/my_own_srv/environment/pythonpath.sh
[1.384s] -- Up-to-date symlink: /home/ahmedk/dev_ws/install/my_own_srv/share/my_own_srv/environment/pythonpath.dsv
[1.384s] -- Up-to-date symlink: /home/ahmedk/dev_ws/install/my_own_srv/local/lib/python3.10/dist-packages/my_own_srv-0.0.0-py3.10.egg-info/PKG-INFO
[1.385s] -- Up-to-date symlink: /home/ahmedk/dev_ws/install/my_own_srv/local/lib/python3.10/dist-packages/my_own_srv-0.0.0-py3.10.egg-info/SOURCES.txt
[1.386s] -- Up-to-date symlink: /home/ahmedk/dev_ws/install/my_own_srv/local/lib/python3.10/dist-packages/my_own_srv-0.0.0-py3.10.egg-info/dependency_links.txt
[1.386s] -- Up-to-date symlink: /home/ahmedk/dev_ws/install/my_own_srv/local/lib/python3.10/dist-packages/my_own_srv-0.0.0-py3.10.egg-info/top_level.txt
[1.388s] -- Up-to-date symlink: /home/ahmedk/dev_ws/install/my_own_srv/local/lib/python3.10/dist-packages/my_own_srv/__init__.py
[1.389s] -- Up-to-date symlink: /home/ahmedk/dev_ws/install/my_own_srv/local/lib/python3.10/dist-packages/my_own_srv/_my_own_srv_s.ep.rosidl_typesupport_c.c
[1.390s] -- Up-to-date symlink: /home/ahmedk/dev_ws/install/my_own_srv/local/lib/python3.10/dist-packages/my_own_srv/_my_own_srv_s.ep.rosidl_typesupport_fastrtps_c.c
[1.390s] -- Up-to-date symlink: /home/ahmedk/dev_ws/install/my_own_srv/local/lib/python3.10/dist-packages/my_own_srv/_my_own_srv_s.ep.rosidl_typesupport_introspection_c.c
[1.391s] -- Up-to-date symlink: /home/ahmedk/dev_ws/install/my_own_srv/local/lib/python3.10/dist-packages/my_own_srv/libmy_own_srv__rosidl_generator_py.so
[1.391s] -- Up-to-date symlink: /home/ahmedk/dev_ws/install/my_own_srv/local/lib/python3.10/dist-packages/my_own_srv/my_own_srv_s__rosidl_typesupport_c.cpython-310-x86_64-linux-gnu.so
[1.392s] -- Up-to-date symlink: /home/ahmedk/dev_ws/install/my_own_srv/local/lib/python3.10/dist-packages/my_own_srv/my_own_srv_s__rosidl_typesupport_fastrtps_c.cpython-310-x86_64-linux-gnu.so
[1.393s] -- Up-to-date symlink: /home/ahmedk/dev_ws/install/my_own_srv/local/lib/python3.10/dist-packages/my_own_srv/my_own_srv_s__rosidl_typesupport_introspection_c.cpython-310-x86_64-linux-gnu.so
[1.394s] -- Up-to-date symlink: /home/ahmedk/dev_ws/install/my_own_srv/local/lib/python3.10/dist-packages/my_own_srv/srv/__init__.py
[1.394s] -- Up-to-date symlink: /home/ahmedk/dev_ws/install/my_own_srv/local/lib/python3.10/dist-packages/my_own_srv/srv/_add_two_ints.py
[1.395s] -- Up-to-date symlink: /home/ahmedk/dev_ws/install/my_own_srv/local/lib/python3.10/dist-packages/my_own_srv/srv/_add_two_ints_s.c
[1.396s] -- Up-to-date symlink: /home/ahmedk/dev_ws/install/my_own_srv/local/lib/python3.10/dist-packages/my_own_srv/my_own_srv_s__rosidl_typesupport_fastrtps_c.cpython-310-x86_64-linux-gnu.so
[1.397s] -- Up-to-date symlink: /home/ahmedk/dev_ws/install/my_own_srv/local/lib/python3.10/dist-packages/my_own_srv/my_own_srv_s__rosidl_typesupport_introspection_c.cpython-310-x86_64-linux-gnu.so
[1.397s] -- Up-to-date symlink: /home/ahmedk/dev_ws/install/my_own_srv/local/lib/python3.10/dist-packages/my_own_srv/my_own_srv_s__rosidl_typesupport_c.cpython-310-x86_64-linux-gnu.so
[1.398s] -- Up-to-date symlink: /home/ahmedk/dev_ws/install/my_own_srv/share/my_own_srv/srv/AddTwoInts.idl
[1.399s] -- Up-to-date symlink: /home/ahmedk/dev_ws/install/my_own_srv/share/my_own_srv/srv/AddTwoInts.srv
[1.399s] -- Up-to-date symlink: /home/ahmedk/dev_ws/install/my_own_srv/share/my_own_srv/srv/AddTwoInts_Request.msg
[1.401s] -- Up-to-date symlink: /home/ahmedk/dev_ws/install/my_own_srv/share/my_own_srv/srv/AddTwoInts_Response.msg
[1.402s] -- Up-to-date symlink: /home/ahmedk/dev_ws/install/my_own_srv/share/ament_index/resource_index/package_run_dependencies/my_own_srv
[1.403s] -- Up-to-date symlink: /home/ahmedk/dev_ws/install/my_own_srv/share/ament_index/resource_index/parent_prefix_path/my_own_srv
[1.403s] -- Up-to-date symlink: /home/ahmedk/dev_ws/install/my_own_srv/share/my_own_srv/environment/ament_prefix_path.sh
[1.404s] -- Up-to-date symlink: /home/ahmedk/dev_ws/install/my_own_srv/share/my_own_srv/environment/ament_prefix_path.dsv
[1.404s] -- Up-to-date symlink: /home/ahmedk/dev_ws/install/my_own_srv/share/my_own_srv/environment/path.sh
[1.405s] -- Up-to-date symlink: /home/ahmedk/dev_ws/install/my_own_srv/share/my_own_srv/environment/path.dsv
[1.406s] -- Up-to-date symlink: /home/ahmedk/dev_ws/install/my_own_srv/share/my_own_srv/local_setup.bash
[1.406s] -- Up-to-date symlink: /home/ahmedk/dev_ws/install/my_own_srv/share/my_own_srv/local_setup.sh
[1.407s] -- Up-to-date symlink: /home/ahmedk/dev_ws/install/my_own_srv/share/my_own_srv/local_setup.zsh
[1.407s] -- Up-to-date symlink: /home/ahmedk/dev_ws/install/my_own_srv/share/my_own_srv/local_setup.dsv
[1.408s] -- Symlinking: /home/ahmedk/dev_ws/install/my_own_srv/share/my_own_srv/package.dsv
[1.421s] -- Up-to-date symlink: /home/ahmedk/dev_ws/install/my_own_srv/share/ament_index/resource_index/packages/my_own_srv
[1.424s] -- Up-to-date symlink: /home/ahmedk/dev_ws/install/my_own_srv/share/my_own_srv/cmake/rosidl_cmake-extras.cmake
[1.424s] -- Up-to-date symlink: /home/ahmedk/dev_ws/install/my_own_srv/share/my_own_srv/cmake/ament_cmake_export_dependencies-extras.cmake
[1.425s] -- Up-to-date symlink: /home/ahmedk/dev_ws/install/my_own_srv/share/my_own_srv/cmake/ament_cmake_export_include_directories-extras.cmake
[1.426s] -- Up-to-date symlink: /home/ahmedk/dev_ws/install/my_own_srv/share/my_own_srv/cmake/ament_cmake_export_libraries-extras.cmake
[1.426s] -- Up-to-date symlink: /home/ahmedk/dev_ws/install/my_own_srv/share/my_own_srv/cmake/ament_cmake_export_targets-extras.cmake
[1.427s] -- Up-to-date symlink: /home/ahmedk/dev_ws/install/my_own_srv/share/my_own_srv/cmake/rosidl_cmake_export_typesupport_targets-extras.cmake
[1.428s] -- Up-to-date symlink: /home/ahmedk/dev_ws/install/my_own_srv/share/my_own_srv/cmake/rosidl_cmake_export_typesupport_libraries-extras.cmake
[1.428s] -- Up-to-date symlink: /home/ahmedk/dev_ws/install/my_own_srv/share/my_own_srv/cmake/my_own_srvConfig.cmake
[1.429s] -- Up-to-date symlink: /home/ahmedk/dev_ws/install/my_own_srv/share/my_own_srv/cmake/my_own_srvConfig-version.cmake
[1.429s] -- Up-to-date symlink: /home/ahmedk/dev_ws/install/my_own_srv/share/my_own_srv/package.xml
[1.431s] -- Up-to-date: /home/ahmedk/dev_ws/install/my_own_srv/lib/libmy_own_srv__rosidl_generator_c.so
[1.433s] -- Up-to-date: /home/ahmedk/dev_ws/install/my_own_srv/lib/libmy_own_srv__rosidl_typesupport_fastrtps_c.so
[1.434s] -- Up-to-date: /home/ahmedk/dev_ws/install/my_own_srv/lib/libmy_own_srv__rosidl_typesupport_fastrtps_cpp.so
[1.436s] -- Up-to-date: /home/ahmedk/dev_ws/install/my_own_srv/lib/libmy_own_srv__rosidl_typesupport_introspection_c.so
[1.437s] -- Up-to-date: /home/ahmedk/dev_ws/install/my_own_srv/lib/libmy_own_srv__rosidl_typesupport_c.so
[1.438s] -- Up-to-date: /home/ahmedk/dev_ws/install/my_own_srv/lib/libmy_own_srv__rosidl_typesupport_introspection_cpp.so
[1.439s] -- Up-to-date: /home/ahmedk/dev_ws/install/my_own_srv/lib/libmy_own_srv__rosidl_typesupport_cpp.so
[1.517s] Listing '/home/ahmedk/dev_ws/install/my_own_srv/local/lib/python3.10/dist-packages/my_own_srv'...
[1.517s] Listing '/home/ahmedk/dev_ws/install/my_own_srv/local/lib/python3.10/dist-packages/my_own_srv/srv'...
[1.537s] -- Up-to-date: /home/ahmedk/dev_ws/install/my_own_srv/lib/libmy_own_srv__rosidl_generator_py.so
[1.543s] -- Up-to-date: /home/ahmedk/dev_ws/install/my_own_srv/share/my_own_srv/cmake/export_my_own_srv__rosidl_generator_cExport.cmake
[1.544s] -- Up-to-date: /home/ahmedk/dev_ws/install/my_own_srv/share/my_own_srv/cmake/export_my_own_srv__rosidl_generator_cExport-noconfig.cmake
[1.547s] -- Up-to-date: /home/ahmedk/dev_ws/install/my_own_srv/share/my_own_srv/cmake/export_my_own_srv__rosidl_typesupport_fastrtps_cExport.cmake
[1.549s] -- Up-to-date: /home/ahmedk/dev_ws/install/my_own_srv/share/my_own_srv/cmake/export_my_own_srv__rosidl_typesupport_fastrtps_cExport-noconfig.cmake
[1.552s] -- Up-to-date: /home/ahmedk/dev_ws/install/my_own_srv/share/my_own_srv/cmake/export_my_own_srv__rosidl_generator_cppExport.cmake
[1.557s] -- Up-to-date: /home/ahmedk/dev_ws/install/my_own_srv/share/my_own_srv/cmake/export_my_own_srv__rosidl_typesupport_fastrtps_cppExport.cmake
[1.557s] -- Up-to-date: /home/ahmedk/dev_ws/install/my_own_srv/share/my_own_srv/cmake/export_my_own_srv__rosidl_typesupport_fastrtps_cppExport-noconfig.cmake
[1.559s] -- Up-to-date: /home/ahmedk/dev_ws/install/my_own_srv/share/my_own_srv/cmake/my_own_srv__rosidl_typesupport_introspection_cExport.cmake
[1.560s] -- Up-to-date: /home/ahmedk/dev_ws/install/my_own_srv/share/my_own_srv/cmake/my_own_srv__rosidl_typesupport_introspection_cExport-noconfig.cmake
[1.563s] -- Up-to-date: /home/ahmedk/dev_ws/install/my_own_srv/share/my_own_srv/cmake/my_own_srv__rosidl_typesupport_cExport.cmake
[1.564s] -- Up-to-date: /home/ahmedk/dev_ws/install/my_own_srv/share/my_own_srv/cmake/my_own_srv__rosidl_typesupport_cExport-noconfig.cmake
[1.567s] -- Up-to-date: /home/ahmedk/dev_ws/install/my_own_srv/share/my_own_srv/cmake/my_own_srv__rosidl_typesupport_introspection_cppExport.cmake
[1.567s] -- Up-to-date: /home/ahmedk/dev_ws/install/my_own_srv/share/my_own_srv/cmake/my_own_srv__rosidl_typesupport_introspection_cppExport-noconfig.cmake
[1.570s] -- Up-to-date: /home/ahmedk/dev_ws/install/my_own_srv/share/my_own_srv/cmake/my_own_srv__rosidl_typesupport_cppExport.cmake
[1.571s] -- Up-to-date: /home/ahmedk/dev_ws/install/my_own_srv/share/my_own_srv/cmake/my_own_srv__rosidl_typesupport_cppExport-noconfig.cmake
[1.574s] -- Up-to-date: /home/ahmedk/dev_ws/install/my_own_srv/share/my_own_srv/cmake/export_my_own_srv__rosidl_generator_pyExport.cmake
[1.574s] -- Up-to-date: /home/ahmedk/dev_ws/install/my_own_srv/share/my_own_srv/cmake/export_my_own_srv__rosidl_generator_pyExport-noconfig.cmake
[1.589s] Invoked command in '/home/ahmedk/dev_ws/build/my_own_srv' returned '0': CMAKE_PREFIX_PATH=${CMAKE_PREFIX_PATH}:/home/ahmedk/dev_ws/install/my_first_py:/opt/ros/humble /usr/bin/cmake --install /home/ahmedk/dev_ws/build/my_own_srv
