[0.153s] Invoking command in '/home/ahmedk/dev_ws/build/rplidar_ros': CMAKE_PREFIX_PATH=${CMAKE_PREFIX_PATH}:/home/ahmedk/dev_ws/install/add_two_int_srv:/home/ahmedk/dev_ws/install/my_first_py:/opt/ros/humble /usr/bin/cmake /home/ahmedk/dev_ws/src/rplidar_ros2 -DCMAKE_INSTALL_PREFIX=/home/ahmedk/dev_ws/install/rplidar_ros
[0.187s] -- Found ament_cmake_auto: 1.3.6 (/opt/ros/humble/share/ament_cmake_auto/cmake)
[0.474s] -- Override CMake install command with custom implementation using symlinks instead of copying resources
[0.489s] -- Found ament_cmake_ros: 0.10.0 (/opt/ros/humble/share/ament_cmake_ros/cmake)
[0.689s] -- Found rosidl_generator_c: 3.1.5 (/opt/ros/humble/share/rosidl_generator_c/cmake)
[0.693s] -- Found rosidl_adapter: 3.1.5 (/opt/ros/humble/share/rosidl_adapter/cmake)
[0.707s] -- Found rosidl_generator_cpp: 3.1.5 (/opt/ros/humble/share/rosidl_generator_cpp/cmake)
[0.727s] -- Using all available rosidl_typesupport_c: rosidl_typesupport_fastrtps_c;rosidl_typesupport_introspection_c
[0.754s] -- Using all available rosidl_typesupport_cpp: rosidl_typesupport_fastrtps_cpp;rosidl_typesupport_introspection_cpp
[0.851s] -- Found rmw_implementation_cmake: 6.1.1 (/opt/ros/humble/share/rmw_implementation_cmake/cmake)
[0.854s] -- Found rmw_fastrtps_cpp: 6.2.5 (/opt/ros/humble/share/rmw_fastrtps_cpp/cmake)
[1.076s] -- Using RMW implementation 'rmw_fastrtps_cpp' as default
[1.895s] -- Configuring done
[1.949s] -- Generating done
[1.954s] -- Build files have been written to: /home/ahmedk/dev_ws/build/rplidar_ros
[1.965s] Invoked command in '/home/ahmedk/dev_ws/build/rplidar_ros' returned '0': CMAKE_PREFIX_PATH=${CMAKE_PREFIX_PATH}:/home/ahmedk/dev_ws/install/add_two_int_srv:/home/ahmedk/dev_ws/install/my_first_py:/opt/ros/humble /usr/bin/cmake /home/ahmedk/dev_ws/src/rplidar_ros2 -DCMAKE_INSTALL_PREFIX=/home/ahmedk/dev_ws/install/rplidar_ros
[1.967s] Invoking command in '/home/ahmedk/dev_ws/build/rplidar_ros': CMAKE_PREFIX_PATH=${CMAKE_PREFIX_PATH}:/home/ahmedk/dev_ws/install/add_two_int_srv:/home/ahmedk/dev_ws/install/my_first_py:/opt/ros/humble /usr/bin/cmake --build /home/ahmedk/dev_ws/build/rplidar_ros -- -j2 -l2
[2.052s] [35m[1mConsolidate compiler generated dependencies of target rplidar_composition_node[0m
[2.093s] [ 77%] Built target rplidar_composition_node
[2.108s] [35m[1mConsolidate compiler generated dependencies of target rplidar_composition[0m
[2.134s] [100%] Built target rplidar_composition
[2.152s] Invoked command in '/home/ahmedk/dev_ws/build/rplidar_ros' returned '0': CMAKE_PREFIX_PATH=${CMAKE_PREFIX_PATH}:/home/ahmedk/dev_ws/install/add_two_int_srv:/home/ahmedk/dev_ws/install/my_first_py:/opt/ros/humble /usr/bin/cmake --build /home/ahmedk/dev_ws/build/rplidar_ros -- -j2 -l2
[2.209s] Invoking command in '/home/ahmedk/dev_ws/build/rplidar_ros': CMAKE_PREFIX_PATH=${CMAKE_PREFIX_PATH}:/home/ahmedk/dev_ws/install/add_two_int_srv:/home/ahmedk/dev_ws/install/my_first_py:/opt/ros/humble /usr/bin/cmake --install /home/ahmedk/dev_ws/build/rplidar_ros
[2.222s] -- Install configuration: ""
[2.222s] -- Execute custom install script
[2.223s] -- Up-to-date symlink: /home/ahmedk/dev_ws/install/rplidar_ros/lib/rplidar_ros/rplidar_composition
[2.226s] -- Up-to-date symlink: /home/ahmedk/dev_ws/install/rplidar_ros/share/rplidar_ros/launch/rplidar.launch.py
[2.227s] -- Up-to-date symlink: /home/ahmedk/dev_ws/install/rplidar_ros/share/rplidar_ros/launch/rplidar_a3.launch.py
[2.228s] -- Up-to-date symlink: /home/ahmedk/dev_ws/install/rplidar_ros/share/rplidar_ros/launch/rplidar_s1.launch.py
[2.229s] -- Up-to-date symlink: /home/ahmedk/dev_ws/install/rplidar_ros/share/rplidar_ros/launch/rplidar_s1_tcp.launch.py
[2.230s] -- Up-to-date symlink: /home/ahmedk/dev_ws/install/rplidar_ros/share/rplidar_ros/launch/test_rplidar_a3.launch.py
[2.233s] -- Up-to-date symlink: /home/ahmedk/dev_ws/install/rplidar_ros/share/rplidar_ros/launch/view_rplidar.launch.py
[2.233s] -- Up-to-date symlink: /home/ahmedk/dev_ws/install/rplidar_ros/share/rplidar_ros/launch/view_rplidar_a3.launch.py
[2.233s] -- Up-to-date symlink: /home/ahmedk/dev_ws/install/rplidar_ros/share/rplidar_ros/launch/view_rplidar_s1.launch.py
[2.234s] -- Up-to-date symlink: /home/ahmedk/dev_ws/install/rplidar_ros/share/rplidar_ros/launch/view_rplidar_s1_tcp.launch.py
[2.236s] -- Up-to-date symlink: /home/ahmedk/dev_ws/install/rplidar_ros/share/rplidar_ros/rviz/rplidar.rviz
[2.238s] -- Up-to-date symlink: /home/ahmedk/dev_ws/install/rplidar_ros/lib/librplidar_composition_node.so
[2.239s] -- Up-to-date symlink: /home/ahmedk/dev_ws/install/rplidar_ros/include/rplidar_node.hpp
[2.239s] -- Up-to-date symlink: /home/ahmedk/dev_ws/install/rplidar_ros/include/visibility.h
[2.239s] -- Up-to-date symlink: /home/ahmedk/dev_ws/install/rplidar_ros/lib/rplidar_ros/rplidar_composition
[2.240s] -- Up-to-date symlink: /home/ahmedk/dev_ws/install/rplidar_ros/share/ament_index/resource_index/package_run_dependencies/rplidar_ros
[2.241s] -- Up-to-date symlink: /home/ahmedk/dev_ws/install/rplidar_ros/share/ament_index/resource_index/parent_prefix_path/rplidar_ros
[2.242s] -- Up-to-date symlink: /home/ahmedk/dev_ws/install/rplidar_ros/share/rplidar_ros/environment/ament_prefix_path.sh
[2.243s] -- Up-to-date symlink: /home/ahmedk/dev_ws/install/rplidar_ros/share/rplidar_ros/environment/ament_prefix_path.dsv
[2.245s] -- Up-to-date symlink: /home/ahmedk/dev_ws/install/rplidar_ros/share/rplidar_ros/environment/path.sh
[2.245s] -- Up-to-date symlink: /home/ahmedk/dev_ws/install/rplidar_ros/share/rplidar_ros/environment/path.dsv
[2.247s] -- Up-to-date symlink: /home/ahmedk/dev_ws/install/rplidar_ros/share/rplidar_ros/local_setup.bash
[2.248s] -- Up-to-date symlink: /home/ahmedk/dev_ws/install/rplidar_ros/share/rplidar_ros/local_setup.sh
[2.249s] -- Up-to-date symlink: /home/ahmedk/dev_ws/install/rplidar_ros/share/rplidar_ros/local_setup.zsh
[2.250s] -- Up-to-date symlink: /home/ahmedk/dev_ws/install/rplidar_ros/share/rplidar_ros/local_setup.dsv
[2.251s] -- Symlinking: /home/ahmedk/dev_ws/install/rplidar_ros/share/rplidar_ros/package.dsv
[2.267s] -- Up-to-date symlink: /home/ahmedk/dev_ws/install/rplidar_ros/share/ament_index/resource_index/packages/rplidar_ros
[2.269s] -- Up-to-date symlink: /home/ahmedk/dev_ws/install/rplidar_ros/share/ament_index/resource_index/rclcpp_components/rplidar_ros
[2.271s] -- Up-to-date symlink: /home/ahmedk/dev_ws/install/rplidar_ros/share/rplidar_ros/cmake/ament_cmake_export_dependencies-extras.cmake
[2.272s] -- Up-to-date symlink: /home/ahmedk/dev_ws/install/rplidar_ros/share/rplidar_ros/cmake/ament_cmake_export_include_directories-extras.cmake
[2.272s] -- Up-to-date symlink: /home/ahmedk/dev_ws/install/rplidar_ros/share/rplidar_ros/cmake/rplidar_rosConfig.cmake
[2.273s] -- Up-to-date symlink: /home/ahmedk/dev_ws/install/rplidar_ros/share/rplidar_ros/cmake/rplidar_rosConfig-version.cmake
[2.274s] -- Up-to-date symlink: /home/ahmedk/dev_ws/install/rplidar_ros/share/rplidar_ros/package.xml
[2.282s] Invoked command in '/home/ahmedk/dev_ws/build/rplidar_ros' returned '0': CMAKE_PREFIX_PATH=${CMAKE_PREFIX_PATH}:/home/ahmedk/dev_ws/install/add_two_int_srv:/home/ahmedk/dev_ws/install/my_first_py:/opt/ros/humble /usr/bin/cmake --install /home/ahmedk/dev_ws/build/rplidar_ros
