[0.463s] DEBUG:colcon:Command line arguments: ['/usr/bin/colcon', 'build', '--symlink-install']
[0.464s] DEBUG:colcon:Parsed command line arguments: Namespace(log_base=None, log_level=None, verb_name='build', build_base='build', install_base='install', merge_install=False, symlink_install=True, test_result_base=None, continue_on_error=False, executor='parallel', parallel_workers=2, event_handlers=None, ignore_user_meta=False, metas=['./colcon.meta'], base_paths=['.'], packages_ignore=None, packages_ignore_regex=None, paths=None, packages_up_to=None, packages_up_to_regex=None, packages_above=None, packages_above_and_dependencies=None, packages_above_depth=None, packages_select_by_dep=None, packages_skip_by_dep=None, packages_skip_up_to=None, packages_select_build_failed=False, packages_skip_build_finished=False, packages_select_test_failures=False, packages_skip_test_passed=False, packages_select=None, packages_skip=None, packages_select_regex=None, packages_skip_regex=None, packages_start=None, packages_end=None, allow_overriding=[], cmake_args=None, cmake_target=None, cmake_target_skip_unavailable=False, cmake_clean_cache=False, cmake_clean_first=False, cmake_force_configure=False, ament_cmake_args=None, catkin_cmake_args=None, catkin_skip_building_tests=False, verb_parser=<colcon_defaults.argument_parser.defaults.DefaultArgumentsDecorator object at 0x7fcb3f5a7b80>, verb_extension=<colcon_core.verb.build.BuildVerb object at 0x7fcb3ef2bdc0>, main=<bound method BuildVerb.main of <colcon_core.verb.build.BuildVerb object at 0x7fcb3ef2bdc0>>)
[0.493s] Level 1:colcon.colcon_core.package_discovery:discover_packages(colcon_meta) check parameters
[0.493s] Level 1:colcon.colcon_core.package_discovery:discover_packages(recursive) check parameters
[0.493s] Level 1:colcon.colcon_core.package_discovery:discover_packages(ignore) check parameters
[0.493s] Level 1:colcon.colcon_core.package_discovery:discover_packages(path) check parameters
[0.494s] Level 1:colcon.colcon_core.package_discovery:discover_packages(colcon_meta) discover
[0.494s] Level 1:colcon.colcon_core.package_discovery:discover_packages(recursive) discover
[0.494s] INFO:colcon.colcon_core.package_discovery:Crawling recursively for packages in '/home/ahmedk/dev_ws'
[0.494s] Level 1:colcon.colcon_core.package_identification:_identify(.) by extensions ['ignore', 'ignore_ament_install']
[0.494s] Level 1:colcon.colcon_core.package_identification:_identify(.) by extension 'ignore'
[0.494s] Level 1:colcon.colcon_core.package_identification:_identify(.) by extension 'ignore_ament_install'
[0.494s] Level 1:colcon.colcon_core.package_identification:_identify(.) by extensions ['colcon_pkg']
[0.494s] Level 1:colcon.colcon_core.package_identification:_identify(.) by extension 'colcon_pkg'
[0.494s] Level 1:colcon.colcon_core.package_identification:_identify(.) by extensions ['colcon_meta']
[0.494s] Level 1:colcon.colcon_core.package_identification:_identify(.) by extension 'colcon_meta'
[0.494s] Level 1:colcon.colcon_core.package_identification:_identify(.) by extensions ['ros']
[0.494s] Level 1:colcon.colcon_core.package_identification:_identify(.) by extension 'ros'
[0.508s] Level 1:colcon.colcon_core.package_identification:_identify(.) by extensions ['cmake', 'python']
[0.508s] Level 1:colcon.colcon_core.package_identification:_identify(.) by extension 'cmake'
[0.508s] Level 1:colcon.colcon_core.package_identification:_identify(.) by extension 'python'
[0.508s] Level 1:colcon.colcon_core.package_identification:_identify(.) by extensions ['python_setup_py']
[0.508s] Level 1:colcon.colcon_core.package_identification:_identify(.) by extension 'python_setup_py'
[0.509s] Level 1:colcon.colcon_core.package_identification:_identify(build) by extensions ['ignore', 'ignore_ament_install']
[0.509s] Level 1:colcon.colcon_core.package_identification:_identify(build) by extension 'ignore'
[0.509s] Level 1:colcon.colcon_core.package_identification:_identify(build) ignored
[0.509s] Level 1:colcon.colcon_core.package_identification:_identify(install) by extensions ['ignore', 'ignore_ament_install']
[0.509s] Level 1:colcon.colcon_core.package_identification:_identify(install) by extension 'ignore'
[0.509s] Level 1:colcon.colcon_core.package_identification:_identify(install) ignored
[0.509s] Level 1:colcon.colcon_core.package_identification:_identify(log) by extensions ['ignore', 'ignore_ament_install']
[0.509s] Level 1:colcon.colcon_core.package_identification:_identify(log) by extension 'ignore'
[0.509s] Level 1:colcon.colcon_core.package_identification:_identify(log) ignored
[0.509s] Level 1:colcon.colcon_core.package_identification:_identify(src) by extensions ['ignore', 'ignore_ament_install']
[0.510s] Level 1:colcon.colcon_core.package_identification:_identify(src) by extension 'ignore'
[0.510s] Level 1:colcon.colcon_core.package_identification:_identify(src) by extension 'ignore_ament_install'
[0.510s] Level 1:colcon.colcon_core.package_identification:_identify(src) by extensions ['colcon_pkg']
[0.510s] Level 1:colcon.colcon_core.package_identification:_identify(src) by extension 'colcon_pkg'
[0.510s] Level 1:colcon.colcon_core.package_identification:_identify(src) by extensions ['colcon_meta']
[0.510s] Level 1:colcon.colcon_core.package_identification:_identify(src) by extension 'colcon_meta'
[0.510s] Level 1:colcon.colcon_core.package_identification:_identify(src) by extensions ['ros']
[0.510s] Level 1:colcon.colcon_core.package_identification:_identify(src) by extension 'ros'
[0.510s] Level 1:colcon.colcon_core.package_identification:_identify(src) by extensions ['cmake', 'python']
[0.510s] Level 1:colcon.colcon_core.package_identification:_identify(src) by extension 'cmake'
[0.510s] Level 1:colcon.colcon_core.package_identification:_identify(src) by extension 'python'
[0.510s] Level 1:colcon.colcon_core.package_identification:_identify(src) by extensions ['python_setup_py']
[0.510s] Level 1:colcon.colcon_core.package_identification:_identify(src) by extension 'python_setup_py'
[0.510s] Level 1:colcon.colcon_core.package_identification:_identify(src/add_two_int_srv) by extensions ['ignore', 'ignore_ament_install']
[0.510s] Level 1:colcon.colcon_core.package_identification:_identify(src/add_two_int_srv) by extension 'ignore'
[0.510s] Level 1:colcon.colcon_core.package_identification:_identify(src/add_two_int_srv) by extension 'ignore_ament_install'
[0.511s] Level 1:colcon.colcon_core.package_identification:_identify(src/add_two_int_srv) by extensions ['colcon_pkg']
[0.511s] Level 1:colcon.colcon_core.package_identification:_identify(src/add_two_int_srv) by extension 'colcon_pkg'
[0.511s] Level 1:colcon.colcon_core.package_identification:_identify(src/add_two_int_srv) by extensions ['colcon_meta']
[0.511s] Level 1:colcon.colcon_core.package_identification:_identify(src/add_two_int_srv) by extension 'colcon_meta'
[0.511s] Level 1:colcon.colcon_core.package_identification:_identify(src/add_two_int_srv) by extensions ['ros']
[0.511s] Level 1:colcon.colcon_core.package_identification:_identify(src/add_two_int_srv) by extension 'ros'
[0.514s] DEBUG:colcon.colcon_core.package_identification:Package 'src/add_two_int_srv' with type 'ros.ament_python' and name 'add_two_int_srv'
[0.514s] Level 1:colcon.colcon_core.package_identification:_identify(src/my_bot) by extensions ['ignore', 'ignore_ament_install']
[0.514s] Level 1:colcon.colcon_core.package_identification:_identify(src/my_bot) by extension 'ignore'
[0.514s] Level 1:colcon.colcon_core.package_identification:_identify(src/my_bot) by extension 'ignore_ament_install'
[0.515s] Level 1:colcon.colcon_core.package_identification:_identify(src/my_bot) by extensions ['colcon_pkg']
[0.515s] Level 1:colcon.colcon_core.package_identification:_identify(src/my_bot) by extension 'colcon_pkg'
[0.515s] Level 1:colcon.colcon_core.package_identification:_identify(src/my_bot) by extensions ['colcon_meta']
[0.515s] Level 1:colcon.colcon_core.package_identification:_identify(src/my_bot) by extension 'colcon_meta'
[0.515s] Level 1:colcon.colcon_core.package_identification:_identify(src/my_bot) by extensions ['ros']
[0.515s] Level 1:colcon.colcon_core.package_identification:_identify(src/my_bot) by extension 'ros'
[0.515s] DEBUG:colcon.colcon_core.package_identification:Package 'src/my_bot' with type 'ros.ament_cmake' and name 'my_bot'
[0.516s] Level 1:colcon.colcon_core.package_identification:_identify(src/my_first_py) by extensions ['ignore', 'ignore_ament_install']
[0.516s] Level 1:colcon.colcon_core.package_identification:_identify(src/my_first_py) by extension 'ignore'
[0.516s] Level 1:colcon.colcon_core.package_identification:_identify(src/my_first_py) by extension 'ignore_ament_install'
[0.516s] Level 1:colcon.colcon_core.package_identification:_identify(src/my_first_py) by extensions ['colcon_pkg']
[0.516s] Level 1:colcon.colcon_core.package_identification:_identify(src/my_first_py) by extension 'colcon_pkg'
[0.516s] Level 1:colcon.colcon_core.package_identification:_identify(src/my_first_py) by extensions ['colcon_meta']
[0.516s] Level 1:colcon.colcon_core.package_identification:_identify(src/my_first_py) by extension 'colcon_meta'
[0.516s] Level 1:colcon.colcon_core.package_identification:_identify(src/my_first_py) by extensions ['ros']
[0.516s] Level 1:colcon.colcon_core.package_identification:_identify(src/my_first_py) by extension 'ros'
[0.517s] DEBUG:colcon.colcon_core.package_identification:Package 'src/my_first_py' with type 'ros.ament_python' and name 'my_first_py'
[0.517s] Level 1:colcon.colcon_core.package_identification:_identify(src/my_own_srv) by extensions ['ignore', 'ignore_ament_install']
[0.517s] Level 1:colcon.colcon_core.package_identification:_identify(src/my_own_srv) by extension 'ignore'
[0.517s] Level 1:colcon.colcon_core.package_identification:_identify(src/my_own_srv) by extension 'ignore_ament_install'
[0.517s] Level 1:colcon.colcon_core.package_identification:_identify(src/my_own_srv) by extensions ['colcon_pkg']
[0.517s] Level 1:colcon.colcon_core.package_identification:_identify(src/my_own_srv) by extension 'colcon_pkg'
[0.517s] Level 1:colcon.colcon_core.package_identification:_identify(src/my_own_srv) by extensions ['colcon_meta']
[0.517s] Level 1:colcon.colcon_core.package_identification:_identify(src/my_own_srv) by extension 'colcon_meta'
[0.517s] Level 1:colcon.colcon_core.package_identification:_identify(src/my_own_srv) by extensions ['ros']
[0.517s] Level 1:colcon.colcon_core.package_identification:_identify(src/my_own_srv) by extension 'ros'
[0.518s] DEBUG:colcon.colcon_core.package_identification:Package 'src/my_own_srv' with type 'ros.ament_cmake' and name 'my_own_srv'
[0.518s] Level 1:colcon.colcon_core.package_identification:_identify(src/my_package) by extensions ['ignore', 'ignore_ament_install']
[0.519s] Level 1:colcon.colcon_core.package_identification:_identify(src/my_package) by extension 'ignore'
[0.519s] Level 1:colcon.colcon_core.package_identification:_identify(src/my_package) by extension 'ignore_ament_install'
[0.519s] Level 1:colcon.colcon_core.package_identification:_identify(src/my_package) by extensions ['colcon_pkg']
[0.519s] Level 1:colcon.colcon_core.package_identification:_identify(src/my_package) by extension 'colcon_pkg'
[0.519s] Level 1:colcon.colcon_core.package_identification:_identify(src/my_package) by extensions ['colcon_meta']
[0.519s] Level 1:colcon.colcon_core.package_identification:_identify(src/my_package) by extension 'colcon_meta'
[0.519s] Level 1:colcon.colcon_core.package_identification:_identify(src/my_package) by extensions ['ros']
[0.519s] Level 1:colcon.colcon_core.package_identification:_identify(src/my_package) by extension 'ros'
[0.520s] DEBUG:colcon.colcon_core.package_identification:Package 'src/my_package' with type 'ros.ament_cmake' and name 'my_package'
[0.520s] Level 1:colcon.colcon_core.package_identification:_identify(src/turtlebot3_simulations) by extensions ['ignore', 'ignore_ament_install']
[0.520s] Level 1:colcon.colcon_core.package_identification:_identify(src/turtlebot3_simulations) by extension 'ignore'
[0.520s] Level 1:colcon.colcon_core.package_identification:_identify(src/turtlebot3_simulations) by extension 'ignore_ament_install'
[0.520s] Level 1:colcon.colcon_core.package_identification:_identify(src/turtlebot3_simulations) by extensions ['colcon_pkg']
[0.520s] Level 1:colcon.colcon_core.package_identification:_identify(src/turtlebot3_simulations) by extension 'colcon_pkg'
[0.520s] Level 1:colcon.colcon_core.package_identification:_identify(src/turtlebot3_simulations) by extensions ['colcon_meta']
[0.520s] Level 1:colcon.colcon_core.package_identification:_identify(src/turtlebot3_simulations) by extension 'colcon_meta'
[0.520s] Level 1:colcon.colcon_core.package_identification:_identify(src/turtlebot3_simulations) by extensions ['ros']
[0.520s] Level 1:colcon.colcon_core.package_identification:_identify(src/turtlebot3_simulations) by extension 'ros'
[0.520s] Level 1:colcon.colcon_core.package_identification:_identify(src/turtlebot3_simulations) by extensions ['cmake', 'python']
[0.521s] Level 1:colcon.colcon_core.package_identification:_identify(src/turtlebot3_simulations) by extension 'cmake'
[0.521s] Level 1:colcon.colcon_core.package_identification:_identify(src/turtlebot3_simulations) by extension 'python'
[0.521s] Level 1:colcon.colcon_core.package_identification:_identify(src/turtlebot3_simulations) by extensions ['python_setup_py']
[0.521s] Level 1:colcon.colcon_core.package_identification:_identify(src/turtlebot3_simulations) by extension 'python_setup_py'
[0.521s] Level 1:colcon.colcon_core.package_identification:_identify(src/turtlebot3_simulations/turtlebot3_fake_node) by extensions ['ignore', 'ignore_ament_install']
[0.521s] Level 1:colcon.colcon_core.package_identification:_identify(src/turtlebot3_simulations/turtlebot3_fake_node) by extension 'ignore'
[0.521s] Level 1:colcon.colcon_core.package_identification:_identify(src/turtlebot3_simulations/turtlebot3_fake_node) by extension 'ignore_ament_install'
[0.521s] Level 1:colcon.colcon_core.package_identification:_identify(src/turtlebot3_simulations/turtlebot3_fake_node) by extensions ['colcon_pkg']
[0.521s] Level 1:colcon.colcon_core.package_identification:_identify(src/turtlebot3_simulations/turtlebot3_fake_node) by extension 'colcon_pkg'
[0.521s] Level 1:colcon.colcon_core.package_identification:_identify(src/turtlebot3_simulations/turtlebot3_fake_node) by extensions ['colcon_meta']
[0.521s] Level 1:colcon.colcon_core.package_identification:_identify(src/turtlebot3_simulations/turtlebot3_fake_node) by extension 'colcon_meta'
[0.522s] Level 1:colcon.colcon_core.package_identification:_identify(src/turtlebot3_simulations/turtlebot3_fake_node) by extensions ['ros']
[0.522s] Level 1:colcon.colcon_core.package_identification:_identify(src/turtlebot3_simulations/turtlebot3_fake_node) by extension 'ros'
[0.523s] DEBUG:colcon.colcon_core.package_identification:Package 'src/turtlebot3_simulations/turtlebot3_fake_node' with type 'ros.ament_cmake' and name 'turtlebot3_fake_node'
[0.523s] Level 1:colcon.colcon_core.package_identification:_identify(src/turtlebot3_simulations/turtlebot3_gazebo) by extensions ['ignore', 'ignore_ament_install']
[0.523s] Level 1:colcon.colcon_core.package_identification:_identify(src/turtlebot3_simulations/turtlebot3_gazebo) by extension 'ignore'
[0.524s] Level 1:colcon.colcon_core.package_identification:_identify(src/turtlebot3_simulations/turtlebot3_gazebo) by extension 'ignore_ament_install'
[0.524s] Level 1:colcon.colcon_core.package_identification:_identify(src/turtlebot3_simulations/turtlebot3_gazebo) by extensions ['colcon_pkg']
[0.524s] Level 1:colcon.colcon_core.package_identification:_identify(src/turtlebot3_simulations/turtlebot3_gazebo) by extension 'colcon_pkg'
[0.524s] Level 1:colcon.colcon_core.package_identification:_identify(src/turtlebot3_simulations/turtlebot3_gazebo) by extensions ['colcon_meta']
[0.524s] Level 1:colcon.colcon_core.package_identification:_identify(src/turtlebot3_simulations/turtlebot3_gazebo) by extension 'colcon_meta'
[0.524s] Level 1:colcon.colcon_core.package_identification:_identify(src/turtlebot3_simulations/turtlebot3_gazebo) by extensions ['ros']
[0.524s] Level 1:colcon.colcon_core.package_identification:_identify(src/turtlebot3_simulations/turtlebot3_gazebo) by extension 'ros'
[0.525s] DEBUG:colcon.colcon_core.package_identification:Package 'src/turtlebot3_simulations/turtlebot3_gazebo' with type 'ros.ament_cmake' and name 'turtlebot3_gazebo'
[0.525s] Level 1:colcon.colcon_core.package_identification:_identify(src/turtlebot3_simulations/turtlebot3_simulations) by extensions ['ignore', 'ignore_ament_install']
[0.525s] Level 1:colcon.colcon_core.package_identification:_identify(src/turtlebot3_simulations/turtlebot3_simulations) by extension 'ignore'
[0.525s] Level 1:colcon.colcon_core.package_identification:_identify(src/turtlebot3_simulations/turtlebot3_simulations) by extension 'ignore_ament_install'
[0.525s] Level 1:colcon.colcon_core.package_identification:_identify(src/turtlebot3_simulations/turtlebot3_simulations) by extensions ['colcon_pkg']
[0.525s] Level 1:colcon.colcon_core.package_identification:_identify(src/turtlebot3_simulations/turtlebot3_simulations) by extension 'colcon_pkg'
[0.525s] Level 1:colcon.colcon_core.package_identification:_identify(src/turtlebot3_simulations/turtlebot3_simulations) by extensions ['colcon_meta']
[0.525s] Level 1:colcon.colcon_core.package_identification:_identify(src/turtlebot3_simulations/turtlebot3_simulations) by extension 'colcon_meta'
[0.526s] Level 1:colcon.colcon_core.package_identification:_identify(src/turtlebot3_simulations/turtlebot3_simulations) by extensions ['ros']
[0.526s] Level 1:colcon.colcon_core.package_identification:_identify(src/turtlebot3_simulations/turtlebot3_simulations) by extension 'ros'
[0.526s] DEBUG:colcon.colcon_core.package_identification:Package 'src/turtlebot3_simulations/turtlebot3_simulations' with type 'ros.ament_cmake' and name 'turtlebot3_simulations'
[0.526s] Level 1:colcon.colcon_core.package_discovery:discover_packages(recursive) using defaults
[0.526s] Level 1:colcon.colcon_core.package_discovery:discover_packages(ignore) discover
[0.526s] Level 1:colcon.colcon_core.package_discovery:discover_packages(ignore) using defaults
[0.526s] Level 1:colcon.colcon_core.package_discovery:discover_packages(path) discover
[0.526s] Level 1:colcon.colcon_core.package_discovery:discover_packages(path) using defaults
[0.556s] Level 1:colcon.colcon_core.package_discovery:discover_packages(prefix_path) check parameters
[0.556s] Level 1:colcon.colcon_core.package_discovery:discover_packages(prefix_path) discover
[0.559s] DEBUG:colcon.colcon_installed_package_information.package_discovery:Found 8 installed packages in /home/ahmedk/dev_ws/install
[0.562s] DEBUG:colcon.colcon_installed_package_information.package_discovery:Found 386 installed packages in /opt/ros/humble
[0.565s] Level 1:colcon.colcon_core.package_discovery:discover_packages(prefix_path) using defaults
[0.658s] Level 5:colcon.colcon_core.verb:set package 'my_bot' build argument 'cmake_args' from command line to 'None'
[0.658s] Level 5:colcon.colcon_core.verb:set package 'my_bot' build argument 'cmake_target' from command line to 'None'
[0.658s] Level 5:colcon.colcon_core.verb:set package 'my_bot' build argument 'cmake_target_skip_unavailable' from command line to 'False'
[0.658s] Level 5:colcon.colcon_core.verb:set package 'my_bot' build argument 'cmake_clean_cache' from command line to 'False'
[0.658s] Level 5:colcon.colcon_core.verb:set package 'my_bot' build argument 'cmake_clean_first' from command line to 'False'
[0.658s] Level 5:colcon.colcon_core.verb:set package 'my_bot' build argument 'cmake_force_configure' from command line to 'False'
[0.658s] Level 5:colcon.colcon_core.verb:set package 'my_bot' build argument 'ament_cmake_args' from command line to 'None'
[0.658s] Level 5:colcon.colcon_core.verb:set package 'my_bot' build argument 'catkin_cmake_args' from command line to 'None'
[0.658s] Level 5:colcon.colcon_core.verb:set package 'my_bot' build argument 'catkin_skip_building_tests' from command line to 'False'
[0.658s] DEBUG:colcon.colcon_core.verb:Building package 'my_bot' with the following arguments: {'ament_cmake_args': None, 'build_base': '/home/ahmedk/dev_ws/build/my_bot', 'catkin_cmake_args': None, 'catkin_skip_building_tests': False, 'cmake_args': None, 'cmake_clean_cache': False, 'cmake_clean_first': False, 'cmake_force_configure': False, 'cmake_target': None, 'cmake_target_skip_unavailable': False, 'install_base': '/home/ahmedk/dev_ws/install/my_bot', 'merge_install': False, 'path': '/home/ahmedk/dev_ws/src/my_bot', 'symlink_install': True, 'test_result_base': None}
[0.659s] Level 5:colcon.colcon_core.verb:set package 'my_first_py' build argument 'cmake_args' from command line to 'None'
[0.659s] Level 5:colcon.colcon_core.verb:set package 'my_first_py' build argument 'cmake_target' from command line to 'None'
[0.659s] Level 5:colcon.colcon_core.verb:set package 'my_first_py' build argument 'cmake_target_skip_unavailable' from command line to 'False'
[0.659s] Level 5:colcon.colcon_core.verb:set package 'my_first_py' build argument 'cmake_clean_cache' from command line to 'False'
[0.659s] Level 5:colcon.colcon_core.verb:set package 'my_first_py' build argument 'cmake_clean_first' from command line to 'False'
[0.659s] Level 5:colcon.colcon_core.verb:set package 'my_first_py' build argument 'cmake_force_configure' from command line to 'False'
[0.659s] Level 5:colcon.colcon_core.verb:set package 'my_first_py' build argument 'ament_cmake_args' from command line to 'None'
[0.659s] Level 5:colcon.colcon_core.verb:set package 'my_first_py' build argument 'catkin_cmake_args' from command line to 'None'
[0.659s] Level 5:colcon.colcon_core.verb:set package 'my_first_py' build argument 'catkin_skip_building_tests' from command line to 'False'
[0.659s] DEBUG:colcon.colcon_core.verb:Building package 'my_first_py' with the following arguments: {'ament_cmake_args': None, 'build_base': '/home/ahmedk/dev_ws/build/my_first_py', 'catkin_cmake_args': None, 'catkin_skip_building_tests': False, 'cmake_args': None, 'cmake_clean_cache': False, 'cmake_clean_first': False, 'cmake_force_configure': False, 'cmake_target': None, 'cmake_target_skip_unavailable': False, 'install_base': '/home/ahmedk/dev_ws/install/my_first_py', 'merge_install': False, 'path': '/home/ahmedk/dev_ws/src/my_first_py', 'symlink_install': True, 'test_result_base': None}
[0.660s] Level 5:colcon.colcon_core.verb:set package 'my_own_srv' build argument 'cmake_args' from command line to 'None'
[0.660s] Level 5:colcon.colcon_core.verb:set package 'my_own_srv' build argument 'cmake_target' from command line to 'None'
[0.660s] Level 5:colcon.colcon_core.verb:set package 'my_own_srv' build argument 'cmake_target_skip_unavailable' from command line to 'False'
[0.660s] Level 5:colcon.colcon_core.verb:set package 'my_own_srv' build argument 'cmake_clean_cache' from command line to 'False'
[0.660s] Level 5:colcon.colcon_core.verb:set package 'my_own_srv' build argument 'cmake_clean_first' from command line to 'False'
[0.660s] Level 5:colcon.colcon_core.verb:set package 'my_own_srv' build argument 'cmake_force_configure' from command line to 'False'
[0.660s] Level 5:colcon.colcon_core.verb:set package 'my_own_srv' build argument 'ament_cmake_args' from command line to 'None'
[0.661s] Level 5:colcon.colcon_core.verb:set package 'my_own_srv' build argument 'catkin_cmake_args' from command line to 'None'
[0.661s] Level 5:colcon.colcon_core.verb:set package 'my_own_srv' build argument 'catkin_skip_building_tests' from command line to 'False'
[0.661s] DEBUG:colcon.colcon_core.verb:Building package 'my_own_srv' with the following arguments: {'ament_cmake_args': None, 'build_base': '/home/ahmedk/dev_ws/build/my_own_srv', 'catkin_cmake_args': None, 'catkin_skip_building_tests': False, 'cmake_args': None, 'cmake_clean_cache': False, 'cmake_clean_first': False, 'cmake_force_configure': False, 'cmake_target': None, 'cmake_target_skip_unavailable': False, 'install_base': '/home/ahmedk/dev_ws/install/my_own_srv', 'merge_install': False, 'path': '/home/ahmedk/dev_ws/src/my_own_srv', 'symlink_install': True, 'test_result_base': None}
[0.662s] Level 5:colcon.colcon_core.verb:set package 'my_package' build argument 'cmake_args' from command line to 'None'
[0.662s] Level 5:colcon.colcon_core.verb:set package 'my_package' build argument 'cmake_target' from command line to 'None'
[0.662s] Level 5:colcon.colcon_core.verb:set package 'my_package' build argument 'cmake_target_skip_unavailable' from command line to 'False'
[0.662s] Level 5:colcon.colcon_core.verb:set package 'my_package' build argument 'cmake_clean_cache' from command line to 'False'
[0.662s] Level 5:colcon.colcon_core.verb:set package 'my_package' build argument 'cmake_clean_first' from command line to 'False'
[0.662s] Level 5:colcon.colcon_core.verb:set package 'my_package' build argument 'cmake_force_configure' from command line to 'False'
[0.662s] Level 5:colcon.colcon_core.verb:set package 'my_package' build argument 'ament_cmake_args' from command line to 'None'
[0.662s] Level 5:colcon.colcon_core.verb:set package 'my_package' build argument 'catkin_cmake_args' from command line to 'None'
[0.662s] Level 5:colcon.colcon_core.verb:set package 'my_package' build argument 'catkin_skip_building_tests' from command line to 'False'
[0.662s] DEBUG:colcon.colcon_core.verb:Building package 'my_package' with the following arguments: {'ament_cmake_args': None, 'build_base': '/home/ahmedk/dev_ws/build/my_package', 'catkin_cmake_args': None, 'catkin_skip_building_tests': False, 'cmake_args': None, 'cmake_clean_cache': False, 'cmake_clean_first': False, 'cmake_force_configure': False, 'cmake_target': None, 'cmake_target_skip_unavailable': False, 'install_base': '/home/ahmedk/dev_ws/install/my_package', 'merge_install': False, 'path': '/home/ahmedk/dev_ws/src/my_package', 'symlink_install': True, 'test_result_base': None}
[0.664s] Level 5:colcon.colcon_core.verb:set package 'turtlebot3_fake_node' build argument 'cmake_args' from command line to 'None'
[0.664s] Level 5:colcon.colcon_core.verb:set package 'turtlebot3_fake_node' build argument 'cmake_target' from command line to 'None'
[0.664s] Level 5:colcon.colcon_core.verb:set package 'turtlebot3_fake_node' build argument 'cmake_target_skip_unavailable' from command line to 'False'
[0.664s] Level 5:colcon.colcon_core.verb:set package 'turtlebot3_fake_node' build argument 'cmake_clean_cache' from command line to 'False'
[0.664s] Level 5:colcon.colcon_core.verb:set package 'turtlebot3_fake_node' build argument 'cmake_clean_first' from command line to 'False'
[0.664s] Level 5:colcon.colcon_core.verb:set package 'turtlebot3_fake_node' build argument 'cmake_force_configure' from command line to 'False'
[0.664s] Level 5:colcon.colcon_core.verb:set package 'turtlebot3_fake_node' build argument 'ament_cmake_args' from command line to 'None'
[0.664s] Level 5:colcon.colcon_core.verb:set package 'turtlebot3_fake_node' build argument 'catkin_cmake_args' from command line to 'None'
[0.664s] Level 5:colcon.colcon_core.verb:set package 'turtlebot3_fake_node' build argument 'catkin_skip_building_tests' from command line to 'False'
[0.664s] DEBUG:colcon.colcon_core.verb:Building package 'turtlebot3_fake_node' with the following arguments: {'ament_cmake_args': None, 'build_base': '/home/ahmedk/dev_ws/build/turtlebot3_fake_node', 'catkin_cmake_args': None, 'catkin_skip_building_tests': False, 'cmake_args': None, 'cmake_clean_cache': False, 'cmake_clean_first': False, 'cmake_force_configure': False, 'cmake_target': None, 'cmake_target_skip_unavailable': False, 'install_base': '/home/ahmedk/dev_ws/install/turtlebot3_fake_node', 'merge_install': False, 'path': '/home/ahmedk/dev_ws/src/turtlebot3_simulations/turtlebot3_fake_node', 'symlink_install': True, 'test_result_base': None}
[0.665s] Level 5:colcon.colcon_core.verb:set package 'turtlebot3_gazebo' build argument 'cmake_args' from command line to 'None'
[0.665s] Level 5:colcon.colcon_core.verb:set package 'turtlebot3_gazebo' build argument 'cmake_target' from command line to 'None'
[0.665s] Level 5:colcon.colcon_core.verb:set package 'turtlebot3_gazebo' build argument 'cmake_target_skip_unavailable' from command line to 'False'
[0.665s] Level 5:colcon.colcon_core.verb:set package 'turtlebot3_gazebo' build argument 'cmake_clean_cache' from command line to 'False'
[0.665s] Level 5:colcon.colcon_core.verb:set package 'turtlebot3_gazebo' build argument 'cmake_clean_first' from command line to 'False'
[0.665s] Level 5:colcon.colcon_core.verb:set package 'turtlebot3_gazebo' build argument 'cmake_force_configure' from command line to 'False'
[0.665s] Level 5:colcon.colcon_core.verb:set package 'turtlebot3_gazebo' build argument 'ament_cmake_args' from command line to 'None'
[0.665s] Level 5:colcon.colcon_core.verb:set package 'turtlebot3_gazebo' build argument 'catkin_cmake_args' from command line to 'None'
[0.665s] Level 5:colcon.colcon_core.verb:set package 'turtlebot3_gazebo' build argument 'catkin_skip_building_tests' from command line to 'False'
[0.665s] DEBUG:colcon.colcon_core.verb:Building package 'turtlebot3_gazebo' with the following arguments: {'ament_cmake_args': None, 'build_base': '/home/ahmedk/dev_ws/build/turtlebot3_gazebo', 'catkin_cmake_args': None, 'catkin_skip_building_tests': False, 'cmake_args': None, 'cmake_clean_cache': False, 'cmake_clean_first': False, 'cmake_force_configure': False, 'cmake_target': None, 'cmake_target_skip_unavailable': False, 'install_base': '/home/ahmedk/dev_ws/install/turtlebot3_gazebo', 'merge_install': False, 'path': '/home/ahmedk/dev_ws/src/turtlebot3_simulations/turtlebot3_gazebo', 'symlink_install': True, 'test_result_base': None}
[0.666s] Level 5:colcon.colcon_core.verb:set package 'add_two_int_srv' build argument 'cmake_args' from command line to 'None'
[0.666s] Level 5:colcon.colcon_core.verb:set package 'add_two_int_srv' build argument 'cmake_target' from command line to 'None'
[0.666s] Level 5:colcon.colcon_core.verb:set package 'add_two_int_srv' build argument 'cmake_target_skip_unavailable' from command line to 'False'
[0.666s] Level 5:colcon.colcon_core.verb:set package 'add_two_int_srv' build argument 'cmake_clean_cache' from command line to 'False'
[0.666s] Level 5:colcon.colcon_core.verb:set package 'add_two_int_srv' build argument 'cmake_clean_first' from command line to 'False'
[0.666s] Level 5:colcon.colcon_core.verb:set package 'add_two_int_srv' build argument 'cmake_force_configure' from command line to 'False'
[0.666s] Level 5:colcon.colcon_core.verb:set package 'add_two_int_srv' build argument 'ament_cmake_args' from command line to 'None'
[0.667s] Level 5:colcon.colcon_core.verb:set package 'add_two_int_srv' build argument 'catkin_cmake_args' from command line to 'None'
[0.667s] Level 5:colcon.colcon_core.verb:set package 'add_two_int_srv' build argument 'catkin_skip_building_tests' from command line to 'False'
[0.667s] DEBUG:colcon.colcon_core.verb:Building package 'add_two_int_srv' with the following arguments: {'ament_cmake_args': None, 'build_base': '/home/ahmedk/dev_ws/build/add_two_int_srv', 'catkin_cmake_args': None, 'catkin_skip_building_tests': False, 'cmake_args': None, 'cmake_clean_cache': False, 'cmake_clean_first': False, 'cmake_force_configure': False, 'cmake_target': None, 'cmake_target_skip_unavailable': False, 'install_base': '/home/ahmedk/dev_ws/install/add_two_int_srv', 'merge_install': False, 'path': '/home/ahmedk/dev_ws/src/add_two_int_srv', 'symlink_install': True, 'test_result_base': None}
[0.668s] Level 5:colcon.colcon_core.verb:set package 'turtlebot3_simulations' build argument 'cmake_args' from command line to 'None'
[0.668s] Level 5:colcon.colcon_core.verb:set package 'turtlebot3_simulations' build argument 'cmake_target' from command line to 'None'
[0.668s] Level 5:colcon.colcon_core.verb:set package 'turtlebot3_simulations' build argument 'cmake_target_skip_unavailable' from command line to 'False'
[0.668s] Level 5:colcon.colcon_core.verb:set package 'turtlebot3_simulations' build argument 'cmake_clean_cache' from command line to 'False'
[0.668s] Level 5:colcon.colcon_core.verb:set package 'turtlebot3_simulations' build argument 'cmake_clean_first' from command line to 'False'
[0.668s] Level 5:colcon.colcon_core.verb:set package 'turtlebot3_simulations' build argument 'cmake_force_configure' from command line to 'False'
[0.668s] Level 5:colcon.colcon_core.verb:set package 'turtlebot3_simulations' build argument 'ament_cmake_args' from command line to 'None'
[0.668s] Level 5:colcon.colcon_core.verb:set package 'turtlebot3_simulations' build argument 'catkin_cmake_args' from command line to 'None'
[0.668s] Level 5:colcon.colcon_core.verb:set package 'turtlebot3_simulations' build argument 'catkin_skip_building_tests' from command line to 'False'
[0.668s] DEBUG:colcon.colcon_core.verb:Building package 'turtlebot3_simulations' with the following arguments: {'ament_cmake_args': None, 'build_base': '/home/ahmedk/dev_ws/build/turtlebot3_simulations', 'catkin_cmake_args': None, 'catkin_skip_building_tests': False, 'cmake_args': None, 'cmake_clean_cache': False, 'cmake_clean_first': False, 'cmake_force_configure': False, 'cmake_target': None, 'cmake_target_skip_unavailable': False, 'install_base': '/home/ahmedk/dev_ws/install/turtlebot3_simulations', 'merge_install': False, 'path': '/home/ahmedk/dev_ws/src/turtlebot3_simulations/turtlebot3_simulations', 'symlink_install': True, 'test_result_base': None}
[0.669s] INFO:colcon.colcon_core.executor:Executing jobs using 'parallel' executor
[0.674s] DEBUG:colcon.colcon_parallel_executor.executor.parallel:run_until_complete
[0.674s] INFO:colcon.colcon_ros.task.ament_cmake.build:Building ROS package in '/home/ahmedk/dev_ws/src/my_own_srv' with build type 'ament_cmake'
[0.674s] INFO:colcon.colcon_cmake.task.cmake.build:Building CMake package in '/home/ahmedk/dev_ws/src/my_own_srv'
[0.682s] INFO:colcon.colcon_core.plugin_system:Skipping extension 'colcon_core.shell.bat': Not used on non-Windows systems
[0.682s] INFO:colcon.colcon_core.shell:Skip shell extension 'powershell' for command environment: Not usable outside of PowerShell
[0.682s] DEBUG:colcon.colcon_core.shell:Skip shell extension 'dsv' for command environment
[0.690s] INFO:colcon.colcon_ros.task.ament_cmake.build:Building ROS package in '/home/ahmedk/dev_ws/src/turtlebot3_simulations/turtlebot3_fake_node' with build type 'ament_cmake'
[0.690s] INFO:colcon.colcon_cmake.task.cmake.build:Building CMake package in '/home/ahmedk/dev_ws/src/turtlebot3_simulations/turtlebot3_fake_node'
[0.692s] INFO:colcon.colcon_core.shell:Skip shell extension 'powershell' for command environment: Not usable outside of PowerShell
[0.692s] DEBUG:colcon.colcon_core.shell:Skip shell extension 'dsv' for command environment
[0.722s] DEBUG:colcon.colcon_core.event_handler.log_command:Invoking command in '/home/ahmedk/dev_ws/build/my_own_srv': CMAKE_PREFIX_PATH=${CMAKE_PREFIX_PATH}:/home/ahmedk/dev_ws/install/add_two_int_srv:/home/ahmedk/dev_ws/install/my_first_py:/opt/ros/humble /usr/bin/cmake --build /home/ahmedk/dev_ws/build/my_own_srv -- -j2 -l2
[0.744s] DEBUG:colcon.colcon_core.event_handler.log_command:Invoking command in '/home/ahmedk/dev_ws/build/turtlebot3_fake_node': CMAKE_PREFIX_PATH=${CMAKE_PREFIX_PATH}:/home/ahmedk/dev_ws/install/add_two_int_srv:/home/ahmedk/dev_ws/install/my_first_py:/opt/ros/humble /usr/bin/cmake --build /home/ahmedk/dev_ws/build/turtlebot3_fake_node -- -j2 -l2
[0.934s] DEBUG:colcon.colcon_core.event_handler.log_command:Invoked command in '/home/ahmedk/dev_ws/build/turtlebot3_fake_node' returned '0': CMAKE_PREFIX_PATH=${CMAKE_PREFIX_PATH}:/home/ahmedk/dev_ws/install/add_two_int_srv:/home/ahmedk/dev_ws/install/my_first_py:/opt/ros/humble /usr/bin/cmake --build /home/ahmedk/dev_ws/build/turtlebot3_fake_node -- -j2 -l2
[1.029s] DEBUG:colcon.colcon_core.event_handler.log_command:Invoking command in '/home/ahmedk/dev_ws/build/turtlebot3_fake_node': CMAKE_PREFIX_PATH=${CMAKE_PREFIX_PATH}:/home/ahmedk/dev_ws/install/add_two_int_srv:/home/ahmedk/dev_ws/install/my_first_py:/opt/ros/humble /usr/bin/cmake --install /home/ahmedk/dev_ws/build/turtlebot3_fake_node
[1.084s] Level 1:colcon.colcon_core.environment:create_environment_scripts_only(turtlebot3_fake_node)
[1.085s] DEBUG:colcon.colcon_core.event_handler.log_command:Invoked command in '/home/ahmedk/dev_ws/build/turtlebot3_fake_node' returned '0': CMAKE_PREFIX_PATH=${CMAKE_PREFIX_PATH}:/home/ahmedk/dev_ws/install/add_two_int_srv:/home/ahmedk/dev_ws/install/my_first_py:/opt/ros/humble /usr/bin/cmake --install /home/ahmedk/dev_ws/build/turtlebot3_fake_node
[1.092s] Level 1:colcon.colcon_core.environment:checking '/home/ahmedk/dev_ws/install/turtlebot3_fake_node' for CMake module files
[1.093s] Level 1:colcon.colcon_core.environment:checking '/home/ahmedk/dev_ws/install/turtlebot3_fake_node' for CMake config files
[1.097s] Level 1:colcon.colcon_core.shell:create_environment_hook('turtlebot3_fake_node', 'cmake_prefix_path')
[1.099s] INFO:colcon.colcon_core.shell:Creating environment hook '/home/ahmedk/dev_ws/install/turtlebot3_fake_node/share/turtlebot3_fake_node/hook/cmake_prefix_path.ps1'
[1.100s] INFO:colcon.colcon_core.shell:Creating environment descriptor '/home/ahmedk/dev_ws/install/turtlebot3_fake_node/share/turtlebot3_fake_node/hook/cmake_prefix_path.dsv'
[1.113s] INFO:colcon.colcon_core.shell:Creating environment hook '/home/ahmedk/dev_ws/install/turtlebot3_fake_node/share/turtlebot3_fake_node/hook/cmake_prefix_path.sh'
[1.115s] Level 1:colcon.colcon_core.environment:checking '/home/ahmedk/dev_ws/install/turtlebot3_fake_node/lib'
[1.115s] Level 1:colcon.colcon_core.environment:checking '/home/ahmedk/dev_ws/install/turtlebot3_fake_node/bin'
[1.115s] Level 1:colcon.colcon_core.environment:checking '/home/ahmedk/dev_ws/install/turtlebot3_fake_node/lib/pkgconfig/turtlebot3_fake_node.pc'
[1.115s] Level 1:colcon.colcon_core.environment:checking '/home/ahmedk/dev_ws/install/turtlebot3_fake_node/lib/python3.10/site-packages'
[1.116s] Level 1:colcon.colcon_core.environment:checking '/home/ahmedk/dev_ws/install/turtlebot3_fake_node/bin'
[1.118s] INFO:colcon.colcon_core.shell:Creating package script '/home/ahmedk/dev_ws/install/turtlebot3_fake_node/share/turtlebot3_fake_node/package.ps1'
[1.119s] INFO:colcon.colcon_core.shell:Creating package descriptor '/home/ahmedk/dev_ws/install/turtlebot3_fake_node/share/turtlebot3_fake_node/package.dsv'
[1.130s] INFO:colcon.colcon_core.shell:Creating package script '/home/ahmedk/dev_ws/install/turtlebot3_fake_node/share/turtlebot3_fake_node/package.sh'
[1.132s] INFO:colcon.colcon_core.shell:Creating package script '/home/ahmedk/dev_ws/install/turtlebot3_fake_node/share/turtlebot3_fake_node/package.bash'
[1.134s] INFO:colcon.colcon_core.shell:Creating package script '/home/ahmedk/dev_ws/install/turtlebot3_fake_node/share/turtlebot3_fake_node/package.zsh'
[1.135s] Level 1:colcon.colcon_core.environment:create_file_with_runtime_dependencies(/home/ahmedk/dev_ws/install/turtlebot3_fake_node/share/colcon-core/packages/turtlebot3_fake_node)
[1.262s] Level 1:colcon.colcon_core.environment:create_environment_scripts_only(turtlebot3_fake_node)
[1.265s] Level 1:colcon.colcon_core.environment:checking '/home/ahmedk/dev_ws/install/turtlebot3_fake_node' for CMake module files
[1.266s] Level 1:colcon.colcon_core.environment:checking '/home/ahmedk/dev_ws/install/turtlebot3_fake_node' for CMake config files
[1.266s] Level 1:colcon.colcon_core.shell:create_environment_hook('turtlebot3_fake_node', 'cmake_prefix_path')
[1.267s] INFO:colcon.colcon_core.shell:Creating environment hook '/home/ahmedk/dev_ws/install/turtlebot3_fake_node/share/turtlebot3_fake_node/hook/cmake_prefix_path.ps1'
[1.277s] INFO:colcon.colcon_core.shell:Creating environment descriptor '/home/ahmedk/dev_ws/install/turtlebot3_fake_node/share/turtlebot3_fake_node/hook/cmake_prefix_path.dsv'
[1.278s] INFO:colcon.colcon_core.shell:Creating environment hook '/home/ahmedk/dev_ws/install/turtlebot3_fake_node/share/turtlebot3_fake_node/hook/cmake_prefix_path.sh'
[1.279s] Level 1:colcon.colcon_core.environment:checking '/home/ahmedk/dev_ws/install/turtlebot3_fake_node/lib'
[1.279s] Level 1:colcon.colcon_core.environment:checking '/home/ahmedk/dev_ws/install/turtlebot3_fake_node/bin'
[1.279s] Level 1:colcon.colcon_core.environment:checking '/home/ahmedk/dev_ws/install/turtlebot3_fake_node/lib/pkgconfig/turtlebot3_fake_node.pc'
[1.280s] Level 1:colcon.colcon_core.environment:checking '/home/ahmedk/dev_ws/install/turtlebot3_fake_node/lib/python3.10/site-packages'
[1.280s] Level 1:colcon.colcon_core.environment:checking '/home/ahmedk/dev_ws/install/turtlebot3_fake_node/bin'
[1.282s] INFO:colcon.colcon_core.shell:Creating package script '/home/ahmedk/dev_ws/install/turtlebot3_fake_node/share/turtlebot3_fake_node/package.ps1'
[1.283s] INFO:colcon.colcon_core.shell:Creating package descriptor '/home/ahmedk/dev_ws/install/turtlebot3_fake_node/share/turtlebot3_fake_node/package.dsv'
[1.284s] INFO:colcon.colcon_core.shell:Creating package script '/home/ahmedk/dev_ws/install/turtlebot3_fake_node/share/turtlebot3_fake_node/package.sh'
[1.284s] INFO:colcon.colcon_core.shell:Creating package script '/home/ahmedk/dev_ws/install/turtlebot3_fake_node/share/turtlebot3_fake_node/package.bash'
[1.288s] INFO:colcon.colcon_core.shell:Creating package script '/home/ahmedk/dev_ws/install/turtlebot3_fake_node/share/turtlebot3_fake_node/package.zsh'
[1.289s] Level 1:colcon.colcon_core.environment:create_file_with_runtime_dependencies(/home/ahmedk/dev_ws/install/turtlebot3_fake_node/share/colcon-core/packages/turtlebot3_fake_node)
[1.290s] INFO:colcon.colcon_ros.task.ament_cmake.build:Building ROS package in '/home/ahmedk/dev_ws/src/turtlebot3_simulations/turtlebot3_gazebo' with build type 'ament_cmake'
[1.290s] INFO:colcon.colcon_cmake.task.cmake.build:Building CMake package in '/home/ahmedk/dev_ws/src/turtlebot3_simulations/turtlebot3_gazebo'
[1.292s] INFO:colcon.colcon_core.shell:Skip shell extension 'powershell' for command environment: Not usable outside of PowerShell
[1.292s] DEBUG:colcon.colcon_core.shell:Skip shell extension 'dsv' for command environment
[1.339s] DEBUG:colcon.colcon_core.event_handler.log_command:Invoking command in '/home/ahmedk/dev_ws/build/turtlebot3_gazebo': CMAKE_PREFIX_PATH=${CMAKE_PREFIX_PATH}:/home/ahmedk/dev_ws/install/add_two_int_srv:/home/ahmedk/dev_ws/install/my_first_py:/opt/ros/humble /usr/bin/cmake --build /home/ahmedk/dev_ws/build/turtlebot3_gazebo -- -j2 -l2
[1.591s] DEBUG:colcon.colcon_core.event_handler.log_command:Invoked command in '/home/ahmedk/dev_ws/build/turtlebot3_gazebo' returned '0': CMAKE_PREFIX_PATH=${CMAKE_PREFIX_PATH}:/home/ahmedk/dev_ws/install/add_two_int_srv:/home/ahmedk/dev_ws/install/my_first_py:/opt/ros/humble /usr/bin/cmake --build /home/ahmedk/dev_ws/build/turtlebot3_gazebo -- -j2 -l2
[1.653s] DEBUG:colcon.colcon_core.event_handler.log_command:Invoking command in '/home/ahmedk/dev_ws/build/turtlebot3_gazebo': CMAKE_PREFIX_PATH=${CMAKE_PREFIX_PATH}:/home/ahmedk/dev_ws/install/add_two_int_srv:/home/ahmedk/dev_ws/install/my_first_py:/opt/ros/humble /usr/bin/cmake --install /home/ahmedk/dev_ws/build/turtlebot3_gazebo
[1.694s] DEBUG:colcon.colcon_core.event_handler.log_command:Invoked command in '/home/ahmedk/dev_ws/build/my_own_srv' returned '0': CMAKE_PREFIX_PATH=${CMAKE_PREFIX_PATH}:/home/ahmedk/dev_ws/install/add_two_int_srv:/home/ahmedk/dev_ws/install/my_first_py:/opt/ros/humble /usr/bin/cmake --build /home/ahmedk/dev_ws/build/my_own_srv -- -j2 -l2
[1.710s] Level 1:colcon.colcon_core.environment:create_environment_scripts_only(turtlebot3_gazebo)
[1.713s] Level 1:colcon.colcon_core.environment:checking '/home/ahmedk/dev_ws/install/turtlebot3_gazebo' for CMake module files
[1.714s] DEBUG:colcon.colcon_core.event_handler.log_command:Invoked command in '/home/ahmedk/dev_ws/build/turtlebot3_gazebo' returned '0': CMAKE_PREFIX_PATH=${CMAKE_PREFIX_PATH}:/home/ahmedk/dev_ws/install/add_two_int_srv:/home/ahmedk/dev_ws/install/my_first_py:/opt/ros/humble /usr/bin/cmake --install /home/ahmedk/dev_ws/build/turtlebot3_gazebo
[1.715s] Level 1:colcon.colcon_core.environment:checking '/home/ahmedk/dev_ws/install/turtlebot3_gazebo' for CMake config files
[1.716s] Level 1:colcon.colcon_core.shell:create_environment_hook('turtlebot3_gazebo', 'cmake_prefix_path')
[1.717s] INFO:colcon.colcon_core.shell:Creating environment hook '/home/ahmedk/dev_ws/install/turtlebot3_gazebo/share/turtlebot3_gazebo/hook/cmake_prefix_path.ps1'
[1.718s] INFO:colcon.colcon_core.shell:Creating environment descriptor '/home/ahmedk/dev_ws/install/turtlebot3_gazebo/share/turtlebot3_gazebo/hook/cmake_prefix_path.dsv'
[1.719s] INFO:colcon.colcon_core.shell:Creating environment hook '/home/ahmedk/dev_ws/install/turtlebot3_gazebo/share/turtlebot3_gazebo/hook/cmake_prefix_path.sh'
[1.720s] Level 1:colcon.colcon_core.environment:checking '/home/ahmedk/dev_ws/install/turtlebot3_gazebo/lib'
[1.720s] Level 1:colcon.colcon_core.environment:checking '/home/ahmedk/dev_ws/install/turtlebot3_gazebo/bin'
[1.721s] Level 1:colcon.colcon_core.environment:checking '/home/ahmedk/dev_ws/install/turtlebot3_gazebo/lib/pkgconfig/turtlebot3_gazebo.pc'
[1.721s] Level 1:colcon.colcon_core.environment:checking '/home/ahmedk/dev_ws/install/turtlebot3_gazebo/lib/python3.10/site-packages'
[1.721s] Level 1:colcon.colcon_core.environment:checking '/home/ahmedk/dev_ws/install/turtlebot3_gazebo/bin'
[1.723s] INFO:colcon.colcon_core.shell:Creating package script '/home/ahmedk/dev_ws/install/turtlebot3_gazebo/share/turtlebot3_gazebo/package.ps1'
[1.724s] INFO:colcon.colcon_core.shell:Creating package descriptor '/home/ahmedk/dev_ws/install/turtlebot3_gazebo/share/turtlebot3_gazebo/package.dsv'
[1.725s] INFO:colcon.colcon_core.shell:Creating package script '/home/ahmedk/dev_ws/install/turtlebot3_gazebo/share/turtlebot3_gazebo/package.sh'
[1.726s] INFO:colcon.colcon_core.shell:Creating package script '/home/ahmedk/dev_ws/install/turtlebot3_gazebo/share/turtlebot3_gazebo/package.bash'
[1.727s] INFO:colcon.colcon_core.shell:Creating package script '/home/ahmedk/dev_ws/install/turtlebot3_gazebo/share/turtlebot3_gazebo/package.zsh'
[1.728s] Level 1:colcon.colcon_core.environment:create_file_with_runtime_dependencies(/home/ahmedk/dev_ws/install/turtlebot3_gazebo/share/colcon-core/packages/turtlebot3_gazebo)
[1.789s] DEBUG:colcon.colcon_core.event_handler.log_command:Invoking command in '/home/ahmedk/dev_ws/build/my_own_srv': CMAKE_PREFIX_PATH=${CMAKE_PREFIX_PATH}:/home/ahmedk/dev_ws/install/add_two_int_srv:/home/ahmedk/dev_ws/install/my_first_py:/opt/ros/humble /usr/bin/cmake --install /home/ahmedk/dev_ws/build/my_own_srv
[1.792s] Level 1:colcon.colcon_core.environment:create_environment_scripts_only(turtlebot3_gazebo)
[1.795s] Level 1:colcon.colcon_core.environment:checking '/home/ahmedk/dev_ws/install/turtlebot3_gazebo' for CMake module files
[1.796s] Level 1:colcon.colcon_core.environment:checking '/home/ahmedk/dev_ws/install/turtlebot3_gazebo' for CMake config files
[1.796s] Level 1:colcon.colcon_core.shell:create_environment_hook('turtlebot3_gazebo', 'cmake_prefix_path')
[1.798s] INFO:colcon.colcon_core.shell:Creating environment hook '/home/ahmedk/dev_ws/install/turtlebot3_gazebo/share/turtlebot3_gazebo/hook/cmake_prefix_path.ps1'
[1.799s] INFO:colcon.colcon_core.shell:Creating environment descriptor '/home/ahmedk/dev_ws/install/turtlebot3_gazebo/share/turtlebot3_gazebo/hook/cmake_prefix_path.dsv'
[1.799s] INFO:colcon.colcon_core.shell:Creating environment hook '/home/ahmedk/dev_ws/install/turtlebot3_gazebo/share/turtlebot3_gazebo/hook/cmake_prefix_path.sh'
[1.800s] Level 1:colcon.colcon_core.environment:checking '/home/ahmedk/dev_ws/install/turtlebot3_gazebo/lib'
[1.801s] Level 1:colcon.colcon_core.environment:checking '/home/ahmedk/dev_ws/install/turtlebot3_gazebo/bin'
[1.801s] Level 1:colcon.colcon_core.environment:checking '/home/ahmedk/dev_ws/install/turtlebot3_gazebo/lib/pkgconfig/turtlebot3_gazebo.pc'
[1.802s] Level 1:colcon.colcon_core.environment:checking '/home/ahmedk/dev_ws/install/turtlebot3_gazebo/lib/python3.10/site-packages'
[1.802s] Level 1:colcon.colcon_core.environment:checking '/home/ahmedk/dev_ws/install/turtlebot3_gazebo/bin'
[1.804s] INFO:colcon.colcon_core.shell:Creating package script '/home/ahmedk/dev_ws/install/turtlebot3_gazebo/share/turtlebot3_gazebo/package.ps1'
[1.805s] INFO:colcon.colcon_core.shell:Creating package descriptor '/home/ahmedk/dev_ws/install/turtlebot3_gazebo/share/turtlebot3_gazebo/package.dsv'
[1.806s] INFO:colcon.colcon_core.shell:Creating package script '/home/ahmedk/dev_ws/install/turtlebot3_gazebo/share/turtlebot3_gazebo/package.sh'
[1.807s] INFO:colcon.colcon_core.shell:Creating package script '/home/ahmedk/dev_ws/install/turtlebot3_gazebo/share/turtlebot3_gazebo/package.bash'
[1.817s] INFO:colcon.colcon_core.shell:Creating package script '/home/ahmedk/dev_ws/install/turtlebot3_gazebo/share/turtlebot3_gazebo/package.zsh'
[1.817s] Level 1:colcon.colcon_core.environment:create_file_with_runtime_dependencies(/home/ahmedk/dev_ws/install/turtlebot3_gazebo/share/colcon-core/packages/turtlebot3_gazebo)
[1.822s] INFO:colcon.colcon_ros.task.ament_cmake.build:Building ROS package in '/home/ahmedk/dev_ws/src/my_bot' with build type 'ament_cmake'
[1.822s] INFO:colcon.colcon_cmake.task.cmake.build:Building CMake package in '/home/ahmedk/dev_ws/src/my_bot'
[1.824s] INFO:colcon.colcon_core.shell:Skip shell extension 'powershell' for command environment: Not usable outside of PowerShell
[1.824s] DEBUG:colcon.colcon_core.shell:Skip shell extension 'dsv' for command environment
[1.854s] DEBUG:colcon.colcon_core.event_handler.log_command:Invoking command in '/home/ahmedk/dev_ws/build/my_bot': CMAKE_PREFIX_PATH=${CMAKE_PREFIX_PATH}:/home/ahmedk/dev_ws/install/add_two_int_srv:/home/ahmedk/dev_ws/install/my_first_py:/opt/ros/humble /usr/bin/cmake --build /home/ahmedk/dev_ws/build/my_bot -- -j2 -l2
[1.957s] DEBUG:colcon.colcon_core.event_handler.log_command:Invoked command in '/home/ahmedk/dev_ws/build/my_bot' returned '0': CMAKE_PREFIX_PATH=${CMAKE_PREFIX_PATH}:/home/ahmedk/dev_ws/install/add_two_int_srv:/home/ahmedk/dev_ws/install/my_first_py:/opt/ros/humble /usr/bin/cmake --build /home/ahmedk/dev_ws/build/my_bot -- -j2 -l2
[1.962s] Level 1:colcon.colcon_core.environment:create_environment_scripts_only(my_own_srv)
[1.967s] Level 1:colcon.colcon_core.environment:checking '/home/ahmedk/dev_ws/install/my_own_srv' for CMake module files
[1.968s] Level 1:colcon.colcon_core.environment:checking '/home/ahmedk/dev_ws/install/my_own_srv' for CMake config files
[1.969s] DEBUG:colcon.colcon_core.event_handler.log_command:Invoked command in '/home/ahmedk/dev_ws/build/my_own_srv' returned '0': CMAKE_PREFIX_PATH=${CMAKE_PREFIX_PATH}:/home/ahmedk/dev_ws/install/add_two_int_srv:/home/ahmedk/dev_ws/install/my_first_py:/opt/ros/humble /usr/bin/cmake --install /home/ahmedk/dev_ws/build/my_own_srv
[1.969s] Level 1:colcon.colcon_core.shell:create_environment_hook('my_own_srv', 'cmake_prefix_path')
[1.972s] INFO:colcon.colcon_core.shell:Creating environment hook '/home/ahmedk/dev_ws/install/my_own_srv/share/my_own_srv/hook/cmake_prefix_path.ps1'
[1.973s] INFO:colcon.colcon_core.shell:Creating environment descriptor '/home/ahmedk/dev_ws/install/my_own_srv/share/my_own_srv/hook/cmake_prefix_path.dsv'
[1.974s] INFO:colcon.colcon_core.shell:Creating environment hook '/home/ahmedk/dev_ws/install/my_own_srv/share/my_own_srv/hook/cmake_prefix_path.sh'
[1.975s] Level 1:colcon.colcon_core.environment:checking '/home/ahmedk/dev_ws/install/my_own_srv/lib'
[1.975s] Level 1:colcon.colcon_core.shell:create_environment_hook('my_own_srv', 'ld_library_path_lib')
[1.978s] INFO:colcon.colcon_core.shell:Creating environment hook '/home/ahmedk/dev_ws/install/my_own_srv/share/my_own_srv/hook/ld_library_path_lib.ps1'
[1.979s] INFO:colcon.colcon_core.shell:Creating environment descriptor '/home/ahmedk/dev_ws/install/my_own_srv/share/my_own_srv/hook/ld_library_path_lib.dsv'
[1.980s] INFO:colcon.colcon_core.shell:Creating environment hook '/home/ahmedk/dev_ws/install/my_own_srv/share/my_own_srv/hook/ld_library_path_lib.sh'
[1.981s] Level 1:colcon.colcon_core.environment:checking '/home/ahmedk/dev_ws/install/my_own_srv/bin'
[1.981s] Level 1:colcon.colcon_core.environment:checking '/home/ahmedk/dev_ws/install/my_own_srv/lib/pkgconfig/my_own_srv.pc'
[1.981s] Level 1:colcon.colcon_core.environment:checking '/home/ahmedk/dev_ws/install/my_own_srv/lib/python3.10/site-packages'
[1.982s] Level 1:colcon.colcon_core.environment:checking '/home/ahmedk/dev_ws/install/my_own_srv/bin'
[1.984s] INFO:colcon.colcon_core.shell:Creating package script '/home/ahmedk/dev_ws/install/my_own_srv/share/my_own_srv/package.ps1'
[1.986s] INFO:colcon.colcon_core.shell:Creating package descriptor '/home/ahmedk/dev_ws/install/my_own_srv/share/my_own_srv/package.dsv'
[1.986s] INFO:colcon.colcon_core.shell:Creating package script '/home/ahmedk/dev_ws/install/my_own_srv/share/my_own_srv/package.sh'
[1.987s] INFO:colcon.colcon_core.shell:Creating package script '/home/ahmedk/dev_ws/install/my_own_srv/share/my_own_srv/package.bash'
[1.988s] INFO:colcon.colcon_core.shell:Creating package script '/home/ahmedk/dev_ws/install/my_own_srv/share/my_own_srv/package.zsh'
[1.989s] Level 1:colcon.colcon_core.environment:create_file_with_runtime_dependencies(/home/ahmedk/dev_ws/install/my_own_srv/share/colcon-core/packages/my_own_srv)
[2.006s] DEBUG:colcon.colcon_core.event_handler.log_command:Invoking command in '/home/ahmedk/dev_ws/build/my_bot': CMAKE_PREFIX_PATH=${CMAKE_PREFIX_PATH}:/home/ahmedk/dev_ws/install/add_two_int_srv:/home/ahmedk/dev_ws/install/my_first_py:/opt/ros/humble /usr/bin/cmake --install /home/ahmedk/dev_ws/build/my_bot
[2.066s] Level 1:colcon.colcon_core.environment:create_environment_scripts_only(my_bot)
[2.069s] Level 1:colcon.colcon_core.environment:checking '/home/ahmedk/dev_ws/install/my_bot' for CMake module files
[2.070s] DEBUG:colcon.colcon_core.event_handler.log_command:Invoked command in '/home/ahmedk/dev_ws/build/my_bot' returned '0': CMAKE_PREFIX_PATH=${CMAKE_PREFIX_PATH}:/home/ahmedk/dev_ws/install/add_two_int_srv:/home/ahmedk/dev_ws/install/my_first_py:/opt/ros/humble /usr/bin/cmake --install /home/ahmedk/dev_ws/build/my_bot
[2.071s] Level 1:colcon.colcon_core.environment:checking '/home/ahmedk/dev_ws/install/my_bot' for CMake config files
[2.072s] Level 1:colcon.colcon_core.shell:create_environment_hook('my_bot', 'cmake_prefix_path')
[2.074s] INFO:colcon.colcon_core.shell:Creating environment hook '/home/ahmedk/dev_ws/install/my_bot/share/my_bot/hook/cmake_prefix_path.ps1'
[2.075s] INFO:colcon.colcon_core.shell:Creating environment descriptor '/home/ahmedk/dev_ws/install/my_bot/share/my_bot/hook/cmake_prefix_path.dsv'
[2.076s] INFO:colcon.colcon_core.shell:Creating environment hook '/home/ahmedk/dev_ws/install/my_bot/share/my_bot/hook/cmake_prefix_path.sh'
[2.078s] Level 1:colcon.colcon_core.environment:checking '/home/ahmedk/dev_ws/install/my_bot/bin'
[2.078s] Level 1:colcon.colcon_core.environment:checking '/home/ahmedk/dev_ws/install/my_bot/lib/pkgconfig/my_bot.pc'
[2.078s] Level 1:colcon.colcon_core.environment:checking '/home/ahmedk/dev_ws/install/my_bot/lib/python3.10/site-packages'
[2.079s] Level 1:colcon.colcon_core.environment:checking '/home/ahmedk/dev_ws/install/my_bot/bin'
[2.081s] INFO:colcon.colcon_core.shell:Creating package script '/home/ahmedk/dev_ws/install/my_bot/share/my_bot/package.ps1'
[2.083s] INFO:colcon.colcon_core.shell:Creating package descriptor '/home/ahmedk/dev_ws/install/my_bot/share/my_bot/package.dsv'
[2.083s] INFO:colcon.colcon_core.shell:Creating package script '/home/ahmedk/dev_ws/install/my_bot/share/my_bot/package.sh'
[2.084s] INFO:colcon.colcon_core.shell:Creating package script '/home/ahmedk/dev_ws/install/my_bot/share/my_bot/package.bash'
[2.085s] INFO:colcon.colcon_core.shell:Creating package script '/home/ahmedk/dev_ws/install/my_bot/share/my_bot/package.zsh'
[2.086s] Level 1:colcon.colcon_core.environment:create_file_with_runtime_dependencies(/home/ahmedk/dev_ws/install/my_bot/share/colcon-core/packages/my_bot)
[2.125s] Level 1:colcon.colcon_core.environment:create_environment_scripts_only(my_own_srv)
[2.128s] Level 1:colcon.colcon_core.environment:checking '/home/ahmedk/dev_ws/install/my_own_srv' for CMake module files
[2.129s] Level 1:colcon.colcon_core.environment:checking '/home/ahmedk/dev_ws/install/my_own_srv' for CMake config files
[2.130s] Level 1:colcon.colcon_core.shell:create_environment_hook('my_own_srv', 'cmake_prefix_path')
[2.132s] INFO:colcon.colcon_core.shell:Creating environment hook '/home/ahmedk/dev_ws/install/my_own_srv/share/my_own_srv/hook/cmake_prefix_path.ps1'
[2.133s] INFO:colcon.colcon_core.shell:Creating environment descriptor '/home/ahmedk/dev_ws/install/my_own_srv/share/my_own_srv/hook/cmake_prefix_path.dsv'
[2.134s] INFO:colcon.colcon_core.shell:Creating environment hook '/home/ahmedk/dev_ws/install/my_own_srv/share/my_own_srv/hook/cmake_prefix_path.sh'
[2.135s] Level 1:colcon.colcon_core.environment:checking '/home/ahmedk/dev_ws/install/my_own_srv/lib'
[2.135s] Level 1:colcon.colcon_core.shell:create_environment_hook('my_own_srv', 'ld_library_path_lib')
[2.138s] INFO:colcon.colcon_core.shell:Creating environment hook '/home/ahmedk/dev_ws/install/my_own_srv/share/my_own_srv/hook/ld_library_path_lib.ps1'
[2.138s] INFO:colcon.colcon_core.shell:Creating environment descriptor '/home/ahmedk/dev_ws/install/my_own_srv/share/my_own_srv/hook/ld_library_path_lib.dsv'
[2.139s] INFO:colcon.colcon_core.shell:Creating environment hook '/home/ahmedk/dev_ws/install/my_own_srv/share/my_own_srv/hook/ld_library_path_lib.sh'
[2.140s] Level 1:colcon.colcon_core.environment:checking '/home/ahmedk/dev_ws/install/my_own_srv/bin'
[2.140s] Level 1:colcon.colcon_core.environment:checking '/home/ahmedk/dev_ws/install/my_own_srv/lib/pkgconfig/my_own_srv.pc'
[2.141s] Level 1:colcon.colcon_core.environment:checking '/home/ahmedk/dev_ws/install/my_own_srv/lib/python3.10/site-packages'
[2.141s] Level 1:colcon.colcon_core.environment:checking '/home/ahmedk/dev_ws/install/my_own_srv/bin'
[2.144s] INFO:colcon.colcon_core.shell:Creating package script '/home/ahmedk/dev_ws/install/my_own_srv/share/my_own_srv/package.ps1'
[2.145s] INFO:colcon.colcon_core.shell:Creating package descriptor '/home/ahmedk/dev_ws/install/my_own_srv/share/my_own_srv/package.dsv'
[2.146s] INFO:colcon.colcon_core.shell:Creating package script '/home/ahmedk/dev_ws/install/my_own_srv/share/my_own_srv/package.sh'
[2.147s] INFO:colcon.colcon_core.shell:Creating package script '/home/ahmedk/dev_ws/install/my_own_srv/share/my_own_srv/package.bash'
[2.147s] INFO:colcon.colcon_core.shell:Creating package script '/home/ahmedk/dev_ws/install/my_own_srv/share/my_own_srv/package.zsh'
[2.148s] Level 1:colcon.colcon_core.environment:create_file_with_runtime_dependencies(/home/ahmedk/dev_ws/install/my_own_srv/share/colcon-core/packages/my_own_srv)
[2.150s] INFO:colcon.colcon_ros.task.ament_python.build:Building ROS package in '/home/ahmedk/dev_ws/src/my_first_py' with build type 'ament_python'
[2.150s] Level 1:colcon.colcon_core.shell:create_environment_hook('my_first_py', 'ament_prefix_path')
[2.153s] INFO:colcon.colcon_core.shell:Creating environment hook '/home/ahmedk/dev_ws/install/my_first_py/share/my_first_py/hook/ament_prefix_path.ps1'
[2.154s] INFO:colcon.colcon_core.shell:Creating environment descriptor '/home/ahmedk/dev_ws/install/my_first_py/share/my_first_py/hook/ament_prefix_path.dsv'
[2.155s] INFO:colcon.colcon_core.shell:Creating environment hook '/home/ahmedk/dev_ws/install/my_first_py/share/my_first_py/hook/ament_prefix_path.sh'
[2.158s] INFO:colcon.colcon_core.shell:Skip shell extension 'powershell' for command environment: Not usable outside of PowerShell
[2.158s] DEBUG:colcon.colcon_core.shell:Skip shell extension 'dsv' for command environment
[2.172s] Level 1:colcon.colcon_core.environment:create_environment_scripts_only(my_bot)
[2.175s] Level 1:colcon.colcon_core.environment:checking '/home/ahmedk/dev_ws/install/my_bot' for CMake module files
[2.178s] Level 1:colcon.colcon_core.environment:checking '/home/ahmedk/dev_ws/install/my_bot' for CMake config files
[2.178s] Level 1:colcon.colcon_core.shell:create_environment_hook('my_bot', 'cmake_prefix_path')
[2.182s] INFO:colcon.colcon_core.shell:Creating environment hook '/home/ahmedk/dev_ws/install/my_bot/share/my_bot/hook/cmake_prefix_path.ps1'
[2.183s] INFO:colcon.colcon_core.shell:Creating environment descriptor '/home/ahmedk/dev_ws/install/my_bot/share/my_bot/hook/cmake_prefix_path.dsv'
[2.184s] INFO:colcon.colcon_core.shell:Creating environment hook '/home/ahmedk/dev_ws/install/my_bot/share/my_bot/hook/cmake_prefix_path.sh'
[2.185s] Level 1:colcon.colcon_core.environment:checking '/home/ahmedk/dev_ws/install/my_bot/bin'
[2.185s] Level 1:colcon.colcon_core.environment:checking '/home/ahmedk/dev_ws/install/my_bot/lib/pkgconfig/my_bot.pc'
[2.185s] Level 1:colcon.colcon_core.environment:checking '/home/ahmedk/dev_ws/install/my_bot/lib/python3.10/site-packages'
[2.186s] Level 1:colcon.colcon_core.environment:checking '/home/ahmedk/dev_ws/install/my_bot/bin'
[2.188s] INFO:colcon.colcon_core.shell:Creating package script '/home/ahmedk/dev_ws/install/my_bot/share/my_bot/package.ps1'
[2.189s] INFO:colcon.colcon_core.shell:Creating package descriptor '/home/ahmedk/dev_ws/install/my_bot/share/my_bot/package.dsv'
[2.190s] INFO:colcon.colcon_core.shell:Creating package script '/home/ahmedk/dev_ws/install/my_bot/share/my_bot/package.sh'
[2.191s] INFO:colcon.colcon_core.shell:Creating package script '/home/ahmedk/dev_ws/install/my_bot/share/my_bot/package.bash'
[2.192s] INFO:colcon.colcon_core.shell:Creating package script '/home/ahmedk/dev_ws/install/my_bot/share/my_bot/package.zsh'
[2.192s] Level 1:colcon.colcon_core.environment:create_file_with_runtime_dependencies(/home/ahmedk/dev_ws/install/my_bot/share/colcon-core/packages/my_bot)
[2.194s] INFO:colcon.colcon_ros.task.ament_cmake.build:Building ROS package in '/home/ahmedk/dev_ws/src/my_package' with build type 'ament_cmake'
[2.195s] INFO:colcon.colcon_cmake.task.cmake.build:Building CMake package in '/home/ahmedk/dev_ws/src/my_package'
[2.197s] INFO:colcon.colcon_core.shell:Skip shell extension 'powershell' for command environment: Not usable outside of PowerShell
[2.197s] DEBUG:colcon.colcon_core.shell:Skip shell extension 'dsv' for command environment
[2.646s] INFO:colcon.colcon_core.task.python.build:Building Python package in '/home/ahmedk/dev_ws/src/my_first_py'
[2.648s] INFO:colcon.colcon_core.shell:Skip shell extension 'powershell' for command environment: Not usable outside of PowerShell
[2.648s] DEBUG:colcon.colcon_core.shell:Skip shell extension 'dsv' for command environment
[2.658s] DEBUG:colcon.colcon_core.event_handler.log_command:Invoking command in '/home/ahmedk/dev_ws/build/my_package': CMAKE_PREFIX_PATH=${CMAKE_PREFIX_PATH}:/home/ahmedk/dev_ws/install/add_two_int_srv:/home/ahmedk/dev_ws/install/my_first_py:/opt/ros/humble /usr/bin/cmake --build /home/ahmedk/dev_ws/build/my_package -- -j2 -l2
[2.719s] DEBUG:colcon.colcon_core.event_handler.log_command:Invoked command in '/home/ahmedk/dev_ws/build/my_package' returned '0': CMAKE_PREFIX_PATH=${CMAKE_PREFIX_PATH}:/home/ahmedk/dev_ws/install/add_two_int_srv:/home/ahmedk/dev_ws/install/my_first_py:/opt/ros/humble /usr/bin/cmake --build /home/ahmedk/dev_ws/build/my_package -- -j2 -l2
[2.751s] DEBUG:colcon.colcon_core.event_handler.log_command:Invoking command in '/home/ahmedk/dev_ws/build/my_package': CMAKE_PREFIX_PATH=${CMAKE_PREFIX_PATH}:/home/ahmedk/dev_ws/install/add_two_int_srv:/home/ahmedk/dev_ws/install/my_first_py:/opt/ros/humble /usr/bin/cmake --install /home/ahmedk/dev_ws/build/my_package
[2.778s] Level 1:colcon.colcon_core.environment:create_environment_scripts_only(my_package)
[2.780s] Level 1:colcon.colcon_core.environment:checking '/home/ahmedk/dev_ws/install/my_package' for CMake module files
[2.781s] Level 1:colcon.colcon_core.environment:checking '/home/ahmedk/dev_ws/install/my_package' for CMake config files
[2.781s] DEBUG:colcon.colcon_core.event_handler.log_command:Invoked command in '/home/ahmedk/dev_ws/build/my_package' returned '0': CMAKE_PREFIX_PATH=${CMAKE_PREFIX_PATH}:/home/ahmedk/dev_ws/install/add_two_int_srv:/home/ahmedk/dev_ws/install/my_first_py:/opt/ros/humble /usr/bin/cmake --install /home/ahmedk/dev_ws/build/my_package
[2.782s] Level 1:colcon.colcon_core.shell:create_environment_hook('my_package', 'cmake_prefix_path')
[2.784s] INFO:colcon.colcon_core.shell:Creating environment hook '/home/ahmedk/dev_ws/install/my_package/share/my_package/hook/cmake_prefix_path.ps1'
[2.785s] INFO:colcon.colcon_core.shell:Creating environment descriptor '/home/ahmedk/dev_ws/install/my_package/share/my_package/hook/cmake_prefix_path.dsv'
[2.785s] INFO:colcon.colcon_core.shell:Creating environment hook '/home/ahmedk/dev_ws/install/my_package/share/my_package/hook/cmake_prefix_path.sh'
[2.786s] Level 1:colcon.colcon_core.environment:checking '/home/ahmedk/dev_ws/install/my_package/bin'
[2.787s] Level 1:colcon.colcon_core.environment:checking '/home/ahmedk/dev_ws/install/my_package/lib/pkgconfig/my_package.pc'
[2.787s] Level 1:colcon.colcon_core.environment:checking '/home/ahmedk/dev_ws/install/my_package/lib/python3.10/site-packages'
[2.787s] Level 1:colcon.colcon_core.environment:checking '/home/ahmedk/dev_ws/install/my_package/bin'
[2.789s] INFO:colcon.colcon_core.shell:Creating package script '/home/ahmedk/dev_ws/install/my_package/share/my_package/package.ps1'
[2.789s] INFO:colcon.colcon_core.shell:Creating package descriptor '/home/ahmedk/dev_ws/install/my_package/share/my_package/package.dsv'
[2.790s] INFO:colcon.colcon_core.shell:Creating package script '/home/ahmedk/dev_ws/install/my_package/share/my_package/package.sh'
[2.790s] INFO:colcon.colcon_core.shell:Creating package script '/home/ahmedk/dev_ws/install/my_package/share/my_package/package.bash'
[2.791s] INFO:colcon.colcon_core.shell:Creating package script '/home/ahmedk/dev_ws/install/my_package/share/my_package/package.zsh'
[2.792s] Level 1:colcon.colcon_core.environment:create_file_with_runtime_dependencies(/home/ahmedk/dev_ws/install/my_package/share/colcon-core/packages/my_package)
[2.840s] Level 1:colcon.colcon_core.environment:create_environment_scripts_only(my_package)
[2.844s] Level 1:colcon.colcon_core.environment:checking '/home/ahmedk/dev_ws/install/my_package' for CMake module files
[2.845s] Level 1:colcon.colcon_core.environment:checking '/home/ahmedk/dev_ws/install/my_package' for CMake config files
[2.845s] Level 1:colcon.colcon_core.shell:create_environment_hook('my_package', 'cmake_prefix_path')
[2.847s] INFO:colcon.colcon_core.shell:Creating environment hook '/home/ahmedk/dev_ws/install/my_package/share/my_package/hook/cmake_prefix_path.ps1'
[2.848s] INFO:colcon.colcon_core.shell:Creating environment descriptor '/home/ahmedk/dev_ws/install/my_package/share/my_package/hook/cmake_prefix_path.dsv'
[2.849s] INFO:colcon.colcon_core.shell:Creating environment hook '/home/ahmedk/dev_ws/install/my_package/share/my_package/hook/cmake_prefix_path.sh'
[2.850s] Level 1:colcon.colcon_core.environment:checking '/home/ahmedk/dev_ws/install/my_package/bin'
[2.850s] Level 1:colcon.colcon_core.environment:checking '/home/ahmedk/dev_ws/install/my_package/lib/pkgconfig/my_package.pc'
[2.850s] Level 1:colcon.colcon_core.environment:checking '/home/ahmedk/dev_ws/install/my_package/lib/python3.10/site-packages'
[2.850s] Level 1:colcon.colcon_core.environment:checking '/home/ahmedk/dev_ws/install/my_package/bin'
[2.853s] INFO:colcon.colcon_core.shell:Creating package script '/home/ahmedk/dev_ws/install/my_package/share/my_package/package.ps1'
[2.855s] INFO:colcon.colcon_core.shell:Creating package descriptor '/home/ahmedk/dev_ws/install/my_package/share/my_package/package.dsv'
[2.855s] INFO:colcon.colcon_core.shell:Creating package script '/home/ahmedk/dev_ws/install/my_package/share/my_package/package.sh'
[2.856s] INFO:colcon.colcon_core.shell:Creating package script '/home/ahmedk/dev_ws/install/my_package/share/my_package/package.bash'
[2.857s] INFO:colcon.colcon_core.shell:Creating package script '/home/ahmedk/dev_ws/install/my_package/share/my_package/package.zsh'
[2.858s] Level 1:colcon.colcon_core.environment:create_file_with_runtime_dependencies(/home/ahmedk/dev_ws/install/my_package/share/colcon-core/packages/my_package)
[2.859s] INFO:colcon.colcon_ros.task.ament_python.build:Building ROS package in '/home/ahmedk/dev_ws/src/add_two_int_srv' with build type 'ament_python'
[2.859s] Level 1:colcon.colcon_core.shell:create_environment_hook('add_two_int_srv', 'ament_prefix_path')
[2.862s] INFO:colcon.colcon_core.shell:Creating environment hook '/home/ahmedk/dev_ws/install/add_two_int_srv/share/add_two_int_srv/hook/ament_prefix_path.ps1'
[2.863s] INFO:colcon.colcon_core.shell:Creating environment descriptor '/home/ahmedk/dev_ws/install/add_two_int_srv/share/add_two_int_srv/hook/ament_prefix_path.dsv'
[2.864s] INFO:colcon.colcon_core.shell:Creating environment hook '/home/ahmedk/dev_ws/install/add_two_int_srv/share/add_two_int_srv/hook/ament_prefix_path.sh'
[2.866s] INFO:colcon.colcon_core.shell:Skip shell extension 'powershell' for command environment: Not usable outside of PowerShell
[2.866s] DEBUG:colcon.colcon_core.shell:Skip shell extension 'dsv' for command environment
[3.379s] INFO:colcon.colcon_core.task.python.build:Building Python package in '/home/ahmedk/dev_ws/src/add_two_int_srv'
[3.381s] INFO:colcon.colcon_core.shell:Skip shell extension 'powershell' for command environment: Not usable outside of PowerShell
[3.381s] DEBUG:colcon.colcon_core.shell:Skip shell extension 'dsv' for command environment
[3.391s] DEBUG:colcon.colcon_core.event_handler.log_command:Invoking command in '/home/ahmedk/dev_ws/build/my_first_py': PYTHONPATH=/home/ahmedk/dev_ws/build/my_first_py/prefix_override:/home/ahmedk/dev_ws/install/my_first_py/lib/python3.10/site-packages:${PYTHONPATH} /usr/bin/python3 setup.py develop --editable --build-directory /home/ahmedk/dev_ws/build/my_first_py/build --no-deps install_data
[3.978s] DEBUG:colcon.colcon_core.event_handler.log_command:Invoking command in '/home/ahmedk/dev_ws/build/add_two_int_srv': CMAKE_PREFIX_PATH=/home/ahmedk/dev_ws/install/my_own_srv:/home/ahmedk/dev_ws/install/turtlebot3_simulations:/home/ahmedk/dev_ws/install/turtlebot3_gazebo:/home/ahmedk/dev_ws/install/turtlebot3_fake_node:/home/ahmedk/dev_ws/install/my_package:/home/ahmedk/dev_ws/install/my_bot PYTHONPATH=/home/ahmedk/dev_ws/build/add_two_int_srv/prefix_override:/home/ahmedk/dev_ws/install/add_two_int_srv/lib/python3.10/site-packages:${PYTHONPATH} /usr/bin/python3 setup.py develop --editable --build-directory /home/ahmedk/dev_ws/build/add_two_int_srv/build --no-deps install_data
[4.147s] Level 1:colcon.colcon_core.shell:create_environment_hook('my_first_py', 'pythonpath_develop')
[4.149s] INFO:colcon.colcon_core.shell:Creating environment hook '/home/ahmedk/dev_ws/build/my_first_py/share/my_first_py/hook/pythonpath_develop.ps1'
[4.150s] DEBUG:colcon.colcon_core.event_handler.log_command:Invoked command in '/home/ahmedk/dev_ws/build/my_first_py' returned '0': PYTHONPATH=/home/ahmedk/dev_ws/build/my_first_py/prefix_override:/home/ahmedk/dev_ws/install/my_first_py/lib/python3.10/site-packages:${PYTHONPATH} /usr/bin/python3 setup.py develop --editable --build-directory /home/ahmedk/dev_ws/build/my_first_py/build --no-deps install_data
[4.151s] INFO:colcon.colcon_core.shell:Creating environment descriptor '/home/ahmedk/dev_ws/build/my_first_py/share/my_first_py/hook/pythonpath_develop.dsv'
[4.152s] INFO:colcon.colcon_core.shell:Creating environment hook '/home/ahmedk/dev_ws/build/my_first_py/share/my_first_py/hook/pythonpath_develop.sh'
[4.155s] Level 1:colcon.colcon_core.environment:checking '/home/ahmedk/dev_ws/install/my_first_py' for CMake module files
[4.156s] Level 1:colcon.colcon_core.environment:checking '/home/ahmedk/dev_ws/install/my_first_py' for CMake config files
[4.156s] Level 1:colcon.colcon_core.environment:checking '/home/ahmedk/dev_ws/install/my_first_py/lib'
[4.157s] Level 1:colcon.colcon_core.environment:checking '/home/ahmedk/dev_ws/install/my_first_py/bin'
[4.157s] Level 1:colcon.colcon_core.environment:checking '/home/ahmedk/dev_ws/install/my_first_py/lib/pkgconfig/my_first_py.pc'
[4.157s] Level 1:colcon.colcon_core.environment:checking '/home/ahmedk/dev_ws/install/my_first_py/lib/python3.10/site-packages'
[4.157s] Level 1:colcon.colcon_core.shell:create_environment_hook('my_first_py', 'pythonpath')
[4.159s] INFO:colcon.colcon_core.shell:Creating environment hook '/home/ahmedk/dev_ws/install/my_first_py/share/my_first_py/hook/pythonpath.ps1'
[4.160s] INFO:colcon.colcon_core.shell:Creating environment descriptor '/home/ahmedk/dev_ws/install/my_first_py/share/my_first_py/hook/pythonpath.dsv'
[4.161s] INFO:colcon.colcon_core.shell:Creating environment hook '/home/ahmedk/dev_ws/install/my_first_py/share/my_first_py/hook/pythonpath.sh'
[4.161s] Level 1:colcon.colcon_core.environment:checking '/home/ahmedk/dev_ws/install/my_first_py/bin'
[4.161s] Level 1:colcon.colcon_core.environment:create_environment_scripts_only(my_first_py)
[4.163s] INFO:colcon.colcon_core.shell:Creating package script '/home/ahmedk/dev_ws/install/my_first_py/share/my_first_py/package.ps1'
[4.164s] INFO:colcon.colcon_core.shell:Creating package descriptor '/home/ahmedk/dev_ws/install/my_first_py/share/my_first_py/package.dsv'
[4.165s] INFO:colcon.colcon_core.shell:Creating package script '/home/ahmedk/dev_ws/install/my_first_py/share/my_first_py/package.sh'
[4.166s] INFO:colcon.colcon_core.shell:Creating package script '/home/ahmedk/dev_ws/install/my_first_py/share/my_first_py/package.bash'
[4.166s] INFO:colcon.colcon_core.shell:Creating package script '/home/ahmedk/dev_ws/install/my_first_py/share/my_first_py/package.zsh'
[4.167s] Level 1:colcon.colcon_core.environment:create_file_with_runtime_dependencies(/home/ahmedk/dev_ws/install/my_first_py/share/colcon-core/packages/my_first_py)
[4.168s] INFO:colcon.colcon_ros.task.ament_cmake.build:Building ROS package in '/home/ahmedk/dev_ws/src/turtlebot3_simulations/turtlebot3_simulations' with build type 'ament_cmake'
[4.168s] INFO:colcon.colcon_cmake.task.cmake.build:Building CMake package in '/home/ahmedk/dev_ws/src/turtlebot3_simulations/turtlebot3_simulations'
[4.169s] INFO:colcon.colcon_core.shell:Skip shell extension 'powershell' for command environment: Not usable outside of PowerShell
[4.169s] DEBUG:colcon.colcon_core.shell:Skip shell extension 'dsv' for command environment
[4.189s] DEBUG:colcon.colcon_core.event_handler.log_command:Invoking command in '/home/ahmedk/dev_ws/build/turtlebot3_simulations': CMAKE_PREFIX_PATH=/home/ahmedk/dev_ws/install/turtlebot3_gazebo:/home/ahmedk/dev_ws/install/turtlebot3_fake_node:/home/ahmedk/dev_ws/install/turtlebot3_simulations:/home/ahmedk/dev_ws/install/my_package:/home/ahmedk/dev_ws/install/my_own_srv:/home/ahmedk/dev_ws/install/my_bot:/home/ahmedk/dev_ws/install/add_two_int_srv:/home/ahmedk/dev_ws/install/my_first_py:/opt/ros/humble /usr/bin/cmake --build /home/ahmedk/dev_ws/build/turtlebot3_simulations -- -j2 -l2
[4.287s] DEBUG:colcon.colcon_core.event_handler.log_command:Invoked command in '/home/ahmedk/dev_ws/build/turtlebot3_simulations' returned '0': CMAKE_PREFIX_PATH=/home/ahmedk/dev_ws/install/turtlebot3_gazebo:/home/ahmedk/dev_ws/install/turtlebot3_fake_node:/home/ahmedk/dev_ws/install/turtlebot3_simulations:/home/ahmedk/dev_ws/install/my_package:/home/ahmedk/dev_ws/install/my_own_srv:/home/ahmedk/dev_ws/install/my_bot:/home/ahmedk/dev_ws/install/add_two_int_srv:/home/ahmedk/dev_ws/install/my_first_py:/opt/ros/humble /usr/bin/cmake --build /home/ahmedk/dev_ws/build/turtlebot3_simulations -- -j2 -l2
[4.360s] DEBUG:colcon.colcon_core.event_handler.log_command:Invoking command in '/home/ahmedk/dev_ws/build/turtlebot3_simulations': CMAKE_PREFIX_PATH=/home/ahmedk/dev_ws/install/turtlebot3_gazebo:/home/ahmedk/dev_ws/install/turtlebot3_fake_node:/home/ahmedk/dev_ws/install/turtlebot3_simulations:/home/ahmedk/dev_ws/install/my_package:/home/ahmedk/dev_ws/install/my_own_srv:/home/ahmedk/dev_ws/install/my_bot:/home/ahmedk/dev_ws/install/add_two_int_srv:/home/ahmedk/dev_ws/install/my_first_py:/opt/ros/humble /usr/bin/cmake --install /home/ahmedk/dev_ws/build/turtlebot3_simulations
[4.396s] Level 1:colcon.colcon_core.environment:create_environment_scripts_only(turtlebot3_simulations)
[4.399s] Level 1:colcon.colcon_core.environment:checking '/home/ahmedk/dev_ws/install/turtlebot3_simulations' for CMake module files
[4.400s] DEBUG:colcon.colcon_core.event_handler.log_command:Invoked command in '/home/ahmedk/dev_ws/build/turtlebot3_simulations' returned '0': CMAKE_PREFIX_PATH=/home/ahmedk/dev_ws/install/turtlebot3_gazebo:/home/ahmedk/dev_ws/install/turtlebot3_fake_node:/home/ahmedk/dev_ws/install/turtlebot3_simulations:/home/ahmedk/dev_ws/install/my_package:/home/ahmedk/dev_ws/install/my_own_srv:/home/ahmedk/dev_ws/install/my_bot:/home/ahmedk/dev_ws/install/add_two_int_srv:/home/ahmedk/dev_ws/install/my_first_py:/opt/ros/humble /usr/bin/cmake --install /home/ahmedk/dev_ws/build/turtlebot3_simulations
[4.400s] Level 1:colcon.colcon_core.environment:checking '/home/ahmedk/dev_ws/install/turtlebot3_simulations' for CMake config files
[4.401s] Level 1:colcon.colcon_core.shell:create_environment_hook('turtlebot3_simulations', 'cmake_prefix_path')
[4.403s] INFO:colcon.colcon_core.shell:Creating environment hook '/home/ahmedk/dev_ws/install/turtlebot3_simulations/share/turtlebot3_simulations/hook/cmake_prefix_path.ps1'
[4.404s] INFO:colcon.colcon_core.shell:Creating environment descriptor '/home/ahmedk/dev_ws/install/turtlebot3_simulations/share/turtlebot3_simulations/hook/cmake_prefix_path.dsv'
[4.404s] INFO:colcon.colcon_core.shell:Creating environment hook '/home/ahmedk/dev_ws/install/turtlebot3_simulations/share/turtlebot3_simulations/hook/cmake_prefix_path.sh'
[4.405s] Level 1:colcon.colcon_core.environment:checking '/home/ahmedk/dev_ws/install/turtlebot3_simulations/bin'
[4.405s] Level 1:colcon.colcon_core.environment:checking '/home/ahmedk/dev_ws/install/turtlebot3_simulations/lib/pkgconfig/turtlebot3_simulations.pc'
[4.405s] Level 1:colcon.colcon_core.environment:checking '/home/ahmedk/dev_ws/install/turtlebot3_simulations/lib/python3.10/site-packages'
[4.407s] Level 1:colcon.colcon_core.environment:checking '/home/ahmedk/dev_ws/install/turtlebot3_simulations/bin'
[4.408s] INFO:colcon.colcon_core.shell:Creating package script '/home/ahmedk/dev_ws/install/turtlebot3_simulations/share/turtlebot3_simulations/package.ps1'
[4.409s] INFO:colcon.colcon_core.shell:Creating package descriptor '/home/ahmedk/dev_ws/install/turtlebot3_simulations/share/turtlebot3_simulations/package.dsv'
[4.410s] INFO:colcon.colcon_core.shell:Creating package script '/home/ahmedk/dev_ws/install/turtlebot3_simulations/share/turtlebot3_simulations/package.sh'
[4.410s] INFO:colcon.colcon_core.shell:Creating package script '/home/ahmedk/dev_ws/install/turtlebot3_simulations/share/turtlebot3_simulations/package.bash'
[4.411s] INFO:colcon.colcon_core.shell:Creating package script '/home/ahmedk/dev_ws/install/turtlebot3_simulations/share/turtlebot3_simulations/package.zsh'
[4.411s] Level 1:colcon.colcon_core.environment:create_file_with_runtime_dependencies(/home/ahmedk/dev_ws/install/turtlebot3_simulations/share/colcon-core/packages/turtlebot3_simulations)
[4.451s] Level 1:colcon.colcon_core.environment:create_environment_scripts_only(turtlebot3_simulations)
[4.454s] Level 1:colcon.colcon_core.environment:checking '/home/ahmedk/dev_ws/install/turtlebot3_simulations' for CMake module files
[4.454s] Level 1:colcon.colcon_core.environment:checking '/home/ahmedk/dev_ws/install/turtlebot3_simulations' for CMake config files
[4.454s] Level 1:colcon.colcon_core.shell:create_environment_hook('turtlebot3_simulations', 'cmake_prefix_path')
[4.456s] INFO:colcon.colcon_core.shell:Creating environment hook '/home/ahmedk/dev_ws/install/turtlebot3_simulations/share/turtlebot3_simulations/hook/cmake_prefix_path.ps1'
[4.457s] INFO:colcon.colcon_core.shell:Creating environment descriptor '/home/ahmedk/dev_ws/install/turtlebot3_simulations/share/turtlebot3_simulations/hook/cmake_prefix_path.dsv'
[4.458s] INFO:colcon.colcon_core.shell:Creating environment hook '/home/ahmedk/dev_ws/install/turtlebot3_simulations/share/turtlebot3_simulations/hook/cmake_prefix_path.sh'
[4.459s] Level 1:colcon.colcon_core.environment:checking '/home/ahmedk/dev_ws/install/turtlebot3_simulations/bin'
[4.459s] Level 1:colcon.colcon_core.environment:checking '/home/ahmedk/dev_ws/install/turtlebot3_simulations/lib/pkgconfig/turtlebot3_simulations.pc'
[4.459s] Level 1:colcon.colcon_core.environment:checking '/home/ahmedk/dev_ws/install/turtlebot3_simulations/lib/python3.10/site-packages'
[4.460s] Level 1:colcon.colcon_core.environment:checking '/home/ahmedk/dev_ws/install/turtlebot3_simulations/bin'
[4.461s] INFO:colcon.colcon_core.shell:Creating package script '/home/ahmedk/dev_ws/install/turtlebot3_simulations/share/turtlebot3_simulations/package.ps1'
[4.462s] INFO:colcon.colcon_core.shell:Creating package descriptor '/home/ahmedk/dev_ws/install/turtlebot3_simulations/share/turtlebot3_simulations/package.dsv'
[4.463s] INFO:colcon.colcon_core.shell:Creating package script '/home/ahmedk/dev_ws/install/turtlebot3_simulations/share/turtlebot3_simulations/package.sh'
[4.463s] INFO:colcon.colcon_core.shell:Creating package script '/home/ahmedk/dev_ws/install/turtlebot3_simulations/share/turtlebot3_simulations/package.bash'
[4.464s] INFO:colcon.colcon_core.shell:Creating package script '/home/ahmedk/dev_ws/install/turtlebot3_simulations/share/turtlebot3_simulations/package.zsh'
[4.465s] Level 1:colcon.colcon_core.environment:create_file_with_runtime_dependencies(/home/ahmedk/dev_ws/install/turtlebot3_simulations/share/colcon-core/packages/turtlebot3_simulations)
[4.851s] Level 1:colcon.colcon_core.shell:create_environment_hook('add_two_int_srv', 'pythonpath_develop')
[4.854s] INFO:colcon.colcon_core.shell:Creating environment hook '/home/ahmedk/dev_ws/build/add_two_int_srv/share/add_two_int_srv/hook/pythonpath_develop.ps1'
[4.855s] DEBUG:colcon.colcon_core.event_handler.log_command:Invoked command in '/home/ahmedk/dev_ws/build/add_two_int_srv' returned '0': CMAKE_PREFIX_PATH=/home/ahmedk/dev_ws/install/my_own_srv:/home/ahmedk/dev_ws/install/turtlebot3_simulations:/home/ahmedk/dev_ws/install/turtlebot3_gazebo:/home/ahmedk/dev_ws/install/turtlebot3_fake_node:/home/ahmedk/dev_ws/install/my_package:/home/ahmedk/dev_ws/install/my_bot PYTHONPATH=/home/ahmedk/dev_ws/build/add_two_int_srv/prefix_override:/home/ahmedk/dev_ws/install/add_two_int_srv/lib/python3.10/site-packages:${PYTHONPATH} /usr/bin/python3 setup.py develop --editable --build-directory /home/ahmedk/dev_ws/build/add_two_int_srv/build --no-deps install_data
[4.856s] INFO:colcon.colcon_core.shell:Creating environment descriptor '/home/ahmedk/dev_ws/build/add_two_int_srv/share/add_two_int_srv/hook/pythonpath_develop.dsv'
[4.857s] INFO:colcon.colcon_core.shell:Creating environment hook '/home/ahmedk/dev_ws/build/add_two_int_srv/share/add_two_int_srv/hook/pythonpath_develop.sh'
[4.861s] Level 1:colcon.colcon_core.environment:checking '/home/ahmedk/dev_ws/install/add_two_int_srv' for CMake module files
[4.862s] Level 1:colcon.colcon_core.environment:checking '/home/ahmedk/dev_ws/install/add_two_int_srv' for CMake config files
[4.862s] Level 1:colcon.colcon_core.environment:checking '/home/ahmedk/dev_ws/install/add_two_int_srv/lib'
[4.862s] Level 1:colcon.colcon_core.environment:checking '/home/ahmedk/dev_ws/install/add_two_int_srv/bin'
[4.862s] Level 1:colcon.colcon_core.environment:checking '/home/ahmedk/dev_ws/install/add_two_int_srv/lib/pkgconfig/add_two_int_srv.pc'
[4.863s] Level 1:colcon.colcon_core.environment:checking '/home/ahmedk/dev_ws/install/add_two_int_srv/lib/python3.10/site-packages'
[4.863s] Level 1:colcon.colcon_core.shell:create_environment_hook('add_two_int_srv', 'pythonpath')
[4.865s] INFO:colcon.colcon_core.shell:Creating environment hook '/home/ahmedk/dev_ws/install/add_two_int_srv/share/add_two_int_srv/hook/pythonpath.ps1'
[4.866s] INFO:colcon.colcon_core.shell:Creating environment descriptor '/home/ahmedk/dev_ws/install/add_two_int_srv/share/add_two_int_srv/hook/pythonpath.dsv'
[4.866s] INFO:colcon.colcon_core.shell:Creating environment hook '/home/ahmedk/dev_ws/install/add_two_int_srv/share/add_two_int_srv/hook/pythonpath.sh'
[4.867s] Level 1:colcon.colcon_core.environment:checking '/home/ahmedk/dev_ws/install/add_two_int_srv/bin'
[4.867s] Level 1:colcon.colcon_core.environment:create_environment_scripts_only(add_two_int_srv)
[4.869s] INFO:colcon.colcon_core.shell:Creating package script '/home/ahmedk/dev_ws/install/add_two_int_srv/share/add_two_int_srv/package.ps1'
[4.870s] INFO:colcon.colcon_core.shell:Creating package descriptor '/home/ahmedk/dev_ws/install/add_two_int_srv/share/add_two_int_srv/package.dsv'
[4.871s] INFO:colcon.colcon_core.shell:Creating package script '/home/ahmedk/dev_ws/install/add_two_int_srv/share/add_two_int_srv/package.sh'
[4.874s] INFO:colcon.colcon_core.shell:Creating package script '/home/ahmedk/dev_ws/install/add_two_int_srv/share/add_two_int_srv/package.bash'
[4.874s] INFO:colcon.colcon_core.shell:Creating package script '/home/ahmedk/dev_ws/install/add_two_int_srv/share/add_two_int_srv/package.zsh'
[4.875s] Level 1:colcon.colcon_core.environment:create_file_with_runtime_dependencies(/home/ahmedk/dev_ws/install/add_two_int_srv/share/colcon-core/packages/add_two_int_srv)
[4.876s] DEBUG:colcon.colcon_parallel_executor.executor.parallel:closing loop
[4.876s] DEBUG:colcon.colcon_parallel_executor.executor.parallel:loop closed
[4.877s] DEBUG:colcon.colcon_parallel_executor.executor.parallel:run_until_complete finished with '0'
[4.877s] DEBUG:colcon.colcon_core.event_reactor:joining thread
[4.886s] INFO:colcon.colcon_core.plugin_system:Skipping extension 'colcon_notification.desktop_notification.terminal_notifier': Not used on non-Darwin systems
[4.886s] INFO:colcon.colcon_core.plugin_system:Skipping extension 'colcon_notification.desktop_notification.win32': Not used on non-Windows systems
[4.886s] INFO:colcon.colcon_notification.desktop_notification:Sending desktop notification using 'notify2'
[4.909s] DEBUG:colcon.colcon_core.event_reactor:joined thread
[4.911s] INFO:colcon.colcon_core.shell:Creating prefix script '/home/ahmedk/dev_ws/install/local_setup.ps1'
[4.913s] INFO:colcon.colcon_core.shell:Creating prefix util module '/home/ahmedk/dev_ws/install/_local_setup_util_ps1.py'
[4.915s] INFO:colcon.colcon_core.shell:Creating prefix chain script '/home/ahmedk/dev_ws/install/setup.ps1'
[4.918s] INFO:colcon.colcon_core.shell:Creating prefix script '/home/ahmedk/dev_ws/install/local_setup.sh'
[4.919s] INFO:colcon.colcon_core.shell:Creating prefix util module '/home/ahmedk/dev_ws/install/_local_setup_util_sh.py'
[4.920s] INFO:colcon.colcon_core.shell:Creating prefix chain script '/home/ahmedk/dev_ws/install/setup.sh'
[4.923s] INFO:colcon.colcon_core.shell:Creating prefix script '/home/ahmedk/dev_ws/install/local_setup.bash'
[4.924s] INFO:colcon.colcon_core.shell:Creating prefix chain script '/home/ahmedk/dev_ws/install/setup.bash'
[4.927s] INFO:colcon.colcon_core.shell:Creating prefix script '/home/ahmedk/dev_ws/install/local_setup.zsh'
[4.929s] INFO:colcon.colcon_core.shell:Creating prefix chain script '/home/ahmedk/dev_ws/install/setup.zsh'
