[0.034s] Invoking command in '/home/ahmedk/dev_ws/build/my_own_srv': CMAKE_PREFIX_PATH=${CMAKE_PREFIX_PATH}:/home/ahmedk/dev_ws/install/my_first_py:/opt/ros/humble /usr/bin/cmake /home/ahmedk/dev_ws/src/my_own_srv -DAMENT_CMAKE_SYMLINK_INSTALL=1 -DCMAKE_INSTALL_PREFIX=/home/ahmedk/dev_ws/install/my_own_srv
[0.240s] -- The C compiler identification is GNU 11.4.0
[0.381s] -- The CXX compiler identification is GNU 11.4.0
[0.399s] -- Detecting C compiler ABI info
[0.642s] -- Detecting C compiler ABI info - done
[0.653s] -- Check for working C compiler: /usr/bin/cc - skipped
[0.653s] -- Detecting C compile features
[0.654s] -- Detecting C compile features - done
[0.662s] -- Detecting CXX compiler ABI info
[0.931s] -- Detecting CXX compiler ABI info - done
[0.939s] -- Check for working CXX compiler: /usr/bin/c++ - skipped
[0.940s] -- Detecting CXX compile features
[0.947s] -- Detecting CXX compile features - done
[0.970s] -- Found ament_cmake: 1.3.5 (/opt/ros/humble/share/ament_cmake/cmake)
[1.273s] -- Found Python3: /usr/bin/python3.10 (found version "3.10.12") found components: Interpreter 
[1.428s] -- Override CMake install command with custom implementation using symlinks instead of copying resources
[1.508s] -- Found std_msgs: 4.2.3 (/opt/ros/humble/share/std_msgs/cmake)
[1.585s] -- Found rosidl_generator_c: 3.1.5 (/opt/ros/humble/share/rosidl_generator_c/cmake)
[1.593s] -- Found rosidl_adapter: 3.1.5 (/opt/ros/humble/share/rosidl_adapter/cmake)
[1.606s] -- Found rosidl_generator_cpp: 3.1.5 (/opt/ros/humble/share/rosidl_generator_cpp/cmake)
[1.629s] -- Using all available rosidl_typesupport_c: rosidl_typesupport_fastrtps_c;rosidl_typesupport_introspection_c
[1.662s] -- Using all available rosidl_typesupport_cpp: rosidl_typesupport_fastrtps_cpp;rosidl_typesupport_introspection_cpp
[1.747s] -- Found rosidl_default_generators: 1.2.0 (/opt/ros/humble/share/rosidl_default_generators/cmake)
[1.974s] [31mCMake Error at /opt/ros/humble/share/rosidl_adapter/cmake/rosidl_adapt_interfaces.cmake:59 (message):
[1.974s]   execute_process(/usr/bin/python3.10 -m rosidl_adapter --package-name
[1.974s]   my_own_srv --arguments-file
[1.974s]   /home/ahmedk/dev_ws/build/my_own_srv/rosidl_adapter__arguments__my_own_srv.json
[1.975s]   --output-dir /home/ahmedk/dev_ws/build/my_own_srv/rosidl_adapter/my_own_srv
[1.975s]   --output-file
[1.975s]   /home/ahmedk/dev_ws/build/my_own_srv/rosidl_adapter/my_own_srv.idls)
[1.975s]   returned error code 1:
[1.975s] 
[1.975s]   Traceback (most recent call last):
[1.975s] 
[1.975s]     File "/usr/lib/python3.10/runpy.py", line 196, in _run_module_as_main
[1.975s]       return _run_code(code, main_globals, None,
[1.976s]     File "/usr/lib/python3.10/runpy.py", line 86, in _run_code
[1.976s]       exec(code, run_globals)
[1.976s]     File "/opt/ros/humble/local/lib/python3.10/dist-packages/rosidl_adapter/__main__.py", line 19, in <module>
[1.976s]       sys.exit(main())
[1.976s]     File "/opt/ros/humble/local/lib/python3.10/dist-packages/rosidl_adapter/main.py", line 53, in main
[1.976s]       abs_idl_file = convert_to_idl(
[1.976s]     File "/opt/ros/humble/local/lib/python3.10/dist-packages/rosidl_adapter/__init__.py", line 24, in convert_to_idl
[1.976s]       return convert_srv_to_idl(
[1.976s]     File "/opt/ros/humble/local/lib/python3.10/dist-packages/rosidl_adapter/srv/__init__.py", line 28, in convert_srv_to_idl
[1.976s]       srv = parse_service_string(package_name, input_file.stem, content)
[1.980s]     File "/opt/ros/humble/local/lib/python3.10/dist-packages/rosidl_adapter/parser.py", line 859, in parse_service_string
[1.980s]       request_message = parse_message_string(
[1.980s]     File "/opt/ros/humble/local/lib/python3.10/dist-packages/rosidl_adapter/parser.py", line 544, in parse_message_string
[1.980s]       msg = MessageSpecification(pkg_name, msg_name, fields, constants)
[1.980s]     File "/opt/ros/humble/local/lib/python3.10/dist-packages/rosidl_adapter/parser.py", line 388, in __init__
[1.981s]       self.base_type = BaseType(
[1.981s]     File "/opt/ros/humble/local/lib/python3.10/dist-packages/rosidl_adapter/parser.py", line 205, in __init__
[1.981s]       raise InvalidResourceName(
[1.981s] 
[1.981s]   rosidl_adapter.parser.InvalidResourceName: 'add_Request' is an invalid
[1.981s]   message name.  It should have the pattern '^[A-Z][A-Za-z0-9]*$'
[1.981s] 
[1.981s] Call Stack (most recent call first):
[1.981s]   /opt/ros/humble/share/rosidl_cmake/cmake/rosidl_generate_interfaces.cmake:130 (rosidl_adapt_interfaces)
[1.981s]   CMakeLists.txt:16 (rosidl_generate_interfaces)
[1.981s] 
[1.981s] [0m
[1.981s] -- Configuring incomplete, errors occurred!
[1.981s] See also "/home/ahmedk/dev_ws/build/my_own_srv/CMakeFiles/CMakeOutput.log".
[1.987s] Invoked command in '/home/ahmedk/dev_ws/build/my_own_srv' returned '1': CMAKE_PREFIX_PATH=${CMAKE_PREFIX_PATH}:/home/ahmedk/dev_ws/install/my_first_py:/opt/ros/humble /usr/bin/cmake /home/ahmedk/dev_ws/src/my_own_srv -DAMENT_CMAKE_SYMLINK_INSTALL=1 -DCMAKE_INSTALL_PREFIX=/home/ahmedk/dev_ws/install/my_own_srv
