running develop
running egg_info
creating add_two_int_srv.egg-info
writing add_two_int_srv.egg-info/PKG-INFO
writing dependency_links to add_two_int_srv.egg-info/dependency_links.txt
writing entry points to add_two_int_srv.egg-info/entry_points.txt
writing requirements to add_two_int_srv.egg-info/requires.txt
writing top-level names to add_two_int_srv.egg-info/top_level.txt
writing manifest file 'add_two_int_srv.egg-info/SOURCES.txt'
reading manifest file 'add_two_int_srv.egg-info/SOURCES.txt'
writing manifest file 'add_two_int_srv.egg-info/SOURCES.txt'
running build_ext
Creating /home/ahmedk/dev_ws/install/add_two_int_srv/lib/python3.10/site-packages/add-two-int-srv.egg-link (link to .)

Installed /home/ahmedk/dev_ws/build/add_two_int_srv
running install_data
creating /home/ahmedk/dev_ws/install/add_two_int_srv/share/ament_index
creating /home/ahmedk/dev_ws/install/add_two_int_srv/share/ament_index/resource_index
creating /home/ahmedk/dev_ws/install/add_two_int_srv/share/ament_index/resource_index/packages
copying resource/add_two_int_srv -> /home/ahmedk/dev_ws/install/add_two_int_srv/share/ament_index/resource_index/packages
copying package.xml -> /home/ahmedk/dev_ws/install/add_two_int_srv/share/add_two_int_srv
