[0.023s] Invoking command in '/home/ahmedk/dev_ws/build/turtlebot3_simulations': CMAKE_PREFIX_PATH=/home/ahmedk/dev_ws/install/turtlebot3_gazebo:/home/ahmedk/dev_ws/install/turtlebot3_fake_node:/home/ahmedk/dev_ws/install/turtlebot3_simulations:/home/ahmedk/dev_ws/install/my_package:/home/ahmedk/dev_ws/install/my_own_srv:/home/ahmedk/dev_ws/install/my_first_py:/opt/ros/humble /usr/bin/cmake --build /home/ahmedk/dev_ws/build/turtlebot3_simulations -- -j2 -l2
[0.101s] Invoked command in '/home/ahmedk/dev_ws/build/turtlebot3_simulations' returned '0': CMAKE_PREFIX_PATH=/home/ahmedk/dev_ws/install/turtlebot3_gazebo:/home/ahmedk/dev_ws/install/turtlebot3_fake_node:/home/ahmedk/dev_ws/install/turtlebot3_simulations:/home/ahmedk/dev_ws/install/my_package:/home/ahmedk/dev_ws/install/my_own_srv:/home/ahmedk/dev_ws/install/my_first_py:/opt/ros/humble /usr/bin/cmake --build /home/ahmedk/dev_ws/build/turtlebot3_simulations -- -j2 -l2
[0.143s] Invoking command in '/home/ahmedk/dev_ws/build/turtlebot3_simulations': CMAKE_PREFIX_PATH=/home/ahmedk/dev_ws/install/turtlebot3_gazebo:/home/ahmedk/dev_ws/install/turtlebot3_fake_node:/home/ahmedk/dev_ws/install/turtlebot3_simulations:/home/ahmedk/dev_ws/install/my_package:/home/ahmedk/dev_ws/install/my_own_srv:/home/ahmedk/dev_ws/install/my_first_py:/opt/ros/humble /usr/bin/cmake --install /home/ahmedk/dev_ws/build/turtlebot3_simulations
[0.157s] -- Install configuration: ""
[0.157s] -- Execute custom install script
[0.157s] -- Up-to-date symlink: /home/ahmedk/dev_ws/install/turtlebot3_simulations/share/ament_index/resource_index/package_run_dependencies/turtlebot3_simulations
[0.158s] -- Up-to-date symlink: /home/ahmedk/dev_ws/install/turtlebot3_simulations/share/ament_index/resource_index/parent_prefix_path/turtlebot3_simulations
[0.158s] -- Up-to-date symlink: /home/ahmedk/dev_ws/install/turtlebot3_simulations/share/turtlebot3_simulations/environment/ament_prefix_path.sh
[0.159s] -- Up-to-date symlink: /home/ahmedk/dev_ws/install/turtlebot3_simulations/share/turtlebot3_simulations/environment/ament_prefix_path.dsv
[0.159s] -- Up-to-date symlink: /home/ahmedk/dev_ws/install/turtlebot3_simulations/share/turtlebot3_simulations/environment/path.sh
[0.160s] -- Up-to-date symlink: /home/ahmedk/dev_ws/install/turtlebot3_simulations/share/turtlebot3_simulations/environment/path.dsv
[0.160s] -- Up-to-date symlink: /home/ahmedk/dev_ws/install/turtlebot3_simulations/share/turtlebot3_simulations/local_setup.bash
[0.161s] -- Up-to-date symlink: /home/ahmedk/dev_ws/install/turtlebot3_simulations/share/turtlebot3_simulations/local_setup.sh
[0.161s] -- Up-to-date symlink: /home/ahmedk/dev_ws/install/turtlebot3_simulations/share/turtlebot3_simulations/local_setup.zsh
[0.162s] -- Up-to-date symlink: /home/ahmedk/dev_ws/install/turtlebot3_simulations/share/turtlebot3_simulations/local_setup.dsv
[0.162s] -- Symlinking: /home/ahmedk/dev_ws/install/turtlebot3_simulations/share/turtlebot3_simulations/package.dsv
[0.175s] -- Up-to-date symlink: /home/ahmedk/dev_ws/install/turtlebot3_simulations/share/ament_index/resource_index/packages/turtlebot3_simulations
[0.176s] -- Up-to-date symlink: /home/ahmedk/dev_ws/install/turtlebot3_simulations/share/turtlebot3_simulations/cmake/turtlebot3_simulationsConfig.cmake
[0.176s] -- Up-to-date symlink: /home/ahmedk/dev_ws/install/turtlebot3_simulations/share/turtlebot3_simulations/cmake/turtlebot3_simulationsConfig-version.cmake
[0.176s] -- Up-to-date symlink: /home/ahmedk/dev_ws/install/turtlebot3_simulations/share/turtlebot3_simulations/package.xml
[0.184s] Invoked command in '/home/ahmedk/dev_ws/build/turtlebot3_simulations' returned '0': CMAKE_PREFIX_PATH=/home/ahmedk/dev_ws/install/turtlebot3_gazebo:/home/ahmedk/dev_ws/install/turtlebot3_fake_node:/home/ahmedk/dev_ws/install/turtlebot3_simulations:/home/ahmedk/dev_ws/install/my_package:/home/ahmedk/dev_ws/install/my_own_srv:/home/ahmedk/dev_ws/install/my_first_py:/opt/ros/humble /usr/bin/cmake --install /home/ahmedk/dev_ws/build/turtlebot3_simulations
