[0.131s] Invoking command in '/home/ahmedk/dev_ws/build/turtlebot3_gazebo': CMAKE_PREFIX_PATH=${CMAKE_PREFIX_PATH}:/home/ahmedk/dev_ws/install/add_two_int_srv:/home/ahmedk/dev_ws/install/my_first_py:/opt/ros/humble /usr/bin/cmake /home/ahmedk/dev_ws/src/turtlebot3_simulations/turtlebot3_gazebo -DCMAKE_INSTALL_PREFIX=/home/ahmedk/dev_ws/install/turtlebot3_gazebo
[0.194s] -- Found ament_cmake: 1.3.6 (/opt/ros/humble/share/ament_cmake/cmake)
[0.390s] -- Override CMake install command with custom implementation using symlinks instead of copying resources
[0.431s] [33mCMake Warning (dev) at /usr/share/cmake-3.22/Modules/FindPackageHandleStandardArgs.cmake:438 (message):
[0.431s]   The package name passed to `find_package_handle_standard_args` (PkgConfig)
[0.431s]   does not match the name of the calling package (gazebo).  This can lead to
[0.431s]   problems in calling code that expects `find_package` result variables
[0.431s]   (e.g., `_FOUND`) to follow a certain pattern.
[0.431s] Call Stack (most recent call first):
[0.431s]   /usr/share/cmake-3.22/Modules/FindPkgConfig.cmake:99 (find_package_handle_standard_args)
[0.432s]   /usr/lib/x86_64-linux-gnu/cmake/gazebo/gazebo-config.cmake:72 (include)
[0.432s]   CMakeLists.txt:23 (find_package)
[0.432s] This warning is for project developers.  Use -Wno-dev to suppress it.
[0.432s] [0m
[0.486s] -- Found DART: /usr/include (Required is at least version "6.6") found components: dart 
[0.569s] -- Found Protobuf: /usr/lib/x86_64-linux-gnu/libprotobuf.so (found version "3.12.4") 
[0.573s] -- Looking for ignition-math6 -- found version 6.15.0
[0.584s] -- Searching for dependencies of ignition-math6
[0.588s] -- Looking for OGRE...
[0.597s] -- Found Ogre Ghadamon (1.9.0)
[0.598s] -- Found OGRE: optimized;/usr/lib/x86_64-linux-gnu/libOgreMain.so;debug;/usr/lib/x86_64-linux-gnu/libOgreMain.so
[0.610s] -- Looking for OGRE_Paging...
[0.618s] -- Found OGRE_Paging: optimized;/usr/lib/x86_64-linux-gnu/libOgrePaging.so;debug;/usr/lib/x86_64-linux-gnu/libOgrePaging.so
[0.619s] -- Looking for OGRE_Terrain...
[0.619s] -- Found OGRE_Terrain: optimized;/usr/lib/x86_64-linux-gnu/libOgreTerrain.so;debug;/usr/lib/x86_64-linux-gnu/libOgreTerrain.so
[0.619s] -- Looking for OGRE_Property...
[0.623s] -- Found OGRE_Property: optimized;/usr/lib/x86_64-linux-gnu/libOgreProperty.so;debug;/usr/lib/x86_64-linux-gnu/libOgreProperty.so
[0.624s] -- Looking for OGRE_RTShaderSystem...
[0.624s] -- Found OGRE_RTShaderSystem: optimized;/usr/lib/x86_64-linux-gnu/libOgreRTShaderSystem.so;debug;/usr/lib/x86_64-linux-gnu/libOgreRTShaderSystem.so
[0.624s] -- Looking for OGRE_Volume...
[0.624s] -- Found OGRE_Volume: optimized;/usr/lib/x86_64-linux-gnu/libOgreVolume.so;debug;/usr/lib/x86_64-linux-gnu/libOgreVolume.so
[0.624s] -- Looking for OGRE_Overlay...
[0.624s] -- Found OGRE_Overlay: optimized;/usr/lib/x86_64-linux-gnu/libOgreOverlay.so;debug;/usr/lib/x86_64-linux-gnu/libOgreOverlay.so
[0.770s] -- Looking for ignition-math6 -- found version 6.15.0
[0.773s] -- Looking for ignition-transport8 -- found version 8.2.1
[0.773s] -- Searching for dependencies of ignition-transport8
[0.797s] -- Found Protobuf: /usr/lib/x86_64-linux-gnu/libprotobuf.so (found suitable version "3.12.4", minimum required is "3") 
[0.811s] -- Config-file not installed for ZeroMQ -- checking for pkg-config
[0.816s] -- Checking for module 'libzmq >= 4'
[0.845s] --   Found libzmq , version 4.3.4
[0.884s] -- Checking for module 'uuid'
[0.897s] --   Found uuid, version 2.37.2
[0.936s] -- Looking for ignition-msgs5 -- found version 5.8.1
[0.936s] -- Searching for dependencies of ignition-msgs5
[0.957s] -- Looking for ignition-math6 -- found version 6.15.0
[0.962s] -- Checking for module 'tinyxml2'
[0.976s] --   Found tinyxml2, version 9.0.0
[1.022s] -- Looking for ignition-msgs5 -- found version 5.8.1
[1.023s] -- Looking for ignition-common3 -- found version 3.14.0
[1.025s] -- Searching for dependencies of ignition-common3
[1.026s] -- Looking for dlfcn.h - found
[1.026s] -- Looking for libdl - found
[1.046s] -- Searching for <ignition-common3> component [graphics]
[1.048s] -- Looking for ignition-common3-graphics -- found version 3.14.0
[1.049s] -- Searching for dependencies of ignition-common3-graphics
[1.049s] -- Looking for ignition-math6 -- found version 6.15.0
[1.053s] -- Looking for ignition-fuel_tools4 -- found version 4.4.0
[1.054s] -- Searching for dependencies of ignition-fuel_tools4
[1.116s] -- Checking for module 'jsoncpp'
[1.142s] --   Found jsoncpp, version 1.9.5
[1.184s] -- Checking for module 'libzip'
[1.198s] --   Found libzip, version 1.7.3
[1.244s] -- Looking for ignition-common3 -- found version 3.14.0
[1.244s] -- Looking for ignition-math6 -- found version 6.15.0
[1.245s] -- Looking for ignition-msgs5 -- found version 5.8.1
[1.253s] -- Found gazebo_ros_pkgs: 3.7.0 (/opt/ros/humble/share/gazebo_ros_pkgs/cmake)
[1.254s] -- Found geometry_msgs: 4.2.3 (/opt/ros/humble/share/geometry_msgs/cmake)
[1.296s] -- Found rosidl_generator_c: 3.1.5 (/opt/ros/humble/share/rosidl_generator_c/cmake)
[1.302s] -- Found rosidl_adapter: 3.1.5 (/opt/ros/humble/share/rosidl_adapter/cmake)
[1.317s] -- Found rosidl_generator_cpp: 3.1.5 (/opt/ros/humble/share/rosidl_generator_cpp/cmake)
[1.342s] -- Using all available rosidl_typesupport_c: rosidl_typesupport_fastrtps_c;rosidl_typesupport_introspection_c
[1.367s] -- Using all available rosidl_typesupport_cpp: rosidl_typesupport_fastrtps_cpp;rosidl_typesupport_introspection_cpp
[1.536s] -- Found nav_msgs: 4.2.3 (/opt/ros/humble/share/nav_msgs/cmake)
[1.646s] -- Found rclcpp: 16.0.7 (/opt/ros/humble/share/rclcpp/cmake)
[1.741s] -- Found rmw_implementation_cmake: 6.1.1 (/opt/ros/humble/share/rmw_implementation_cmake/cmake)
[1.745s] -- Found rmw_fastrtps_cpp: 6.2.5 (/opt/ros/humble/share/rmw_fastrtps_cpp/cmake)
[1.958s] -- Using RMW implementation 'rmw_fastrtps_cpp' as default
[2.228s] -- Found sensor_msgs: 4.2.3 (/opt/ros/humble/share/sensor_msgs/cmake)
[2.357s] -- Found tf2: 0.25.5 (/opt/ros/humble/share/tf2/cmake)
[2.516s] -- Configuring done
[2.625s] -- Generating done
[2.631s] -- Build files have been written to: /home/ahmedk/dev_ws/build/turtlebot3_gazebo
[2.648s] Invoked command in '/home/ahmedk/dev_ws/build/turtlebot3_gazebo' returned '0': CMAKE_PREFIX_PATH=${CMAKE_PREFIX_PATH}:/home/ahmedk/dev_ws/install/add_two_int_srv:/home/ahmedk/dev_ws/install/my_first_py:/opt/ros/humble /usr/bin/cmake /home/ahmedk/dev_ws/src/turtlebot3_simulations/turtlebot3_gazebo -DCMAKE_INSTALL_PREFIX=/home/ahmedk/dev_ws/install/turtlebot3_gazebo
[2.649s] Invoking command in '/home/ahmedk/dev_ws/build/turtlebot3_gazebo': CMAKE_PREFIX_PATH=${CMAKE_PREFIX_PATH}:/home/ahmedk/dev_ws/install/add_two_int_srv:/home/ahmedk/dev_ws/install/my_first_py:/opt/ros/humble /usr/bin/cmake --build /home/ahmedk/dev_ws/build/turtlebot3_gazebo -- -j2 -l2
[2.708s] [35m[1mConsolidate compiler generated dependencies of target turtlebot3_drive[0m
[2.737s] [35m[1mConsolidate compiler generated dependencies of target obstacle1[0m
[2.764s] [ 12%] [32mBuilding CXX object CMakeFiles/turtlebot3_drive.dir/src/turtlebot3_drive.cpp.o[0m
[2.917s] [ 25%] [32mBuilding CXX object CMakeFiles/obstacle1.dir/models/turtlebot3_dqn_world/obstacle_plugin/obstacle1.cc.o[0m
[32.778s] [ 37%] [32m[1mLinking CXX shared library libobstacle1.so[0m
[33.288s] [ 37%] Built target obstacle1
[33.319s] [35m[1mConsolidate compiler generated dependencies of target obstacle2[0m
[33.452s] [ 50%] [32mBuilding CXX object CMakeFiles/obstacle2.dir/models/turtlebot3_dqn_world/obstacle_plugin/obstacle2.cc.o[0m
[34.822s] [ 62%] [32m[1mLinking CXX executable turtlebot3_drive[0m
[35.900s] [ 62%] Built target turtlebot3_drive
[35.923s] [35m[1mConsolidate compiler generated dependencies of target obstacles[0m
[35.972s] [ 75%] [32mBuilding CXX object CMakeFiles/obstacles.dir/models/turtlebot3_dqn_world/obstacle_plugin/obstacles.cc.o[0m
[68.432s] [ 87%] [32m[1mLinking CXX shared library libobstacle2.so[0m
[69.430s] [ 87%] Built target obstacle2
[71.334s] [100%] [32m[1mLinking CXX shared library libobstacles.so[0m
[71.609s] [100%] Built target obstacles
