[0.450s] Invoking command in '/home/ahmedk/dev_ws/build/my_bot': CMAKE_PREFIX_PATH=${CMAKE_PREFIX_PATH}:/home/ahmedk/dev_ws/install/add_two_int_srv:/home/ahmedk/dev_ws/install/my_first_py:/opt/ros/humble /usr/bin/cmake --build /home/ahmedk/dev_ws/build/my_bot -- -j2 -l2
[0.557s] -- Found ament_cmake: 1.3.6 (/opt/ros/humble/share/ament_cmake/cmake)
[0.972s] -- Override CMake install command with custom implementation using symlinks instead of copying resources
[0.995s] -- Found ament_lint_auto: 0.12.9 (/opt/ros/humble/share/ament_lint_auto/cmake)
[1.235s] -- Added test 'copyright' to check source files copyright and LICENSE
[1.306s] -- Added test 'flake8' to check Python code syntax and style conventions
[1.306s] -- Added test 'lint_cmake' to check CMake code style
[1.306s] -- Added test 'pep257' to check Python code against some of the docstring style conventions in PEP 257
[1.327s] -- Added test 'xmllint' to check XML markup files
[1.338s] -- Configuring done
[1.368s] -- Generating done
[1.370s] -- Build files have been written to: /home/ahmedk/dev_ws/build/my_bot
[1.485s] Invoked command in '/home/ahmedk/dev_ws/build/my_bot' returned '0': CMAKE_PREFIX_PATH=${CMAKE_PREFIX_PATH}:/home/ahmedk/dev_ws/install/add_two_int_srv:/home/ahmedk/dev_ws/install/my_first_py:/opt/ros/humble /usr/bin/cmake --build /home/ahmedk/dev_ws/build/my_bot -- -j2 -l2
[1.617s] Invoking command in '/home/ahmedk/dev_ws/build/my_bot': CMAKE_PREFIX_PATH=${CMAKE_PREFIX_PATH}:/home/ahmedk/dev_ws/install/add_two_int_srv:/home/ahmedk/dev_ws/install/my_first_py:/opt/ros/humble /usr/bin/cmake --install /home/ahmedk/dev_ws/build/my_bot
[1.631s] -- Install configuration: ""
[1.632s] -- Execute custom install script
[1.633s] -- Up-to-date symlink: /home/ahmedk/dev_ws/install/my_bot/share/my_bot/config/drive_bot.rviz
[1.634s] -- Up-to-date symlink: /home/ahmedk/dev_ws/install/my_bot/share/my_bot/config/empty.yaml
[1.634s] -- Symlinking: /home/ahmedk/dev_ws/install/my_bot/share/my_bot/config/mapper_params_online_async.yaml
[1.647s] -- Up-to-date symlink: /home/ahmedk/dev_ws/install/my_bot/share/my_bot/config/view_bot.rviz
[1.660s] -- Up-to-date symlink: /home/ahmedk/dev_ws/install/my_bot/share/my_bot/description/gazebo_control.xacro
[1.661s] -- Up-to-date symlink: /home/ahmedk/dev_ws/install/my_bot/share/my_bot/description/inertial_macros.xacro
[1.661s] -- Up-to-date symlink: /home/ahmedk/dev_ws/install/my_bot/share/my_bot/description/lidar.xacro
[1.661s] -- Up-to-date symlink: /home/ahmedk/dev_ws/install/my_bot/share/my_bot/description/robot.urdf.xacro
[1.661s] -- Up-to-date symlink: /home/ahmedk/dev_ws/install/my_bot/share/my_bot/description/robot_core.xacro
[1.662s] -- Up-to-date symlink: /home/ahmedk/dev_ws/install/my_bot/share/my_bot/launch/launch_sim.launch.py
[1.662s] -- Up-to-date symlink: /home/ahmedk/dev_ws/install/my_bot/share/my_bot/launch/rsp.launch.py
[1.663s] -- Up-to-date symlink: /home/ahmedk/dev_ws/install/my_bot/share/my_bot/worlds/empty.world
[1.663s] -- Up-to-date symlink: /home/ahmedk/dev_ws/install/my_bot/share/ament_index/resource_index/package_run_dependencies/my_bot
[1.665s] -- Up-to-date symlink: /home/ahmedk/dev_ws/install/my_bot/share/ament_index/resource_index/parent_prefix_path/my_bot
[1.665s] -- Up-to-date symlink: /home/ahmedk/dev_ws/install/my_bot/share/my_bot/environment/ament_prefix_path.sh
[1.666s] -- Up-to-date symlink: /home/ahmedk/dev_ws/install/my_bot/share/my_bot/environment/ament_prefix_path.dsv
[1.666s] -- Up-to-date symlink: /home/ahmedk/dev_ws/install/my_bot/share/my_bot/environment/path.sh
[1.666s] -- Up-to-date symlink: /home/ahmedk/dev_ws/install/my_bot/share/my_bot/environment/path.dsv
[1.667s] -- Up-to-date symlink: /home/ahmedk/dev_ws/install/my_bot/share/my_bot/local_setup.bash
[1.668s] -- Up-to-date symlink: /home/ahmedk/dev_ws/install/my_bot/share/my_bot/local_setup.sh
[1.668s] -- Up-to-date symlink: /home/ahmedk/dev_ws/install/my_bot/share/my_bot/local_setup.zsh
[1.669s] -- Up-to-date symlink: /home/ahmedk/dev_ws/install/my_bot/share/my_bot/local_setup.dsv
[1.669s] -- Symlinking: /home/ahmedk/dev_ws/install/my_bot/share/my_bot/package.dsv
[1.688s] -- Up-to-date symlink: /home/ahmedk/dev_ws/install/my_bot/share/ament_index/resource_index/packages/my_bot
[1.691s] -- Up-to-date symlink: /home/ahmedk/dev_ws/install/my_bot/share/my_bot/cmake/my_botConfig.cmake
[1.691s] -- Up-to-date symlink: /home/ahmedk/dev_ws/install/my_bot/share/my_bot/cmake/my_botConfig-version.cmake
[1.691s] -- Up-to-date symlink: /home/ahmedk/dev_ws/install/my_bot/share/my_bot/package.xml
[1.697s] Invoked command in '/home/ahmedk/dev_ws/build/my_bot' returned '0': CMAKE_PREFIX_PATH=${CMAKE_PREFIX_PATH}:/home/ahmedk/dev_ws/install/add_two_int_srv:/home/ahmedk/dev_ws/install/my_first_py:/opt/ros/humble /usr/bin/cmake --install /home/ahmedk/dev_ws/build/my_bot
