[0.100s] Invoking command in '/home/ahmedk/dev_ws/build/turtlebot3_fake_node': CMAKE_PREFIX_PATH=${CMAKE_PREFIX_PATH}:/home/ahmedk/dev_ws/install/add_two_int_srv:/home/ahmedk/dev_ws/install/my_first_py:/opt/ros/humble /usr/bin/cmake --build /home/ahmedk/dev_ws/build/turtlebot3_fake_node -- -j2 -l2
[0.473s] [100%] Built target turtlebot3_fake_node
[0.501s] Invoked command in '/home/ahmedk/dev_ws/build/turtlebot3_fake_node' returned '0': CMAKE_PREFIX_PATH=${CMAKE_PREFIX_PATH}:/home/ahmedk/dev_ws/install/add_two_int_srv:/home/ahmedk/dev_ws/install/my_first_py:/opt/ros/humble /usr/bin/cmake --build /home/ahmedk/dev_ws/build/turtlebot3_fake_node -- -j2 -l2
[0.621s] Invoking command in '/home/ahmedk/dev_ws/build/turtlebot3_fake_node': CMAKE_PREFIX_PATH=${CMAKE_PREFIX_PATH}:/home/ahmedk/dev_ws/install/add_two_int_srv:/home/ahmedk/dev_ws/install/my_first_py:/opt/ros/humble /usr/bin/cmake --install /home/ahmedk/dev_ws/build/turtlebot3_fake_node
[0.651s] -- Install configuration: ""
[0.654s] -- Execute custom install script
[0.656s] -- Up-to-date symlink: /home/ahmedk/dev_ws/install/turtlebot3_fake_node/lib/turtlebot3_fake_node/turtlebot3_fake_node
[0.658s] -- Up-to-date symlink: /home/ahmedk/dev_ws/install/turtlebot3_fake_node/share/turtlebot3_fake_node/launch/rviz2.launch.py
[0.659s] -- Up-to-date symlink: /home/ahmedk/dev_ws/install/turtlebot3_fake_node/share/turtlebot3_fake_node/launch/turtlebot3_fake_node.launch.py
[0.661s] -- Up-to-date symlink: /home/ahmedk/dev_ws/install/turtlebot3_fake_node/share/turtlebot3_fake_node/param/burger.yaml
[0.661s] -- Up-to-date symlink: /home/ahmedk/dev_ws/install/turtlebot3_fake_node/share/turtlebot3_fake_node/param/waffle.yaml
[0.662s] -- Up-to-date symlink: /home/ahmedk/dev_ws/install/turtlebot3_fake_node/share/turtlebot3_fake_node/param/waffle_pi.yaml
[0.664s] -- Up-to-date symlink: /home/ahmedk/dev_ws/install/turtlebot3_fake_node/include//turtlebot3_fake_node/turtlebot3_fake_node.hpp
[0.664s] -- Up-to-date symlink: /home/ahmedk/dev_ws/install/turtlebot3_fake_node/share/ament_index/resource_index/package_run_dependencies/turtlebot3_fake_node
[0.668s] -- Up-to-date symlink: /home/ahmedk/dev_ws/install/turtlebot3_fake_node/share/ament_index/resource_index/parent_prefix_path/turtlebot3_fake_node
[0.668s] -- Up-to-date symlink: /home/ahmedk/dev_ws/install/turtlebot3_fake_node/share/turtlebot3_fake_node/environment/ament_prefix_path.sh
[0.669s] -- Up-to-date symlink: /home/ahmedk/dev_ws/install/turtlebot3_fake_node/share/turtlebot3_fake_node/environment/ament_prefix_path.dsv
[0.670s] -- Up-to-date symlink: /home/ahmedk/dev_ws/install/turtlebot3_fake_node/share/turtlebot3_fake_node/environment/path.sh
[0.670s] -- Up-to-date symlink: /home/ahmedk/dev_ws/install/turtlebot3_fake_node/share/turtlebot3_fake_node/environment/path.dsv
[0.670s] -- Up-to-date symlink: /home/ahmedk/dev_ws/install/turtlebot3_fake_node/share/turtlebot3_fake_node/local_setup.bash
[0.671s] -- Up-to-date symlink: /home/ahmedk/dev_ws/install/turtlebot3_fake_node/share/turtlebot3_fake_node/local_setup.sh
[0.672s] -- Up-to-date symlink: /home/ahmedk/dev_ws/install/turtlebot3_fake_node/share/turtlebot3_fake_node/local_setup.zsh
[0.672s] -- Up-to-date symlink: /home/ahmedk/dev_ws/install/turtlebot3_fake_node/share/turtlebot3_fake_node/local_setup.dsv
[0.673s] -- Symlinking: /home/ahmedk/dev_ws/install/turtlebot3_fake_node/share/turtlebot3_fake_node/package.dsv
[0.701s] -- Up-to-date symlink: /home/ahmedk/dev_ws/install/turtlebot3_fake_node/share/ament_index/resource_index/packages/turtlebot3_fake_node
[0.702s] -- Up-to-date symlink: /home/ahmedk/dev_ws/install/turtlebot3_fake_node/share/turtlebot3_fake_node/cmake/ament_cmake_export_include_directories-extras.cmake
[0.702s] -- Up-to-date symlink: /home/ahmedk/dev_ws/install/turtlebot3_fake_node/share/turtlebot3_fake_node/cmake/ament_cmake_export_dependencies-extras.cmake
[0.703s] -- Up-to-date symlink: /home/ahmedk/dev_ws/install/turtlebot3_fake_node/share/turtlebot3_fake_node/cmake/turtlebot3_fake_nodeConfig.cmake
[0.705s] -- Up-to-date symlink: /home/ahmedk/dev_ws/install/turtlebot3_fake_node/share/turtlebot3_fake_node/cmake/turtlebot3_fake_nodeConfig-version.cmake
[0.706s] -- Up-to-date symlink: /home/ahmedk/dev_ws/install/turtlebot3_fake_node/share/turtlebot3_fake_node/package.xml
[0.709s] Invoked command in '/home/ahmedk/dev_ws/build/turtlebot3_fake_node' returned '0': CMAKE_PREFIX_PATH=${CMAKE_PREFIX_PATH}:/home/ahmedk/dev_ws/install/add_two_int_srv:/home/ahmedk/dev_ws/install/my_first_py:/opt/ros/humble /usr/bin/cmake --install /home/ahmedk/dev_ws/build/turtlebot3_fake_node
