[0.176s] Invoking command in '/home/ahmedk/dev_ws/build/my_own_srv': CMAKE_PREFIX_PATH=${CMAKE_PREFIX_PATH}:/home/ahmedk/dev_ws/install/add_two_int_srv:/home/ahmedk/dev_ws/install/my_first_py:/opt/ros/humble /usr/bin/cmake /home/ahmedk/dev_ws/src/my_own_srv -DAMENT_CMAKE_SYMLINK_INSTALL=1 -DCMAKE_INSTALL_PREFIX=/home/ahmedk/dev_ws/install/my_own_srv
[0.252s] -- Found ament_cmake: 1.3.6 (/opt/ros/humble/share/ament_cmake/cmake)
[0.435s] -- Override CMake install command with custom implementation using symlinks instead of copying resources
[0.472s] -- Found std_msgs: 4.2.3 (/opt/ros/humble/share/std_msgs/cmake)
[0.524s] -- Found rosidl_generator_c: 3.1.5 (/opt/ros/humble/share/rosidl_generator_c/cmake)
[0.531s] -- Found rosidl_adapter: 3.1.5 (/opt/ros/humble/share/rosidl_adapter/cmake)
[0.546s] -- Found rosidl_generator_cpp: 3.1.5 (/opt/ros/humble/share/rosidl_generator_cpp/cmake)
[0.569s] -- Using all available rosidl_typesupport_c: rosidl_typesupport_fastrtps_c;rosidl_typesupport_introspection_c
[0.594s] -- Using all available rosidl_typesupport_cpp: rosidl_typesupport_fastrtps_cpp;rosidl_typesupport_introspection_cpp
[0.683s] -- Found rosidl_default_generators: 1.2.0 (/opt/ros/humble/share/rosidl_default_generators/cmake)
[1.053s] -- Found ament_cmake_ros: 0.10.0 (/opt/ros/humble/share/ament_cmake_ros/cmake)
[1.502s] -- Using all available rosidl_typesupport_c: rosidl_typesupport_fastrtps_c;rosidl_typesupport_introspection_c
[1.662s] -- Using all available rosidl_typesupport_cpp: rosidl_typesupport_fastrtps_cpp;rosidl_typesupport_introspection_cpp
[1.690s] -- Found python_cmake_module: 0.10.0 (/opt/ros/humble/share/python_cmake_module/cmake)
[1.721s] -- Using PYTHON_EXECUTABLE: /usr/bin/python3
[1.721s] -- Using PYTHON_INCLUDE_DIRS: /usr/include/python3.10
[1.721s] -- Using PYTHON_LIBRARIES: /usr/lib/x86_64-linux-gnu/libpython3.10.so
[1.765s] -- Found ament_lint_auto: 0.12.9 (/opt/ros/humble/share/ament_lint_auto/cmake)
[1.801s] -- Added test 'lint_cmake' to check CMake code style
[1.803s] -- Added test 'xmllint' to check XML markup files
[1.812s] -- Configuring done
[1.903s] -- Generating done
[1.910s] -- Build files have been written to: /home/ahmedk/dev_ws/build/my_own_srv
[1.918s] Invoked command in '/home/ahmedk/dev_ws/build/my_own_srv' returned '0': CMAKE_PREFIX_PATH=${CMAKE_PREFIX_PATH}:/home/ahmedk/dev_ws/install/add_two_int_srv:/home/ahmedk/dev_ws/install/my_first_py:/opt/ros/humble /usr/bin/cmake /home/ahmedk/dev_ws/src/my_own_srv -DAMENT_CMAKE_SYMLINK_INSTALL=1 -DCMAKE_INSTALL_PREFIX=/home/ahmedk/dev_ws/install/my_own_srv
[1.919s] Invoking command in '/home/ahmedk/dev_ws/build/my_own_srv': CMAKE_PREFIX_PATH=${CMAKE_PREFIX_PATH}:/home/ahmedk/dev_ws/install/add_two_int_srv:/home/ahmedk/dev_ws/install/my_first_py:/opt/ros/humble /usr/bin/cmake --build /home/ahmedk/dev_ws/build/my_own_srv -- -j2 -l2
[1.998s] [35m[1mConsolidate compiler generated dependencies of target my_own_srv__rosidl_generator_c[0m
[2.023s] [  3%] Built target my_own_srv__cpp
[2.034s] [ 12%] Built target my_own_srv__rosidl_generator_c
[2.048s] [35m[1mConsolidate compiler generated dependencies of target my_own_srv__rosidl_typesupport_cpp[0m
[2.076s] [ 12%] Built target ament_cmake_python_symlink_my_own_srv
[2.087s] [35m[1mConsolidate compiler generated dependencies of target my_own_srv__rosidl_typesupport_fastrtps_c[0m
[2.089s] [ 22%] Built target my_own_srv__rosidl_typesupport_cpp
[2.112s] [ 32%] Built target my_own_srv__rosidl_typesupport_fastrtps_c
[2.122s] [35m[1mConsolidate compiler generated dependencies of target my_own_srv__rosidl_typesupport_fastrtps_cpp[0m
[2.129s] [35m[1mConsolidate compiler generated dependencies of target my_own_srv__rosidl_typesupport_introspection_c[0m
[2.148s] [ 41%] Built target my_own_srv__rosidl_typesupport_fastrtps_cpp
[2.161s] [ 51%] Built target my_own_srv__rosidl_typesupport_introspection_c
[2.169s] [35m[1mConsolidate compiler generated dependencies of target my_own_srv__rosidl_typesupport_c[0m
[2.181s] [35m[1mConsolidate compiler generated dependencies of target my_own_srv__rosidl_typesupport_introspection_cpp[0m
[2.186s] [ 61%] Built target my_own_srv__rosidl_typesupport_c
[2.198s] [ 70%] Built target my_own_srv__rosidl_typesupport_introspection_cpp
[2.223s] [ 70%] Built target my_own_srv
[2.250s] [ 74%] Built target my_own_srv__py
[2.264s] [35m[1mConsolidate compiler generated dependencies of target my_own_srv__rosidl_generator_py[0m
[2.289s] [ 80%] Built target my_own_srv__rosidl_generator_py
[2.300s] [35m[1mConsolidate compiler generated dependencies of target my_own_srv__rosidl_typesupport_fastrtps_c__pyext[0m
[2.315s] [ 87%] Built target my_own_srv__rosidl_typesupport_fastrtps_c__pyext
[2.342s] [35m[1mConsolidate compiler generated dependencies of target my_own_srv__rosidl_typesupport_introspection_c__pyext[0m
[2.373s] [ 93%] Built target my_own_srv__rosidl_typesupport_introspection_c__pyext
[2.381s] [35m[1mConsolidate compiler generated dependencies of target my_own_srv__rosidl_typesupport_c__pyext[0m
[2.421s] [100%] Built target my_own_srv__rosidl_typesupport_c__pyext
[2.615s] running egg_info
[2.616s] writing my_own_srv.egg-info/PKG-INFO
[2.617s] writing dependency_links to my_own_srv.egg-info/dependency_links.txt
[2.617s] writing top-level names to my_own_srv.egg-info/top_level.txt
[2.621s] reading manifest file 'my_own_srv.egg-info/SOURCES.txt'
[2.625s] writing manifest file 'my_own_srv.egg-info/SOURCES.txt'
[2.666s] [100%] Built target ament_cmake_python_build_my_own_srv_egg
[2.681s] Invoked command in '/home/ahmedk/dev_ws/build/my_own_srv' returned '0': CMAKE_PREFIX_PATH=${CMAKE_PREFIX_PATH}:/home/ahmedk/dev_ws/install/add_two_int_srv:/home/ahmedk/dev_ws/install/my_first_py:/opt/ros/humble /usr/bin/cmake --build /home/ahmedk/dev_ws/build/my_own_srv -- -j2 -l2
[2.759s] Invoking command in '/home/ahmedk/dev_ws/build/my_own_srv': CMAKE_PREFIX_PATH=${CMAKE_PREFIX_PATH}:/home/ahmedk/dev_ws/install/add_two_int_srv:/home/ahmedk/dev_ws/install/my_first_py:/opt/ros/humble /usr/bin/cmake --install /home/ahmedk/dev_ws/build/my_own_srv
[2.769s] -- Install configuration: ""
[2.769s] -- Execute custom install script
[2.770s] -- Up-to-date symlink: /home/ahmedk/dev_ws/install/my_own_srv/share/ament_index/resource_index/rosidl_interfaces/my_own_srv
[2.772s] -- Up-to-date symlink: /home/ahmedk/dev_ws/install/my_own_srv/include/my_own_srv/my_own_srv/msg/rosidl_generator_c__visibility_control.h
[2.773s] -- Up-to-date symlink: /home/ahmedk/dev_ws/install/my_own_srv/include/my_own_srv/my_own_srv/srv/add_two_ints.h
[2.774s] -- Up-to-date symlink: /home/ahmedk/dev_ws/install/my_own_srv/include/my_own_srv/my_own_srv/srv/detail/add_two_ints__functions.h
[2.774s] -- Up-to-date symlink: /home/ahmedk/dev_ws/install/my_own_srv/include/my_own_srv/my_own_srv/srv/detail/add_two_ints__struct.h
[2.774s] -- Up-to-date symlink: /home/ahmedk/dev_ws/install/my_own_srv/include/my_own_srv/my_own_srv/srv/detail/add_two_ints__type_support.h
[2.775s] -- Up-to-date symlink: /home/ahmedk/dev_ws/install/my_own_srv/share/my_own_srv/environment/library_path.sh
[2.775s] -- Up-to-date symlink: /home/ahmedk/dev_ws/install/my_own_srv/share/my_own_srv/environment/library_path.dsv
[2.776s] -- Up-to-date symlink: /home/ahmedk/dev_ws/install/my_own_srv/include/my_own_srv/my_own_srv/msg/rosidl_typesupport_fastrtps_c__visibility_control.h
[2.776s] -- Up-to-date symlink: /home/ahmedk/dev_ws/install/my_own_srv/include/my_own_srv/my_own_srv/srv/detail/add_two_ints__rosidl_typesupport_fastrtps_c.h
[2.777s] -- Up-to-date symlink: /home/ahmedk/dev_ws/install/my_own_srv/include/my_own_srv/my_own_srv/srv/add_two_ints.hpp
[2.777s] -- Up-to-date symlink: /home/ahmedk/dev_ws/install/my_own_srv/include/my_own_srv/my_own_srv/srv/detail/add_two_ints__builder.hpp
[2.778s] -- Up-to-date symlink: /home/ahmedk/dev_ws/install/my_own_srv/include/my_own_srv/my_own_srv/srv/detail/add_two_ints__struct.hpp
[2.778s] -- Up-to-date symlink: /home/ahmedk/dev_ws/install/my_own_srv/include/my_own_srv/my_own_srv/srv/detail/add_two_ints__traits.hpp
[2.778s] -- Up-to-date symlink: /home/ahmedk/dev_ws/install/my_own_srv/include/my_own_srv/my_own_srv/msg/rosidl_typesupport_fastrtps_cpp__visibility_control.h
[2.779s] -- Up-to-date symlink: /home/ahmedk/dev_ws/install/my_own_srv/include/my_own_srv/my_own_srv/srv/detail/add_two_ints__rosidl_typesupport_fastrtps_cpp.hpp
[2.779s] -- Up-to-date symlink: /home/ahmedk/dev_ws/install/my_own_srv/include/my_own_srv/my_own_srv/msg/rosidl_typesupport_introspection_c__visibility_control.h
[2.780s] -- Up-to-date symlink: /home/ahmedk/dev_ws/install/my_own_srv/include/my_own_srv/my_own_srv/srv/detail/add_two_ints__rosidl_typesupport_introspection_c.h
[2.780s] -- Up-to-date symlink: /home/ahmedk/dev_ws/install/my_own_srv/include/my_own_srv/my_own_srv/srv/detail/add_two_ints__rosidl_typesupport_introspection_cpp.hpp
[2.780s] -- Up-to-date symlink: /home/ahmedk/dev_ws/install/my_own_srv/share/my_own_srv/environment/pythonpath.sh
[2.781s] -- Up-to-date symlink: /home/ahmedk/dev_ws/install/my_own_srv/share/my_own_srv/environment/pythonpath.dsv
[2.781s] -- Up-to-date symlink: /home/ahmedk/dev_ws/install/my_own_srv/local/lib/python3.10/dist-packages/my_own_srv-0.0.0-py3.10.egg-info/PKG-INFO
[2.781s] -- Up-to-date symlink: /home/ahmedk/dev_ws/install/my_own_srv/local/lib/python3.10/dist-packages/my_own_srv-0.0.0-py3.10.egg-info/SOURCES.txt
[2.781s] -- Up-to-date symlink: /home/ahmedk/dev_ws/install/my_own_srv/local/lib/python3.10/dist-packages/my_own_srv-0.0.0-py3.10.egg-info/dependency_links.txt
[2.782s] -- Up-to-date symlink: /home/ahmedk/dev_ws/install/my_own_srv/local/lib/python3.10/dist-packages/my_own_srv-0.0.0-py3.10.egg-info/top_level.txt
[2.783s] -- Up-to-date symlink: /home/ahmedk/dev_ws/install/my_own_srv/local/lib/python3.10/dist-packages/my_own_srv/__init__.py
[2.783s] -- Up-to-date symlink: /home/ahmedk/dev_ws/install/my_own_srv/local/lib/python3.10/dist-packages/my_own_srv/_my_own_srv_s.ep.rosidl_typesupport_c.c
[2.783s] -- Up-to-date symlink: /home/ahmedk/dev_ws/install/my_own_srv/local/lib/python3.10/dist-packages/my_own_srv/_my_own_srv_s.ep.rosidl_typesupport_fastrtps_c.c
[2.783s] -- Up-to-date symlink: /home/ahmedk/dev_ws/install/my_own_srv/local/lib/python3.10/dist-packages/my_own_srv/_my_own_srv_s.ep.rosidl_typesupport_introspection_c.c
[2.784s] -- Up-to-date symlink: /home/ahmedk/dev_ws/install/my_own_srv/local/lib/python3.10/dist-packages/my_own_srv/libmy_own_srv__rosidl_generator_py.so
[2.784s] -- Up-to-date symlink: /home/ahmedk/dev_ws/install/my_own_srv/local/lib/python3.10/dist-packages/my_own_srv/my_own_srv_s__rosidl_typesupport_c.cpython-310-x86_64-linux-gnu.so
[2.784s] -- Up-to-date symlink: /home/ahmedk/dev_ws/install/my_own_srv/local/lib/python3.10/dist-packages/my_own_srv/my_own_srv_s__rosidl_typesupport_fastrtps_c.cpython-310-x86_64-linux-gnu.so
[2.785s] -- Up-to-date symlink: /home/ahmedk/dev_ws/install/my_own_srv/local/lib/python3.10/dist-packages/my_own_srv/my_own_srv_s__rosidl_typesupport_introspection_c.cpython-310-x86_64-linux-gnu.so
[2.785s] -- Up-to-date symlink: /home/ahmedk/dev_ws/install/my_own_srv/local/lib/python3.10/dist-packages/my_own_srv/srv/__init__.py
[2.785s] -- Up-to-date symlink: /home/ahmedk/dev_ws/install/my_own_srv/local/lib/python3.10/dist-packages/my_own_srv/srv/_add_two_ints.py
[2.786s] -- Up-to-date symlink: /home/ahmedk/dev_ws/install/my_own_srv/local/lib/python3.10/dist-packages/my_own_srv/srv/_add_two_ints_s.c
[2.786s] -- Up-to-date symlink: /home/ahmedk/dev_ws/install/my_own_srv/local/lib/python3.10/dist-packages/my_own_srv/my_own_srv_s__rosidl_typesupport_fastrtps_c.cpython-310-x86_64-linux-gnu.so
[2.786s] -- Up-to-date symlink: /home/ahmedk/dev_ws/install/my_own_srv/local/lib/python3.10/dist-packages/my_own_srv/my_own_srv_s__rosidl_typesupport_introspection_c.cpython-310-x86_64-linux-gnu.so
[2.787s] -- Up-to-date symlink: /home/ahmedk/dev_ws/install/my_own_srv/local/lib/python3.10/dist-packages/my_own_srv/my_own_srv_s__rosidl_typesupport_c.cpython-310-x86_64-linux-gnu.so
[2.787s] -- Up-to-date symlink: /home/ahmedk/dev_ws/install/my_own_srv/share/my_own_srv/srv/AddTwoInts.idl
[2.787s] -- Up-to-date symlink: /home/ahmedk/dev_ws/install/my_own_srv/share/my_own_srv/srv/AddTwoInts.srv
[2.788s] -- Up-to-date symlink: /home/ahmedk/dev_ws/install/my_own_srv/share/my_own_srv/srv/AddTwoInts_Request.msg
[2.788s] -- Up-to-date symlink: /home/ahmedk/dev_ws/install/my_own_srv/share/my_own_srv/srv/AddTwoInts_Response.msg
[2.788s] -- Up-to-date symlink: /home/ahmedk/dev_ws/install/my_own_srv/share/ament_index/resource_index/package_run_dependencies/my_own_srv
[2.789s] -- Up-to-date symlink: /home/ahmedk/dev_ws/install/my_own_srv/share/ament_index/resource_index/parent_prefix_path/my_own_srv
[2.790s] -- Up-to-date symlink: /home/ahmedk/dev_ws/install/my_own_srv/share/my_own_srv/environment/ament_prefix_path.sh
[2.790s] -- Up-to-date symlink: /home/ahmedk/dev_ws/install/my_own_srv/share/my_own_srv/environment/ament_prefix_path.dsv
[2.790s] -- Up-to-date symlink: /home/ahmedk/dev_ws/install/my_own_srv/share/my_own_srv/environment/path.sh
[2.791s] -- Up-to-date symlink: /home/ahmedk/dev_ws/install/my_own_srv/share/my_own_srv/environment/path.dsv
[2.791s] -- Up-to-date symlink: /home/ahmedk/dev_ws/install/my_own_srv/share/my_own_srv/local_setup.bash
[2.791s] -- Up-to-date symlink: /home/ahmedk/dev_ws/install/my_own_srv/share/my_own_srv/local_setup.sh
[2.792s] -- Up-to-date symlink: /home/ahmedk/dev_ws/install/my_own_srv/share/my_own_srv/local_setup.zsh
[2.792s] -- Up-to-date symlink: /home/ahmedk/dev_ws/install/my_own_srv/share/my_own_srv/local_setup.dsv
[2.792s] -- Symlinking: /home/ahmedk/dev_ws/install/my_own_srv/share/my_own_srv/package.dsv
[2.805s] -- Up-to-date symlink: /home/ahmedk/dev_ws/install/my_own_srv/share/ament_index/resource_index/packages/my_own_srv
[2.805s] -- Up-to-date symlink: /home/ahmedk/dev_ws/install/my_own_srv/share/my_own_srv/cmake/rosidl_cmake-extras.cmake
[2.806s] -- Up-to-date symlink: /home/ahmedk/dev_ws/install/my_own_srv/share/my_own_srv/cmake/ament_cmake_export_dependencies-extras.cmake
[2.807s] -- Up-to-date symlink: /home/ahmedk/dev_ws/install/my_own_srv/share/my_own_srv/cmake/ament_cmake_export_include_directories-extras.cmake
[2.807s] -- Up-to-date symlink: /home/ahmedk/dev_ws/install/my_own_srv/share/my_own_srv/cmake/ament_cmake_export_libraries-extras.cmake
[2.808s] -- Up-to-date symlink: /home/ahmedk/dev_ws/install/my_own_srv/share/my_own_srv/cmake/ament_cmake_export_targets-extras.cmake
[2.808s] -- Up-to-date symlink: /home/ahmedk/dev_ws/install/my_own_srv/share/my_own_srv/cmake/rosidl_cmake_export_typesupport_targets-extras.cmake
[2.809s] -- Up-to-date symlink: /home/ahmedk/dev_ws/install/my_own_srv/share/my_own_srv/cmake/rosidl_cmake_export_typesupport_libraries-extras.cmake
[2.809s] -- Up-to-date symlink: /home/ahmedk/dev_ws/install/my_own_srv/share/my_own_srv/cmake/my_own_srvConfig.cmake
[2.810s] -- Up-to-date symlink: /home/ahmedk/dev_ws/install/my_own_srv/share/my_own_srv/cmake/my_own_srvConfig-version.cmake
[2.810s] -- Up-to-date symlink: /home/ahmedk/dev_ws/install/my_own_srv/share/my_own_srv/package.xml
[2.811s] -- Up-to-date: /home/ahmedk/dev_ws/install/my_own_srv/lib/libmy_own_srv__rosidl_generator_c.so
[2.812s] -- Up-to-date: /home/ahmedk/dev_ws/install/my_own_srv/lib/libmy_own_srv__rosidl_typesupport_fastrtps_c.so
[2.813s] -- Up-to-date: /home/ahmedk/dev_ws/install/my_own_srv/lib/libmy_own_srv__rosidl_typesupport_fastrtps_cpp.so
[2.813s] -- Up-to-date: /home/ahmedk/dev_ws/install/my_own_srv/lib/libmy_own_srv__rosidl_typesupport_introspection_c.so
[2.814s] -- Up-to-date: /home/ahmedk/dev_ws/install/my_own_srv/lib/libmy_own_srv__rosidl_typesupport_c.so
[2.815s] -- Up-to-date: /home/ahmedk/dev_ws/install/my_own_srv/lib/libmy_own_srv__rosidl_typesupport_introspection_cpp.so
[2.816s] -- Up-to-date: /home/ahmedk/dev_ws/install/my_own_srv/lib/libmy_own_srv__rosidl_typesupport_cpp.so
[2.863s] Listing '/home/ahmedk/dev_ws/install/my_own_srv/local/lib/python3.10/dist-packages/my_own_srv'...
[2.864s] Compiling '/home/ahmedk/dev_ws/install/my_own_srv/local/lib/python3.10/dist-packages/my_own_srv/__init__.py'...
[2.864s] Listing '/home/ahmedk/dev_ws/install/my_own_srv/local/lib/python3.10/dist-packages/my_own_srv/srv'...
[2.869s] -- Up-to-date: /home/ahmedk/dev_ws/install/my_own_srv/lib/libmy_own_srv__rosidl_generator_py.so
[2.870s] -- Up-to-date: /home/ahmedk/dev_ws/install/my_own_srv/share/my_own_srv/cmake/export_my_own_srv__rosidl_generator_cExport.cmake
[2.870s] -- Up-to-date: /home/ahmedk/dev_ws/install/my_own_srv/share/my_own_srv/cmake/export_my_own_srv__rosidl_generator_cExport-noconfig.cmake
[2.870s] -- Up-to-date: /home/ahmedk/dev_ws/install/my_own_srv/share/my_own_srv/cmake/export_my_own_srv__rosidl_typesupport_fastrtps_cExport.cmake
[2.870s] -- Up-to-date: /home/ahmedk/dev_ws/install/my_own_srv/share/my_own_srv/cmake/export_my_own_srv__rosidl_typesupport_fastrtps_cExport-noconfig.cmake
[2.871s] -- Up-to-date: /home/ahmedk/dev_ws/install/my_own_srv/share/my_own_srv/cmake/export_my_own_srv__rosidl_generator_cppExport.cmake
[2.871s] -- Up-to-date: /home/ahmedk/dev_ws/install/my_own_srv/share/my_own_srv/cmake/export_my_own_srv__rosidl_typesupport_fastrtps_cppExport.cmake
[2.871s] -- Up-to-date: /home/ahmedk/dev_ws/install/my_own_srv/share/my_own_srv/cmake/export_my_own_srv__rosidl_typesupport_fastrtps_cppExport-noconfig.cmake
[2.871s] -- Up-to-date: /home/ahmedk/dev_ws/install/my_own_srv/share/my_own_srv/cmake/my_own_srv__rosidl_typesupport_introspection_cExport.cmake
[2.872s] -- Up-to-date: /home/ahmedk/dev_ws/install/my_own_srv/share/my_own_srv/cmake/my_own_srv__rosidl_typesupport_introspection_cExport-noconfig.cmake
[2.874s] -- Up-to-date: /home/ahmedk/dev_ws/install/my_own_srv/share/my_own_srv/cmake/my_own_srv__rosidl_typesupport_cExport.cmake
[2.874s] -- Up-to-date: /home/ahmedk/dev_ws/install/my_own_srv/share/my_own_srv/cmake/my_own_srv__rosidl_typesupport_cExport-noconfig.cmake
[2.874s] -- Up-to-date: /home/ahmedk/dev_ws/install/my_own_srv/share/my_own_srv/cmake/my_own_srv__rosidl_typesupport_introspection_cppExport.cmake
[2.874s] -- Up-to-date: /home/ahmedk/dev_ws/install/my_own_srv/share/my_own_srv/cmake/my_own_srv__rosidl_typesupport_introspection_cppExport-noconfig.cmake
[2.874s] -- Up-to-date: /home/ahmedk/dev_ws/install/my_own_srv/share/my_own_srv/cmake/my_own_srv__rosidl_typesupport_cppExport.cmake
[2.874s] -- Up-to-date: /home/ahmedk/dev_ws/install/my_own_srv/share/my_own_srv/cmake/my_own_srv__rosidl_typesupport_cppExport-noconfig.cmake
[2.874s] -- Up-to-date: /home/ahmedk/dev_ws/install/my_own_srv/share/my_own_srv/cmake/export_my_own_srv__rosidl_generator_pyExport.cmake
[2.874s] -- Up-to-date: /home/ahmedk/dev_ws/install/my_own_srv/share/my_own_srv/cmake/export_my_own_srv__rosidl_generator_pyExport-noconfig.cmake
[2.877s] Invoked command in '/home/ahmedk/dev_ws/build/my_own_srv' returned '0': CMAKE_PREFIX_PATH=${CMAKE_PREFIX_PATH}:/home/ahmedk/dev_ws/install/add_two_int_srv:/home/ahmedk/dev_ws/install/my_first_py:/opt/ros/humble /usr/bin/cmake --install /home/ahmedk/dev_ws/build/my_own_srv
