[0.008s] Invoking command in '/home/ahmedk/dev_ws/build/my_own_srv': CMAKE_PREFIX_PATH=${CMAKE_PREFIX_PATH}:/home/ahmedk/dev_ws/install/my_first_py:/opt/ros/humble /usr/bin/cmake /home/ahmedk/dev_ws/src/my_own_srv -DAMENT_CMAKE_SYMLINK_INSTALL=1 -DCMAKE_INSTALL_PREFIX=/home/ahmedk/dev_ws/install/my_own_srv
[0.027s] -- Found ament_cmake: 1.3.5 (/opt/ros/humble/share/ament_cmake/cmake)
[0.194s] -- Override CMake install command with custom implementation using symlinks instead of copying resources
[0.197s] -- Found std_msgs: 4.2.3 (/opt/ros/humble/share/std_msgs/cmake)
[0.228s] -- Found rosidl_generator_c: 3.1.5 (/opt/ros/humble/share/rosidl_generator_c/cmake)
[0.231s] -- Found rosidl_adapter: 3.1.5 (/opt/ros/humble/share/rosidl_adapter/cmake)
[0.237s] -- Found rosidl_generator_cpp: 3.1.5 (/opt/ros/humble/share/rosidl_generator_cpp/cmake)
[0.248s] -- Using all available rosidl_typesupport_c: rosidl_typesupport_fastrtps_c;rosidl_typesupport_introspection_c
[0.264s] -- Using all available rosidl_typesupport_cpp: rosidl_typesupport_fastrtps_cpp;rosidl_typesupport_introspection_cpp
[0.331s] -- Found rosidl_default_generators: 1.2.0 (/opt/ros/humble/share/rosidl_default_generators/cmake)
[0.684s] -- Found ament_cmake_ros: 0.10.0 (/opt/ros/humble/share/ament_cmake_ros/cmake)
[1.143s] -- Using all available rosidl_typesupport_c: rosidl_typesupport_fastrtps_c;rosidl_typesupport_introspection_c
[1.322s] -- Using all available rosidl_typesupport_cpp: rosidl_typesupport_fastrtps_cpp;rosidl_typesupport_introspection_cpp
[1.352s] -- Found PythonInterp: /usr/bin/python3 (found suitable version "3.10.12", minimum required is "3.6") 
[1.356s] -- Found python_cmake_module: 0.10.0 (/opt/ros/humble/share/python_cmake_module/cmake)
[1.406s] -- Found PythonLibs: /usr/lib/x86_64-linux-gnu/libpython3.10.so (found suitable version "3.10.12", minimum required is "3.5") 
[1.406s] -- Using PYTHON_EXECUTABLE: /usr/bin/python3
[1.406s] -- Using PYTHON_INCLUDE_DIRS: /usr/include/python3.10
[1.406s] -- Using PYTHON_LIBRARIES: /usr/lib/x86_64-linux-gnu/libpython3.10.so
[1.443s] -- Found PythonExtra: .so  
[1.521s] -- Found ament_lint_auto: 0.12.7 (/opt/ros/humble/share/ament_lint_auto/cmake)
[1.562s] -- Added test 'lint_cmake' to check CMake code style
[1.564s] -- Added test 'xmllint' to check XML markup files
[1.569s] -- Configuring done
[1.609s] -- Generating done
[1.613s] -- Build files have been written to: /home/ahmedk/dev_ws/build/my_own_srv
[1.624s] Invoked command in '/home/ahmedk/dev_ws/build/my_own_srv' returned '0': CMAKE_PREFIX_PATH=${CMAKE_PREFIX_PATH}:/home/ahmedk/dev_ws/install/my_first_py:/opt/ros/humble /usr/bin/cmake /home/ahmedk/dev_ws/src/my_own_srv -DAMENT_CMAKE_SYMLINK_INSTALL=1 -DCMAKE_INSTALL_PREFIX=/home/ahmedk/dev_ws/install/my_own_srv
[1.625s] Invoking command in '/home/ahmedk/dev_ws/build/my_own_srv': CMAKE_PREFIX_PATH=${CMAKE_PREFIX_PATH}:/home/ahmedk/dev_ws/install/my_first_py:/opt/ros/humble /usr/bin/cmake --build /home/ahmedk/dev_ws/build/my_own_srv -- -j2 -l2
[1.668s] [  3%] [34m[1mGenerating C code for ROS interfaces[0m
[1.686s] [  6%] [34m[1mGenerating C++ code for ROS interfaces[0m
[2.178s] [  9%] [32mBuilding C object CMakeFiles/my_own_srv__rosidl_generator_c.dir/rosidl_generator_c/my_own_srv/srv/detail/add_two_ints__functions.c.o[0m
[2.204s] [  9%] Built target my_own_srv__cpp
[2.241s] [  9%] Built target ament_cmake_python_symlink_my_own_srv
[2.269s] [ 12%] [34m[1mGenerating C++ type support dispatch for ROS interfaces[0m
[2.304s] [ 16%] [32m[1mLinking C shared library libmy_own_srv__rosidl_generator_c.so[0m
[2.405s] [ 16%] Built target my_own_srv__rosidl_generator_c
[2.431s] [ 19%] [34m[1mGenerating C++ type support for eProsima Fast-RTPS[0m
[2.554s] [ 22%] [32mBuilding CXX object CMakeFiles/my_own_srv__rosidl_typesupport_cpp.dir/rosidl_typesupport_cpp/my_own_srv/srv/add_two_ints__type_support.cpp.o[0m
[2.978s] [ 25%] [32mBuilding CXX object CMakeFiles/my_own_srv__rosidl_typesupport_fastrtps_cpp.dir/rosidl_typesupport_fastrtps_cpp/my_own_srv/srv/detail/dds_fastrtps/add_two_ints__type_support.cpp.o[0m
[3.211s] [ 29%] [32m[1mLinking CXX shared library libmy_own_srv__rosidl_typesupport_cpp.so[0m
[3.345s] [ 29%] Built target my_own_srv__rosidl_typesupport_cpp
[3.356s] [ 32%] [34m[1mGenerating C introspection for ROS interfaces[0m
[3.603s] [ 35%] [32m[1mLinking CXX shared library libmy_own_srv__rosidl_typesupport_fastrtps_cpp.so[0m
[3.676s] [ 38%] [32mBuilding C object CMakeFiles/my_own_srv__rosidl_typesupport_introspection_c.dir/rosidl_typesupport_introspection_c/my_own_srv/srv/detail/add_two_ints__type_support.c.o[0m
[3.702s] [ 38%] Built target my_own_srv__rosidl_typesupport_fastrtps_cpp
[3.712s] [ 41%] [34m[1mGenerating C type support dispatch for ROS interfaces[0m
[3.717s] [ 45%] [32m[1mLinking C shared library libmy_own_srv__rosidl_typesupport_introspection_c.so[0m
[3.760s] [ 45%] Built target my_own_srv__rosidl_typesupport_introspection_c
[3.769s] [ 48%] [34m[1mGenerating C++ introspection for ROS interfaces[0m
[3.951s] [ 51%] [32mBuilding CXX object CMakeFiles/my_own_srv__rosidl_typesupport_c.dir/rosidl_typesupport_c/my_own_srv/srv/add_two_ints__type_support.cpp.o[0m
[3.983s] [ 54%] [32m[1mLinking CXX shared library libmy_own_srv__rosidl_typesupport_c.so[0m
[4.025s] [ 54%] Built target my_own_srv__rosidl_typesupport_c
[4.026s] [ 58%] [32mBuilding CXX object CMakeFiles/my_own_srv__rosidl_typesupport_introspection_cpp.dir/rosidl_typesupport_introspection_cpp/my_own_srv/srv/detail/add_two_ints__type_support.cpp.o[0m
[4.347s] running egg_info
[4.348s] creating my_own_srv.egg-info
[4.348s] writing my_own_srv.egg-info/PKG-INFO
[4.348s] writing dependency_links to my_own_srv.egg-info/dependency_links.txt
[4.348s] writing top-level names to my_own_srv.egg-info/top_level.txt
[4.349s] writing manifest file 'my_own_srv.egg-info/SOURCES.txt'
[4.352s] reading manifest file 'my_own_srv.egg-info/SOURCES.txt'
[4.352s] writing manifest file 'my_own_srv.egg-info/SOURCES.txt'
[4.382s] [ 58%] Built target ament_cmake_python_build_my_own_srv_egg
[4.391s] [ 61%] [34m[1mGenerating C type support for eProsima Fast-RTPS[0m
[4.502s] [ 64%] [32m[1mLinking CXX shared library libmy_own_srv__rosidl_typesupport_introspection_cpp.so[0m
[4.548s] [ 64%] Built target my_own_srv__rosidl_typesupport_introspection_cpp
[4.660s] [ 67%] [32mBuilding CXX object CMakeFiles/my_own_srv__rosidl_typesupport_fastrtps_c.dir/rosidl_typesupport_fastrtps_c/my_own_srv/srv/detail/add_two_ints__type_support_c.cpp.o[0m
[4.973s] [ 70%] [32m[1mLinking CXX shared library libmy_own_srv__rosidl_typesupport_fastrtps_c.so[0m
[5.041s] [ 70%] Built target my_own_srv__rosidl_typesupport_fastrtps_c
[5.061s] [ 70%] Built target my_own_srv
[5.082s] [ 74%] [34m[1mGenerating Python code for ROS interfaces[0m
[5.466s] [ 74%] Built target my_own_srv__py
[5.489s] [ 77%] [32mBuilding C object CMakeFiles/my_own_srv__rosidl_generator_py.dir/rosidl_generator_py/my_own_srv/srv/_add_two_ints_s.c.o[0m
[5.636s] [ 80%] [32m[1mLinking C shared library rosidl_generator_py/my_own_srv/libmy_own_srv__rosidl_generator_py.so[0m
[5.680s] [ 80%] Built target my_own_srv__rosidl_generator_py
[5.698s] [ 87%] [32mBuilding C object CMakeFiles/my_own_srv__rosidl_typesupport_introspection_c__pyext.dir/rosidl_generator_py/my_own_srv/_my_own_srv_s.ep.rosidl_typesupport_introspection_c.c.o[0m
[5.698s] [ 87%] [32mBuilding C object CMakeFiles/my_own_srv__rosidl_typesupport_fastrtps_c__pyext.dir/rosidl_generator_py/my_own_srv/_my_own_srv_s.ep.rosidl_typesupport_fastrtps_c.c.o[0m
[5.796s] [ 93%] [32m[1mLinking C shared library rosidl_generator_py/my_own_srv/my_own_srv_s__rosidl_typesupport_introspection_c.cpython-310-x86_64-linux-gnu.so[0m
[5.796s] [ 93%] [32m[1mLinking C shared library rosidl_generator_py/my_own_srv/my_own_srv_s__rosidl_typesupport_fastrtps_c.cpython-310-x86_64-linux-gnu.so[0m
[5.832s] [ 93%] Built target my_own_srv__rosidl_typesupport_fastrtps_c__pyext
[5.832s] [ 93%] Built target my_own_srv__rosidl_typesupport_introspection_c__pyext
[5.853s] [ 96%] [32mBuilding C object CMakeFiles/my_own_srv__rosidl_typesupport_c__pyext.dir/rosidl_generator_py/my_own_srv/_my_own_srv_s.ep.rosidl_typesupport_c.c.o[0m
[5.947s] [100%] [32m[1mLinking C shared library rosidl_generator_py/my_own_srv/my_own_srv_s__rosidl_typesupport_c.cpython-310-x86_64-linux-gnu.so[0m
[5.983s] [100%] Built target my_own_srv__rosidl_typesupport_c__pyext
[5.997s] Invoked command in '/home/ahmedk/dev_ws/build/my_own_srv' returned '0': CMAKE_PREFIX_PATH=${CMAKE_PREFIX_PATH}:/home/ahmedk/dev_ws/install/my_first_py:/opt/ros/humble /usr/bin/cmake --build /home/ahmedk/dev_ws/build/my_own_srv -- -j2 -l2
[6.057s] Invoking command in '/home/ahmedk/dev_ws/build/my_own_srv': CMAKE_PREFIX_PATH=${CMAKE_PREFIX_PATH}:/home/ahmedk/dev_ws/install/my_first_py:/opt/ros/humble /usr/bin/cmake --install /home/ahmedk/dev_ws/build/my_own_srv
[6.065s] -- Install configuration: ""
[6.066s] -- Execute custom install script
[6.066s] -- Symlinking: /home/ahmedk/dev_ws/install/my_own_srv/share/ament_index/resource_index/rosidl_interfaces/my_own_srv
[6.074s] -- Symlinking: /home/ahmedk/dev_ws/install/my_own_srv/include/my_own_srv/my_own_srv/msg/rosidl_generator_c__visibility_control.h
[6.082s] -- Symlinking: /home/ahmedk/dev_ws/install/my_own_srv/include/my_own_srv/my_own_srv/srv/add_two_ints.h
[6.090s] -- Symlinking: /home/ahmedk/dev_ws/install/my_own_srv/include/my_own_srv/my_own_srv/srv/detail/add_two_ints__functions.h
[6.098s] -- Symlinking: /home/ahmedk/dev_ws/install/my_own_srv/include/my_own_srv/my_own_srv/srv/detail/add_two_ints__struct.h
[6.107s] -- Symlinking: /home/ahmedk/dev_ws/install/my_own_srv/include/my_own_srv/my_own_srv/srv/detail/add_two_ints__type_support.h
[6.114s] -- Symlinking: /home/ahmedk/dev_ws/install/my_own_srv/share/my_own_srv/environment/library_path.sh
[6.122s] -- Symlinking: /home/ahmedk/dev_ws/install/my_own_srv/share/my_own_srv/environment/library_path.dsv
[6.130s] -- Symlinking: /home/ahmedk/dev_ws/install/my_own_srv/include/my_own_srv/my_own_srv/msg/rosidl_typesupport_fastrtps_c__visibility_control.h
[6.137s] -- Symlinking: /home/ahmedk/dev_ws/install/my_own_srv/include/my_own_srv/my_own_srv/srv/detail/add_two_ints__rosidl_typesupport_fastrtps_c.h
[6.148s] -- Symlinking: /home/ahmedk/dev_ws/install/my_own_srv/include/my_own_srv/my_own_srv/srv/add_two_ints.hpp
[6.158s] -- Symlinking: /home/ahmedk/dev_ws/install/my_own_srv/include/my_own_srv/my_own_srv/srv/detail/add_two_ints__builder.hpp
[6.167s] -- Symlinking: /home/ahmedk/dev_ws/install/my_own_srv/include/my_own_srv/my_own_srv/srv/detail/add_two_ints__struct.hpp
[6.175s] -- Symlinking: /home/ahmedk/dev_ws/install/my_own_srv/include/my_own_srv/my_own_srv/srv/detail/add_two_ints__traits.hpp
[6.182s] -- Symlinking: /home/ahmedk/dev_ws/install/my_own_srv/include/my_own_srv/my_own_srv/msg/rosidl_typesupport_fastrtps_cpp__visibility_control.h
[6.189s] -- Symlinking: /home/ahmedk/dev_ws/install/my_own_srv/include/my_own_srv/my_own_srv/srv/detail/add_two_ints__rosidl_typesupport_fastrtps_cpp.hpp
[6.197s] -- Symlinking: /home/ahmedk/dev_ws/install/my_own_srv/include/my_own_srv/my_own_srv/msg/rosidl_typesupport_introspection_c__visibility_control.h
[6.205s] -- Symlinking: /home/ahmedk/dev_ws/install/my_own_srv/include/my_own_srv/my_own_srv/srv/detail/add_two_ints__rosidl_typesupport_introspection_c.h
[6.213s] -- Symlinking: /home/ahmedk/dev_ws/install/my_own_srv/include/my_own_srv/my_own_srv/srv/detail/add_two_ints__rosidl_typesupport_introspection_cpp.hpp
[6.220s] -- Symlinking: /home/ahmedk/dev_ws/install/my_own_srv/share/my_own_srv/environment/pythonpath.sh
[6.229s] -- Symlinking: /home/ahmedk/dev_ws/install/my_own_srv/share/my_own_srv/environment/pythonpath.dsv
[6.241s] -- Symlinking: /home/ahmedk/dev_ws/install/my_own_srv/local/lib/python3.10/dist-packages/my_own_srv-0.0.0-py3.10.egg-info/PKG-INFO
[6.249s] -- Symlinking: /home/ahmedk/dev_ws/install/my_own_srv/local/lib/python3.10/dist-packages/my_own_srv-0.0.0-py3.10.egg-info/SOURCES.txt
[6.259s] -- Symlinking: /home/ahmedk/dev_ws/install/my_own_srv/local/lib/python3.10/dist-packages/my_own_srv-0.0.0-py3.10.egg-info/dependency_links.txt
[6.267s] -- Symlinking: /home/ahmedk/dev_ws/install/my_own_srv/local/lib/python3.10/dist-packages/my_own_srv-0.0.0-py3.10.egg-info/top_level.txt
[6.275s] -- Symlinking: /home/ahmedk/dev_ws/install/my_own_srv/local/lib/python3.10/dist-packages/my_own_srv/__init__.py
[6.283s] -- Symlinking: /home/ahmedk/dev_ws/install/my_own_srv/local/lib/python3.10/dist-packages/my_own_srv/_my_own_srv_s.ep.rosidl_typesupport_c.c
[6.290s] -- Symlinking: /home/ahmedk/dev_ws/install/my_own_srv/local/lib/python3.10/dist-packages/my_own_srv/_my_own_srv_s.ep.rosidl_typesupport_fastrtps_c.c
[6.298s] -- Symlinking: /home/ahmedk/dev_ws/install/my_own_srv/local/lib/python3.10/dist-packages/my_own_srv/_my_own_srv_s.ep.rosidl_typesupport_introspection_c.c
[6.305s] -- Symlinking: /home/ahmedk/dev_ws/install/my_own_srv/local/lib/python3.10/dist-packages/my_own_srv/libmy_own_srv__rosidl_generator_py.so
[6.313s] -- Symlinking: /home/ahmedk/dev_ws/install/my_own_srv/local/lib/python3.10/dist-packages/my_own_srv/my_own_srv_s__rosidl_typesupport_c.cpython-310-x86_64-linux-gnu.so
[6.320s] -- Symlinking: /home/ahmedk/dev_ws/install/my_own_srv/local/lib/python3.10/dist-packages/my_own_srv/my_own_srv_s__rosidl_typesupport_fastrtps_c.cpython-310-x86_64-linux-gnu.so
[6.328s] -- Symlinking: /home/ahmedk/dev_ws/install/my_own_srv/local/lib/python3.10/dist-packages/my_own_srv/my_own_srv_s__rosidl_typesupport_introspection_c.cpython-310-x86_64-linux-gnu.so
[6.336s] -- Symlinking: /home/ahmedk/dev_ws/install/my_own_srv/local/lib/python3.10/dist-packages/my_own_srv/srv/__init__.py
[6.347s] -- Symlinking: /home/ahmedk/dev_ws/install/my_own_srv/local/lib/python3.10/dist-packages/my_own_srv/srv/_add_two_ints.py
[6.357s] -- Symlinking: /home/ahmedk/dev_ws/install/my_own_srv/local/lib/python3.10/dist-packages/my_own_srv/srv/_add_two_ints_s.c
[6.365s] -- Up-to-date symlink: /home/ahmedk/dev_ws/install/my_own_srv/local/lib/python3.10/dist-packages/my_own_srv/my_own_srv_s__rosidl_typesupport_fastrtps_c.cpython-310-x86_64-linux-gnu.so
[6.366s] -- Up-to-date symlink: /home/ahmedk/dev_ws/install/my_own_srv/local/lib/python3.10/dist-packages/my_own_srv/my_own_srv_s__rosidl_typesupport_introspection_c.cpython-310-x86_64-linux-gnu.so
[6.366s] -- Up-to-date symlink: /home/ahmedk/dev_ws/install/my_own_srv/local/lib/python3.10/dist-packages/my_own_srv/my_own_srv_s__rosidl_typesupport_c.cpython-310-x86_64-linux-gnu.so
[6.366s] -- Symlinking: /home/ahmedk/dev_ws/install/my_own_srv/share/my_own_srv/srv/AddTwoInts.idl
[6.373s] -- Symlinking: /home/ahmedk/dev_ws/install/my_own_srv/share/my_own_srv/srv/AddTwoInts.srv
[6.381s] -- Symlinking: /home/ahmedk/dev_ws/install/my_own_srv/share/my_own_srv/srv/AddTwoInts_Request.msg
[6.388s] -- Symlinking: /home/ahmedk/dev_ws/install/my_own_srv/share/my_own_srv/srv/AddTwoInts_Response.msg
[6.396s] -- Symlinking: /home/ahmedk/dev_ws/install/my_own_srv/share/ament_index/resource_index/package_run_dependencies/my_own_srv
[6.403s] -- Symlinking: /home/ahmedk/dev_ws/install/my_own_srv/share/ament_index/resource_index/parent_prefix_path/my_own_srv
[6.414s] -- Symlinking: /home/ahmedk/dev_ws/install/my_own_srv/share/my_own_srv/environment/ament_prefix_path.sh
[6.425s] -- Symlinking: /home/ahmedk/dev_ws/install/my_own_srv/share/my_own_srv/environment/ament_prefix_path.dsv
[6.435s] -- Symlinking: /home/ahmedk/dev_ws/install/my_own_srv/share/my_own_srv/environment/path.sh
[6.451s] -- Symlinking: /home/ahmedk/dev_ws/install/my_own_srv/share/my_own_srv/environment/path.dsv
[6.465s] -- Symlinking: /home/ahmedk/dev_ws/install/my_own_srv/share/my_own_srv/local_setup.bash
[6.477s] -- Symlinking: /home/ahmedk/dev_ws/install/my_own_srv/share/my_own_srv/local_setup.sh
[6.488s] -- Symlinking: /home/ahmedk/dev_ws/install/my_own_srv/share/my_own_srv/local_setup.zsh
[6.498s] -- Symlinking: /home/ahmedk/dev_ws/install/my_own_srv/share/my_own_srv/local_setup.dsv
[6.509s] -- Symlinking: /home/ahmedk/dev_ws/install/my_own_srv/share/my_own_srv/package.dsv
[6.521s] -- Symlinking: /home/ahmedk/dev_ws/install/my_own_srv/share/ament_index/resource_index/packages/my_own_srv
[6.533s] -- Symlinking: /home/ahmedk/dev_ws/install/my_own_srv/share/my_own_srv/cmake/rosidl_cmake-extras.cmake
[6.543s] -- Symlinking: /home/ahmedk/dev_ws/install/my_own_srv/share/my_own_srv/cmake/ament_cmake_export_dependencies-extras.cmake
[6.551s] -- Symlinking: /home/ahmedk/dev_ws/install/my_own_srv/share/my_own_srv/cmake/ament_cmake_export_include_directories-extras.cmake
[6.560s] -- Symlinking: /home/ahmedk/dev_ws/install/my_own_srv/share/my_own_srv/cmake/ament_cmake_export_libraries-extras.cmake
[6.569s] -- Symlinking: /home/ahmedk/dev_ws/install/my_own_srv/share/my_own_srv/cmake/ament_cmake_export_targets-extras.cmake
[6.577s] -- Symlinking: /home/ahmedk/dev_ws/install/my_own_srv/share/my_own_srv/cmake/rosidl_cmake_export_typesupport_targets-extras.cmake
[6.586s] -- Symlinking: /home/ahmedk/dev_ws/install/my_own_srv/share/my_own_srv/cmake/rosidl_cmake_export_typesupport_libraries-extras.cmake
[6.593s] -- Symlinking: /home/ahmedk/dev_ws/install/my_own_srv/share/my_own_srv/cmake/my_own_srvConfig.cmake
[6.601s] -- Symlinking: /home/ahmedk/dev_ws/install/my_own_srv/share/my_own_srv/cmake/my_own_srvConfig-version.cmake
[6.608s] -- Symlinking: /home/ahmedk/dev_ws/install/my_own_srv/share/my_own_srv/package.xml
[6.616s] -- Installing: /home/ahmedk/dev_ws/install/my_own_srv/lib/libmy_own_srv__rosidl_generator_c.so
[6.617s] -- Set runtime path of "/home/ahmedk/dev_ws/install/my_own_srv/lib/libmy_own_srv__rosidl_generator_c.so" to ""
[6.617s] -- Installing: /home/ahmedk/dev_ws/install/my_own_srv/lib/libmy_own_srv__rosidl_typesupport_fastrtps_c.so
[6.617s] -- Set runtime path of "/home/ahmedk/dev_ws/install/my_own_srv/lib/libmy_own_srv__rosidl_typesupport_fastrtps_c.so" to ""
[6.617s] -- Installing: /home/ahmedk/dev_ws/install/my_own_srv/lib/libmy_own_srv__rosidl_typesupport_fastrtps_cpp.so
[6.617s] -- Set runtime path of "/home/ahmedk/dev_ws/install/my_own_srv/lib/libmy_own_srv__rosidl_typesupport_fastrtps_cpp.so" to ""
[6.617s] -- Installing: /home/ahmedk/dev_ws/install/my_own_srv/lib/libmy_own_srv__rosidl_typesupport_introspection_c.so
[6.618s] -- Set runtime path of "/home/ahmedk/dev_ws/install/my_own_srv/lib/libmy_own_srv__rosidl_typesupport_introspection_c.so" to ""
[6.618s] -- Installing: /home/ahmedk/dev_ws/install/my_own_srv/lib/libmy_own_srv__rosidl_typesupport_c.so
[6.618s] -- Set runtime path of "/home/ahmedk/dev_ws/install/my_own_srv/lib/libmy_own_srv__rosidl_typesupport_c.so" to ""
[6.618s] -- Installing: /home/ahmedk/dev_ws/install/my_own_srv/lib/libmy_own_srv__rosidl_typesupport_introspection_cpp.so
[6.619s] -- Set runtime path of "/home/ahmedk/dev_ws/install/my_own_srv/lib/libmy_own_srv__rosidl_typesupport_introspection_cpp.so" to ""
[6.619s] -- Installing: /home/ahmedk/dev_ws/install/my_own_srv/lib/libmy_own_srv__rosidl_typesupport_cpp.so
[6.619s] -- Set runtime path of "/home/ahmedk/dev_ws/install/my_own_srv/lib/libmy_own_srv__rosidl_typesupport_cpp.so" to ""
[6.655s] Listing '/home/ahmedk/dev_ws/install/my_own_srv/local/lib/python3.10/dist-packages/my_own_srv'...
[6.655s] Compiling '/home/ahmedk/dev_ws/install/my_own_srv/local/lib/python3.10/dist-packages/my_own_srv/__init__.py'...
[6.655s] Listing '/home/ahmedk/dev_ws/install/my_own_srv/local/lib/python3.10/dist-packages/my_own_srv/srv'...
[6.655s] Compiling '/home/ahmedk/dev_ws/install/my_own_srv/local/lib/python3.10/dist-packages/my_own_srv/srv/__init__.py'...
[6.656s] Compiling '/home/ahmedk/dev_ws/install/my_own_srv/local/lib/python3.10/dist-packages/my_own_srv/srv/_add_two_ints.py'...
[6.660s] -- Installing: /home/ahmedk/dev_ws/install/my_own_srv/lib/libmy_own_srv__rosidl_generator_py.so
[6.660s] -- Set runtime path of "/home/ahmedk/dev_ws/install/my_own_srv/lib/libmy_own_srv__rosidl_generator_py.so" to ""
[6.660s] -- Installing: /home/ahmedk/dev_ws/install/my_own_srv/share/my_own_srv/cmake/export_my_own_srv__rosidl_generator_cExport.cmake
[6.661s] -- Installing: /home/ahmedk/dev_ws/install/my_own_srv/share/my_own_srv/cmake/export_my_own_srv__rosidl_generator_cExport-noconfig.cmake
[6.661s] -- Installing: /home/ahmedk/dev_ws/install/my_own_srv/share/my_own_srv/cmake/export_my_own_srv__rosidl_typesupport_fastrtps_cExport.cmake
[6.661s] -- Installing: /home/ahmedk/dev_ws/install/my_own_srv/share/my_own_srv/cmake/export_my_own_srv__rosidl_typesupport_fastrtps_cExport-noconfig.cmake
[6.661s] -- Installing: /home/ahmedk/dev_ws/install/my_own_srv/share/my_own_srv/cmake/export_my_own_srv__rosidl_generator_cppExport.cmake
[6.661s] -- Installing: /home/ahmedk/dev_ws/install/my_own_srv/share/my_own_srv/cmake/export_my_own_srv__rosidl_typesupport_fastrtps_cppExport.cmake
[6.661s] -- Installing: /home/ahmedk/dev_ws/install/my_own_srv/share/my_own_srv/cmake/export_my_own_srv__rosidl_typesupport_fastrtps_cppExport-noconfig.cmake
[6.662s] -- Installing: /home/ahmedk/dev_ws/install/my_own_srv/share/my_own_srv/cmake/my_own_srv__rosidl_typesupport_introspection_cExport.cmake
[6.662s] -- Installing: /home/ahmedk/dev_ws/install/my_own_srv/share/my_own_srv/cmake/my_own_srv__rosidl_typesupport_introspection_cExport-noconfig.cmake
[6.662s] -- Installing: /home/ahmedk/dev_ws/install/my_own_srv/share/my_own_srv/cmake/my_own_srv__rosidl_typesupport_cExport.cmake
[6.662s] -- Installing: /home/ahmedk/dev_ws/install/my_own_srv/share/my_own_srv/cmake/my_own_srv__rosidl_typesupport_cExport-noconfig.cmake
[6.662s] -- Installing: /home/ahmedk/dev_ws/install/my_own_srv/share/my_own_srv/cmake/my_own_srv__rosidl_typesupport_introspection_cppExport.cmake
[6.662s] -- Installing: /home/ahmedk/dev_ws/install/my_own_srv/share/my_own_srv/cmake/my_own_srv__rosidl_typesupport_introspection_cppExport-noconfig.cmake
[6.663s] -- Installing: /home/ahmedk/dev_ws/install/my_own_srv/share/my_own_srv/cmake/my_own_srv__rosidl_typesupport_cppExport.cmake
[6.663s] -- Installing: /home/ahmedk/dev_ws/install/my_own_srv/share/my_own_srv/cmake/my_own_srv__rosidl_typesupport_cppExport-noconfig.cmake
[6.663s] -- Installing: /home/ahmedk/dev_ws/install/my_own_srv/share/my_own_srv/cmake/export_my_own_srv__rosidl_generator_pyExport.cmake
[6.663s] -- Installing: /home/ahmedk/dev_ws/install/my_own_srv/share/my_own_srv/cmake/export_my_own_srv__rosidl_generator_pyExport-noconfig.cmake
[6.670s] Invoked command in '/home/ahmedk/dev_ws/build/my_own_srv' returned '0': CMAKE_PREFIX_PATH=${CMAKE_PREFIX_PATH}:/home/ahmedk/dev_ws/install/my_first_py:/opt/ros/humble /usr/bin/cmake --install /home/ahmedk/dev_ws/build/my_own_srv
