[0.029s] Invoking command in '/home/ahmedk/dev_ws/build/turtlebot3_simulations': CMAKE_PREFIX_PATH=${CMAKE_PREFIX_PATH}:/home/ahmedk/dev_ws/install/my_first_py:/opt/ros/humble /usr/bin/cmake /home/ahmedk/dev_ws/src/turtlebot3_simulations/turtlebot3_simulations -DAMENT_CMAKE_SYMLINK_INSTALL=1 -DCMAKE_INSTALL_PREFIX=/home/ahmedk/dev_ws/install/turtlebot3_simulations
[0.178s] -- The C compiler identification is GNU 11.4.0
[0.353s] -- The CXX compiler identification is GNU 11.4.0
[0.361s] -- Detecting C compiler ABI info
[0.603s] -- Detecting C compiler ABI info - done
[0.615s] -- Check for working C compiler: /usr/bin/cc - skipped
[0.619s] -- Detecting C compile features
[0.619s] -- Detecting C compile features - done
[0.628s] -- Detecting CXX compiler ABI info
[0.877s] -- Detecting CXX compiler ABI info - done
[0.887s] -- Check for working CXX compiler: /usr/bin/c++ - skipped
[0.889s] -- Detecting CXX compile features
[0.889s] -- Detecting CXX compile features - done
[0.893s] -- Found ament_cmake: 1.3.5 (/opt/ros/humble/share/ament_cmake/cmake)
[1.183s] -- Found Python3: /usr/bin/python3.10 (found version "3.10.12") found components: Interpreter 
[1.348s] -- Override CMake install command with custom implementation using symlinks instead of copying resources
[1.499s] -- Configuring done
[1.503s] -- Generating done
[1.509s] -- Build files have been written to: /home/ahmedk/dev_ws/build/turtlebot3_simulations
[1.524s] Invoked command in '/home/ahmedk/dev_ws/build/turtlebot3_simulations' returned '0': CMAKE_PREFIX_PATH=${CMAKE_PREFIX_PATH}:/home/ahmedk/dev_ws/install/my_first_py:/opt/ros/humble /usr/bin/cmake /home/ahmedk/dev_ws/src/turtlebot3_simulations/turtlebot3_simulations -DAMENT_CMAKE_SYMLINK_INSTALL=1 -DCMAKE_INSTALL_PREFIX=/home/ahmedk/dev_ws/install/turtlebot3_simulations
[1.524s] Invoking command in '/home/ahmedk/dev_ws/build/turtlebot3_simulations': CMAKE_PREFIX_PATH=${CMAKE_PREFIX_PATH}:/home/ahmedk/dev_ws/install/my_first_py:/opt/ros/humble /usr/bin/cmake --build /home/ahmedk/dev_ws/build/turtlebot3_simulations -- -j2 -l2
[1.632s] Invoked command in '/home/ahmedk/dev_ws/build/turtlebot3_simulations' returned '0': CMAKE_PREFIX_PATH=${CMAKE_PREFIX_PATH}:/home/ahmedk/dev_ws/install/my_first_py:/opt/ros/humble /usr/bin/cmake --build /home/ahmedk/dev_ws/build/turtlebot3_simulations -- -j2 -l2
[1.667s] Invoking command in '/home/ahmedk/dev_ws/build/turtlebot3_simulations': CMAKE_PREFIX_PATH=${CMAKE_PREFIX_PATH}:/home/ahmedk/dev_ws/install/my_first_py:/opt/ros/humble /usr/bin/cmake --install /home/ahmedk/dev_ws/build/turtlebot3_simulations
[1.676s] -- Install configuration: ""
[1.679s] -- Execute custom install script
[1.680s] -- Symlinking: /home/ahmedk/dev_ws/install/turtlebot3_simulations/share/ament_index/resource_index/package_run_dependencies/turtlebot3_simulations
[1.737s] -- Symlinking: /home/ahmedk/dev_ws/install/turtlebot3_simulations/share/ament_index/resource_index/parent_prefix_path/turtlebot3_simulations
[1.775s] -- Symlinking: /home/ahmedk/dev_ws/install/turtlebot3_simulations/share/turtlebot3_simulations/environment/ament_prefix_path.sh
[1.827s] -- Symlinking: /home/ahmedk/dev_ws/install/turtlebot3_simulations/share/turtlebot3_simulations/environment/ament_prefix_path.dsv
[1.876s] -- Symlinking: /home/ahmedk/dev_ws/install/turtlebot3_simulations/share/turtlebot3_simulations/environment/path.sh
[1.902s] -- Symlinking: /home/ahmedk/dev_ws/install/turtlebot3_simulations/share/turtlebot3_simulations/environment/path.dsv
[1.912s] -- Symlinking: /home/ahmedk/dev_ws/install/turtlebot3_simulations/share/turtlebot3_simulations/local_setup.bash
[1.941s] -- Symlinking: /home/ahmedk/dev_ws/install/turtlebot3_simulations/share/turtlebot3_simulations/local_setup.sh
[1.953s] -- Symlinking: /home/ahmedk/dev_ws/install/turtlebot3_simulations/share/turtlebot3_simulations/local_setup.zsh
[1.963s] -- Symlinking: /home/ahmedk/dev_ws/install/turtlebot3_simulations/share/turtlebot3_simulations/local_setup.dsv
[1.972s] -- Symlinking: /home/ahmedk/dev_ws/install/turtlebot3_simulations/share/turtlebot3_simulations/package.dsv
[1.991s] -- Symlinking: /home/ahmedk/dev_ws/install/turtlebot3_simulations/share/ament_index/resource_index/packages/turtlebot3_simulations
[2.000s] -- Symlinking: /home/ahmedk/dev_ws/install/turtlebot3_simulations/share/turtlebot3_simulations/cmake/turtlebot3_simulationsConfig.cmake
[2.010s] -- Symlinking: /home/ahmedk/dev_ws/install/turtlebot3_simulations/share/turtlebot3_simulations/cmake/turtlebot3_simulationsConfig-version.cmake
[2.020s] -- Symlinking: /home/ahmedk/dev_ws/install/turtlebot3_simulations/share/turtlebot3_simulations/package.xml
[2.036s] Invoked command in '/home/ahmedk/dev_ws/build/turtlebot3_simulations' returned '0': CMAKE_PREFIX_PATH=${CMAKE_PREFIX_PATH}:/home/ahmedk/dev_ws/install/my_first_py:/opt/ros/humble /usr/bin/cmake --install /home/ahmedk/dev_ws/build/turtlebot3_simulations
