[0.128s] Invoking command in '/home/ahmedk/dev_ws/build/rplidar_ros': CMAKE_PREFIX_PATH=${CMAKE_PREFIX_PATH}:/home/ahmedk/dev_ws/install/add_two_int_srv:/home/ahmedk/dev_ws/install/my_first_py:/opt/ros/humble /usr/bin/cmake --build /home/ahmedk/dev_ws/build/rplidar_ros -- -j2 -l2
[0.222s] [ 77%] Built target rplidar_composition_node
[0.261s] [100%] Built target rplidar_composition
[0.280s] Invoked command in '/home/ahmedk/dev_ws/build/rplidar_ros' returned '0': CMAKE_PREFIX_PATH=${CMAKE_PREFIX_PATH}:/home/ahmedk/dev_ws/install/add_two_int_srv:/home/ahmedk/dev_ws/install/my_first_py:/opt/ros/humble /usr/bin/cmake --build /home/ahmedk/dev_ws/build/rplidar_ros -- -j2 -l2
[0.344s] Invoking command in '/home/ahmedk/dev_ws/build/rplidar_ros': CMAKE_PREFIX_PATH=${CMAKE_PREFIX_PATH}:/home/ahmedk/dev_ws/install/add_two_int_srv:/home/ahmedk/dev_ws/install/my_first_py:/opt/ros/humble /usr/bin/cmake --install /home/ahmedk/dev_ws/build/rplidar_ros
[0.358s] -- Install configuration: ""
[0.359s] -- Execute custom install script
[0.360s] -- Up-to-date symlink: /home/ahmedk/dev_ws/install/rplidar_ros/lib/rplidar_ros/rplidar_composition
[0.360s] -- Up-to-date symlink: /home/ahmedk/dev_ws/install/rplidar_ros/share/rplidar_ros/launch/rplidar.launch.py
[0.361s] -- Up-to-date symlink: /home/ahmedk/dev_ws/install/rplidar_ros/share/rplidar_ros/launch/rplidar_a3.launch.py
[0.361s] -- Up-to-date symlink: /home/ahmedk/dev_ws/install/rplidar_ros/share/rplidar_ros/launch/rplidar_s1.launch.py
[0.362s] -- Up-to-date symlink: /home/ahmedk/dev_ws/install/rplidar_ros/share/rplidar_ros/launch/rplidar_s1_tcp.launch.py
[0.362s] -- Up-to-date symlink: /home/ahmedk/dev_ws/install/rplidar_ros/share/rplidar_ros/launch/test_rplidar_a3.launch.py
[0.363s] -- Up-to-date symlink: /home/ahmedk/dev_ws/install/rplidar_ros/share/rplidar_ros/launch/view_rplidar.launch.py
[0.363s] -- Up-to-date symlink: /home/ahmedk/dev_ws/install/rplidar_ros/share/rplidar_ros/launch/view_rplidar_a3.launch.py
[0.363s] -- Up-to-date symlink: /home/ahmedk/dev_ws/install/rplidar_ros/share/rplidar_ros/launch/view_rplidar_s1.launch.py
[0.364s] -- Up-to-date symlink: /home/ahmedk/dev_ws/install/rplidar_ros/share/rplidar_ros/launch/view_rplidar_s1_tcp.launch.py
[0.364s] -- Up-to-date symlink: /home/ahmedk/dev_ws/install/rplidar_ros/share/rplidar_ros/rviz/rplidar.rviz
[0.365s] -- Up-to-date symlink: /home/ahmedk/dev_ws/install/rplidar_ros/lib/librplidar_composition_node.so
[0.365s] -- Up-to-date symlink: /home/ahmedk/dev_ws/install/rplidar_ros/include/rplidar_node.hpp
[0.365s] -- Up-to-date symlink: /home/ahmedk/dev_ws/install/rplidar_ros/include/visibility.h
[0.366s] -- Up-to-date symlink: /home/ahmedk/dev_ws/install/rplidar_ros/lib/rplidar_ros/rplidar_composition
[0.367s] -- Up-to-date symlink: /home/ahmedk/dev_ws/install/rplidar_ros/share/ament_index/resource_index/package_run_dependencies/rplidar_ros
[0.367s] -- Up-to-date symlink: /home/ahmedk/dev_ws/install/rplidar_ros/share/ament_index/resource_index/parent_prefix_path/rplidar_ros
[0.368s] -- Up-to-date symlink: /home/ahmedk/dev_ws/install/rplidar_ros/share/rplidar_ros/environment/ament_prefix_path.sh
[0.368s] -- Up-to-date symlink: /home/ahmedk/dev_ws/install/rplidar_ros/share/rplidar_ros/environment/ament_prefix_path.dsv
[0.368s] -- Up-to-date symlink: /home/ahmedk/dev_ws/install/rplidar_ros/share/rplidar_ros/environment/path.sh
[0.369s] -- Up-to-date symlink: /home/ahmedk/dev_ws/install/rplidar_ros/share/rplidar_ros/environment/path.dsv
[0.369s] -- Up-to-date symlink: /home/ahmedk/dev_ws/install/rplidar_ros/share/rplidar_ros/local_setup.bash
[0.370s] -- Up-to-date symlink: /home/ahmedk/dev_ws/install/rplidar_ros/share/rplidar_ros/local_setup.sh
[0.370s] -- Up-to-date symlink: /home/ahmedk/dev_ws/install/rplidar_ros/share/rplidar_ros/local_setup.zsh
[0.371s] -- Up-to-date symlink: /home/ahmedk/dev_ws/install/rplidar_ros/share/rplidar_ros/local_setup.dsv
[0.372s] -- Symlinking: /home/ahmedk/dev_ws/install/rplidar_ros/share/rplidar_ros/package.dsv
[0.392s] -- Up-to-date symlink: /home/ahmedk/dev_ws/install/rplidar_ros/share/ament_index/resource_index/packages/rplidar_ros
[0.394s] -- Up-to-date symlink: /home/ahmedk/dev_ws/install/rplidar_ros/share/ament_index/resource_index/rclcpp_components/rplidar_ros
[0.394s] -- Up-to-date symlink: /home/ahmedk/dev_ws/install/rplidar_ros/share/rplidar_ros/cmake/ament_cmake_export_dependencies-extras.cmake
[0.395s] -- Up-to-date symlink: /home/ahmedk/dev_ws/install/rplidar_ros/share/rplidar_ros/cmake/ament_cmake_export_include_directories-extras.cmake
[0.395s] -- Up-to-date symlink: /home/ahmedk/dev_ws/install/rplidar_ros/share/rplidar_ros/cmake/rplidar_rosConfig.cmake
[0.395s] -- Up-to-date symlink: /home/ahmedk/dev_ws/install/rplidar_ros/share/rplidar_ros/cmake/rplidar_rosConfig-version.cmake
[0.395s] -- Up-to-date symlink: /home/ahmedk/dev_ws/install/rplidar_ros/share/rplidar_ros/package.xml
[0.578s] Invoked command in '/home/ahmedk/dev_ws/build/rplidar_ros' returned '0': CMAKE_PREFIX_PATH=${CMAKE_PREFIX_PATH}:/home/ahmedk/dev_ws/install/add_two_int_srv:/home/ahmedk/dev_ws/install/my_first_py:/opt/ros/humble /usr/bin/cmake --install /home/ahmedk/dev_ws/build/rplidar_ros
