-- The C compiler identification is GNU 11.4.0
-- The CXX compiler identification is GNU 11.4.0
-- Detecting C compiler ABI info
-- Detecting C compiler ABI info - done
-- Check for working C compiler: /usr/bin/cc - skipped
-- Detecting C compile features
-- Detecting C compile features - done
-- Detecting CXX compiler ABI info
-- Detecting CXX compiler ABI info - done
-- Check for working CXX compiler: /usr/bin/c++ - skipped
-- Detecting CXX compile features
-- Detecting CXX compile features - done
-- Found ament_cmake: 1.3.5 (/opt/ros/humble/share/ament_cmake/cmake)
-- Found Python3: /usr/bin/python3.10 (found version "3.10.12") found components: Interpreter 
-- Override CMake install command with custom implementation using symlinks instead of copying resources
-- Found ament_lint_auto: 0.12.7 (/opt/ros/humble/share/ament_lint_auto/cmake)
-- Added test 'lint_cmake' to check CMake code style
-- Added test 'xmllint' to check XML markup files
-- Configuring done
-- Generating done
-- Build files have been written to: /home/ahmedk/dev_ws/build/my_own_srv
-- Install configuration: ""
-- Execute custom install script
-- Symlinking: /home/ahmedk/dev_ws/install/my_own_srv/share/ament_index/resource_index/package_run_dependencies/my_own_srv
-- Symlinking: /home/ahmedk/dev_ws/install/my_own_srv/share/ament_index/resource_index/parent_prefix_path/my_own_srv
-- Symlinking: /home/ahmedk/dev_ws/install/my_own_srv/share/my_own_srv/environment/ament_prefix_path.sh
-- Symlinking: /home/ahmedk/dev_ws/install/my_own_srv/share/my_own_srv/environment/ament_prefix_path.dsv
-- Symlinking: /home/ahmedk/dev_ws/install/my_own_srv/share/my_own_srv/environment/path.sh
-- Symlinking: /home/ahmedk/dev_ws/install/my_own_srv/share/my_own_srv/environment/path.dsv
-- Symlinking: /home/ahmedk/dev_ws/install/my_own_srv/share/my_own_srv/local_setup.bash
-- Symlinking: /home/ahmedk/dev_ws/install/my_own_srv/share/my_own_srv/local_setup.sh
-- Symlinking: /home/ahmedk/dev_ws/install/my_own_srv/share/my_own_srv/local_setup.zsh
-- Symlinking: /home/ahmedk/dev_ws/install/my_own_srv/share/my_own_srv/local_setup.dsv
-- Symlinking: /home/ahmedk/dev_ws/install/my_own_srv/share/my_own_srv/package.dsv
-- Symlinking: /home/ahmedk/dev_ws/install/my_own_srv/share/ament_index/resource_index/packages/my_own_srv
-- Symlinking: /home/ahmedk/dev_ws/install/my_own_srv/share/my_own_srv/cmake/my_own_srvConfig.cmake
-- Symlinking: /home/ahmedk/dev_ws/install/my_own_srv/share/my_own_srv/cmake/my_own_srvConfig-version.cmake
-- Symlinking: /home/ahmedk/dev_ws/install/my_own_srv/share/my_own_srv/package.xml
