running develop
Removing /home/ahmedk/dev_ws/install/add_two_int_srv/lib/python3.10/site-packages/add-two-int-srv.egg-link (link to .)
running egg_info
writing ../../build/add_two_int_srv/add_two_int_srv.egg-info/PKG-INFO
writing dependency_links to ../../build/add_two_int_srv/add_two_int_srv.egg-info/dependency_links.txt
writing entry points to ../../build/add_two_int_srv/add_two_int_srv.egg-info/entry_points.txt
writing requirements to ../../build/add_two_int_srv/add_two_int_srv.egg-info/requires.txt
writing top-level names to ../../build/add_two_int_srv/add_two_int_srv.egg-info/top_level.txt
reading manifest file '../../build/add_two_int_srv/add_two_int_srv.egg-info/SOURCES.txt'
writing manifest file '../../build/add_two_int_srv/add_two_int_srv.egg-info/SOURCES.txt'
running build
running build_py
creating /home/ahmedk/dev_ws/build/add_two_int_srv/build
creating /home/ahmedk/dev_ws/build/add_two_int_srv/build/lib
creating /home/ahmedk/dev_ws/build/add_two_int_srv/build/lib/add_two_int_srv
copying add_two_int_srv/server.py -> /home/ahmedk/dev_ws/build/add_two_int_srv/build/lib/add_two_int_srv
copying add_two_int_srv/__init__.py -> /home/ahmedk/dev_ws/build/add_two_int_srv/build/lib/add_two_int_srv
running install
running install_lib
creating /home/ahmedk/dev_ws/install/add_two_int_srv/lib/python3.10/site-packages/add_two_int_srv
copying /home/ahmedk/dev_ws/build/add_two_int_srv/build/lib/add_two_int_srv/server.py -> /home/ahmedk/dev_ws/install/add_two_int_srv/lib/python3.10/site-packages/add_two_int_srv
copying /home/ahmedk/dev_ws/build/add_two_int_srv/build/lib/add_two_int_srv/__init__.py -> /home/ahmedk/dev_ws/install/add_two_int_srv/lib/python3.10/site-packages/add_two_int_srv
byte-compiling /home/ahmedk/dev_ws/install/add_two_int_srv/lib/python3.10/site-packages/add_two_int_srv/server.py to server.cpython-310.pyc
byte-compiling /home/ahmedk/dev_ws/install/add_two_int_srv/lib/python3.10/site-packages/add_two_int_srv/__init__.py to __init__.cpython-310.pyc
running install_data
running install_egg_info
Copying ../../build/add_two_int_srv/add_two_int_srv.egg-info to /home/ahmedk/dev_ws/install/add_two_int_srv/lib/python3.10/site-packages/add_two_int_srv-0.0.0-py3.10.egg-info
running install_scripts
Installing server script to /home/ahmedk/dev_ws/install/add_two_int_srv/lib/add_two_int_srv
writing list of installed files to '/home/ahmedk/dev_ws/build/add_two_int_srv/install.log'
