[0.525s] DEBUG:colcon:Command line arguments: ['/usr/bin/colcon', 'build', '--symlink-install']
[0.525s] DEBUG:colcon:Parsed command line arguments: Namespace(log_base=None, log_level=None, verb_name='build', build_base='build', install_base='install', merge_install=False, symlink_install=True, test_result_base=None, continue_on_error=False, executor='parallel', parallel_workers=2, event_handlers=None, ignore_user_meta=False, metas=['./colcon.meta'], base_paths=['.'], packages_ignore=None, packages_ignore_regex=None, paths=None, packages_up_to=None, packages_up_to_regex=None, packages_above=None, packages_above_and_dependencies=None, packages_above_depth=None, packages_select_by_dep=None, packages_skip_by_dep=None, packages_skip_up_to=None, packages_select_build_failed=False, packages_skip_build_finished=False, packages_select_test_failures=False, packages_skip_test_passed=False, packages_select=None, packages_skip=None, packages_select_regex=None, packages_skip_regex=None, packages_start=None, packages_end=None, allow_overriding=[], cmake_args=None, cmake_target=None, cmake_target_skip_unavailable=False, cmake_clean_cache=False, cmake_clean_first=False, cmake_force_configure=False, ament_cmake_args=None, catkin_cmake_args=None, catkin_skip_building_tests=False, verb_parser=<colcon_defaults.argument_parser.defaults.DefaultArgumentsDecorator object at 0x7f17dd9d7e20>, verb_extension=<colcon_core.verb.build.BuildVerb object at 0x7f17dd803b50>, main=<bound method BuildVerb.main of <colcon_core.verb.build.BuildVerb object at 0x7f17dd803b50>>)
[0.637s] Level 1:colcon.colcon_core.package_discovery:discover_packages(colcon_meta) check parameters
[0.637s] Level 1:colcon.colcon_core.package_discovery:discover_packages(recursive) check parameters
[0.637s] Level 1:colcon.colcon_core.package_discovery:discover_packages(ignore) check parameters
[0.637s] Level 1:colcon.colcon_core.package_discovery:discover_packages(path) check parameters
[0.637s] Level 1:colcon.colcon_core.package_discovery:discover_packages(colcon_meta) discover
[0.637s] Level 1:colcon.colcon_core.package_discovery:discover_packages(recursive) discover
[0.637s] INFO:colcon.colcon_core.package_discovery:Crawling recursively for packages in '/home/ahmedk/dev_ws'
[0.637s] Level 1:colcon.colcon_core.package_identification:_identify(.) by extensions ['ignore', 'ignore_ament_install']
[0.638s] Level 1:colcon.colcon_core.package_identification:_identify(.) by extension 'ignore'
[0.638s] Level 1:colcon.colcon_core.package_identification:_identify(.) by extension 'ignore_ament_install'
[0.638s] Level 1:colcon.colcon_core.package_identification:_identify(.) by extensions ['colcon_pkg']
[0.638s] Level 1:colcon.colcon_core.package_identification:_identify(.) by extension 'colcon_pkg'
[0.638s] Level 1:colcon.colcon_core.package_identification:_identify(.) by extensions ['colcon_meta']
[0.638s] Level 1:colcon.colcon_core.package_identification:_identify(.) by extension 'colcon_meta'
[0.638s] Level 1:colcon.colcon_core.package_identification:_identify(.) by extensions ['ros']
[0.638s] Level 1:colcon.colcon_core.package_identification:_identify(.) by extension 'ros'
[0.709s] Level 1:colcon.colcon_core.package_identification:_identify(.) by extensions ['cmake', 'python']
[0.709s] Level 1:colcon.colcon_core.package_identification:_identify(.) by extension 'cmake'
[0.709s] Level 1:colcon.colcon_core.package_identification:_identify(.) by extension 'python'
[0.709s] Level 1:colcon.colcon_core.package_identification:_identify(.) by extensions ['python_setup_py']
[0.709s] Level 1:colcon.colcon_core.package_identification:_identify(.) by extension 'python_setup_py'
[0.709s] Level 1:colcon.colcon_core.package_identification:_identify(build) by extensions ['ignore', 'ignore_ament_install']
[0.710s] Level 1:colcon.colcon_core.package_identification:_identify(build) by extension 'ignore'
[0.710s] Level 1:colcon.colcon_core.package_identification:_identify(build) ignored
[0.710s] Level 1:colcon.colcon_core.package_identification:_identify(install) by extensions ['ignore', 'ignore_ament_install']
[0.710s] Level 1:colcon.colcon_core.package_identification:_identify(install) by extension 'ignore'
[0.711s] Level 1:colcon.colcon_core.package_identification:_identify(install) ignored
[0.711s] Level 1:colcon.colcon_core.package_identification:_identify(log) by extensions ['ignore', 'ignore_ament_install']
[0.711s] Level 1:colcon.colcon_core.package_identification:_identify(log) by extension 'ignore'
[0.711s] Level 1:colcon.colcon_core.package_identification:_identify(log) ignored
[0.711s] Level 1:colcon.colcon_core.package_identification:_identify(src) by extensions ['ignore', 'ignore_ament_install']
[0.712s] Level 1:colcon.colcon_core.package_identification:_identify(src) by extension 'ignore'
[0.712s] Level 1:colcon.colcon_core.package_identification:_identify(src) by extension 'ignore_ament_install'
[0.712s] Level 1:colcon.colcon_core.package_identification:_identify(src) by extensions ['colcon_pkg']
[0.712s] Level 1:colcon.colcon_core.package_identification:_identify(src) by extension 'colcon_pkg'
[0.712s] Level 1:colcon.colcon_core.package_identification:_identify(src) by extensions ['colcon_meta']
[0.712s] Level 1:colcon.colcon_core.package_identification:_identify(src) by extension 'colcon_meta'
[0.712s] Level 1:colcon.colcon_core.package_identification:_identify(src) by extensions ['ros']
[0.712s] Level 1:colcon.colcon_core.package_identification:_identify(src) by extension 'ros'
[0.712s] Level 1:colcon.colcon_core.package_identification:_identify(src) by extensions ['cmake', 'python']
[0.713s] Level 1:colcon.colcon_core.package_identification:_identify(src) by extension 'cmake'
[0.713s] Level 1:colcon.colcon_core.package_identification:_identify(src) by extension 'python'
[0.713s] Level 1:colcon.colcon_core.package_identification:_identify(src) by extensions ['python_setup_py']
[0.713s] Level 1:colcon.colcon_core.package_identification:_identify(src) by extension 'python_setup_py'
[0.713s] Level 1:colcon.colcon_core.package_identification:_identify(src/add_two_int_srv) by extensions ['ignore', 'ignore_ament_install']
[0.713s] Level 1:colcon.colcon_core.package_identification:_identify(src/add_two_int_srv) by extension 'ignore'
[0.713s] Level 1:colcon.colcon_core.package_identification:_identify(src/add_two_int_srv) by extension 'ignore_ament_install'
[0.713s] Level 1:colcon.colcon_core.package_identification:_identify(src/add_two_int_srv) by extensions ['colcon_pkg']
[0.714s] Level 1:colcon.colcon_core.package_identification:_identify(src/add_two_int_srv) by extension 'colcon_pkg'
[0.714s] Level 1:colcon.colcon_core.package_identification:_identify(src/add_two_int_srv) by extensions ['colcon_meta']
[0.714s] Level 1:colcon.colcon_core.package_identification:_identify(src/add_two_int_srv) by extension 'colcon_meta'
[0.714s] Level 1:colcon.colcon_core.package_identification:_identify(src/add_two_int_srv) by extensions ['ros']
[0.714s] Level 1:colcon.colcon_core.package_identification:_identify(src/add_two_int_srv) by extension 'ros'
[0.723s] DEBUG:colcon.colcon_core.package_identification:Package 'src/add_two_int_srv' with type 'ros.ament_python' and name 'add_two_int_srv'
[0.724s] Level 1:colcon.colcon_core.package_identification:_identify(src/my_bot) by extensions ['ignore', 'ignore_ament_install']
[0.724s] Level 1:colcon.colcon_core.package_identification:_identify(src/my_bot) by extension 'ignore'
[0.724s] Level 1:colcon.colcon_core.package_identification:_identify(src/my_bot) by extension 'ignore_ament_install'
[0.725s] Level 1:colcon.colcon_core.package_identification:_identify(src/my_bot) by extensions ['colcon_pkg']
[0.725s] Level 1:colcon.colcon_core.package_identification:_identify(src/my_bot) by extension 'colcon_pkg'
[0.725s] Level 1:colcon.colcon_core.package_identification:_identify(src/my_bot) by extensions ['colcon_meta']
[0.725s] Level 1:colcon.colcon_core.package_identification:_identify(src/my_bot) by extension 'colcon_meta'
[0.725s] Level 1:colcon.colcon_core.package_identification:_identify(src/my_bot) by extensions ['ros']
[0.725s] Level 1:colcon.colcon_core.package_identification:_identify(src/my_bot) by extension 'ros'
[0.727s] DEBUG:colcon.colcon_core.package_identification:Package 'src/my_bot' with type 'ros.ament_cmake' and name 'my_bot'
[0.727s] Level 1:colcon.colcon_core.package_identification:_identify(src/my_first_py) by extensions ['ignore', 'ignore_ament_install']
[0.727s] Level 1:colcon.colcon_core.package_identification:_identify(src/my_first_py) by extension 'ignore'
[0.727s] Level 1:colcon.colcon_core.package_identification:_identify(src/my_first_py) by extension 'ignore_ament_install'
[0.727s] Level 1:colcon.colcon_core.package_identification:_identify(src/my_first_py) by extensions ['colcon_pkg']
[0.728s] Level 1:colcon.colcon_core.package_identification:_identify(src/my_first_py) by extension 'colcon_pkg'
[0.728s] Level 1:colcon.colcon_core.package_identification:_identify(src/my_first_py) by extensions ['colcon_meta']
[0.728s] Level 1:colcon.colcon_core.package_identification:_identify(src/my_first_py) by extension 'colcon_meta'
[0.728s] Level 1:colcon.colcon_core.package_identification:_identify(src/my_first_py) by extensions ['ros']
[0.728s] Level 1:colcon.colcon_core.package_identification:_identify(src/my_first_py) by extension 'ros'
[0.729s] DEBUG:colcon.colcon_core.package_identification:Package 'src/my_first_py' with type 'ros.ament_python' and name 'my_first_py'
[0.730s] Level 1:colcon.colcon_core.package_identification:_identify(src/my_own_srv) by extensions ['ignore', 'ignore_ament_install']
[0.730s] Level 1:colcon.colcon_core.package_identification:_identify(src/my_own_srv) by extension 'ignore'
[0.731s] Level 1:colcon.colcon_core.package_identification:_identify(src/my_own_srv) by extension 'ignore_ament_install'
[0.731s] Level 1:colcon.colcon_core.package_identification:_identify(src/my_own_srv) by extensions ['colcon_pkg']
[0.731s] Level 1:colcon.colcon_core.package_identification:_identify(src/my_own_srv) by extension 'colcon_pkg'
[0.731s] Level 1:colcon.colcon_core.package_identification:_identify(src/my_own_srv) by extensions ['colcon_meta']
[0.731s] Level 1:colcon.colcon_core.package_identification:_identify(src/my_own_srv) by extension 'colcon_meta'
[0.731s] Level 1:colcon.colcon_core.package_identification:_identify(src/my_own_srv) by extensions ['ros']
[0.731s] Level 1:colcon.colcon_core.package_identification:_identify(src/my_own_srv) by extension 'ros'
[0.735s] DEBUG:colcon.colcon_core.package_identification:Package 'src/my_own_srv' with type 'ros.ament_cmake' and name 'my_own_srv'
[0.736s] Level 1:colcon.colcon_core.package_identification:_identify(src/my_package) by extensions ['ignore', 'ignore_ament_install']
[0.736s] Level 1:colcon.colcon_core.package_identification:_identify(src/my_package) by extension 'ignore'
[0.736s] Level 1:colcon.colcon_core.package_identification:_identify(src/my_package) by extension 'ignore_ament_install'
[0.736s] Level 1:colcon.colcon_core.package_identification:_identify(src/my_package) by extensions ['colcon_pkg']
[0.736s] Level 1:colcon.colcon_core.package_identification:_identify(src/my_package) by extension 'colcon_pkg'
[0.737s] Level 1:colcon.colcon_core.package_identification:_identify(src/my_package) by extensions ['colcon_meta']
[0.737s] Level 1:colcon.colcon_core.package_identification:_identify(src/my_package) by extension 'colcon_meta'
[0.737s] Level 1:colcon.colcon_core.package_identification:_identify(src/my_package) by extensions ['ros']
[0.737s] Level 1:colcon.colcon_core.package_identification:_identify(src/my_package) by extension 'ros'
[0.738s] DEBUG:colcon.colcon_core.package_identification:Package 'src/my_package' with type 'ros.ament_cmake' and name 'my_package'
[0.739s] Level 1:colcon.colcon_core.package_identification:_identify(src/turtlebot3_simulations) by extensions ['ignore', 'ignore_ament_install']
[0.740s] Level 1:colcon.colcon_core.package_identification:_identify(src/turtlebot3_simulations) by extension 'ignore'
[0.740s] Level 1:colcon.colcon_core.package_identification:_identify(src/turtlebot3_simulations) by extension 'ignore_ament_install'
[0.740s] Level 1:colcon.colcon_core.package_identification:_identify(src/turtlebot3_simulations) by extensions ['colcon_pkg']
[0.740s] Level 1:colcon.colcon_core.package_identification:_identify(src/turtlebot3_simulations) by extension 'colcon_pkg'
[0.740s] Level 1:colcon.colcon_core.package_identification:_identify(src/turtlebot3_simulations) by extensions ['colcon_meta']
[0.740s] Level 1:colcon.colcon_core.package_identification:_identify(src/turtlebot3_simulations) by extension 'colcon_meta'
[0.740s] Level 1:colcon.colcon_core.package_identification:_identify(src/turtlebot3_simulations) by extensions ['ros']
[0.741s] Level 1:colcon.colcon_core.package_identification:_identify(src/turtlebot3_simulations) by extension 'ros'
[0.741s] Level 1:colcon.colcon_core.package_identification:_identify(src/turtlebot3_simulations) by extensions ['cmake', 'python']
[0.741s] Level 1:colcon.colcon_core.package_identification:_identify(src/turtlebot3_simulations) by extension 'cmake'
[0.741s] Level 1:colcon.colcon_core.package_identification:_identify(src/turtlebot3_simulations) by extension 'python'
[0.741s] Level 1:colcon.colcon_core.package_identification:_identify(src/turtlebot3_simulations) by extensions ['python_setup_py']
[0.741s] Level 1:colcon.colcon_core.package_identification:_identify(src/turtlebot3_simulations) by extension 'python_setup_py'
[0.742s] Level 1:colcon.colcon_core.package_identification:_identify(src/turtlebot3_simulations/turtlebot3_fake_node) by extensions ['ignore', 'ignore_ament_install']
[0.742s] Level 1:colcon.colcon_core.package_identification:_identify(src/turtlebot3_simulations/turtlebot3_fake_node) by extension 'ignore'
[0.743s] Level 1:colcon.colcon_core.package_identification:_identify(src/turtlebot3_simulations/turtlebot3_fake_node) by extension 'ignore_ament_install'
[0.743s] Level 1:colcon.colcon_core.package_identification:_identify(src/turtlebot3_simulations/turtlebot3_fake_node) by extensions ['colcon_pkg']
[0.743s] Level 1:colcon.colcon_core.package_identification:_identify(src/turtlebot3_simulations/turtlebot3_fake_node) by extension 'colcon_pkg'
[0.743s] Level 1:colcon.colcon_core.package_identification:_identify(src/turtlebot3_simulations/turtlebot3_fake_node) by extensions ['colcon_meta']
[0.743s] Level 1:colcon.colcon_core.package_identification:_identify(src/turtlebot3_simulations/turtlebot3_fake_node) by extension 'colcon_meta'
[0.743s] Level 1:colcon.colcon_core.package_identification:_identify(src/turtlebot3_simulations/turtlebot3_fake_node) by extensions ['ros']
[0.743s] Level 1:colcon.colcon_core.package_identification:_identify(src/turtlebot3_simulations/turtlebot3_fake_node) by extension 'ros'
[0.746s] DEBUG:colcon.colcon_core.package_identification:Package 'src/turtlebot3_simulations/turtlebot3_fake_node' with type 'ros.ament_cmake' and name 'turtlebot3_fake_node'
[0.748s] Level 1:colcon.colcon_core.package_identification:_identify(src/turtlebot3_simulations/turtlebot3_gazebo) by extensions ['ignore', 'ignore_ament_install']
[0.748s] Level 1:colcon.colcon_core.package_identification:_identify(src/turtlebot3_simulations/turtlebot3_gazebo) by extension 'ignore'
[0.748s] Level 1:colcon.colcon_core.package_identification:_identify(src/turtlebot3_simulations/turtlebot3_gazebo) by extension 'ignore_ament_install'
[0.748s] Level 1:colcon.colcon_core.package_identification:_identify(src/turtlebot3_simulations/turtlebot3_gazebo) by extensions ['colcon_pkg']
[0.748s] Level 1:colcon.colcon_core.package_identification:_identify(src/turtlebot3_simulations/turtlebot3_gazebo) by extension 'colcon_pkg'
[0.748s] Level 1:colcon.colcon_core.package_identification:_identify(src/turtlebot3_simulations/turtlebot3_gazebo) by extensions ['colcon_meta']
[0.749s] Level 1:colcon.colcon_core.package_identification:_identify(src/turtlebot3_simulations/turtlebot3_gazebo) by extension 'colcon_meta'
[0.749s] Level 1:colcon.colcon_core.package_identification:_identify(src/turtlebot3_simulations/turtlebot3_gazebo) by extensions ['ros']
[0.749s] Level 1:colcon.colcon_core.package_identification:_identify(src/turtlebot3_simulations/turtlebot3_gazebo) by extension 'ros'
[0.751s] DEBUG:colcon.colcon_core.package_identification:Package 'src/turtlebot3_simulations/turtlebot3_gazebo' with type 'ros.ament_cmake' and name 'turtlebot3_gazebo'
[0.752s] Level 1:colcon.colcon_core.package_identification:_identify(src/turtlebot3_simulations/turtlebot3_simulations) by extensions ['ignore', 'ignore_ament_install']
[0.752s] Level 1:colcon.colcon_core.package_identification:_identify(src/turtlebot3_simulations/turtlebot3_simulations) by extension 'ignore'
[0.752s] Level 1:colcon.colcon_core.package_identification:_identify(src/turtlebot3_simulations/turtlebot3_simulations) by extension 'ignore_ament_install'
[0.752s] Level 1:colcon.colcon_core.package_identification:_identify(src/turtlebot3_simulations/turtlebot3_simulations) by extensions ['colcon_pkg']
[0.752s] Level 1:colcon.colcon_core.package_identification:_identify(src/turtlebot3_simulations/turtlebot3_simulations) by extension 'colcon_pkg'
[0.753s] Level 1:colcon.colcon_core.package_identification:_identify(src/turtlebot3_simulations/turtlebot3_simulations) by extensions ['colcon_meta']
[0.753s] Level 1:colcon.colcon_core.package_identification:_identify(src/turtlebot3_simulations/turtlebot3_simulations) by extension 'colcon_meta'
[0.753s] Level 1:colcon.colcon_core.package_identification:_identify(src/turtlebot3_simulations/turtlebot3_simulations) by extensions ['ros']
[0.753s] Level 1:colcon.colcon_core.package_identification:_identify(src/turtlebot3_simulations/turtlebot3_simulations) by extension 'ros'
[0.754s] DEBUG:colcon.colcon_core.package_identification:Package 'src/turtlebot3_simulations/turtlebot3_simulations' with type 'ros.ament_cmake' and name 'turtlebot3_simulations'
[0.754s] Level 1:colcon.colcon_core.package_discovery:discover_packages(recursive) using defaults
[0.755s] Level 1:colcon.colcon_core.package_discovery:discover_packages(ignore) discover
[0.755s] Level 1:colcon.colcon_core.package_discovery:discover_packages(ignore) using defaults
[0.755s] Level 1:colcon.colcon_core.package_discovery:discover_packages(path) discover
[0.755s] Level 1:colcon.colcon_core.package_discovery:discover_packages(path) using defaults
[0.845s] Level 1:colcon.colcon_core.package_discovery:discover_packages(prefix_path) check parameters
[0.845s] Level 1:colcon.colcon_core.package_discovery:discover_packages(prefix_path) discover
[0.857s] DEBUG:colcon.colcon_installed_package_information.package_discovery:Found 8 installed packages in /home/ahmedk/dev_ws/install
[0.861s] DEBUG:colcon.colcon_installed_package_information.package_discovery:Found 386 installed packages in /opt/ros/humble
[0.870s] Level 1:colcon.colcon_core.package_discovery:discover_packages(prefix_path) using defaults
[1.063s] Level 5:colcon.colcon_core.verb:set package 'my_bot' build argument 'cmake_args' from command line to 'None'
[1.063s] Level 5:colcon.colcon_core.verb:set package 'my_bot' build argument 'cmake_target' from command line to 'None'
[1.063s] Level 5:colcon.colcon_core.verb:set package 'my_bot' build argument 'cmake_target_skip_unavailable' from command line to 'False'
[1.063s] Level 5:colcon.colcon_core.verb:set package 'my_bot' build argument 'cmake_clean_cache' from command line to 'False'
[1.063s] Level 5:colcon.colcon_core.verb:set package 'my_bot' build argument 'cmake_clean_first' from command line to 'False'
[1.063s] Level 5:colcon.colcon_core.verb:set package 'my_bot' build argument 'cmake_force_configure' from command line to 'False'
[1.063s] Level 5:colcon.colcon_core.verb:set package 'my_bot' build argument 'ament_cmake_args' from command line to 'None'
[1.063s] Level 5:colcon.colcon_core.verb:set package 'my_bot' build argument 'catkin_cmake_args' from command line to 'None'
[1.063s] Level 5:colcon.colcon_core.verb:set package 'my_bot' build argument 'catkin_skip_building_tests' from command line to 'False'
[1.063s] DEBUG:colcon.colcon_core.verb:Building package 'my_bot' with the following arguments: {'ament_cmake_args': None, 'build_base': '/home/ahmedk/dev_ws/build/my_bot', 'catkin_cmake_args': None, 'catkin_skip_building_tests': False, 'cmake_args': None, 'cmake_clean_cache': False, 'cmake_clean_first': False, 'cmake_force_configure': False, 'cmake_target': None, 'cmake_target_skip_unavailable': False, 'install_base': '/home/ahmedk/dev_ws/install/my_bot', 'merge_install': False, 'path': '/home/ahmedk/dev_ws/src/my_bot', 'symlink_install': True, 'test_result_base': None}
[1.065s] Level 5:colcon.colcon_core.verb:set package 'my_first_py' build argument 'cmake_args' from command line to 'None'
[1.065s] Level 5:colcon.colcon_core.verb:set package 'my_first_py' build argument 'cmake_target' from command line to 'None'
[1.065s] Level 5:colcon.colcon_core.verb:set package 'my_first_py' build argument 'cmake_target_skip_unavailable' from command line to 'False'
[1.066s] Level 5:colcon.colcon_core.verb:set package 'my_first_py' build argument 'cmake_clean_cache' from command line to 'False'
[1.066s] Level 5:colcon.colcon_core.verb:set package 'my_first_py' build argument 'cmake_clean_first' from command line to 'False'
[1.066s] Level 5:colcon.colcon_core.verb:set package 'my_first_py' build argument 'cmake_force_configure' from command line to 'False'
[1.066s] Level 5:colcon.colcon_core.verb:set package 'my_first_py' build argument 'ament_cmake_args' from command line to 'None'
[1.066s] Level 5:colcon.colcon_core.verb:set package 'my_first_py' build argument 'catkin_cmake_args' from command line to 'None'
[1.066s] Level 5:colcon.colcon_core.verb:set package 'my_first_py' build argument 'catkin_skip_building_tests' from command line to 'False'
[1.066s] DEBUG:colcon.colcon_core.verb:Building package 'my_first_py' with the following arguments: {'ament_cmake_args': None, 'build_base': '/home/ahmedk/dev_ws/build/my_first_py', 'catkin_cmake_args': None, 'catkin_skip_building_tests': False, 'cmake_args': None, 'cmake_clean_cache': False, 'cmake_clean_first': False, 'cmake_force_configure': False, 'cmake_target': None, 'cmake_target_skip_unavailable': False, 'install_base': '/home/ahmedk/dev_ws/install/my_first_py', 'merge_install': False, 'path': '/home/ahmedk/dev_ws/src/my_first_py', 'symlink_install': True, 'test_result_base': None}
[1.068s] Level 5:colcon.colcon_core.verb:set package 'my_own_srv' build argument 'cmake_args' from command line to 'None'
[1.068s] Level 5:colcon.colcon_core.verb:set package 'my_own_srv' build argument 'cmake_target' from command line to 'None'
[1.068s] Level 5:colcon.colcon_core.verb:set package 'my_own_srv' build argument 'cmake_target_skip_unavailable' from command line to 'False'
[1.068s] Level 5:colcon.colcon_core.verb:set package 'my_own_srv' build argument 'cmake_clean_cache' from command line to 'False'
[1.068s] Level 5:colcon.colcon_core.verb:set package 'my_own_srv' build argument 'cmake_clean_first' from command line to 'False'
[1.068s] Level 5:colcon.colcon_core.verb:set package 'my_own_srv' build argument 'cmake_force_configure' from command line to 'False'
[1.068s] Level 5:colcon.colcon_core.verb:set package 'my_own_srv' build argument 'ament_cmake_args' from command line to 'None'
[1.068s] Level 5:colcon.colcon_core.verb:set package 'my_own_srv' build argument 'catkin_cmake_args' from command line to 'None'
[1.068s] Level 5:colcon.colcon_core.verb:set package 'my_own_srv' build argument 'catkin_skip_building_tests' from command line to 'False'
[1.068s] DEBUG:colcon.colcon_core.verb:Building package 'my_own_srv' with the following arguments: {'ament_cmake_args': None, 'build_base': '/home/ahmedk/dev_ws/build/my_own_srv', 'catkin_cmake_args': None, 'catkin_skip_building_tests': False, 'cmake_args': None, 'cmake_clean_cache': False, 'cmake_clean_first': False, 'cmake_force_configure': False, 'cmake_target': None, 'cmake_target_skip_unavailable': False, 'install_base': '/home/ahmedk/dev_ws/install/my_own_srv', 'merge_install': False, 'path': '/home/ahmedk/dev_ws/src/my_own_srv', 'symlink_install': True, 'test_result_base': None}
[1.070s] Level 5:colcon.colcon_core.verb:set package 'my_package' build argument 'cmake_args' from command line to 'None'
[1.070s] Level 5:colcon.colcon_core.verb:set package 'my_package' build argument 'cmake_target' from command line to 'None'
[1.071s] Level 5:colcon.colcon_core.verb:set package 'my_package' build argument 'cmake_target_skip_unavailable' from command line to 'False'
[1.071s] Level 5:colcon.colcon_core.verb:set package 'my_package' build argument 'cmake_clean_cache' from command line to 'False'
[1.071s] Level 5:colcon.colcon_core.verb:set package 'my_package' build argument 'cmake_clean_first' from command line to 'False'
[1.071s] Level 5:colcon.colcon_core.verb:set package 'my_package' build argument 'cmake_force_configure' from command line to 'False'
[1.071s] Level 5:colcon.colcon_core.verb:set package 'my_package' build argument 'ament_cmake_args' from command line to 'None'
[1.071s] Level 5:colcon.colcon_core.verb:set package 'my_package' build argument 'catkin_cmake_args' from command line to 'None'
[1.071s] Level 5:colcon.colcon_core.verb:set package 'my_package' build argument 'catkin_skip_building_tests' from command line to 'False'
[1.071s] DEBUG:colcon.colcon_core.verb:Building package 'my_package' with the following arguments: {'ament_cmake_args': None, 'build_base': '/home/ahmedk/dev_ws/build/my_package', 'catkin_cmake_args': None, 'catkin_skip_building_tests': False, 'cmake_args': None, 'cmake_clean_cache': False, 'cmake_clean_first': False, 'cmake_force_configure': False, 'cmake_target': None, 'cmake_target_skip_unavailable': False, 'install_base': '/home/ahmedk/dev_ws/install/my_package', 'merge_install': False, 'path': '/home/ahmedk/dev_ws/src/my_package', 'symlink_install': True, 'test_result_base': None}
[1.073s] Level 5:colcon.colcon_core.verb:set package 'turtlebot3_fake_node' build argument 'cmake_args' from command line to 'None'
[1.073s] Level 5:colcon.colcon_core.verb:set package 'turtlebot3_fake_node' build argument 'cmake_target' from command line to 'None'
[1.073s] Level 5:colcon.colcon_core.verb:set package 'turtlebot3_fake_node' build argument 'cmake_target_skip_unavailable' from command line to 'False'
[1.073s] Level 5:colcon.colcon_core.verb:set package 'turtlebot3_fake_node' build argument 'cmake_clean_cache' from command line to 'False'
[1.073s] Level 5:colcon.colcon_core.verb:set package 'turtlebot3_fake_node' build argument 'cmake_clean_first' from command line to 'False'
[1.073s] Level 5:colcon.colcon_core.verb:set package 'turtlebot3_fake_node' build argument 'cmake_force_configure' from command line to 'False'
[1.073s] Level 5:colcon.colcon_core.verb:set package 'turtlebot3_fake_node' build argument 'ament_cmake_args' from command line to 'None'
[1.073s] Level 5:colcon.colcon_core.verb:set package 'turtlebot3_fake_node' build argument 'catkin_cmake_args' from command line to 'None'
[1.073s] Level 5:colcon.colcon_core.verb:set package 'turtlebot3_fake_node' build argument 'catkin_skip_building_tests' from command line to 'False'
[1.074s] DEBUG:colcon.colcon_core.verb:Building package 'turtlebot3_fake_node' with the following arguments: {'ament_cmake_args': None, 'build_base': '/home/ahmedk/dev_ws/build/turtlebot3_fake_node', 'catkin_cmake_args': None, 'catkin_skip_building_tests': False, 'cmake_args': None, 'cmake_clean_cache': False, 'cmake_clean_first': False, 'cmake_force_configure': False, 'cmake_target': None, 'cmake_target_skip_unavailable': False, 'install_base': '/home/ahmedk/dev_ws/install/turtlebot3_fake_node', 'merge_install': False, 'path': '/home/ahmedk/dev_ws/src/turtlebot3_simulations/turtlebot3_fake_node', 'symlink_install': True, 'test_result_base': None}
[1.075s] Level 5:colcon.colcon_core.verb:set package 'turtlebot3_gazebo' build argument 'cmake_args' from command line to 'None'
[1.076s] Level 5:colcon.colcon_core.verb:set package 'turtlebot3_gazebo' build argument 'cmake_target' from command line to 'None'
[1.076s] Level 5:colcon.colcon_core.verb:set package 'turtlebot3_gazebo' build argument 'cmake_target_skip_unavailable' from command line to 'False'
[1.076s] Level 5:colcon.colcon_core.verb:set package 'turtlebot3_gazebo' build argument 'cmake_clean_cache' from command line to 'False'
[1.076s] Level 5:colcon.colcon_core.verb:set package 'turtlebot3_gazebo' build argument 'cmake_clean_first' from command line to 'False'
[1.076s] Level 5:colcon.colcon_core.verb:set package 'turtlebot3_gazebo' build argument 'cmake_force_configure' from command line to 'False'
[1.076s] Level 5:colcon.colcon_core.verb:set package 'turtlebot3_gazebo' build argument 'ament_cmake_args' from command line to 'None'
[1.076s] Level 5:colcon.colcon_core.verb:set package 'turtlebot3_gazebo' build argument 'catkin_cmake_args' from command line to 'None'
[1.076s] Level 5:colcon.colcon_core.verb:set package 'turtlebot3_gazebo' build argument 'catkin_skip_building_tests' from command line to 'False'
[1.076s] DEBUG:colcon.colcon_core.verb:Building package 'turtlebot3_gazebo' with the following arguments: {'ament_cmake_args': None, 'build_base': '/home/ahmedk/dev_ws/build/turtlebot3_gazebo', 'catkin_cmake_args': None, 'catkin_skip_building_tests': False, 'cmake_args': None, 'cmake_clean_cache': False, 'cmake_clean_first': False, 'cmake_force_configure': False, 'cmake_target': None, 'cmake_target_skip_unavailable': False, 'install_base': '/home/ahmedk/dev_ws/install/turtlebot3_gazebo', 'merge_install': False, 'path': '/home/ahmedk/dev_ws/src/turtlebot3_simulations/turtlebot3_gazebo', 'symlink_install': True, 'test_result_base': None}
[1.078s] Level 5:colcon.colcon_core.verb:set package 'add_two_int_srv' build argument 'cmake_args' from command line to 'None'
[1.078s] Level 5:colcon.colcon_core.verb:set package 'add_two_int_srv' build argument 'cmake_target' from command line to 'None'
[1.078s] Level 5:colcon.colcon_core.verb:set package 'add_two_int_srv' build argument 'cmake_target_skip_unavailable' from command line to 'False'
[1.078s] Level 5:colcon.colcon_core.verb:set package 'add_two_int_srv' build argument 'cmake_clean_cache' from command line to 'False'
[1.078s] Level 5:colcon.colcon_core.verb:set package 'add_two_int_srv' build argument 'cmake_clean_first' from command line to 'False'
[1.078s] Level 5:colcon.colcon_core.verb:set package 'add_two_int_srv' build argument 'cmake_force_configure' from command line to 'False'
[1.078s] Level 5:colcon.colcon_core.verb:set package 'add_two_int_srv' build argument 'ament_cmake_args' from command line to 'None'
[1.078s] Level 5:colcon.colcon_core.verb:set package 'add_two_int_srv' build argument 'catkin_cmake_args' from command line to 'None'
[1.078s] Level 5:colcon.colcon_core.verb:set package 'add_two_int_srv' build argument 'catkin_skip_building_tests' from command line to 'False'
[1.079s] DEBUG:colcon.colcon_core.verb:Building package 'add_two_int_srv' with the following arguments: {'ament_cmake_args': None, 'build_base': '/home/ahmedk/dev_ws/build/add_two_int_srv', 'catkin_cmake_args': None, 'catkin_skip_building_tests': False, 'cmake_args': None, 'cmake_clean_cache': False, 'cmake_clean_first': False, 'cmake_force_configure': False, 'cmake_target': None, 'cmake_target_skip_unavailable': False, 'install_base': '/home/ahmedk/dev_ws/install/add_two_int_srv', 'merge_install': False, 'path': '/home/ahmedk/dev_ws/src/add_two_int_srv', 'symlink_install': True, 'test_result_base': None}
[1.081s] Level 5:colcon.colcon_core.verb:set package 'turtlebot3_simulations' build argument 'cmake_args' from command line to 'None'
[1.081s] Level 5:colcon.colcon_core.verb:set package 'turtlebot3_simulations' build argument 'cmake_target' from command line to 'None'
[1.081s] Level 5:colcon.colcon_core.verb:set package 'turtlebot3_simulations' build argument 'cmake_target_skip_unavailable' from command line to 'False'
[1.081s] Level 5:colcon.colcon_core.verb:set package 'turtlebot3_simulations' build argument 'cmake_clean_cache' from command line to 'False'
[1.081s] Level 5:colcon.colcon_core.verb:set package 'turtlebot3_simulations' build argument 'cmake_clean_first' from command line to 'False'
[1.081s] Level 5:colcon.colcon_core.verb:set package 'turtlebot3_simulations' build argument 'cmake_force_configure' from command line to 'False'
[1.081s] Level 5:colcon.colcon_core.verb:set package 'turtlebot3_simulations' build argument 'ament_cmake_args' from command line to 'None'
[1.081s] Level 5:colcon.colcon_core.verb:set package 'turtlebot3_simulations' build argument 'catkin_cmake_args' from command line to 'None'
[1.081s] Level 5:colcon.colcon_core.verb:set package 'turtlebot3_simulations' build argument 'catkin_skip_building_tests' from command line to 'False'
[1.081s] DEBUG:colcon.colcon_core.verb:Building package 'turtlebot3_simulations' with the following arguments: {'ament_cmake_args': None, 'build_base': '/home/ahmedk/dev_ws/build/turtlebot3_simulations', 'catkin_cmake_args': None, 'catkin_skip_building_tests': False, 'cmake_args': None, 'cmake_clean_cache': False, 'cmake_clean_first': False, 'cmake_force_configure': False, 'cmake_target': None, 'cmake_target_skip_unavailable': False, 'install_base': '/home/ahmedk/dev_ws/install/turtlebot3_simulations', 'merge_install': False, 'path': '/home/ahmedk/dev_ws/src/turtlebot3_simulations/turtlebot3_simulations', 'symlink_install': True, 'test_result_base': None}
[1.082s] INFO:colcon.colcon_core.executor:Executing jobs using 'parallel' executor
[1.090s] DEBUG:colcon.colcon_parallel_executor.executor.parallel:run_until_complete
[1.090s] INFO:colcon.colcon_ros.task.ament_cmake.build:Building ROS package in '/home/ahmedk/dev_ws/src/my_own_srv' with build type 'ament_cmake'
[1.091s] INFO:colcon.colcon_cmake.task.cmake.build:Building CMake package in '/home/ahmedk/dev_ws/src/my_own_srv'
[1.110s] INFO:colcon.colcon_core.plugin_system:Skipping extension 'colcon_core.shell.bat': Not used on non-Windows systems
[1.110s] INFO:colcon.colcon_core.shell:Skip shell extension 'powershell' for command environment: Not usable outside of PowerShell
[1.110s] DEBUG:colcon.colcon_core.shell:Skip shell extension 'dsv' for command environment
[1.130s] INFO:colcon.colcon_ros.task.ament_cmake.build:Building ROS package in '/home/ahmedk/dev_ws/src/turtlebot3_simulations/turtlebot3_fake_node' with build type 'ament_cmake'
[1.130s] INFO:colcon.colcon_cmake.task.cmake.build:Building CMake package in '/home/ahmedk/dev_ws/src/turtlebot3_simulations/turtlebot3_fake_node'
[1.136s] INFO:colcon.colcon_core.shell:Skip shell extension 'powershell' for command environment: Not usable outside of PowerShell
[1.136s] DEBUG:colcon.colcon_core.shell:Skip shell extension 'dsv' for command environment
[1.195s] DEBUG:colcon.colcon_core.event_handler.log_command:Invoking command in '/home/ahmedk/dev_ws/build/my_own_srv': CMAKE_PREFIX_PATH=${CMAKE_PREFIX_PATH}:/home/ahmedk/dev_ws/install/add_two_int_srv:/home/ahmedk/dev_ws/install/my_first_py:/opt/ros/humble /usr/bin/cmake --build /home/ahmedk/dev_ws/build/my_own_srv -- -j2 -l2
[1.239s] DEBUG:colcon.colcon_core.event_handler.log_command:Invoking command in '/home/ahmedk/dev_ws/build/turtlebot3_fake_node': CMAKE_PREFIX_PATH=${CMAKE_PREFIX_PATH}:/home/ahmedk/dev_ws/install/add_two_int_srv:/home/ahmedk/dev_ws/install/my_first_py:/opt/ros/humble /usr/bin/cmake --build /home/ahmedk/dev_ws/build/turtlebot3_fake_node -- -j2 -l2
[1.639s] DEBUG:colcon.colcon_core.event_handler.log_command:Invoked command in '/home/ahmedk/dev_ws/build/turtlebot3_fake_node' returned '0': CMAKE_PREFIX_PATH=${CMAKE_PREFIX_PATH}:/home/ahmedk/dev_ws/install/add_two_int_srv:/home/ahmedk/dev_ws/install/my_first_py:/opt/ros/humble /usr/bin/cmake --build /home/ahmedk/dev_ws/build/turtlebot3_fake_node -- -j2 -l2
[1.760s] DEBUG:colcon.colcon_core.event_handler.log_command:Invoking command in '/home/ahmedk/dev_ws/build/turtlebot3_fake_node': CMAKE_PREFIX_PATH=${CMAKE_PREFIX_PATH}:/home/ahmedk/dev_ws/install/add_two_int_srv:/home/ahmedk/dev_ws/install/my_first_py:/opt/ros/humble /usr/bin/cmake --install /home/ahmedk/dev_ws/build/turtlebot3_fake_node
[1.846s] Level 1:colcon.colcon_core.environment:create_environment_scripts_only(turtlebot3_fake_node)
[1.847s] DEBUG:colcon.colcon_core.event_handler.log_command:Invoked command in '/home/ahmedk/dev_ws/build/turtlebot3_fake_node' returned '0': CMAKE_PREFIX_PATH=${CMAKE_PREFIX_PATH}:/home/ahmedk/dev_ws/install/add_two_int_srv:/home/ahmedk/dev_ws/install/my_first_py:/opt/ros/humble /usr/bin/cmake --install /home/ahmedk/dev_ws/build/turtlebot3_fake_node
[1.862s] Level 1:colcon.colcon_core.environment:checking '/home/ahmedk/dev_ws/install/turtlebot3_fake_node' for CMake module files
[1.862s] Level 1:colcon.colcon_core.environment:checking '/home/ahmedk/dev_ws/install/turtlebot3_fake_node' for CMake config files
[1.863s] Level 1:colcon.colcon_core.shell:create_environment_hook('turtlebot3_fake_node', 'cmake_prefix_path')
[1.865s] INFO:colcon.colcon_core.shell:Creating environment hook '/home/ahmedk/dev_ws/install/turtlebot3_fake_node/share/turtlebot3_fake_node/hook/cmake_prefix_path.ps1'
[1.871s] INFO:colcon.colcon_core.shell:Creating environment descriptor '/home/ahmedk/dev_ws/install/turtlebot3_fake_node/share/turtlebot3_fake_node/hook/cmake_prefix_path.dsv'
[1.874s] INFO:colcon.colcon_core.shell:Creating environment hook '/home/ahmedk/dev_ws/install/turtlebot3_fake_node/share/turtlebot3_fake_node/hook/cmake_prefix_path.sh'
[1.875s] Level 1:colcon.colcon_core.environment:checking '/home/ahmedk/dev_ws/install/turtlebot3_fake_node/lib'
[1.875s] Level 1:colcon.colcon_core.environment:checking '/home/ahmedk/dev_ws/install/turtlebot3_fake_node/bin'
[1.876s] Level 1:colcon.colcon_core.environment:checking '/home/ahmedk/dev_ws/install/turtlebot3_fake_node/lib/pkgconfig/turtlebot3_fake_node.pc'
[1.876s] Level 1:colcon.colcon_core.environment:checking '/home/ahmedk/dev_ws/install/turtlebot3_fake_node/lib/python3.10/site-packages'
[1.876s] Level 1:colcon.colcon_core.environment:checking '/home/ahmedk/dev_ws/install/turtlebot3_fake_node/bin'
[1.878s] INFO:colcon.colcon_core.shell:Creating package script '/home/ahmedk/dev_ws/install/turtlebot3_fake_node/share/turtlebot3_fake_node/package.ps1'
[1.880s] INFO:colcon.colcon_core.shell:Creating package descriptor '/home/ahmedk/dev_ws/install/turtlebot3_fake_node/share/turtlebot3_fake_node/package.dsv'
[1.882s] INFO:colcon.colcon_core.shell:Creating package script '/home/ahmedk/dev_ws/install/turtlebot3_fake_node/share/turtlebot3_fake_node/package.sh'
[1.884s] INFO:colcon.colcon_core.shell:Creating package script '/home/ahmedk/dev_ws/install/turtlebot3_fake_node/share/turtlebot3_fake_node/package.bash'
[1.886s] INFO:colcon.colcon_core.shell:Creating package script '/home/ahmedk/dev_ws/install/turtlebot3_fake_node/share/turtlebot3_fake_node/package.zsh'
[1.888s] Level 1:colcon.colcon_core.environment:create_file_with_runtime_dependencies(/home/ahmedk/dev_ws/install/turtlebot3_fake_node/share/colcon-core/packages/turtlebot3_fake_node)
[1.964s] Level 1:colcon.colcon_core.environment:create_environment_scripts_only(turtlebot3_fake_node)
[1.967s] Level 1:colcon.colcon_core.environment:checking '/home/ahmedk/dev_ws/install/turtlebot3_fake_node' for CMake module files
[1.968s] Level 1:colcon.colcon_core.environment:checking '/home/ahmedk/dev_ws/install/turtlebot3_fake_node' for CMake config files
[1.968s] Level 1:colcon.colcon_core.shell:create_environment_hook('turtlebot3_fake_node', 'cmake_prefix_path')
[1.970s] INFO:colcon.colcon_core.shell:Creating environment hook '/home/ahmedk/dev_ws/install/turtlebot3_fake_node/share/turtlebot3_fake_node/hook/cmake_prefix_path.ps1'
[1.975s] INFO:colcon.colcon_core.shell:Creating environment descriptor '/home/ahmedk/dev_ws/install/turtlebot3_fake_node/share/turtlebot3_fake_node/hook/cmake_prefix_path.dsv'
[1.976s] INFO:colcon.colcon_core.shell:Creating environment hook '/home/ahmedk/dev_ws/install/turtlebot3_fake_node/share/turtlebot3_fake_node/hook/cmake_prefix_path.sh'
[1.977s] Level 1:colcon.colcon_core.environment:checking '/home/ahmedk/dev_ws/install/turtlebot3_fake_node/lib'
[1.977s] Level 1:colcon.colcon_core.environment:checking '/home/ahmedk/dev_ws/install/turtlebot3_fake_node/bin'
[1.977s] Level 1:colcon.colcon_core.environment:checking '/home/ahmedk/dev_ws/install/turtlebot3_fake_node/lib/pkgconfig/turtlebot3_fake_node.pc'
[1.978s] Level 1:colcon.colcon_core.environment:checking '/home/ahmedk/dev_ws/install/turtlebot3_fake_node/lib/python3.10/site-packages'
[1.978s] Level 1:colcon.colcon_core.environment:checking '/home/ahmedk/dev_ws/install/turtlebot3_fake_node/bin'
[1.980s] INFO:colcon.colcon_core.shell:Creating package script '/home/ahmedk/dev_ws/install/turtlebot3_fake_node/share/turtlebot3_fake_node/package.ps1'
[1.981s] INFO:colcon.colcon_core.shell:Creating package descriptor '/home/ahmedk/dev_ws/install/turtlebot3_fake_node/share/turtlebot3_fake_node/package.dsv'
[1.982s] INFO:colcon.colcon_core.shell:Creating package script '/home/ahmedk/dev_ws/install/turtlebot3_fake_node/share/turtlebot3_fake_node/package.sh'
[1.982s] INFO:colcon.colcon_core.shell:Creating package script '/home/ahmedk/dev_ws/install/turtlebot3_fake_node/share/turtlebot3_fake_node/package.bash'
[1.985s] INFO:colcon.colcon_core.shell:Creating package script '/home/ahmedk/dev_ws/install/turtlebot3_fake_node/share/turtlebot3_fake_node/package.zsh'
[1.985s] Level 1:colcon.colcon_core.environment:create_file_with_runtime_dependencies(/home/ahmedk/dev_ws/install/turtlebot3_fake_node/share/colcon-core/packages/turtlebot3_fake_node)
[1.986s] INFO:colcon.colcon_ros.task.ament_cmake.build:Building ROS package in '/home/ahmedk/dev_ws/src/turtlebot3_simulations/turtlebot3_gazebo' with build type 'ament_cmake'
[1.986s] INFO:colcon.colcon_cmake.task.cmake.build:Building CMake package in '/home/ahmedk/dev_ws/src/turtlebot3_simulations/turtlebot3_gazebo'
[1.988s] INFO:colcon.colcon_core.shell:Skip shell extension 'powershell' for command environment: Not usable outside of PowerShell
[1.988s] DEBUG:colcon.colcon_core.shell:Skip shell extension 'dsv' for command environment
[2.031s] DEBUG:colcon.colcon_core.event_handler.log_command:Invoking command in '/home/ahmedk/dev_ws/build/turtlebot3_gazebo': CMAKE_PREFIX_PATH=${CMAKE_PREFIX_PATH}:/home/ahmedk/dev_ws/install/add_two_int_srv:/home/ahmedk/dev_ws/install/my_first_py:/opt/ros/humble /usr/bin/cmake --build /home/ahmedk/dev_ws/build/turtlebot3_gazebo -- -j2 -l2
[2.588s] DEBUG:colcon.colcon_core.event_handler.log_command:Invoked command in '/home/ahmedk/dev_ws/build/my_own_srv' returned '0': CMAKE_PREFIX_PATH=${CMAKE_PREFIX_PATH}:/home/ahmedk/dev_ws/install/add_two_int_srv:/home/ahmedk/dev_ws/install/my_first_py:/opt/ros/humble /usr/bin/cmake --build /home/ahmedk/dev_ws/build/my_own_srv -- -j2 -l2
[2.613s] DEBUG:colcon.colcon_core.event_handler.log_command:Invoked command in '/home/ahmedk/dev_ws/build/turtlebot3_gazebo' returned '0': CMAKE_PREFIX_PATH=${CMAKE_PREFIX_PATH}:/home/ahmedk/dev_ws/install/add_two_int_srv:/home/ahmedk/dev_ws/install/my_first_py:/opt/ros/humble /usr/bin/cmake --build /home/ahmedk/dev_ws/build/turtlebot3_gazebo -- -j2 -l2
[2.706s] DEBUG:colcon.colcon_core.event_handler.log_command:Invoking command in '/home/ahmedk/dev_ws/build/turtlebot3_gazebo': CMAKE_PREFIX_PATH=${CMAKE_PREFIX_PATH}:/home/ahmedk/dev_ws/install/add_two_int_srv:/home/ahmedk/dev_ws/install/my_first_py:/opt/ros/humble /usr/bin/cmake --install /home/ahmedk/dev_ws/build/turtlebot3_gazebo
[2.735s] DEBUG:colcon.colcon_core.event_handler.log_command:Invoking command in '/home/ahmedk/dev_ws/build/my_own_srv': CMAKE_PREFIX_PATH=${CMAKE_PREFIX_PATH}:/home/ahmedk/dev_ws/install/add_two_int_srv:/home/ahmedk/dev_ws/install/my_first_py:/opt/ros/humble /usr/bin/cmake --install /home/ahmedk/dev_ws/build/my_own_srv
[2.861s] Level 1:colcon.colcon_core.environment:create_environment_scripts_only(turtlebot3_gazebo)
[2.864s] Level 1:colcon.colcon_core.environment:checking '/home/ahmedk/dev_ws/install/turtlebot3_gazebo' for CMake module files
[2.865s] DEBUG:colcon.colcon_core.event_handler.log_command:Invoked command in '/home/ahmedk/dev_ws/build/turtlebot3_gazebo' returned '0': CMAKE_PREFIX_PATH=${CMAKE_PREFIX_PATH}:/home/ahmedk/dev_ws/install/add_two_int_srv:/home/ahmedk/dev_ws/install/my_first_py:/opt/ros/humble /usr/bin/cmake --install /home/ahmedk/dev_ws/build/turtlebot3_gazebo
[2.866s] Level 1:colcon.colcon_core.environment:checking '/home/ahmedk/dev_ws/install/turtlebot3_gazebo' for CMake config files
[2.866s] Level 1:colcon.colcon_core.shell:create_environment_hook('turtlebot3_gazebo', 'cmake_prefix_path')
[2.869s] INFO:colcon.colcon_core.shell:Creating environment hook '/home/ahmedk/dev_ws/install/turtlebot3_gazebo/share/turtlebot3_gazebo/hook/cmake_prefix_path.ps1'
[2.870s] INFO:colcon.colcon_core.shell:Creating environment descriptor '/home/ahmedk/dev_ws/install/turtlebot3_gazebo/share/turtlebot3_gazebo/hook/cmake_prefix_path.dsv'
[2.871s] INFO:colcon.colcon_core.shell:Creating environment hook '/home/ahmedk/dev_ws/install/turtlebot3_gazebo/share/turtlebot3_gazebo/hook/cmake_prefix_path.sh'
[2.872s] Level 1:colcon.colcon_core.environment:checking '/home/ahmedk/dev_ws/install/turtlebot3_gazebo/lib'
[2.872s] Level 1:colcon.colcon_core.environment:checking '/home/ahmedk/dev_ws/install/turtlebot3_gazebo/bin'
[2.872s] Level 1:colcon.colcon_core.environment:checking '/home/ahmedk/dev_ws/install/turtlebot3_gazebo/lib/pkgconfig/turtlebot3_gazebo.pc'
[2.873s] Level 1:colcon.colcon_core.environment:checking '/home/ahmedk/dev_ws/install/turtlebot3_gazebo/lib/python3.10/site-packages'
[2.873s] Level 1:colcon.colcon_core.environment:checking '/home/ahmedk/dev_ws/install/turtlebot3_gazebo/bin'
[2.875s] INFO:colcon.colcon_core.shell:Creating package script '/home/ahmedk/dev_ws/install/turtlebot3_gazebo/share/turtlebot3_gazebo/package.ps1'
[2.876s] INFO:colcon.colcon_core.shell:Creating package descriptor '/home/ahmedk/dev_ws/install/turtlebot3_gazebo/share/turtlebot3_gazebo/package.dsv'
[2.877s] INFO:colcon.colcon_core.shell:Creating package script '/home/ahmedk/dev_ws/install/turtlebot3_gazebo/share/turtlebot3_gazebo/package.sh'
[2.877s] INFO:colcon.colcon_core.shell:Creating package script '/home/ahmedk/dev_ws/install/turtlebot3_gazebo/share/turtlebot3_gazebo/package.bash'
[2.878s] INFO:colcon.colcon_core.shell:Creating package script '/home/ahmedk/dev_ws/install/turtlebot3_gazebo/share/turtlebot3_gazebo/package.zsh'
[2.879s] Level 1:colcon.colcon_core.environment:create_file_with_runtime_dependencies(/home/ahmedk/dev_ws/install/turtlebot3_gazebo/share/colcon-core/packages/turtlebot3_gazebo)
[2.945s] Level 1:colcon.colcon_core.environment:create_environment_scripts_only(my_own_srv)
[2.949s] Level 1:colcon.colcon_core.environment:checking '/home/ahmedk/dev_ws/install/my_own_srv' for CMake module files
[2.951s] DEBUG:colcon.colcon_core.event_handler.log_command:Invoked command in '/home/ahmedk/dev_ws/build/my_own_srv' returned '0': CMAKE_PREFIX_PATH=${CMAKE_PREFIX_PATH}:/home/ahmedk/dev_ws/install/add_two_int_srv:/home/ahmedk/dev_ws/install/my_first_py:/opt/ros/humble /usr/bin/cmake --install /home/ahmedk/dev_ws/build/my_own_srv
[2.952s] Level 1:colcon.colcon_core.environment:checking '/home/ahmedk/dev_ws/install/my_own_srv' for CMake config files
[2.952s] Level 1:colcon.colcon_core.shell:create_environment_hook('my_own_srv', 'cmake_prefix_path')
[2.955s] INFO:colcon.colcon_core.shell:Creating environment hook '/home/ahmedk/dev_ws/install/my_own_srv/share/my_own_srv/hook/cmake_prefix_path.ps1'
[2.955s] INFO:colcon.colcon_core.shell:Creating environment descriptor '/home/ahmedk/dev_ws/install/my_own_srv/share/my_own_srv/hook/cmake_prefix_path.dsv'
[2.956s] INFO:colcon.colcon_core.shell:Creating environment hook '/home/ahmedk/dev_ws/install/my_own_srv/share/my_own_srv/hook/cmake_prefix_path.sh'
[2.957s] Level 1:colcon.colcon_core.environment:checking '/home/ahmedk/dev_ws/install/my_own_srv/lib'
[2.957s] Level 1:colcon.colcon_core.shell:create_environment_hook('my_own_srv', 'ld_library_path_lib')
[2.960s] INFO:colcon.colcon_core.shell:Creating environment hook '/home/ahmedk/dev_ws/install/my_own_srv/share/my_own_srv/hook/ld_library_path_lib.ps1'
[2.960s] INFO:colcon.colcon_core.shell:Creating environment descriptor '/home/ahmedk/dev_ws/install/my_own_srv/share/my_own_srv/hook/ld_library_path_lib.dsv'
[2.961s] INFO:colcon.colcon_core.shell:Creating environment hook '/home/ahmedk/dev_ws/install/my_own_srv/share/my_own_srv/hook/ld_library_path_lib.sh'
[2.962s] Level 1:colcon.colcon_core.environment:checking '/home/ahmedk/dev_ws/install/my_own_srv/bin'
[2.962s] Level 1:colcon.colcon_core.environment:checking '/home/ahmedk/dev_ws/install/my_own_srv/lib/pkgconfig/my_own_srv.pc'
[2.962s] Level 1:colcon.colcon_core.environment:checking '/home/ahmedk/dev_ws/install/my_own_srv/lib/python3.10/site-packages'
[2.963s] Level 1:colcon.colcon_core.environment:checking '/home/ahmedk/dev_ws/install/my_own_srv/bin'
[2.966s] INFO:colcon.colcon_core.shell:Creating package script '/home/ahmedk/dev_ws/install/my_own_srv/share/my_own_srv/package.ps1'
[2.967s] INFO:colcon.colcon_core.shell:Creating package descriptor '/home/ahmedk/dev_ws/install/my_own_srv/share/my_own_srv/package.dsv'
[2.968s] INFO:colcon.colcon_core.shell:Creating package script '/home/ahmedk/dev_ws/install/my_own_srv/share/my_own_srv/package.sh'
[2.968s] INFO:colcon.colcon_core.shell:Creating package script '/home/ahmedk/dev_ws/install/my_own_srv/share/my_own_srv/package.bash'
[2.969s] INFO:colcon.colcon_core.shell:Creating package script '/home/ahmedk/dev_ws/install/my_own_srv/share/my_own_srv/package.zsh'
[2.970s] Level 1:colcon.colcon_core.environment:create_file_with_runtime_dependencies(/home/ahmedk/dev_ws/install/my_own_srv/share/colcon-core/packages/my_own_srv)
[2.974s] Level 1:colcon.colcon_core.environment:create_environment_scripts_only(turtlebot3_gazebo)
[2.977s] Level 1:colcon.colcon_core.environment:checking '/home/ahmedk/dev_ws/install/turtlebot3_gazebo' for CMake module files
[2.978s] Level 1:colcon.colcon_core.environment:checking '/home/ahmedk/dev_ws/install/turtlebot3_gazebo' for CMake config files
[2.979s] Level 1:colcon.colcon_core.shell:create_environment_hook('turtlebot3_gazebo', 'cmake_prefix_path')
[2.981s] INFO:colcon.colcon_core.shell:Creating environment hook '/home/ahmedk/dev_ws/install/turtlebot3_gazebo/share/turtlebot3_gazebo/hook/cmake_prefix_path.ps1'
[2.982s] INFO:colcon.colcon_core.shell:Creating environment descriptor '/home/ahmedk/dev_ws/install/turtlebot3_gazebo/share/turtlebot3_gazebo/hook/cmake_prefix_path.dsv'
[2.983s] INFO:colcon.colcon_core.shell:Creating environment hook '/home/ahmedk/dev_ws/install/turtlebot3_gazebo/share/turtlebot3_gazebo/hook/cmake_prefix_path.sh'
[2.984s] Level 1:colcon.colcon_core.environment:checking '/home/ahmedk/dev_ws/install/turtlebot3_gazebo/lib'
[2.984s] Level 1:colcon.colcon_core.environment:checking '/home/ahmedk/dev_ws/install/turtlebot3_gazebo/bin'
[2.984s] Level 1:colcon.colcon_core.environment:checking '/home/ahmedk/dev_ws/install/turtlebot3_gazebo/lib/pkgconfig/turtlebot3_gazebo.pc'
[2.984s] Level 1:colcon.colcon_core.environment:checking '/home/ahmedk/dev_ws/install/turtlebot3_gazebo/lib/python3.10/site-packages'
[2.985s] Level 1:colcon.colcon_core.environment:checking '/home/ahmedk/dev_ws/install/turtlebot3_gazebo/bin'
[2.987s] INFO:colcon.colcon_core.shell:Creating package script '/home/ahmedk/dev_ws/install/turtlebot3_gazebo/share/turtlebot3_gazebo/package.ps1'
[2.988s] INFO:colcon.colcon_core.shell:Creating package descriptor '/home/ahmedk/dev_ws/install/turtlebot3_gazebo/share/turtlebot3_gazebo/package.dsv'
[2.989s] INFO:colcon.colcon_core.shell:Creating package script '/home/ahmedk/dev_ws/install/turtlebot3_gazebo/share/turtlebot3_gazebo/package.sh'
[2.990s] INFO:colcon.colcon_core.shell:Creating package script '/home/ahmedk/dev_ws/install/turtlebot3_gazebo/share/turtlebot3_gazebo/package.bash'
[2.991s] INFO:colcon.colcon_core.shell:Creating package script '/home/ahmedk/dev_ws/install/turtlebot3_gazebo/share/turtlebot3_gazebo/package.zsh'
[2.991s] Level 1:colcon.colcon_core.environment:create_file_with_runtime_dependencies(/home/ahmedk/dev_ws/install/turtlebot3_gazebo/share/colcon-core/packages/turtlebot3_gazebo)
[2.992s] INFO:colcon.colcon_ros.task.ament_cmake.build:Building ROS package in '/home/ahmedk/dev_ws/src/my_bot' with build type 'ament_cmake'
[2.992s] INFO:colcon.colcon_cmake.task.cmake.build:Building CMake package in '/home/ahmedk/dev_ws/src/my_bot'
[2.995s] INFO:colcon.colcon_core.shell:Skip shell extension 'powershell' for command environment: Not usable outside of PowerShell
[2.996s] DEBUG:colcon.colcon_core.shell:Skip shell extension 'dsv' for command environment
[3.023s] DEBUG:colcon.colcon_core.event_handler.log_command:Invoking command in '/home/ahmedk/dev_ws/build/my_bot': CMAKE_PREFIX_PATH=${CMAKE_PREFIX_PATH}:/home/ahmedk/dev_ws/install/add_two_int_srv:/home/ahmedk/dev_ws/install/my_first_py:/opt/ros/humble /usr/bin/cmake --build /home/ahmedk/dev_ws/build/my_bot -- -j2 -l2
[3.097s] Level 1:colcon.colcon_core.environment:create_environment_scripts_only(my_own_srv)
[3.101s] Level 1:colcon.colcon_core.environment:checking '/home/ahmedk/dev_ws/install/my_own_srv' for CMake module files
[3.102s] Level 1:colcon.colcon_core.environment:checking '/home/ahmedk/dev_ws/install/my_own_srv' for CMake config files
[3.103s] Level 1:colcon.colcon_core.shell:create_environment_hook('my_own_srv', 'cmake_prefix_path')
[3.106s] INFO:colcon.colcon_core.shell:Creating environment hook '/home/ahmedk/dev_ws/install/my_own_srv/share/my_own_srv/hook/cmake_prefix_path.ps1'
[3.106s] INFO:colcon.colcon_core.shell:Creating environment descriptor '/home/ahmedk/dev_ws/install/my_own_srv/share/my_own_srv/hook/cmake_prefix_path.dsv'
[3.107s] INFO:colcon.colcon_core.shell:Creating environment hook '/home/ahmedk/dev_ws/install/my_own_srv/share/my_own_srv/hook/cmake_prefix_path.sh'
[3.108s] Level 1:colcon.colcon_core.environment:checking '/home/ahmedk/dev_ws/install/my_own_srv/lib'
[3.108s] Level 1:colcon.colcon_core.shell:create_environment_hook('my_own_srv', 'ld_library_path_lib')
[3.111s] INFO:colcon.colcon_core.shell:Creating environment hook '/home/ahmedk/dev_ws/install/my_own_srv/share/my_own_srv/hook/ld_library_path_lib.ps1'
[3.112s] INFO:colcon.colcon_core.shell:Creating environment descriptor '/home/ahmedk/dev_ws/install/my_own_srv/share/my_own_srv/hook/ld_library_path_lib.dsv'
[3.112s] INFO:colcon.colcon_core.shell:Creating environment hook '/home/ahmedk/dev_ws/install/my_own_srv/share/my_own_srv/hook/ld_library_path_lib.sh'
[3.115s] Level 1:colcon.colcon_core.environment:checking '/home/ahmedk/dev_ws/install/my_own_srv/bin'
[3.115s] Level 1:colcon.colcon_core.environment:checking '/home/ahmedk/dev_ws/install/my_own_srv/lib/pkgconfig/my_own_srv.pc'
[3.116s] Level 1:colcon.colcon_core.environment:checking '/home/ahmedk/dev_ws/install/my_own_srv/lib/python3.10/site-packages'
[3.116s] Level 1:colcon.colcon_core.environment:checking '/home/ahmedk/dev_ws/install/my_own_srv/bin'
[3.118s] INFO:colcon.colcon_core.shell:Creating package script '/home/ahmedk/dev_ws/install/my_own_srv/share/my_own_srv/package.ps1'
[3.119s] INFO:colcon.colcon_core.shell:Creating package descriptor '/home/ahmedk/dev_ws/install/my_own_srv/share/my_own_srv/package.dsv'
[3.120s] INFO:colcon.colcon_core.shell:Creating package script '/home/ahmedk/dev_ws/install/my_own_srv/share/my_own_srv/package.sh'
[3.121s] INFO:colcon.colcon_core.shell:Creating package script '/home/ahmedk/dev_ws/install/my_own_srv/share/my_own_srv/package.bash'
[3.122s] INFO:colcon.colcon_core.shell:Creating package script '/home/ahmedk/dev_ws/install/my_own_srv/share/my_own_srv/package.zsh'
[3.123s] Level 1:colcon.colcon_core.environment:create_file_with_runtime_dependencies(/home/ahmedk/dev_ws/install/my_own_srv/share/colcon-core/packages/my_own_srv)
[3.123s] INFO:colcon.colcon_ros.task.ament_python.build:Building ROS package in '/home/ahmedk/dev_ws/src/my_first_py' with build type 'ament_python'
[3.124s] Level 1:colcon.colcon_core.shell:create_environment_hook('my_first_py', 'ament_prefix_path')
[3.125s] INFO:colcon.colcon_core.shell:Creating environment hook '/home/ahmedk/dev_ws/install/my_first_py/share/my_first_py/hook/ament_prefix_path.ps1'
[3.127s] INFO:colcon.colcon_core.shell:Creating environment descriptor '/home/ahmedk/dev_ws/install/my_first_py/share/my_first_py/hook/ament_prefix_path.dsv'
[3.128s] INFO:colcon.colcon_core.shell:Creating environment hook '/home/ahmedk/dev_ws/install/my_first_py/share/my_first_py/hook/ament_prefix_path.sh'
[3.132s] INFO:colcon.colcon_core.shell:Skip shell extension 'powershell' for command environment: Not usable outside of PowerShell
[3.132s] DEBUG:colcon.colcon_core.shell:Skip shell extension 'dsv' for command environment
[3.143s] DEBUG:colcon.colcon_core.event_handler.log_command:Invoked command in '/home/ahmedk/dev_ws/build/my_bot' returned '0': CMAKE_PREFIX_PATH=${CMAKE_PREFIX_PATH}:/home/ahmedk/dev_ws/install/add_two_int_srv:/home/ahmedk/dev_ws/install/my_first_py:/opt/ros/humble /usr/bin/cmake --build /home/ahmedk/dev_ws/build/my_bot -- -j2 -l2
[3.571s] INFO:colcon.colcon_core.task.python.build:Building Python package in '/home/ahmedk/dev_ws/src/my_first_py'
[3.573s] INFO:colcon.colcon_core.shell:Skip shell extension 'powershell' for command environment: Not usable outside of PowerShell
[3.573s] DEBUG:colcon.colcon_core.shell:Skip shell extension 'dsv' for command environment
[3.582s] DEBUG:colcon.colcon_core.event_handler.log_command:Invoking command in '/home/ahmedk/dev_ws/build/my_bot': CMAKE_PREFIX_PATH=${CMAKE_PREFIX_PATH}:/home/ahmedk/dev_ws/install/add_two_int_srv:/home/ahmedk/dev_ws/install/my_first_py:/opt/ros/humble /usr/bin/cmake --install /home/ahmedk/dev_ws/build/my_bot
[3.670s] Level 1:colcon.colcon_core.environment:create_environment_scripts_only(my_bot)
[3.673s] Level 1:colcon.colcon_core.environment:checking '/home/ahmedk/dev_ws/install/my_bot' for CMake module files
[3.674s] Level 1:colcon.colcon_core.environment:checking '/home/ahmedk/dev_ws/install/my_bot' for CMake config files
[3.674s] Level 1:colcon.colcon_core.shell:create_environment_hook('my_bot', 'cmake_prefix_path')
[3.676s] INFO:colcon.colcon_core.shell:Creating environment hook '/home/ahmedk/dev_ws/install/my_bot/share/my_bot/hook/cmake_prefix_path.ps1'
[3.677s] INFO:colcon.colcon_core.shell:Creating environment descriptor '/home/ahmedk/dev_ws/install/my_bot/share/my_bot/hook/cmake_prefix_path.dsv'
[3.678s] DEBUG:colcon.colcon_core.event_handler.log_command:Invoked command in '/home/ahmedk/dev_ws/build/my_bot' returned '0': CMAKE_PREFIX_PATH=${CMAKE_PREFIX_PATH}:/home/ahmedk/dev_ws/install/add_two_int_srv:/home/ahmedk/dev_ws/install/my_first_py:/opt/ros/humble /usr/bin/cmake --install /home/ahmedk/dev_ws/build/my_bot
[3.678s] INFO:colcon.colcon_core.shell:Creating environment hook '/home/ahmedk/dev_ws/install/my_bot/share/my_bot/hook/cmake_prefix_path.sh'
[3.679s] Level 1:colcon.colcon_core.environment:checking '/home/ahmedk/dev_ws/install/my_bot/bin'
[3.679s] Level 1:colcon.colcon_core.environment:checking '/home/ahmedk/dev_ws/install/my_bot/lib/pkgconfig/my_bot.pc'
[3.680s] Level 1:colcon.colcon_core.environment:checking '/home/ahmedk/dev_ws/install/my_bot/lib/python3.10/site-packages'
[3.680s] Level 1:colcon.colcon_core.environment:checking '/home/ahmedk/dev_ws/install/my_bot/bin'
[3.682s] INFO:colcon.colcon_core.shell:Creating package script '/home/ahmedk/dev_ws/install/my_bot/share/my_bot/package.ps1'
[3.683s] INFO:colcon.colcon_core.shell:Creating package descriptor '/home/ahmedk/dev_ws/install/my_bot/share/my_bot/package.dsv'
[3.684s] INFO:colcon.colcon_core.shell:Creating package script '/home/ahmedk/dev_ws/install/my_bot/share/my_bot/package.sh'
[3.684s] INFO:colcon.colcon_core.shell:Creating package script '/home/ahmedk/dev_ws/install/my_bot/share/my_bot/package.bash'
[3.685s] INFO:colcon.colcon_core.shell:Creating package script '/home/ahmedk/dev_ws/install/my_bot/share/my_bot/package.zsh'
[3.686s] Level 1:colcon.colcon_core.environment:create_file_with_runtime_dependencies(/home/ahmedk/dev_ws/install/my_bot/share/colcon-core/packages/my_bot)
[3.721s] Level 1:colcon.colcon_core.environment:create_environment_scripts_only(my_bot)
[3.724s] Level 1:colcon.colcon_core.environment:checking '/home/ahmedk/dev_ws/install/my_bot' for CMake module files
[3.725s] Level 1:colcon.colcon_core.environment:checking '/home/ahmedk/dev_ws/install/my_bot' for CMake config files
[3.725s] Level 1:colcon.colcon_core.shell:create_environment_hook('my_bot', 'cmake_prefix_path')
[3.727s] INFO:colcon.colcon_core.shell:Creating environment hook '/home/ahmedk/dev_ws/install/my_bot/share/my_bot/hook/cmake_prefix_path.ps1'
[3.728s] INFO:colcon.colcon_core.shell:Creating environment descriptor '/home/ahmedk/dev_ws/install/my_bot/share/my_bot/hook/cmake_prefix_path.dsv'
[3.728s] INFO:colcon.colcon_core.shell:Creating environment hook '/home/ahmedk/dev_ws/install/my_bot/share/my_bot/hook/cmake_prefix_path.sh'
[3.729s] Level 1:colcon.colcon_core.environment:checking '/home/ahmedk/dev_ws/install/my_bot/bin'
[3.729s] Level 1:colcon.colcon_core.environment:checking '/home/ahmedk/dev_ws/install/my_bot/lib/pkgconfig/my_bot.pc'
[3.729s] Level 1:colcon.colcon_core.environment:checking '/home/ahmedk/dev_ws/install/my_bot/lib/python3.10/site-packages'
[3.730s] Level 1:colcon.colcon_core.environment:checking '/home/ahmedk/dev_ws/install/my_bot/bin'
[3.732s] INFO:colcon.colcon_core.shell:Creating package script '/home/ahmedk/dev_ws/install/my_bot/share/my_bot/package.ps1'
[3.733s] INFO:colcon.colcon_core.shell:Creating package descriptor '/home/ahmedk/dev_ws/install/my_bot/share/my_bot/package.dsv'
[3.734s] INFO:colcon.colcon_core.shell:Creating package script '/home/ahmedk/dev_ws/install/my_bot/share/my_bot/package.sh'
[3.734s] INFO:colcon.colcon_core.shell:Creating package script '/home/ahmedk/dev_ws/install/my_bot/share/my_bot/package.bash'
[3.735s] INFO:colcon.colcon_core.shell:Creating package script '/home/ahmedk/dev_ws/install/my_bot/share/my_bot/package.zsh'
[3.736s] Level 1:colcon.colcon_core.environment:create_file_with_runtime_dependencies(/home/ahmedk/dev_ws/install/my_bot/share/colcon-core/packages/my_bot)
[3.738s] INFO:colcon.colcon_ros.task.ament_cmake.build:Building ROS package in '/home/ahmedk/dev_ws/src/my_package' with build type 'ament_cmake'
[3.738s] INFO:colcon.colcon_cmake.task.cmake.build:Building CMake package in '/home/ahmedk/dev_ws/src/my_package'
[3.740s] INFO:colcon.colcon_core.shell:Skip shell extension 'powershell' for command environment: Not usable outside of PowerShell
[3.740s] DEBUG:colcon.colcon_core.shell:Skip shell extension 'dsv' for command environment
[3.759s] DEBUG:colcon.colcon_core.event_handler.log_command:Invoking command in '/home/ahmedk/dev_ws/build/my_package': CMAKE_PREFIX_PATH=${CMAKE_PREFIX_PATH}:/home/ahmedk/dev_ws/install/add_two_int_srv:/home/ahmedk/dev_ws/install/my_first_py:/opt/ros/humble /usr/bin/cmake --build /home/ahmedk/dev_ws/build/my_package -- -j2 -l2
[3.886s] DEBUG:colcon.colcon_core.event_handler.log_command:Invoked command in '/home/ahmedk/dev_ws/build/my_package' returned '0': CMAKE_PREFIX_PATH=${CMAKE_PREFIX_PATH}:/home/ahmedk/dev_ws/install/add_two_int_srv:/home/ahmedk/dev_ws/install/my_first_py:/opt/ros/humble /usr/bin/cmake --build /home/ahmedk/dev_ws/build/my_package -- -j2 -l2
[3.928s] DEBUG:colcon.colcon_core.event_handler.log_command:Invoking command in '/home/ahmedk/dev_ws/build/my_package': CMAKE_PREFIX_PATH=${CMAKE_PREFIX_PATH}:/home/ahmedk/dev_ws/install/add_two_int_srv:/home/ahmedk/dev_ws/install/my_first_py:/opt/ros/humble /usr/bin/cmake --install /home/ahmedk/dev_ws/build/my_package
[3.986s] Level 1:colcon.colcon_core.environment:create_environment_scripts_only(my_package)
[3.988s] Level 1:colcon.colcon_core.environment:checking '/home/ahmedk/dev_ws/install/my_package' for CMake module files
[3.989s] Level 1:colcon.colcon_core.environment:checking '/home/ahmedk/dev_ws/install/my_package' for CMake config files
[3.990s] Level 1:colcon.colcon_core.shell:create_environment_hook('my_package', 'cmake_prefix_path')
[3.989s] DEBUG:colcon.colcon_core.event_handler.log_command:Invoked command in '/home/ahmedk/dev_ws/build/my_package' returned '0': CMAKE_PREFIX_PATH=${CMAKE_PREFIX_PATH}:/home/ahmedk/dev_ws/install/add_two_int_srv:/home/ahmedk/dev_ws/install/my_first_py:/opt/ros/humble /usr/bin/cmake --install /home/ahmedk/dev_ws/build/my_package
[3.991s] INFO:colcon.colcon_core.shell:Creating environment hook '/home/ahmedk/dev_ws/install/my_package/share/my_package/hook/cmake_prefix_path.ps1'
[3.992s] INFO:colcon.colcon_core.shell:Creating environment descriptor '/home/ahmedk/dev_ws/install/my_package/share/my_package/hook/cmake_prefix_path.dsv'
[3.993s] INFO:colcon.colcon_core.shell:Creating environment hook '/home/ahmedk/dev_ws/install/my_package/share/my_package/hook/cmake_prefix_path.sh'
[3.996s] Level 1:colcon.colcon_core.environment:checking '/home/ahmedk/dev_ws/install/my_package/bin'
[3.996s] Level 1:colcon.colcon_core.environment:checking '/home/ahmedk/dev_ws/install/my_package/lib/pkgconfig/my_package.pc'
[3.996s] Level 1:colcon.colcon_core.environment:checking '/home/ahmedk/dev_ws/install/my_package/lib/python3.10/site-packages'
[3.997s] Level 1:colcon.colcon_core.environment:checking '/home/ahmedk/dev_ws/install/my_package/bin'
[3.998s] INFO:colcon.colcon_core.shell:Creating package script '/home/ahmedk/dev_ws/install/my_package/share/my_package/package.ps1'
[3.999s] INFO:colcon.colcon_core.shell:Creating package descriptor '/home/ahmedk/dev_ws/install/my_package/share/my_package/package.dsv'
[4.000s] INFO:colcon.colcon_core.shell:Creating package script '/home/ahmedk/dev_ws/install/my_package/share/my_package/package.sh'
[4.000s] INFO:colcon.colcon_core.shell:Creating package script '/home/ahmedk/dev_ws/install/my_package/share/my_package/package.bash'
[4.001s] INFO:colcon.colcon_core.shell:Creating package script '/home/ahmedk/dev_ws/install/my_package/share/my_package/package.zsh'
[4.002s] Level 1:colcon.colcon_core.environment:create_file_with_runtime_dependencies(/home/ahmedk/dev_ws/install/my_package/share/colcon-core/packages/my_package)
[4.038s] Level 1:colcon.colcon_core.environment:create_environment_scripts_only(my_package)
[4.041s] Level 1:colcon.colcon_core.environment:checking '/home/ahmedk/dev_ws/install/my_package' for CMake module files
[4.042s] Level 1:colcon.colcon_core.environment:checking '/home/ahmedk/dev_ws/install/my_package' for CMake config files
[4.042s] Level 1:colcon.colcon_core.shell:create_environment_hook('my_package', 'cmake_prefix_path')
[4.044s] INFO:colcon.colcon_core.shell:Creating environment hook '/home/ahmedk/dev_ws/install/my_package/share/my_package/hook/cmake_prefix_path.ps1'
[4.045s] INFO:colcon.colcon_core.shell:Creating environment descriptor '/home/ahmedk/dev_ws/install/my_package/share/my_package/hook/cmake_prefix_path.dsv'
[4.046s] INFO:colcon.colcon_core.shell:Creating environment hook '/home/ahmedk/dev_ws/install/my_package/share/my_package/hook/cmake_prefix_path.sh'
[4.048s] Level 1:colcon.colcon_core.environment:checking '/home/ahmedk/dev_ws/install/my_package/bin'
[4.048s] Level 1:colcon.colcon_core.environment:checking '/home/ahmedk/dev_ws/install/my_package/lib/pkgconfig/my_package.pc'
[4.048s] Level 1:colcon.colcon_core.environment:checking '/home/ahmedk/dev_ws/install/my_package/lib/python3.10/site-packages'
[4.048s] Level 1:colcon.colcon_core.environment:checking '/home/ahmedk/dev_ws/install/my_package/bin'
[4.050s] INFO:colcon.colcon_core.shell:Creating package script '/home/ahmedk/dev_ws/install/my_package/share/my_package/package.ps1'
[4.051s] INFO:colcon.colcon_core.shell:Creating package descriptor '/home/ahmedk/dev_ws/install/my_package/share/my_package/package.dsv'
[4.052s] INFO:colcon.colcon_core.shell:Creating package script '/home/ahmedk/dev_ws/install/my_package/share/my_package/package.sh'
[4.053s] INFO:colcon.colcon_core.shell:Creating package script '/home/ahmedk/dev_ws/install/my_package/share/my_package/package.bash'
[4.053s] INFO:colcon.colcon_core.shell:Creating package script '/home/ahmedk/dev_ws/install/my_package/share/my_package/package.zsh'
[4.054s] Level 1:colcon.colcon_core.environment:create_file_with_runtime_dependencies(/home/ahmedk/dev_ws/install/my_package/share/colcon-core/packages/my_package)
[4.057s] INFO:colcon.colcon_ros.task.ament_python.build:Building ROS package in '/home/ahmedk/dev_ws/src/add_two_int_srv' with build type 'ament_python'
[4.057s] Level 1:colcon.colcon_core.shell:create_environment_hook('add_two_int_srv', 'ament_prefix_path')
[4.059s] INFO:colcon.colcon_core.shell:Creating environment hook '/home/ahmedk/dev_ws/install/add_two_int_srv/share/add_two_int_srv/hook/ament_prefix_path.ps1'
[4.061s] INFO:colcon.colcon_core.shell:Creating environment descriptor '/home/ahmedk/dev_ws/install/add_two_int_srv/share/add_two_int_srv/hook/ament_prefix_path.dsv'
[4.061s] INFO:colcon.colcon_core.shell:Creating environment hook '/home/ahmedk/dev_ws/install/add_two_int_srv/share/add_two_int_srv/hook/ament_prefix_path.sh'
[4.070s] INFO:colcon.colcon_core.shell:Skip shell extension 'powershell' for command environment: Not usable outside of PowerShell
[4.070s] DEBUG:colcon.colcon_core.shell:Skip shell extension 'dsv' for command environment
[4.790s] INFO:colcon.colcon_core.task.python.build:Building Python package in '/home/ahmedk/dev_ws/src/add_two_int_srv'
[4.792s] INFO:colcon.colcon_core.shell:Skip shell extension 'powershell' for command environment: Not usable outside of PowerShell
[4.792s] DEBUG:colcon.colcon_core.shell:Skip shell extension 'dsv' for command environment
[4.802s] DEBUG:colcon.colcon_core.event_handler.log_command:Invoking command in '/home/ahmedk/dev_ws/build/my_first_py': PYTHONPATH=/home/ahmedk/dev_ws/build/my_first_py/prefix_override:/home/ahmedk/dev_ws/install/my_first_py/lib/python3.10/site-packages:${PYTHONPATH} /usr/bin/python3 setup.py develop --editable --build-directory /home/ahmedk/dev_ws/build/my_first_py/build --no-deps install_data
[5.538s] DEBUG:colcon.colcon_core.event_handler.log_command:Invoking command in '/home/ahmedk/dev_ws/build/add_two_int_srv': CMAKE_PREFIX_PATH=/home/ahmedk/dev_ws/install/my_own_srv:/home/ahmedk/dev_ws/install/turtlebot3_simulations:/home/ahmedk/dev_ws/install/turtlebot3_gazebo:/home/ahmedk/dev_ws/install/turtlebot3_fake_node:/home/ahmedk/dev_ws/install/my_package:/home/ahmedk/dev_ws/install/my_bot PYTHONPATH=/home/ahmedk/dev_ws/build/add_two_int_srv/prefix_override:/home/ahmedk/dev_ws/install/add_two_int_srv/lib/python3.10/site-packages:${PYTHONPATH} /usr/bin/python3 setup.py develop --editable --build-directory /home/ahmedk/dev_ws/build/add_two_int_srv/build --no-deps install_data
[5.710s] Level 1:colcon.colcon_core.shell:create_environment_hook('my_first_py', 'pythonpath_develop')
[5.712s] INFO:colcon.colcon_core.shell:Creating environment hook '/home/ahmedk/dev_ws/build/my_first_py/share/my_first_py/hook/pythonpath_develop.ps1'
[5.713s] INFO:colcon.colcon_core.shell:Creating environment descriptor '/home/ahmedk/dev_ws/build/my_first_py/share/my_first_py/hook/pythonpath_develop.dsv'
[5.713s] DEBUG:colcon.colcon_core.event_handler.log_command:Invoked command in '/home/ahmedk/dev_ws/build/my_first_py' returned '0': PYTHONPATH=/home/ahmedk/dev_ws/build/my_first_py/prefix_override:/home/ahmedk/dev_ws/install/my_first_py/lib/python3.10/site-packages:${PYTHONPATH} /usr/bin/python3 setup.py develop --editable --build-directory /home/ahmedk/dev_ws/build/my_first_py/build --no-deps install_data
[5.714s] INFO:colcon.colcon_core.shell:Creating environment hook '/home/ahmedk/dev_ws/build/my_first_py/share/my_first_py/hook/pythonpath_develop.sh'
[5.719s] Level 1:colcon.colcon_core.environment:checking '/home/ahmedk/dev_ws/install/my_first_py' for CMake module files
[5.720s] Level 1:colcon.colcon_core.environment:checking '/home/ahmedk/dev_ws/install/my_first_py' for CMake config files
[5.720s] Level 1:colcon.colcon_core.environment:checking '/home/ahmedk/dev_ws/install/my_first_py/lib'
[5.721s] Level 1:colcon.colcon_core.environment:checking '/home/ahmedk/dev_ws/install/my_first_py/bin'
[5.721s] Level 1:colcon.colcon_core.environment:checking '/home/ahmedk/dev_ws/install/my_first_py/lib/pkgconfig/my_first_py.pc'
[5.721s] Level 1:colcon.colcon_core.environment:checking '/home/ahmedk/dev_ws/install/my_first_py/lib/python3.10/site-packages'
[5.721s] Level 1:colcon.colcon_core.shell:create_environment_hook('my_first_py', 'pythonpath')
[5.723s] INFO:colcon.colcon_core.shell:Creating environment hook '/home/ahmedk/dev_ws/install/my_first_py/share/my_first_py/hook/pythonpath.ps1'
[5.724s] INFO:colcon.colcon_core.shell:Creating environment descriptor '/home/ahmedk/dev_ws/install/my_first_py/share/my_first_py/hook/pythonpath.dsv'
[5.724s] INFO:colcon.colcon_core.shell:Creating environment hook '/home/ahmedk/dev_ws/install/my_first_py/share/my_first_py/hook/pythonpath.sh'
[5.725s] Level 1:colcon.colcon_core.environment:checking '/home/ahmedk/dev_ws/install/my_first_py/bin'
[5.725s] Level 1:colcon.colcon_core.environment:create_environment_scripts_only(my_first_py)
[5.727s] INFO:colcon.colcon_core.shell:Creating package script '/home/ahmedk/dev_ws/install/my_first_py/share/my_first_py/package.ps1'
[5.728s] INFO:colcon.colcon_core.shell:Creating package descriptor '/home/ahmedk/dev_ws/install/my_first_py/share/my_first_py/package.dsv'
[5.729s] INFO:colcon.colcon_core.shell:Creating package script '/home/ahmedk/dev_ws/install/my_first_py/share/my_first_py/package.sh'
[5.730s] INFO:colcon.colcon_core.shell:Creating package script '/home/ahmedk/dev_ws/install/my_first_py/share/my_first_py/package.bash'
[5.731s] INFO:colcon.colcon_core.shell:Creating package script '/home/ahmedk/dev_ws/install/my_first_py/share/my_first_py/package.zsh'
[5.732s] Level 1:colcon.colcon_core.environment:create_file_with_runtime_dependencies(/home/ahmedk/dev_ws/install/my_first_py/share/colcon-core/packages/my_first_py)
[5.733s] INFO:colcon.colcon_ros.task.ament_cmake.build:Building ROS package in '/home/ahmedk/dev_ws/src/turtlebot3_simulations/turtlebot3_simulations' with build type 'ament_cmake'
[5.734s] INFO:colcon.colcon_cmake.task.cmake.build:Building CMake package in '/home/ahmedk/dev_ws/src/turtlebot3_simulations/turtlebot3_simulations'
[5.735s] INFO:colcon.colcon_core.shell:Skip shell extension 'powershell' for command environment: Not usable outside of PowerShell
[5.736s] DEBUG:colcon.colcon_core.shell:Skip shell extension 'dsv' for command environment
[5.760s] DEBUG:colcon.colcon_core.event_handler.log_command:Invoking command in '/home/ahmedk/dev_ws/build/turtlebot3_simulations': CMAKE_PREFIX_PATH=/home/ahmedk/dev_ws/install/turtlebot3_gazebo:/home/ahmedk/dev_ws/install/turtlebot3_fake_node:/home/ahmedk/dev_ws/install/turtlebot3_simulations:/home/ahmedk/dev_ws/install/my_package:/home/ahmedk/dev_ws/install/my_own_srv:/home/ahmedk/dev_ws/install/my_bot:/home/ahmedk/dev_ws/install/add_two_int_srv:/home/ahmedk/dev_ws/install/my_first_py:/opt/ros/humble /usr/bin/cmake --build /home/ahmedk/dev_ws/build/turtlebot3_simulations -- -j2 -l2
[5.832s] DEBUG:colcon.colcon_core.event_handler.log_command:Invoked command in '/home/ahmedk/dev_ws/build/turtlebot3_simulations' returned '0': CMAKE_PREFIX_PATH=/home/ahmedk/dev_ws/install/turtlebot3_gazebo:/home/ahmedk/dev_ws/install/turtlebot3_fake_node:/home/ahmedk/dev_ws/install/turtlebot3_simulations:/home/ahmedk/dev_ws/install/my_package:/home/ahmedk/dev_ws/install/my_own_srv:/home/ahmedk/dev_ws/install/my_bot:/home/ahmedk/dev_ws/install/add_two_int_srv:/home/ahmedk/dev_ws/install/my_first_py:/opt/ros/humble /usr/bin/cmake --build /home/ahmedk/dev_ws/build/turtlebot3_simulations -- -j2 -l2
[5.874s] DEBUG:colcon.colcon_core.event_handler.log_command:Invoking command in '/home/ahmedk/dev_ws/build/turtlebot3_simulations': CMAKE_PREFIX_PATH=/home/ahmedk/dev_ws/install/turtlebot3_gazebo:/home/ahmedk/dev_ws/install/turtlebot3_fake_node:/home/ahmedk/dev_ws/install/turtlebot3_simulations:/home/ahmedk/dev_ws/install/my_package:/home/ahmedk/dev_ws/install/my_own_srv:/home/ahmedk/dev_ws/install/my_bot:/home/ahmedk/dev_ws/install/add_two_int_srv:/home/ahmedk/dev_ws/install/my_first_py:/opt/ros/humble /usr/bin/cmake --install /home/ahmedk/dev_ws/build/turtlebot3_simulations
[5.921s] Level 1:colcon.colcon_core.environment:create_environment_scripts_only(turtlebot3_simulations)
[5.924s] Level 1:colcon.colcon_core.environment:checking '/home/ahmedk/dev_ws/install/turtlebot3_simulations' for CMake module files
[5.925s] Level 1:colcon.colcon_core.environment:checking '/home/ahmedk/dev_ws/install/turtlebot3_simulations' for CMake config files
[5.925s] Level 1:colcon.colcon_core.shell:create_environment_hook('turtlebot3_simulations', 'cmake_prefix_path')
[5.927s] INFO:colcon.colcon_core.shell:Creating environment hook '/home/ahmedk/dev_ws/install/turtlebot3_simulations/share/turtlebot3_simulations/hook/cmake_prefix_path.ps1'
[5.928s] INFO:colcon.colcon_core.shell:Creating environment descriptor '/home/ahmedk/dev_ws/install/turtlebot3_simulations/share/turtlebot3_simulations/hook/cmake_prefix_path.dsv'
[5.929s] DEBUG:colcon.colcon_core.event_handler.log_command:Invoked command in '/home/ahmedk/dev_ws/build/turtlebot3_simulations' returned '0': CMAKE_PREFIX_PATH=/home/ahmedk/dev_ws/install/turtlebot3_gazebo:/home/ahmedk/dev_ws/install/turtlebot3_fake_node:/home/ahmedk/dev_ws/install/turtlebot3_simulations:/home/ahmedk/dev_ws/install/my_package:/home/ahmedk/dev_ws/install/my_own_srv:/home/ahmedk/dev_ws/install/my_bot:/home/ahmedk/dev_ws/install/add_two_int_srv:/home/ahmedk/dev_ws/install/my_first_py:/opt/ros/humble /usr/bin/cmake --install /home/ahmedk/dev_ws/build/turtlebot3_simulations
[5.929s] INFO:colcon.colcon_core.shell:Creating environment hook '/home/ahmedk/dev_ws/install/turtlebot3_simulations/share/turtlebot3_simulations/hook/cmake_prefix_path.sh'
[5.931s] Level 1:colcon.colcon_core.environment:checking '/home/ahmedk/dev_ws/install/turtlebot3_simulations/bin'
[5.931s] Level 1:colcon.colcon_core.environment:checking '/home/ahmedk/dev_ws/install/turtlebot3_simulations/lib/pkgconfig/turtlebot3_simulations.pc'
[5.932s] Level 1:colcon.colcon_core.environment:checking '/home/ahmedk/dev_ws/install/turtlebot3_simulations/lib/python3.10/site-packages'
[5.932s] Level 1:colcon.colcon_core.environment:checking '/home/ahmedk/dev_ws/install/turtlebot3_simulations/bin'
[5.936s] INFO:colcon.colcon_core.shell:Creating package script '/home/ahmedk/dev_ws/install/turtlebot3_simulations/share/turtlebot3_simulations/package.ps1'
[5.937s] INFO:colcon.colcon_core.shell:Creating package descriptor '/home/ahmedk/dev_ws/install/turtlebot3_simulations/share/turtlebot3_simulations/package.dsv'
[5.938s] INFO:colcon.colcon_core.shell:Creating package script '/home/ahmedk/dev_ws/install/turtlebot3_simulations/share/turtlebot3_simulations/package.sh'
[5.939s] INFO:colcon.colcon_core.shell:Creating package script '/home/ahmedk/dev_ws/install/turtlebot3_simulations/share/turtlebot3_simulations/package.bash'
[5.940s] INFO:colcon.colcon_core.shell:Creating package script '/home/ahmedk/dev_ws/install/turtlebot3_simulations/share/turtlebot3_simulations/package.zsh'
[5.941s] Level 1:colcon.colcon_core.environment:create_file_with_runtime_dependencies(/home/ahmedk/dev_ws/install/turtlebot3_simulations/share/colcon-core/packages/turtlebot3_simulations)
[5.984s] Level 1:colcon.colcon_core.environment:create_environment_scripts_only(turtlebot3_simulations)
[5.987s] Level 1:colcon.colcon_core.environment:checking '/home/ahmedk/dev_ws/install/turtlebot3_simulations' for CMake module files
[5.987s] Level 1:colcon.colcon_core.environment:checking '/home/ahmedk/dev_ws/install/turtlebot3_simulations' for CMake config files
[5.988s] Level 1:colcon.colcon_core.shell:create_environment_hook('turtlebot3_simulations', 'cmake_prefix_path')
[5.990s] INFO:colcon.colcon_core.shell:Creating environment hook '/home/ahmedk/dev_ws/install/turtlebot3_simulations/share/turtlebot3_simulations/hook/cmake_prefix_path.ps1'
[5.991s] INFO:colcon.colcon_core.shell:Creating environment descriptor '/home/ahmedk/dev_ws/install/turtlebot3_simulations/share/turtlebot3_simulations/hook/cmake_prefix_path.dsv'
[5.992s] INFO:colcon.colcon_core.shell:Creating environment hook '/home/ahmedk/dev_ws/install/turtlebot3_simulations/share/turtlebot3_simulations/hook/cmake_prefix_path.sh'
[5.992s] Level 1:colcon.colcon_core.environment:checking '/home/ahmedk/dev_ws/install/turtlebot3_simulations/bin'
[5.993s] Level 1:colcon.colcon_core.environment:checking '/home/ahmedk/dev_ws/install/turtlebot3_simulations/lib/pkgconfig/turtlebot3_simulations.pc'
[5.993s] Level 1:colcon.colcon_core.environment:checking '/home/ahmedk/dev_ws/install/turtlebot3_simulations/lib/python3.10/site-packages'
[5.993s] Level 1:colcon.colcon_core.environment:checking '/home/ahmedk/dev_ws/install/turtlebot3_simulations/bin'
[5.995s] INFO:colcon.colcon_core.shell:Creating package script '/home/ahmedk/dev_ws/install/turtlebot3_simulations/share/turtlebot3_simulations/package.ps1'
[5.996s] INFO:colcon.colcon_core.shell:Creating package descriptor '/home/ahmedk/dev_ws/install/turtlebot3_simulations/share/turtlebot3_simulations/package.dsv'
[5.997s] INFO:colcon.colcon_core.shell:Creating package script '/home/ahmedk/dev_ws/install/turtlebot3_simulations/share/turtlebot3_simulations/package.sh'
[5.997s] INFO:colcon.colcon_core.shell:Creating package script '/home/ahmedk/dev_ws/install/turtlebot3_simulations/share/turtlebot3_simulations/package.bash'
[5.999s] INFO:colcon.colcon_core.shell:Creating package script '/home/ahmedk/dev_ws/install/turtlebot3_simulations/share/turtlebot3_simulations/package.zsh'
[5.999s] Level 1:colcon.colcon_core.environment:create_file_with_runtime_dependencies(/home/ahmedk/dev_ws/install/turtlebot3_simulations/share/colcon-core/packages/turtlebot3_simulations)
[6.434s] Level 1:colcon.colcon_core.shell:create_environment_hook('add_two_int_srv', 'pythonpath_develop')
[6.437s] INFO:colcon.colcon_core.shell:Creating environment hook '/home/ahmedk/dev_ws/build/add_two_int_srv/share/add_two_int_srv/hook/pythonpath_develop.ps1'
[6.438s] DEBUG:colcon.colcon_core.event_handler.log_command:Invoked command in '/home/ahmedk/dev_ws/build/add_two_int_srv' returned '0': CMAKE_PREFIX_PATH=/home/ahmedk/dev_ws/install/my_own_srv:/home/ahmedk/dev_ws/install/turtlebot3_simulations:/home/ahmedk/dev_ws/install/turtlebot3_gazebo:/home/ahmedk/dev_ws/install/turtlebot3_fake_node:/home/ahmedk/dev_ws/install/my_package:/home/ahmedk/dev_ws/install/my_bot PYTHONPATH=/home/ahmedk/dev_ws/build/add_two_int_srv/prefix_override:/home/ahmedk/dev_ws/install/add_two_int_srv/lib/python3.10/site-packages:${PYTHONPATH} /usr/bin/python3 setup.py develop --editable --build-directory /home/ahmedk/dev_ws/build/add_two_int_srv/build --no-deps install_data
[6.439s] INFO:colcon.colcon_core.shell:Creating environment descriptor '/home/ahmedk/dev_ws/build/add_two_int_srv/share/add_two_int_srv/hook/pythonpath_develop.dsv'
[6.440s] INFO:colcon.colcon_core.shell:Creating environment hook '/home/ahmedk/dev_ws/build/add_two_int_srv/share/add_two_int_srv/hook/pythonpath_develop.sh'
[6.444s] Level 1:colcon.colcon_core.environment:checking '/home/ahmedk/dev_ws/install/add_two_int_srv' for CMake module files
[6.445s] Level 1:colcon.colcon_core.environment:checking '/home/ahmedk/dev_ws/install/add_two_int_srv' for CMake config files
[6.445s] Level 1:colcon.colcon_core.environment:checking '/home/ahmedk/dev_ws/install/add_two_int_srv/lib'
[6.445s] Level 1:colcon.colcon_core.environment:checking '/home/ahmedk/dev_ws/install/add_two_int_srv/bin'
[6.446s] Level 1:colcon.colcon_core.environment:checking '/home/ahmedk/dev_ws/install/add_two_int_srv/lib/pkgconfig/add_two_int_srv.pc'
[6.446s] Level 1:colcon.colcon_core.environment:checking '/home/ahmedk/dev_ws/install/add_two_int_srv/lib/python3.10/site-packages'
[6.446s] Level 1:colcon.colcon_core.shell:create_environment_hook('add_two_int_srv', 'pythonpath')
[6.448s] INFO:colcon.colcon_core.shell:Creating environment hook '/home/ahmedk/dev_ws/install/add_two_int_srv/share/add_two_int_srv/hook/pythonpath.ps1'
[6.449s] INFO:colcon.colcon_core.shell:Creating environment descriptor '/home/ahmedk/dev_ws/install/add_two_int_srv/share/add_two_int_srv/hook/pythonpath.dsv'
[6.451s] INFO:colcon.colcon_core.shell:Creating environment hook '/home/ahmedk/dev_ws/install/add_two_int_srv/share/add_two_int_srv/hook/pythonpath.sh'
[6.452s] Level 1:colcon.colcon_core.environment:checking '/home/ahmedk/dev_ws/install/add_two_int_srv/bin'
[6.452s] Level 1:colcon.colcon_core.environment:create_environment_scripts_only(add_two_int_srv)
[6.455s] INFO:colcon.colcon_core.shell:Creating package script '/home/ahmedk/dev_ws/install/add_two_int_srv/share/add_two_int_srv/package.ps1'
[6.456s] INFO:colcon.colcon_core.shell:Creating package descriptor '/home/ahmedk/dev_ws/install/add_two_int_srv/share/add_two_int_srv/package.dsv'
[6.457s] INFO:colcon.colcon_core.shell:Creating package script '/home/ahmedk/dev_ws/install/add_two_int_srv/share/add_two_int_srv/package.sh'
[6.459s] INFO:colcon.colcon_core.shell:Creating package script '/home/ahmedk/dev_ws/install/add_two_int_srv/share/add_two_int_srv/package.bash'
[6.461s] INFO:colcon.colcon_core.shell:Creating package script '/home/ahmedk/dev_ws/install/add_two_int_srv/share/add_two_int_srv/package.zsh'
[6.462s] Level 1:colcon.colcon_core.environment:create_file_with_runtime_dependencies(/home/ahmedk/dev_ws/install/add_two_int_srv/share/colcon-core/packages/add_two_int_srv)
[6.463s] DEBUG:colcon.colcon_parallel_executor.executor.parallel:closing loop
[6.465s] DEBUG:colcon.colcon_parallel_executor.executor.parallel:loop closed
[6.465s] DEBUG:colcon.colcon_parallel_executor.executor.parallel:run_until_complete finished with '0'
[6.465s] DEBUG:colcon.colcon_core.event_reactor:joining thread
[6.478s] INFO:colcon.colcon_core.plugin_system:Skipping extension 'colcon_notification.desktop_notification.terminal_notifier': Not used on non-Darwin systems
[6.478s] INFO:colcon.colcon_core.plugin_system:Skipping extension 'colcon_notification.desktop_notification.win32': Not used on non-Windows systems
[6.478s] INFO:colcon.colcon_notification.desktop_notification:Sending desktop notification using 'notify2'
[6.539s] DEBUG:colcon.colcon_core.event_reactor:joined thread
[6.543s] INFO:colcon.colcon_core.shell:Creating prefix script '/home/ahmedk/dev_ws/install/local_setup.ps1'
[6.546s] INFO:colcon.colcon_core.shell:Creating prefix util module '/home/ahmedk/dev_ws/install/_local_setup_util_ps1.py'
[6.551s] INFO:colcon.colcon_core.shell:Creating prefix chain script '/home/ahmedk/dev_ws/install/setup.ps1'
[6.556s] INFO:colcon.colcon_core.shell:Creating prefix script '/home/ahmedk/dev_ws/install/local_setup.sh'
[6.559s] INFO:colcon.colcon_core.shell:Creating prefix util module '/home/ahmedk/dev_ws/install/_local_setup_util_sh.py'
[6.560s] INFO:colcon.colcon_core.shell:Creating prefix chain script '/home/ahmedk/dev_ws/install/setup.sh'
[6.566s] INFO:colcon.colcon_core.shell:Creating prefix script '/home/ahmedk/dev_ws/install/local_setup.bash'
[6.568s] INFO:colcon.colcon_core.shell:Creating prefix chain script '/home/ahmedk/dev_ws/install/setup.bash'
[6.575s] INFO:colcon.colcon_core.shell:Creating prefix script '/home/ahmedk/dev_ws/install/local_setup.zsh'
[6.578s] INFO:colcon.colcon_core.shell:Creating prefix chain script '/home/ahmedk/dev_ws/install/setup.zsh'
