[0.781s] Invoking command in '/home/ahmedk/dev_ws/build/my_first_py': PYTHONPATH=/home/ahmedk/dev_ws/build/my_first_py/prefix_override:/home/ahmedk/dev_ws/install/my_first_py/lib/python3.10/site-packages:${PYTHONPATH} /usr/bin/python3 setup.py develop --editable --build-directory /home/ahmedk/dev_ws/build/my_first_py/build --no-deps install_data
[1.019s] running develop
[1.166s] running egg_info
[1.166s] creating my_first_py.egg-info
[1.166s] writing my_first_py.egg-info/PKG-INFO
[1.166s] writing dependency_links to my_first_py.egg-info/dependency_links.txt
[1.166s] writing entry points to my_first_py.egg-info/entry_points.txt
[1.166s] writing requirements to my_first_py.egg-info/requires.txt
[1.166s] writing top-level names to my_first_py.egg-info/top_level.txt
[1.167s] writing manifest file 'my_first_py.egg-info/SOURCES.txt'
[1.168s] reading manifest file 'my_first_py.egg-info/SOURCES.txt'
[1.168s] writing manifest file 'my_first_py.egg-info/SOURCES.txt'
[1.169s] running build_ext
[1.170s] Creating /home/ahmedk/dev_ws/install/my_first_py/lib/python3.10/site-packages/my-first-py.egg-link (link to .)
[1.170s] Installing talker script to /home/ahmedk/dev_ws/install/my_first_py/lib/my_first_py
[1.170s] 
[1.170s] Installed /home/ahmedk/dev_ws/build/my_first_py
[1.171s] running install_data
[1.171s] creating /home/ahmedk/dev_ws/install/my_first_py/share/ament_index
[1.171s] creating /home/ahmedk/dev_ws/install/my_first_py/share/ament_index/resource_index
[1.171s] creating /home/ahmedk/dev_ws/install/my_first_py/share/ament_index/resource_index/packages
[1.171s] copying resource/my_first_py -> /home/ahmedk/dev_ws/install/my_first_py/share/ament_index/resource_index/packages
[1.171s] copying package.xml -> /home/ahmedk/dev_ws/install/my_first_py/share/my_first_py
[1.193s] Invoked command in '/home/ahmedk/dev_ws/build/my_first_py' returned '0': PYTHONPATH=/home/ahmedk/dev_ws/build/my_first_py/prefix_override:/home/ahmedk/dev_ws/install/my_first_py/lib/python3.10/site-packages:${PYTHONPATH} /usr/bin/python3 setup.py develop --editable --build-directory /home/ahmedk/dev_ws/build/my_first_py/build --no-deps install_data
