[0.043s] Invoking command in '/home/ahmedk/dev_ws/build/my_package': CMAKE_PREFIX_PATH=${CMAKE_PREFIX_PATH}:/home/ahmedk/dev_ws/install/my_first_py:/opt/ros/humble /usr/bin/cmake --build /home/ahmedk/dev_ws/build/my_package -- -j2 -l2
[0.178s] Invoked command in '/home/ahmedk/dev_ws/build/my_package' returned '0': CMAKE_PREFIX_PATH=${CMAKE_PREFIX_PATH}:/home/ahmedk/dev_ws/install/my_first_py:/opt/ros/humble /usr/bin/cmake --build /home/ahmedk/dev_ws/build/my_package -- -j2 -l2
[0.219s] Invoking command in '/home/ahmedk/dev_ws/build/my_package': CMAKE_PREFIX_PATH=${CMAKE_PREFIX_PATH}:/home/ahmedk/dev_ws/install/my_first_py:/opt/ros/humble /usr/bin/cmake --install /home/ahmedk/dev_ws/build/my_package
[0.234s] -- Install configuration: ""
[0.236s] -- Execute custom install script
[0.239s] -- Up-to-date symlink: /home/ahmedk/dev_ws/install/my_package/share/my_package/launch/talker.launch.py
[0.239s] -- Up-to-date symlink: /home/ahmedk/dev_ws/install/my_package/share/ament_index/resource_index/package_run_dependencies/my_package
[0.241s] -- Up-to-date symlink: /home/ahmedk/dev_ws/install/my_package/share/ament_index/resource_index/parent_prefix_path/my_package
[0.243s] -- Up-to-date symlink: /home/ahmedk/dev_ws/install/my_package/share/my_package/environment/ament_prefix_path.sh
[0.243s] -- Up-to-date symlink: /home/ahmedk/dev_ws/install/my_package/share/my_package/environment/ament_prefix_path.dsv
[0.244s] -- Up-to-date symlink: /home/ahmedk/dev_ws/install/my_package/share/my_package/environment/path.sh
[0.244s] -- Up-to-date symlink: /home/ahmedk/dev_ws/install/my_package/share/my_package/environment/path.dsv
[0.245s] -- Up-to-date symlink: /home/ahmedk/dev_ws/install/my_package/share/my_package/local_setup.bash
[0.246s] -- Up-to-date symlink: /home/ahmedk/dev_ws/install/my_package/share/my_package/local_setup.sh
[0.247s] -- Up-to-date symlink: /home/ahmedk/dev_ws/install/my_package/share/my_package/local_setup.zsh
[0.248s] -- Up-to-date symlink: /home/ahmedk/dev_ws/install/my_package/share/my_package/local_setup.dsv
[0.248s] -- Symlinking: /home/ahmedk/dev_ws/install/my_package/share/my_package/package.dsv
[0.264s] -- Up-to-date symlink: /home/ahmedk/dev_ws/install/my_package/share/ament_index/resource_index/packages/my_package
[0.266s] -- Up-to-date symlink: /home/ahmedk/dev_ws/install/my_package/share/my_package/cmake/my_packageConfig.cmake
[0.267s] -- Up-to-date symlink: /home/ahmedk/dev_ws/install/my_package/share/my_package/cmake/my_packageConfig-version.cmake
[0.267s] -- Up-to-date symlink: /home/ahmedk/dev_ws/install/my_package/share/my_package/package.xml
[0.273s] Invoked command in '/home/ahmedk/dev_ws/build/my_package' returned '0': CMAKE_PREFIX_PATH=${CMAKE_PREFIX_PATH}:/home/ahmedk/dev_ws/install/my_first_py:/opt/ros/humble /usr/bin/cmake --install /home/ahmedk/dev_ws/build/my_package
