[0.144s] Invoking command in '/home/ahmedk/dev_ws/build/rplidar_ros': CMAKE_PREFIX_PATH=${CMAKE_PREFIX_PATH}:/home/ahmedk/dev_ws/install/add_two_int_srv:/home/ahmedk/dev_ws/install/my_first_py:/opt/ros/humble /usr/bin/cmake /home/ahmedk/dev_ws/src/rplidar_ros2 -DAMENT_CMAKE_SYMLINK_INSTALL=1 -DCMAKE_INSTALL_PREFIX=/home/ahmedk/dev_ws/install/rplidar_ros
[0.162s] -- Found ament_cmake_auto: 1.3.6 (/opt/ros/humble/share/ament_cmake_auto/cmake)
[0.331s] -- Override CMake install command with custom implementation using symlinks instead of copying resources
[0.343s] -- Found ament_cmake_ros: 0.10.0 (/opt/ros/humble/share/ament_cmake_ros/cmake)
[0.436s] -- Found rosidl_generator_c: 3.1.5 (/opt/ros/humble/share/rosidl_generator_c/cmake)
[0.438s] -- Found rosidl_adapter: 3.1.5 (/opt/ros/humble/share/rosidl_adapter/cmake)
[0.443s] -- Found rosidl_generator_cpp: 3.1.5 (/opt/ros/humble/share/rosidl_generator_cpp/cmake)
[0.455s] -- Using all available rosidl_typesupport_c: rosidl_typesupport_fastrtps_c;rosidl_typesupport_introspection_c
[0.470s] -- Using all available rosidl_typesupport_cpp: rosidl_typesupport_fastrtps_cpp;rosidl_typesupport_introspection_cpp
[0.527s] -- Found rmw_implementation_cmake: 6.1.1 (/opt/ros/humble/share/rmw_implementation_cmake/cmake)
[0.528s] -- Found rmw_fastrtps_cpp: 6.2.5 (/opt/ros/humble/share/rmw_fastrtps_cpp/cmake)
[0.645s] -- Using RMW implementation 'rmw_fastrtps_cpp' as default
[1.085s] -- Configuring done
[1.111s] -- Generating done
[1.112s] -- Build files have been written to: /home/ahmedk/dev_ws/build/rplidar_ros
[1.122s] Invoked command in '/home/ahmedk/dev_ws/build/rplidar_ros' returned '0': CMAKE_PREFIX_PATH=${CMAKE_PREFIX_PATH}:/home/ahmedk/dev_ws/install/add_two_int_srv:/home/ahmedk/dev_ws/install/my_first_py:/opt/ros/humble /usr/bin/cmake /home/ahmedk/dev_ws/src/rplidar_ros2 -DAMENT_CMAKE_SYMLINK_INSTALL=1 -DCMAKE_INSTALL_PREFIX=/home/ahmedk/dev_ws/install/rplidar_ros
[1.122s] Invoking command in '/home/ahmedk/dev_ws/build/rplidar_ros': CMAKE_PREFIX_PATH=${CMAKE_PREFIX_PATH}:/home/ahmedk/dev_ws/install/add_two_int_srv:/home/ahmedk/dev_ws/install/my_first_py:/opt/ros/humble /usr/bin/cmake --build /home/ahmedk/dev_ws/build/rplidar_ros -- -j2 -l2
[1.173s] [35m[1mConsolidate compiler generated dependencies of target rplidar_composition_node[0m
[1.199s] [ 77%] Built target rplidar_composition_node
[1.213s] [35m[1mConsolidate compiler generated dependencies of target rplidar_composition[0m
[1.232s] [100%] Built target rplidar_composition
[1.247s] Invoked command in '/home/ahmedk/dev_ws/build/rplidar_ros' returned '0': CMAKE_PREFIX_PATH=${CMAKE_PREFIX_PATH}:/home/ahmedk/dev_ws/install/add_two_int_srv:/home/ahmedk/dev_ws/install/my_first_py:/opt/ros/humble /usr/bin/cmake --build /home/ahmedk/dev_ws/build/rplidar_ros -- -j2 -l2
[1.307s] Invoking command in '/home/ahmedk/dev_ws/build/rplidar_ros': CMAKE_PREFIX_PATH=${CMAKE_PREFIX_PATH}:/home/ahmedk/dev_ws/install/add_two_int_srv:/home/ahmedk/dev_ws/install/my_first_py:/opt/ros/humble /usr/bin/cmake --install /home/ahmedk/dev_ws/build/rplidar_ros
[1.322s] -- Install configuration: ""
[1.322s] -- Execute custom install script
[1.322s] -- Up-to-date symlink: /home/ahmedk/dev_ws/install/rplidar_ros/lib/rplidar_ros/rplidar_composition
[1.323s] -- Up-to-date symlink: /home/ahmedk/dev_ws/install/rplidar_ros/share/rplidar_ros/launch/rplidar.launch.py
[1.324s] -- Up-to-date symlink: /home/ahmedk/dev_ws/install/rplidar_ros/share/rplidar_ros/launch/rplidar_a3.launch.py
[1.324s] -- Up-to-date symlink: /home/ahmedk/dev_ws/install/rplidar_ros/share/rplidar_ros/launch/rplidar_s1.launch.py
[1.324s] -- Up-to-date symlink: /home/ahmedk/dev_ws/install/rplidar_ros/share/rplidar_ros/launch/rplidar_s1_tcp.launch.py
[1.324s] -- Up-to-date symlink: /home/ahmedk/dev_ws/install/rplidar_ros/share/rplidar_ros/launch/test_rplidar_a3.launch.py
[1.331s] -- Up-to-date symlink: /home/ahmedk/dev_ws/install/rplidar_ros/share/rplidar_ros/launch/view_rplidar.launch.py
[1.332s] -- Up-to-date symlink: /home/ahmedk/dev_ws/install/rplidar_ros/share/rplidar_ros/launch/view_rplidar_a3.launch.py
[1.333s] -- Up-to-date symlink: /home/ahmedk/dev_ws/install/rplidar_ros/share/rplidar_ros/launch/view_rplidar_s1.launch.py
[1.333s] -- Up-to-date symlink: /home/ahmedk/dev_ws/install/rplidar_ros/share/rplidar_ros/launch/view_rplidar_s1_tcp.launch.py
[1.334s] -- Up-to-date symlink: /home/ahmedk/dev_ws/install/rplidar_ros/share/rplidar_ros/rviz/rplidar.rviz
[1.335s] -- Up-to-date symlink: /home/ahmedk/dev_ws/install/rplidar_ros/lib/librplidar_composition_node.so
[1.336s] -- Up-to-date symlink: /home/ahmedk/dev_ws/install/rplidar_ros/include/rplidar_node.hpp
[1.336s] -- Up-to-date symlink: /home/ahmedk/dev_ws/install/rplidar_ros/include/visibility.h
[1.338s] -- Up-to-date symlink: /home/ahmedk/dev_ws/install/rplidar_ros/lib/rplidar_ros/rplidar_composition
[1.338s] -- Up-to-date symlink: /home/ahmedk/dev_ws/install/rplidar_ros/share/ament_index/resource_index/package_run_dependencies/rplidar_ros
[1.339s] -- Up-to-date symlink: /home/ahmedk/dev_ws/install/rplidar_ros/share/ament_index/resource_index/parent_prefix_path/rplidar_ros
[1.340s] -- Up-to-date symlink: /home/ahmedk/dev_ws/install/rplidar_ros/share/rplidar_ros/environment/ament_prefix_path.sh
[1.341s] -- Up-to-date symlink: /home/ahmedk/dev_ws/install/rplidar_ros/share/rplidar_ros/environment/ament_prefix_path.dsv
[1.341s] -- Up-to-date symlink: /home/ahmedk/dev_ws/install/rplidar_ros/share/rplidar_ros/environment/path.sh
[1.342s] -- Up-to-date symlink: /home/ahmedk/dev_ws/install/rplidar_ros/share/rplidar_ros/environment/path.dsv
[1.342s] -- Up-to-date symlink: /home/ahmedk/dev_ws/install/rplidar_ros/share/rplidar_ros/local_setup.bash
[1.344s] -- Up-to-date symlink: /home/ahmedk/dev_ws/install/rplidar_ros/share/rplidar_ros/local_setup.sh
[1.344s] -- Up-to-date symlink: /home/ahmedk/dev_ws/install/rplidar_ros/share/rplidar_ros/local_setup.zsh
[1.345s] -- Up-to-date symlink: /home/ahmedk/dev_ws/install/rplidar_ros/share/rplidar_ros/local_setup.dsv
[1.345s] -- Symlinking: /home/ahmedk/dev_ws/install/rplidar_ros/share/rplidar_ros/package.dsv
[1.358s] -- Up-to-date symlink: /home/ahmedk/dev_ws/install/rplidar_ros/share/ament_index/resource_index/packages/rplidar_ros
[1.359s] -- Up-to-date symlink: /home/ahmedk/dev_ws/install/rplidar_ros/share/ament_index/resource_index/rclcpp_components/rplidar_ros
[1.360s] -- Up-to-date symlink: /home/ahmedk/dev_ws/install/rplidar_ros/share/rplidar_ros/cmake/ament_cmake_export_dependencies-extras.cmake
[1.360s] -- Up-to-date symlink: /home/ahmedk/dev_ws/install/rplidar_ros/share/rplidar_ros/cmake/ament_cmake_export_include_directories-extras.cmake
[1.361s] -- Up-to-date symlink: /home/ahmedk/dev_ws/install/rplidar_ros/share/rplidar_ros/cmake/rplidar_rosConfig.cmake
[1.363s] -- Up-to-date symlink: /home/ahmedk/dev_ws/install/rplidar_ros/share/rplidar_ros/cmake/rplidar_rosConfig-version.cmake
[1.363s] -- Up-to-date symlink: /home/ahmedk/dev_ws/install/rplidar_ros/share/rplidar_ros/package.xml
[1.372s] Invoked command in '/home/ahmedk/dev_ws/build/rplidar_ros' returned '0': CMAKE_PREFIX_PATH=${CMAKE_PREFIX_PATH}:/home/ahmedk/dev_ws/install/add_two_int_srv:/home/ahmedk/dev_ws/install/my_first_py:/opt/ros/humble /usr/bin/cmake --install /home/ahmedk/dev_ws/build/rplidar_ros
