[0.118s] Invoking command in '/home/ahmedk/dev_ws/build/hector_nav_msgs': /usr/bin/cmake /home/ahmedk/dev_ws/src/hector_slam/hector_nav_msgs -DCATKIN_INSTALL_INTO_PREFIX_ROOT=0 -DCMAKE_INSTALL_PREFIX=/home/ahmedk/dev_ws/install/hector_nav_msgs
[0.423s] -- The C compiler identification is GNU 11.4.0
[0.676s] -- The CXX compiler identification is GNU 11.4.0
[0.692s] -- Detecting C compiler ABI info
[0.831s] -- Detecting C compiler ABI info - done
[0.845s] -- Check for working C compiler: /usr/bin/cc - skipped
[0.846s] -- Detecting C compile features
[0.847s] -- Detecting C compile features - done
[0.853s] -- Detecting CXX compiler ABI info
[0.992s] -- Detecting CXX compiler ABI info - done
[1.005s] -- Check for working CXX compiler: /usr/bin/c++ - skipped
[1.006s] -- Detecting CXX compile features
[1.008s] -- Detecting CXX compile features - done
[1.028s] [31mCMake Error at CMakeLists.txt:4 (find_package):
[1.028s]   By not providing "Findcatkin.cmake" in CMAKE_MODULE_PATH this project has
[1.029s]   asked CMake to find a package configuration file provided by "catkin", but
[1.029s]   CMake did not find one.
[1.029s] 
[1.029s]   Could not find a package configuration file provided by "catkin" with any
[1.030s]   of the following names:
[1.030s] 
[1.030s]     catkinConfig.cmake
[1.031s]     catkin-config.cmake
[1.031s] 
[1.031s]   Add the installation prefix of "catkin" to CMAKE_PREFIX_PATH or set
[1.031s]   "catkin_DIR" to a directory containing one of the above files.  If "catkin"
[1.031s]   provides a separate development package or SDK, be sure it has been
[1.031s]   installed.
[1.031s] 
[1.031s] [0m
[1.031s] -- Configuring incomplete, errors occurred!
[1.031s] See also "/home/ahmedk/dev_ws/build/hector_nav_msgs/CMakeFiles/CMakeOutput.log".
[1.042s] Invoked command in '/home/ahmedk/dev_ws/build/hector_nav_msgs' returned '1': /usr/bin/cmake /home/ahmedk/dev_ws/src/hector_slam/hector_nav_msgs -DCATKIN_INSTALL_INTO_PREFIX_ROOT=0 -DCMAKE_INSTALL_PREFIX=/home/ahmedk/dev_ws/install/hector_nav_msgs
