[0.010s] Invoking command in '/home/ahmedk/dev_ws/build/my_package': CMAKE_PREFIX_PATH=/opt/ros/humble /usr/bin/cmake /home/ahmedk/dev_ws/src/my_package -DCMAKE_INSTALL_PREFIX=/home/ahmedk/dev_ws/install/my_package
[0.031s] -- Found ament_cmake: 1.3.5 (/opt/ros/humble/share/ament_cmake/cmake)
[0.136s] -- Override CMake install command with custom implementation using symlinks instead of copying resources
[0.143s] -- Found ament_lint_auto: 0.12.7 (/opt/ros/humble/share/ament_lint_auto/cmake)
[0.201s] -- Added test 'flake8' to check Python code syntax and style conventions
[0.201s] -- Added test 'lint_cmake' to check CMake code style
[0.201s] -- Added test 'pep257' to check Python code against some of the docstring style conventions in PEP 257
[0.202s] -- Added test 'xmllint' to check XML markup files
[0.203s] -- Configuring done
[0.206s] -- Generating done
[0.207s] -- Build files have been written to: /home/ahmedk/dev_ws/build/my_package
[0.210s] Invoked command in '/home/ahmedk/dev_ws/build/my_package' returned '0': CMAKE_PREFIX_PATH=/opt/ros/humble /usr/bin/cmake /home/ahmedk/dev_ws/src/my_package -DCMAKE_INSTALL_PREFIX=/home/ahmedk/dev_ws/install/my_package
[0.210s] Invoking command in '/home/ahmedk/dev_ws/build/my_package': CMAKE_PREFIX_PATH=/opt/ros/humble /usr/bin/cmake --build /home/ahmedk/dev_ws/build/my_package -- -j2 -l2
[0.243s] Invoked command in '/home/ahmedk/dev_ws/build/my_package' returned '0': CMAKE_PREFIX_PATH=/opt/ros/humble /usr/bin/cmake --build /home/ahmedk/dev_ws/build/my_package -- -j2 -l2
[0.269s] Invoking command in '/home/ahmedk/dev_ws/build/my_package': CMAKE_PREFIX_PATH=/opt/ros/humble /usr/bin/cmake --install /home/ahmedk/dev_ws/build/my_package
[0.275s] -- Install configuration: ""
[0.276s] -- Execute custom install script
[0.276s] -- Symlinking: /home/ahmedk/dev_ws/install/my_package/share/my_package/launch/talker.launch.py
[0.284s] -- Up-to-date symlink: /home/ahmedk/dev_ws/install/my_package/share/ament_index/resource_index/package_run_dependencies/my_package
[0.284s] -- Up-to-date symlink: /home/ahmedk/dev_ws/install/my_package/share/ament_index/resource_index/parent_prefix_path/my_package
[0.284s] -- Up-to-date symlink: /home/ahmedk/dev_ws/install/my_package/share/my_package/environment/ament_prefix_path.sh
[0.285s] -- Up-to-date symlink: /home/ahmedk/dev_ws/install/my_package/share/my_package/environment/ament_prefix_path.dsv
[0.285s] -- Up-to-date symlink: /home/ahmedk/dev_ws/install/my_package/share/my_package/environment/path.sh
[0.285s] -- Up-to-date symlink: /home/ahmedk/dev_ws/install/my_package/share/my_package/environment/path.dsv
[0.285s] -- Up-to-date symlink: /home/ahmedk/dev_ws/install/my_package/share/my_package/local_setup.bash
[0.286s] -- Up-to-date symlink: /home/ahmedk/dev_ws/install/my_package/share/my_package/local_setup.sh
[0.286s] -- Up-to-date symlink: /home/ahmedk/dev_ws/install/my_package/share/my_package/local_setup.zsh
[0.286s] -- Up-to-date symlink: /home/ahmedk/dev_ws/install/my_package/share/my_package/local_setup.dsv
[0.287s] -- Symlinking: /home/ahmedk/dev_ws/install/my_package/share/my_package/package.dsv
[0.294s] -- Up-to-date symlink: /home/ahmedk/dev_ws/install/my_package/share/ament_index/resource_index/packages/my_package
[0.294s] -- Up-to-date symlink: /home/ahmedk/dev_ws/install/my_package/share/my_package/cmake/my_packageConfig.cmake
[0.294s] -- Up-to-date symlink: /home/ahmedk/dev_ws/install/my_package/share/my_package/cmake/my_packageConfig-version.cmake
[0.294s] -- Up-to-date symlink: /home/ahmedk/dev_ws/install/my_package/share/my_package/package.xml
[0.296s] Invoked command in '/home/ahmedk/dev_ws/build/my_package' returned '0': CMAKE_PREFIX_PATH=/opt/ros/humble /usr/bin/cmake --install /home/ahmedk/dev_ws/build/my_package
