[0.298s] DEBUG:colcon:Command line arguments: ['/usr/bin/colcon', 'build', '--symlink-install']
[0.298s] DEBUG:colcon:Parsed command line arguments: Namespace(log_base=None, log_level=None, verb_name='build', build_base='build', install_base='install', merge_install=False, symlink_install=True, test_result_base=None, continue_on_error=False, executor='parallel', parallel_workers=2, event_handlers=None, ignore_user_meta=False, metas=['./colcon.meta'], base_paths=['.'], packages_ignore=None, packages_ignore_regex=None, paths=None, packages_up_to=None, packages_up_to_regex=None, packages_above=None, packages_above_and_dependencies=None, packages_above_depth=None, packages_select_by_dep=None, packages_skip_by_dep=None, packages_skip_up_to=None, packages_select_build_failed=False, packages_skip_build_finished=False, packages_select_test_failures=False, packages_skip_test_passed=False, packages_select=None, packages_skip=None, packages_select_regex=None, packages_skip_regex=None, packages_start=None, packages_end=None, allow_overriding=[], cmake_args=None, cmake_target=None, cmake_target_skip_unavailable=False, cmake_clean_cache=False, cmake_clean_first=False, cmake_force_configure=False, ament_cmake_args=None, catkin_cmake_args=None, catkin_skip_building_tests=False, verb_parser=<colcon_defaults.argument_parser.defaults.DefaultArgumentsDecorator object at 0x7fa87f2d8c70>, verb_extension=<colcon_core.verb.build.BuildVerb object at 0x7fa87f2d8700>, main=<bound method BuildVerb.main of <colcon_core.verb.build.BuildVerb object at 0x7fa87f2d8700>>)
[0.318s] Level 1:colcon.colcon_core.package_discovery:discover_packages(colcon_meta) check parameters
[0.318s] Level 1:colcon.colcon_core.package_discovery:discover_packages(recursive) check parameters
[0.318s] Level 1:colcon.colcon_core.package_discovery:discover_packages(ignore) check parameters
[0.318s] Level 1:colcon.colcon_core.package_discovery:discover_packages(path) check parameters
[0.318s] Level 1:colcon.colcon_core.package_discovery:discover_packages(colcon_meta) discover
[0.318s] Level 1:colcon.colcon_core.package_discovery:discover_packages(recursive) discover
[0.318s] INFO:colcon.colcon_core.package_discovery:Crawling recursively for packages in '/home/ahmedk/dev_ws'
[0.318s] Level 1:colcon.colcon_core.package_identification:_identify(.) by extensions ['ignore', 'ignore_ament_install']
[0.318s] Level 1:colcon.colcon_core.package_identification:_identify(.) by extension 'ignore'
[0.318s] Level 1:colcon.colcon_core.package_identification:_identify(.) by extension 'ignore_ament_install'
[0.318s] Level 1:colcon.colcon_core.package_identification:_identify(.) by extensions ['colcon_pkg']
[0.318s] Level 1:colcon.colcon_core.package_identification:_identify(.) by extension 'colcon_pkg'
[0.318s] Level 1:colcon.colcon_core.package_identification:_identify(.) by extensions ['colcon_meta']
[0.318s] Level 1:colcon.colcon_core.package_identification:_identify(.) by extension 'colcon_meta'
[0.318s] Level 1:colcon.colcon_core.package_identification:_identify(.) by extensions ['ros']
[0.318s] Level 1:colcon.colcon_core.package_identification:_identify(.) by extension 'ros'
[0.327s] Level 1:colcon.colcon_core.package_identification:_identify(.) by extensions ['cmake', 'python']
[0.327s] Level 1:colcon.colcon_core.package_identification:_identify(.) by extension 'cmake'
[0.327s] Level 1:colcon.colcon_core.package_identification:_identify(.) by extension 'python'
[0.327s] Level 1:colcon.colcon_core.package_identification:_identify(.) by extensions ['python_setup_py']
[0.327s] Level 1:colcon.colcon_core.package_identification:_identify(.) by extension 'python_setup_py'
[0.327s] Level 1:colcon.colcon_core.package_identification:_identify(build) by extensions ['ignore', 'ignore_ament_install']
[0.328s] Level 1:colcon.colcon_core.package_identification:_identify(build) by extension 'ignore'
[0.328s] Level 1:colcon.colcon_core.package_identification:_identify(build) ignored
[0.328s] Level 1:colcon.colcon_core.package_identification:_identify(install) by extensions ['ignore', 'ignore_ament_install']
[0.328s] Level 1:colcon.colcon_core.package_identification:_identify(install) by extension 'ignore'
[0.328s] Level 1:colcon.colcon_core.package_identification:_identify(install) ignored
[0.328s] Level 1:colcon.colcon_core.package_identification:_identify(log) by extensions ['ignore', 'ignore_ament_install']
[0.328s] Level 1:colcon.colcon_core.package_identification:_identify(log) by extension 'ignore'
[0.328s] Level 1:colcon.colcon_core.package_identification:_identify(log) ignored
[0.328s] Level 1:colcon.colcon_core.package_identification:_identify(src) by extensions ['ignore', 'ignore_ament_install']
[0.328s] Level 1:colcon.colcon_core.package_identification:_identify(src) by extension 'ignore'
[0.328s] Level 1:colcon.colcon_core.package_identification:_identify(src) by extension 'ignore_ament_install'
[0.328s] Level 1:colcon.colcon_core.package_identification:_identify(src) by extensions ['colcon_pkg']
[0.328s] Level 1:colcon.colcon_core.package_identification:_identify(src) by extension 'colcon_pkg'
[0.328s] Level 1:colcon.colcon_core.package_identification:_identify(src) by extensions ['colcon_meta']
[0.328s] Level 1:colcon.colcon_core.package_identification:_identify(src) by extension 'colcon_meta'
[0.328s] Level 1:colcon.colcon_core.package_identification:_identify(src) by extensions ['ros']
[0.328s] Level 1:colcon.colcon_core.package_identification:_identify(src) by extension 'ros'
[0.329s] Level 1:colcon.colcon_core.package_identification:_identify(src) by extensions ['cmake', 'python']
[0.329s] Level 1:colcon.colcon_core.package_identification:_identify(src) by extension 'cmake'
[0.329s] Level 1:colcon.colcon_core.package_identification:_identify(src) by extension 'python'
[0.329s] Level 1:colcon.colcon_core.package_identification:_identify(src) by extensions ['python_setup_py']
[0.329s] Level 1:colcon.colcon_core.package_identification:_identify(src) by extension 'python_setup_py'
[0.329s] Level 1:colcon.colcon_core.package_identification:_identify(src/my_first_py) by extensions ['ignore', 'ignore_ament_install']
[0.329s] Level 1:colcon.colcon_core.package_identification:_identify(src/my_first_py) by extension 'ignore'
[0.329s] Level 1:colcon.colcon_core.package_identification:_identify(src/my_first_py) by extension 'ignore_ament_install'
[0.329s] Level 1:colcon.colcon_core.package_identification:_identify(src/my_first_py) by extensions ['colcon_pkg']
[0.329s] Level 1:colcon.colcon_core.package_identification:_identify(src/my_first_py) by extension 'colcon_pkg'
[0.329s] Level 1:colcon.colcon_core.package_identification:_identify(src/my_first_py) by extensions ['colcon_meta']
[0.329s] Level 1:colcon.colcon_core.package_identification:_identify(src/my_first_py) by extension 'colcon_meta'
[0.329s] Level 1:colcon.colcon_core.package_identification:_identify(src/my_first_py) by extensions ['ros']
[0.329s] Level 1:colcon.colcon_core.package_identification:_identify(src/my_first_py) by extension 'ros'
[0.331s] DEBUG:colcon.colcon_core.package_identification:Package 'src/my_first_py' with type 'ros.ament_python' and name 'my_first_py'
[0.332s] Level 1:colcon.colcon_core.package_identification:_identify(src/my_package) by extensions ['ignore', 'ignore_ament_install']
[0.332s] Level 1:colcon.colcon_core.package_identification:_identify(src/my_package) by extension 'ignore'
[0.332s] Level 1:colcon.colcon_core.package_identification:_identify(src/my_package) by extension 'ignore_ament_install'
[0.332s] Level 1:colcon.colcon_core.package_identification:_identify(src/my_package) by extensions ['colcon_pkg']
[0.332s] Level 1:colcon.colcon_core.package_identification:_identify(src/my_package) by extension 'colcon_pkg'
[0.332s] Level 1:colcon.colcon_core.package_identification:_identify(src/my_package) by extensions ['colcon_meta']
[0.332s] Level 1:colcon.colcon_core.package_identification:_identify(src/my_package) by extension 'colcon_meta'
[0.332s] Level 1:colcon.colcon_core.package_identification:_identify(src/my_package) by extensions ['ros']
[0.332s] Level 1:colcon.colcon_core.package_identification:_identify(src/my_package) by extension 'ros'
[0.332s] DEBUG:colcon.colcon_core.package_identification:Package 'src/my_package' with type 'ros.ament_cmake' and name 'my_package'
[0.332s] Level 1:colcon.colcon_core.package_discovery:discover_packages(recursive) using defaults
[0.332s] Level 1:colcon.colcon_core.package_discovery:discover_packages(ignore) discover
[0.332s] Level 1:colcon.colcon_core.package_discovery:discover_packages(ignore) using defaults
[0.332s] Level 1:colcon.colcon_core.package_discovery:discover_packages(path) discover
[0.332s] Level 1:colcon.colcon_core.package_discovery:discover_packages(path) using defaults
[0.351s] Level 1:colcon.colcon_core.package_discovery:discover_packages(prefix_path) check parameters
[0.351s] Level 1:colcon.colcon_core.package_discovery:discover_packages(prefix_path) discover
[0.353s] DEBUG:colcon.colcon_installed_package_information.package_discovery:Found 2 installed packages in /home/ahmedk/dev_ws/install
[0.355s] DEBUG:colcon.colcon_installed_package_information.package_discovery:Found 386 installed packages in /opt/ros/humble
[0.356s] Level 1:colcon.colcon_core.package_discovery:discover_packages(prefix_path) using defaults
[0.419s] Level 5:colcon.colcon_core.verb:set package 'my_first_py' build argument 'cmake_args' from command line to 'None'
[0.420s] Level 5:colcon.colcon_core.verb:set package 'my_first_py' build argument 'cmake_target' from command line to 'None'
[0.420s] Level 5:colcon.colcon_core.verb:set package 'my_first_py' build argument 'cmake_target_skip_unavailable' from command line to 'False'
[0.420s] Level 5:colcon.colcon_core.verb:set package 'my_first_py' build argument 'cmake_clean_cache' from command line to 'False'
[0.420s] Level 5:colcon.colcon_core.verb:set package 'my_first_py' build argument 'cmake_clean_first' from command line to 'False'
[0.420s] Level 5:colcon.colcon_core.verb:set package 'my_first_py' build argument 'cmake_force_configure' from command line to 'False'
[0.420s] Level 5:colcon.colcon_core.verb:set package 'my_first_py' build argument 'ament_cmake_args' from command line to 'None'
[0.420s] Level 5:colcon.colcon_core.verb:set package 'my_first_py' build argument 'catkin_cmake_args' from command line to 'None'
[0.420s] Level 5:colcon.colcon_core.verb:set package 'my_first_py' build argument 'catkin_skip_building_tests' from command line to 'False'
[0.420s] DEBUG:colcon.colcon_core.verb:Building package 'my_first_py' with the following arguments: {'ament_cmake_args': None, 'build_base': '/home/ahmedk/dev_ws/build/my_first_py', 'catkin_cmake_args': None, 'catkin_skip_building_tests': False, 'cmake_args': None, 'cmake_clean_cache': False, 'cmake_clean_first': False, 'cmake_force_configure': False, 'cmake_target': None, 'cmake_target_skip_unavailable': False, 'install_base': '/home/ahmedk/dev_ws/install/my_first_py', 'merge_install': False, 'path': '/home/ahmedk/dev_ws/src/my_first_py', 'symlink_install': True, 'test_result_base': None}
[0.421s] Level 5:colcon.colcon_core.verb:set package 'my_package' build argument 'cmake_args' from command line to 'None'
[0.421s] Level 5:colcon.colcon_core.verb:set package 'my_package' build argument 'cmake_target' from command line to 'None'
[0.421s] Level 5:colcon.colcon_core.verb:set package 'my_package' build argument 'cmake_target_skip_unavailable' from command line to 'False'
[0.421s] Level 5:colcon.colcon_core.verb:set package 'my_package' build argument 'cmake_clean_cache' from command line to 'False'
[0.421s] Level 5:colcon.colcon_core.verb:set package 'my_package' build argument 'cmake_clean_first' from command line to 'False'
[0.421s] Level 5:colcon.colcon_core.verb:set package 'my_package' build argument 'cmake_force_configure' from command line to 'False'
[0.421s] Level 5:colcon.colcon_core.verb:set package 'my_package' build argument 'ament_cmake_args' from command line to 'None'
[0.421s] Level 5:colcon.colcon_core.verb:set package 'my_package' build argument 'catkin_cmake_args' from command line to 'None'
[0.421s] Level 5:colcon.colcon_core.verb:set package 'my_package' build argument 'catkin_skip_building_tests' from command line to 'False'
[0.421s] DEBUG:colcon.colcon_core.verb:Building package 'my_package' with the following arguments: {'ament_cmake_args': None, 'build_base': '/home/ahmedk/dev_ws/build/my_package', 'catkin_cmake_args': None, 'catkin_skip_building_tests': False, 'cmake_args': None, 'cmake_clean_cache': False, 'cmake_clean_first': False, 'cmake_force_configure': False, 'cmake_target': None, 'cmake_target_skip_unavailable': False, 'install_base': '/home/ahmedk/dev_ws/install/my_package', 'merge_install': False, 'path': '/home/ahmedk/dev_ws/src/my_package', 'symlink_install': True, 'test_result_base': None}
[0.421s] INFO:colcon.colcon_core.executor:Executing jobs using 'parallel' executor
[0.424s] DEBUG:colcon.colcon_parallel_executor.executor.parallel:run_until_complete
[0.424s] INFO:colcon.colcon_ros.task.ament_python.build:Building ROS package in '/home/ahmedk/dev_ws/src/my_first_py' with build type 'ament_python'
[0.424s] Level 1:colcon.colcon_core.shell:create_environment_hook('my_first_py', 'ament_prefix_path')
[0.428s] INFO:colcon.colcon_core.plugin_system:Skipping extension 'colcon_core.shell.bat': Not used on non-Windows systems
[0.428s] INFO:colcon.colcon_core.shell:Creating environment hook '/home/ahmedk/dev_ws/install/my_first_py/share/my_first_py/hook/ament_prefix_path.ps1'
[0.429s] INFO:colcon.colcon_core.shell:Creating environment descriptor '/home/ahmedk/dev_ws/install/my_first_py/share/my_first_py/hook/ament_prefix_path.dsv'
[0.429s] INFO:colcon.colcon_core.shell:Creating environment hook '/home/ahmedk/dev_ws/install/my_first_py/share/my_first_py/hook/ament_prefix_path.sh'
[0.431s] INFO:colcon.colcon_core.shell:Skip shell extension 'powershell' for command environment: Not usable outside of PowerShell
[0.431s] DEBUG:colcon.colcon_core.shell:Skip shell extension 'dsv' for command environment
[0.435s] INFO:colcon.colcon_ros.task.ament_cmake.build:Building ROS package in '/home/ahmedk/dev_ws/src/my_package' with build type 'ament_cmake'
[0.436s] INFO:colcon.colcon_cmake.task.cmake.build:Building CMake package in '/home/ahmedk/dev_ws/src/my_package'
[0.437s] INFO:colcon.colcon_core.shell:Skip shell extension 'powershell' for command environment: Not usable outside of PowerShell
[0.437s] DEBUG:colcon.colcon_core.shell:Skip shell extension 'dsv' for command environment
[0.678s] INFO:colcon.colcon_core.task.python.build:Building Python package in '/home/ahmedk/dev_ws/src/my_first_py'
[0.679s] INFO:colcon.colcon_core.shell:Skip shell extension 'powershell' for command environment: Not usable outside of PowerShell
[0.679s] DEBUG:colcon.colcon_core.shell:Skip shell extension 'dsv' for command environment
[0.688s] DEBUG:colcon.colcon_core.event_handler.log_command:Invoking command in '/home/ahmedk/dev_ws/build/my_package': CMAKE_PREFIX_PATH=${CMAKE_PREFIX_PATH}:/opt/ros/humble /usr/bin/cmake --build /home/ahmedk/dev_ws/build/my_package -- -j2 -l2
[0.720s] DEBUG:colcon.colcon_core.event_handler.log_command:Invoked command in '/home/ahmedk/dev_ws/build/my_package' returned '0': CMAKE_PREFIX_PATH=${CMAKE_PREFIX_PATH}:/opt/ros/humble /usr/bin/cmake --build /home/ahmedk/dev_ws/build/my_package -- -j2 -l2
[0.747s] DEBUG:colcon.colcon_core.event_handler.log_command:Invoking command in '/home/ahmedk/dev_ws/build/my_package': CMAKE_PREFIX_PATH=${CMAKE_PREFIX_PATH}:/opt/ros/humble /usr/bin/cmake --install /home/ahmedk/dev_ws/build/my_package
[0.771s] Level 1:colcon.colcon_core.environment:create_environment_scripts_only(my_package)
[0.772s] DEBUG:colcon.colcon_core.event_handler.log_command:Invoked command in '/home/ahmedk/dev_ws/build/my_package' returned '0': CMAKE_PREFIX_PATH=${CMAKE_PREFIX_PATH}:/opt/ros/humble /usr/bin/cmake --install /home/ahmedk/dev_ws/build/my_package
[0.776s] Level 1:colcon.colcon_core.environment:checking '/home/ahmedk/dev_ws/install/my_package' for CMake module files
[0.777s] Level 1:colcon.colcon_core.environment:checking '/home/ahmedk/dev_ws/install/my_package' for CMake config files
[0.777s] Level 1:colcon.colcon_core.shell:create_environment_hook('my_package', 'cmake_prefix_path')
[0.778s] INFO:colcon.colcon_core.shell:Creating environment hook '/home/ahmedk/dev_ws/install/my_package/share/my_package/hook/cmake_prefix_path.ps1'
[0.778s] INFO:colcon.colcon_core.shell:Creating environment descriptor '/home/ahmedk/dev_ws/install/my_package/share/my_package/hook/cmake_prefix_path.dsv'
[0.779s] INFO:colcon.colcon_core.shell:Creating environment hook '/home/ahmedk/dev_ws/install/my_package/share/my_package/hook/cmake_prefix_path.sh'
[0.779s] Level 1:colcon.colcon_core.environment:checking '/home/ahmedk/dev_ws/install/my_package/bin'
[0.779s] Level 1:colcon.colcon_core.environment:checking '/home/ahmedk/dev_ws/install/my_package/lib/pkgconfig/my_package.pc'
[0.780s] Level 1:colcon.colcon_core.environment:checking '/home/ahmedk/dev_ws/install/my_package/lib/python3.10/site-packages'
[0.780s] Level 1:colcon.colcon_core.environment:checking '/home/ahmedk/dev_ws/install/my_package/bin'
[0.781s] INFO:colcon.colcon_core.shell:Creating package script '/home/ahmedk/dev_ws/install/my_package/share/my_package/package.ps1'
[0.782s] INFO:colcon.colcon_core.shell:Creating package descriptor '/home/ahmedk/dev_ws/install/my_package/share/my_package/package.dsv'
[0.782s] INFO:colcon.colcon_core.shell:Creating package script '/home/ahmedk/dev_ws/install/my_package/share/my_package/package.sh'
[0.783s] INFO:colcon.colcon_core.shell:Creating package script '/home/ahmedk/dev_ws/install/my_package/share/my_package/package.bash'
[0.784s] INFO:colcon.colcon_core.shell:Creating package script '/home/ahmedk/dev_ws/install/my_package/share/my_package/package.zsh'
[0.784s] Level 1:colcon.colcon_core.environment:create_file_with_runtime_dependencies(/home/ahmedk/dev_ws/install/my_package/share/colcon-core/packages/my_package)
[0.803s] Level 1:colcon.colcon_core.environment:create_environment_scripts_only(my_package)
[0.805s] Level 1:colcon.colcon_core.environment:checking '/home/ahmedk/dev_ws/install/my_package' for CMake module files
[0.805s] Level 1:colcon.colcon_core.environment:checking '/home/ahmedk/dev_ws/install/my_package' for CMake config files
[0.805s] Level 1:colcon.colcon_core.shell:create_environment_hook('my_package', 'cmake_prefix_path')
[0.806s] INFO:colcon.colcon_core.shell:Creating environment hook '/home/ahmedk/dev_ws/install/my_package/share/my_package/hook/cmake_prefix_path.ps1'
[0.807s] INFO:colcon.colcon_core.shell:Creating environment descriptor '/home/ahmedk/dev_ws/install/my_package/share/my_package/hook/cmake_prefix_path.dsv'
[0.807s] INFO:colcon.colcon_core.shell:Creating environment hook '/home/ahmedk/dev_ws/install/my_package/share/my_package/hook/cmake_prefix_path.sh'
[0.808s] Level 1:colcon.colcon_core.environment:checking '/home/ahmedk/dev_ws/install/my_package/bin'
[0.808s] Level 1:colcon.colcon_core.environment:checking '/home/ahmedk/dev_ws/install/my_package/lib/pkgconfig/my_package.pc'
[0.808s] Level 1:colcon.colcon_core.environment:checking '/home/ahmedk/dev_ws/install/my_package/lib/python3.10/site-packages'
[0.808s] Level 1:colcon.colcon_core.environment:checking '/home/ahmedk/dev_ws/install/my_package/bin'
[0.809s] INFO:colcon.colcon_core.shell:Creating package script '/home/ahmedk/dev_ws/install/my_package/share/my_package/package.ps1'
[0.810s] INFO:colcon.colcon_core.shell:Creating package descriptor '/home/ahmedk/dev_ws/install/my_package/share/my_package/package.dsv'
[0.810s] INFO:colcon.colcon_core.shell:Creating package script '/home/ahmedk/dev_ws/install/my_package/share/my_package/package.sh'
[0.810s] INFO:colcon.colcon_core.shell:Creating package script '/home/ahmedk/dev_ws/install/my_package/share/my_package/package.bash'
[0.811s] INFO:colcon.colcon_core.shell:Creating package script '/home/ahmedk/dev_ws/install/my_package/share/my_package/package.zsh'
[0.811s] Level 1:colcon.colcon_core.environment:create_file_with_runtime_dependencies(/home/ahmedk/dev_ws/install/my_package/share/colcon-core/packages/my_package)
[1.024s] DEBUG:colcon.colcon_core.event_handler.log_command:Invoking command in '/home/ahmedk/dev_ws/build/my_first_py': PYTHONPATH=/home/ahmedk/dev_ws/build/my_first_py/prefix_override:/home/ahmedk/dev_ws/install/my_first_py/lib/python3.10/site-packages:${PYTHONPATH} /usr/bin/python3 setup.py develop --editable --build-directory /home/ahmedk/dev_ws/build/my_first_py/build --no-deps install_data
[1.437s] Level 1:colcon.colcon_core.shell:create_environment_hook('my_first_py', 'pythonpath_develop')
[1.438s] INFO:colcon.colcon_core.shell:Creating environment hook '/home/ahmedk/dev_ws/build/my_first_py/share/my_first_py/hook/pythonpath_develop.ps1'
[1.438s] DEBUG:colcon.colcon_core.event_handler.log_command:Invoked command in '/home/ahmedk/dev_ws/build/my_first_py' returned '0': PYTHONPATH=/home/ahmedk/dev_ws/build/my_first_py/prefix_override:/home/ahmedk/dev_ws/install/my_first_py/lib/python3.10/site-packages:${PYTHONPATH} /usr/bin/python3 setup.py develop --editable --build-directory /home/ahmedk/dev_ws/build/my_first_py/build --no-deps install_data
[1.439s] INFO:colcon.colcon_core.shell:Creating environment descriptor '/home/ahmedk/dev_ws/build/my_first_py/share/my_first_py/hook/pythonpath_develop.dsv'
[1.439s] INFO:colcon.colcon_core.shell:Creating environment hook '/home/ahmedk/dev_ws/build/my_first_py/share/my_first_py/hook/pythonpath_develop.sh'
[1.441s] Level 1:colcon.colcon_core.environment:checking '/home/ahmedk/dev_ws/install/my_first_py' for CMake module files
[1.442s] Level 1:colcon.colcon_core.environment:checking '/home/ahmedk/dev_ws/install/my_first_py' for CMake config files
[1.442s] Level 1:colcon.colcon_core.environment:checking '/home/ahmedk/dev_ws/install/my_first_py/lib'
[1.442s] Level 1:colcon.colcon_core.environment:checking '/home/ahmedk/dev_ws/install/my_first_py/bin'
[1.442s] Level 1:colcon.colcon_core.environment:checking '/home/ahmedk/dev_ws/install/my_first_py/lib/pkgconfig/my_first_py.pc'
[1.442s] Level 1:colcon.colcon_core.environment:checking '/home/ahmedk/dev_ws/install/my_first_py/lib/python3.10/site-packages'
[1.442s] Level 1:colcon.colcon_core.shell:create_environment_hook('my_first_py', 'pythonpath')
[1.443s] INFO:colcon.colcon_core.shell:Creating environment hook '/home/ahmedk/dev_ws/install/my_first_py/share/my_first_py/hook/pythonpath.ps1'
[1.444s] INFO:colcon.colcon_core.shell:Creating environment descriptor '/home/ahmedk/dev_ws/install/my_first_py/share/my_first_py/hook/pythonpath.dsv'
[1.444s] INFO:colcon.colcon_core.shell:Creating environment hook '/home/ahmedk/dev_ws/install/my_first_py/share/my_first_py/hook/pythonpath.sh'
[1.445s] Level 1:colcon.colcon_core.environment:checking '/home/ahmedk/dev_ws/install/my_first_py/bin'
[1.445s] Level 1:colcon.colcon_core.environment:create_environment_scripts_only(my_first_py)
[1.446s] INFO:colcon.colcon_core.shell:Creating package script '/home/ahmedk/dev_ws/install/my_first_py/share/my_first_py/package.ps1'
[1.446s] INFO:colcon.colcon_core.shell:Creating package descriptor '/home/ahmedk/dev_ws/install/my_first_py/share/my_first_py/package.dsv'
[1.447s] INFO:colcon.colcon_core.shell:Creating package script '/home/ahmedk/dev_ws/install/my_first_py/share/my_first_py/package.sh'
[1.447s] INFO:colcon.colcon_core.shell:Creating package script '/home/ahmedk/dev_ws/install/my_first_py/share/my_first_py/package.bash'
[1.448s] INFO:colcon.colcon_core.shell:Creating package script '/home/ahmedk/dev_ws/install/my_first_py/share/my_first_py/package.zsh'
[1.448s] Level 1:colcon.colcon_core.environment:create_file_with_runtime_dependencies(/home/ahmedk/dev_ws/install/my_first_py/share/colcon-core/packages/my_first_py)
[1.449s] DEBUG:colcon.colcon_parallel_executor.executor.parallel:closing loop
[1.449s] DEBUG:colcon.colcon_parallel_executor.executor.parallel:loop closed
[1.449s] DEBUG:colcon.colcon_parallel_executor.executor.parallel:run_until_complete finished with '0'
[1.449s] DEBUG:colcon.colcon_core.event_reactor:joining thread
[1.458s] INFO:colcon.colcon_core.plugin_system:Skipping extension 'colcon_notification.desktop_notification.terminal_notifier': Not used on non-Darwin systems
[1.458s] INFO:colcon.colcon_core.plugin_system:Skipping extension 'colcon_notification.desktop_notification.win32': Not used on non-Windows systems
[1.458s] INFO:colcon.colcon_notification.desktop_notification:Sending desktop notification using 'notify2'
[1.469s] DEBUG:colcon.colcon_core.event_reactor:joined thread
[1.471s] INFO:colcon.colcon_core.shell:Creating prefix script '/home/ahmedk/dev_ws/install/local_setup.ps1'
[1.472s] INFO:colcon.colcon_core.shell:Creating prefix util module '/home/ahmedk/dev_ws/install/_local_setup_util_ps1.py'
[1.473s] INFO:colcon.colcon_core.shell:Creating prefix chain script '/home/ahmedk/dev_ws/install/setup.ps1'
[1.474s] INFO:colcon.colcon_core.shell:Creating prefix script '/home/ahmedk/dev_ws/install/local_setup.sh'
[1.474s] INFO:colcon.colcon_core.shell:Creating prefix util module '/home/ahmedk/dev_ws/install/_local_setup_util_sh.py'
[1.475s] INFO:colcon.colcon_core.shell:Creating prefix chain script '/home/ahmedk/dev_ws/install/setup.sh'
[1.476s] INFO:colcon.colcon_core.shell:Creating prefix script '/home/ahmedk/dev_ws/install/local_setup.bash'
[1.476s] INFO:colcon.colcon_core.shell:Creating prefix chain script '/home/ahmedk/dev_ws/install/setup.bash'
[1.478s] INFO:colcon.colcon_core.shell:Creating prefix script '/home/ahmedk/dev_ws/install/local_setup.zsh'
[1.478s] INFO:colcon.colcon_core.shell:Creating prefix chain script '/home/ahmedk/dev_ws/install/setup.zsh'
