running egg_info
writing ../../build/my_first_py/my_first_py.egg-info/PKG-INFO
writing dependency_links to ../../build/my_first_py/my_first_py.egg-info/dependency_links.txt
writing entry points to ../../build/my_first_py/my_first_py.egg-info/entry_points.txt
writing requirements to ../../build/my_first_py/my_first_py.egg-info/requires.txt
writing top-level names to ../../build/my_first_py/my_first_py.egg-info/top_level.txt
reading manifest file '../../build/my_first_py/my_first_py.egg-info/SOURCES.txt'
writing manifest file '../../build/my_first_py/my_first_py.egg-info/SOURCES.txt'
running build
running build_py
running install
running install_lib
running install_data
running install_egg_info
removing '/home/ahmedk/dev_ws/install/my_first_py/lib/python3.10/site-packages/my_first_py-0.0.0-py3.10.egg-info' (and everything under it)
Copying ../../build/my_first_py/my_first_py.egg-info to /home/ahmedk/dev_ws/install/my_first_py/lib/python3.10/site-packages/my_first_py-0.0.0-py3.10.egg-info
running install_scripts
Installing listner script to /home/ahmedk/dev_ws/install/my_first_py/lib/my_first_py
Installing talker script to /home/ahmedk/dev_ws/install/my_first_py/lib/my_first_py
writing list of installed files to '/home/ahmedk/dev_ws/build/my_first_py/install.log'
