[1.253s] Invoking command in '/home/ahmedk/dev_ws/src/my_first_py': PYTHONPATH=/home/ahmedk/dev_ws/build/my_first_py/prefix_override:/home/ahmedk/dev_ws/install/my_first_py/lib/python3.10/site-packages:${PYTHONPATH} /usr/bin/python3 setup.py egg_info --egg-base ../../build/my_first_py build --build-base /home/ahmedk/dev_ws/build/my_first_py/build install --record /home/ahmedk/dev_ws/build/my_first_py/install.log --single-version-externally-managed
[1.669s] running egg_info
[1.669s] writing ../../build/my_first_py/my_first_py.egg-info/PKG-INFO
[1.670s] writing dependency_links to ../../build/my_first_py/my_first_py.egg-info/dependency_links.txt
[1.671s] writing entry points to ../../build/my_first_py/my_first_py.egg-info/entry_points.txt
[1.671s] writing requirements to ../../build/my_first_py/my_first_py.egg-info/requires.txt
[1.672s] writing top-level names to ../../build/my_first_py/my_first_py.egg-info/top_level.txt
[1.674s] reading manifest file '../../build/my_first_py/my_first_py.egg-info/SOURCES.txt'
[1.675s] writing manifest file '../../build/my_first_py/my_first_py.egg-info/SOURCES.txt'
[1.675s] running build
[1.676s] running build_py
[1.676s] running install
[1.676s] running install_lib
[1.678s] running install_data
[1.678s] running install_egg_info
[1.681s] removing '/home/ahmedk/dev_ws/install/my_first_py/lib/python3.10/site-packages/my_first_py-0.0.0-py3.10.egg-info' (and everything under it)
[1.681s] Copying ../../build/my_first_py/my_first_py.egg-info to /home/ahmedk/dev_ws/install/my_first_py/lib/python3.10/site-packages/my_first_py-0.0.0-py3.10.egg-info
[1.682s] running install_scripts
[1.715s] Installing listner script to /home/ahmedk/dev_ws/install/my_first_py/lib/my_first_py
[1.716s] Installing talker script to /home/ahmedk/dev_ws/install/my_first_py/lib/my_first_py
[1.716s] writing list of installed files to '/home/ahmedk/dev_ws/build/my_first_py/install.log'
[1.760s] Invoked command in '/home/ahmedk/dev_ws/src/my_first_py' returned '0': PYTHONPATH=/home/ahmedk/dev_ws/build/my_first_py/prefix_override:/home/ahmedk/dev_ws/install/my_first_py/lib/python3.10/site-packages:${PYTHONPATH} /usr/bin/python3 setup.py egg_info --egg-base ../../build/my_first_py build --build-base /home/ahmedk/dev_ws/build/my_first_py/build install --record /home/ahmedk/dev_ws/build/my_first_py/install.log --single-version-externally-managed
