[0.011s] Invoking command in '/home/ahmedk/dev_ws/build/turtlebot3_gazebo': CMAKE_PREFIX_PATH=${CMAKE_PREFIX_PATH}:/home/ahmedk/dev_ws/install/my_first_py:/opt/ros/humble /usr/bin/cmake /home/ahmedk/dev_ws/src/turtlebot3_simulations/turtlebot3_gazebo -DAMENT_CMAKE_SYMLINK_INSTALL=1 -DCMAKE_INSTALL_PREFIX=/home/ahmedk/dev_ws/install/turtlebot3_gazebo
[0.081s] -- The C compiler identification is GNU 11.4.0
[0.142s] -- The CXX compiler identification is GNU 11.4.0
[0.148s] -- Detecting C compiler ABI info
[0.209s] -- Detecting C compiler ABI info - done
[0.215s] -- Check for working C compiler: /usr/bin/cc - skipped
[0.215s] -- Detecting C compile features
[0.221s] -- Detecting C compile features - done
[0.222s] -- Detecting CXX compiler ABI info
[0.294s] -- Detecting CXX compiler ABI info - done
[0.301s] -- Check for working CXX compiler: /usr/bin/c++ - skipped
[0.301s] -- Detecting CXX compile features
[0.302s] -- Detecting CXX compile features - done
[0.304s] -- Found ament_cmake: 1.3.5 (/opt/ros/humble/share/ament_cmake/cmake)
[0.453s] -- Found Python3: /usr/bin/python3.10 (found version "3.10.12") found components: Interpreter 
[0.508s] -- Override CMake install command with custom implementation using symlinks instead of copying resources
[0.542s] [33mCMake Warning (dev) at /usr/share/cmake-3.22/Modules/FindPackageHandleStandardArgs.cmake:438 (message):
[0.545s] -- Found PkgConfig: /usr/bin/pkg-config (found version "0.29.2") 
[0.545s]   The package name passed to `find_package_handle_standard_args` (PkgConfig)
[0.545s]   does not match the name of the calling package (gazebo).  This can lead to
[0.545s]   problems in calling code that expects `find_package` result variables
[0.545s]   (e.g., `_FOUND`) to follow a certain pattern.
[0.545s] Call Stack (most recent call first):
[0.545s]   /usr/share/cmake-3.22/Modules/FindPkgConfig.cmake:99 (find_package_handle_standard_args)
[0.545s]   /usr/lib/x86_64-linux-gnu/cmake/gazebo/gazebo-config.cmake:72 (include)
[0.545s]   CMakeLists.txt:23 (find_package)
[0.545s] This warning is for project developers.  Use -Wno-dev to suppress it.
[0.545s] [0m
[0.546s] -- Checking for module 'bullet>=2.82'
[0.557s] --   Found bullet, version 3.05
[0.646s] -- Found fcl: /usr/include (found suitable version "0.7.0", minimum required is "0.5.0") 
[0.684s] -- Found assimp: /usr/include (found version "5.2.0") 
[0.709s] -- Found DART: /usr/include (Required is at least version "6.6") found components: dart 
[0.901s] -- Found Boost: /usr/lib/x86_64-linux-gnu/cmake/Boost-1.74.0/BoostConfig.cmake (found suitable version "1.74.0", minimum required is "1.40.0") found components: thread system filesystem program_options regex iostreams date_time 
[0.923s] -- Found Protobuf: /usr/lib/x86_64-linux-gnu/libprotobuf.so (found version "3.12.4") 
[0.929s] -- Looking for ignition-math6 -- found version 6.12.0
[0.938s] -- Searching for dependencies of ignition-math6
[0.942s] -- Looking for OGRE...
[0.942s] -- OGRE_PREFIX_WATCH changed.
[0.947s] -- Checking for module 'OGRE'
[0.968s] --   Found OGRE, version 1.9.0
[0.994s] -- Found Ogre Ghadamon (1.9.0)
[1.002s] -- Found OGRE: optimized;/usr/lib/x86_64-linux-gnu/libOgreMain.so;debug;/usr/lib/x86_64-linux-gnu/libOgreMain.so
[1.011s] -- Looking for OGRE_Paging...
[1.016s] -- Found OGRE_Paging: optimized;/usr/lib/x86_64-linux-gnu/libOgrePaging.so;debug;/usr/lib/x86_64-linux-gnu/libOgrePaging.so
[1.016s] -- Looking for OGRE_Terrain...
[1.022s] -- Found OGRE_Terrain: optimized;/usr/lib/x86_64-linux-gnu/libOgreTerrain.so;debug;/usr/lib/x86_64-linux-gnu/libOgreTerrain.so
[1.022s] -- Looking for OGRE_Property...
[1.028s] -- Found OGRE_Property: optimized;/usr/lib/x86_64-linux-gnu/libOgreProperty.so;debug;/usr/lib/x86_64-linux-gnu/libOgreProperty.so
[1.029s] -- Looking for OGRE_RTShaderSystem...
[1.037s] -- Found OGRE_RTShaderSystem: optimized;/usr/lib/x86_64-linux-gnu/libOgreRTShaderSystem.so;debug;/usr/lib/x86_64-linux-gnu/libOgreRTShaderSystem.so
[1.037s] -- Looking for OGRE_Volume...
[1.043s] -- Found OGRE_Volume: optimized;/usr/lib/x86_64-linux-gnu/libOgreVolume.so;debug;/usr/lib/x86_64-linux-gnu/libOgreVolume.so
[1.043s] -- Looking for OGRE_Overlay...
[1.047s] -- Found OGRE_Overlay: optimized;/usr/lib/x86_64-linux-gnu/libOgreOverlay.so;debug;/usr/lib/x86_64-linux-gnu/libOgreOverlay.so
[1.144s] -- Looking for ignition-math6 -- found version 6.12.0
[1.147s] -- Looking for ignition-transport8 -- found version 8.2.1
[1.148s] -- Searching for dependencies of ignition-transport8
[1.161s] -- Found Protobuf: /usr/lib/x86_64-linux-gnu/libprotobuf.so (found suitable version "3.12.4", minimum required is "3") 
[1.170s] -- Config-file not installed for ZeroMQ -- checking for pkg-config
[1.174s] -- Checking for module 'libzmq >= 4'
[1.185s] --   Found libzmq , version 4.3.4
[1.211s] -- Found ZeroMQ: TRUE (Required is at least version "4") 
[1.216s] -- Checking for module 'uuid'
[1.227s] --   Found uuid, version 2.37.2
[1.257s] -- Found UUID: TRUE  
[1.259s] -- Looking for ignition-msgs5 -- found version 5.8.1
[1.260s] -- Searching for dependencies of ignition-msgs5
[1.275s] -- Looking for ignition-math6 -- found version 6.12.0
[1.279s] -- Checking for module 'tinyxml2'
[1.294s] --   Found tinyxml2, version 9.0.0
[1.321s] -- Looking for ignition-msgs5 -- found version 5.8.1
[1.326s] -- Looking for ignition-common3 -- found version 3.14.0
[1.326s] -- Searching for dependencies of ignition-common3
[1.326s] -- Looking for dlfcn.h - found
[1.327s] -- Looking for libdl - found
[1.328s] -- Found DL: TRUE  
[1.339s] -- Found tinyobjloader: /usr/lib/x86_64-linux-gnu/cmake/tinyobjloader/tinyobjloader-config.cmake (found version "2.0.0") 
[1.340s] -- Searching for <ignition-common3> component [graphics]
[1.342s] -- Looking for ignition-common3-graphics -- found version 3.14.0
[1.342s] -- Searching for dependencies of ignition-common3-graphics
[1.342s] -- Looking for ignition-math6 -- found version 6.12.0
[1.345s] -- Looking for ignition-fuel_tools4 -- found version 4.4.0
[1.346s] -- Searching for dependencies of ignition-fuel_tools4
[1.404s] -- Found CURL: /usr/lib/x86_64-linux-gnu/libcurl.so (found version "7.81.0")  
[1.412s] -- Checking for module 'jsoncpp'
[1.423s] --   Found jsoncpp, version 1.9.5
[1.452s] -- Found JSONCPP: TRUE  
[1.457s] -- Checking for module 'libzip'
[1.467s] --   Found libzip, version 1.7.3
[1.497s] -- Found ZIP: TRUE  
[1.497s] -- Looking for ignition-common3 -- found version 3.14.0
[1.498s] -- Looking for ignition-math6 -- found version 6.12.0
[1.498s] -- Looking for ignition-msgs5 -- found version 5.8.1
[1.505s] -- Found gazebo_ros_pkgs: 3.7.0 (/opt/ros/humble/share/gazebo_ros_pkgs/cmake)
[1.505s] -- Found geometry_msgs: 4.2.3 (/opt/ros/humble/share/geometry_msgs/cmake)
[1.533s] -- Found rosidl_generator_c: 3.1.5 (/opt/ros/humble/share/rosidl_generator_c/cmake)
[1.538s] -- Found rosidl_adapter: 3.1.5 (/opt/ros/humble/share/rosidl_adapter/cmake)
[1.547s] -- Found rosidl_generator_cpp: 3.1.5 (/opt/ros/humble/share/rosidl_generator_cpp/cmake)
[1.559s] -- Using all available rosidl_typesupport_c: rosidl_typesupport_fastrtps_c;rosidl_typesupport_introspection_c
[1.577s] -- Using all available rosidl_typesupport_cpp: rosidl_typesupport_fastrtps_cpp;rosidl_typesupport_introspection_cpp
[1.690s] -- Found nav_msgs: 4.2.3 (/opt/ros/humble/share/nav_msgs/cmake)
[1.773s] -- Found rclcpp: 16.0.5 (/opt/ros/humble/share/rclcpp/cmake)
[1.852s] -- Found rmw_implementation_cmake: 6.1.1 (/opt/ros/humble/share/rmw_implementation_cmake/cmake)
[1.853s] -- Found rmw_fastrtps_cpp: 6.2.3 (/opt/ros/humble/share/rmw_fastrtps_cpp/cmake)
[1.944s] -- Found OpenSSL: /usr/lib/x86_64-linux-gnu/libcrypto.so (found version "3.0.2")  
[1.966s] -- Found FastRTPS: /opt/ros/humble/include  
[2.012s] -- Using RMW implementation 'rmw_fastrtps_cpp' as default
[2.024s] -- Found Threads: TRUE  
[2.153s] -- Found sensor_msgs: 4.2.3 (/opt/ros/humble/share/sensor_msgs/cmake)
[2.242s] -- Found tf2: 0.25.3 (/opt/ros/humble/share/tf2/cmake)
[2.325s] -- Configuring done
[2.363s] -- Generating done
[2.366s] -- Build files have been written to: /home/ahmedk/dev_ws/build/turtlebot3_gazebo
[2.379s] Invoked command in '/home/ahmedk/dev_ws/build/turtlebot3_gazebo' returned '0': CMAKE_PREFIX_PATH=${CMAKE_PREFIX_PATH}:/home/ahmedk/dev_ws/install/my_first_py:/opt/ros/humble /usr/bin/cmake /home/ahmedk/dev_ws/src/turtlebot3_simulations/turtlebot3_gazebo -DAMENT_CMAKE_SYMLINK_INSTALL=1 -DCMAKE_INSTALL_PREFIX=/home/ahmedk/dev_ws/install/turtlebot3_gazebo
[2.380s] Invoking command in '/home/ahmedk/dev_ws/build/turtlebot3_gazebo': CMAKE_PREFIX_PATH=${CMAKE_PREFIX_PATH}:/home/ahmedk/dev_ws/install/my_first_py:/opt/ros/humble /usr/bin/cmake --build /home/ahmedk/dev_ws/build/turtlebot3_gazebo -- -j2 -l2
[2.438s] [ 12%] [32mBuilding CXX object CMakeFiles/turtlebot3_drive.dir/src/turtlebot3_drive.cpp.o[0m
[2.486s] [ 25%] [32mBuilding CXX object CMakeFiles/obstacle1.dir/models/turtlebot3_dqn_world/obstacle_plugin/obstacle1.cc.o[0m
[29.661s] [ 37%] [32m[1mLinking CXX shared library libobstacle1.so[0m
[30.221s] [ 37%] Built target obstacle1
[30.327s] [ 50%] [32mBuilding CXX object CMakeFiles/obstacle2.dir/models/turtlebot3_dqn_world/obstacle_plugin/obstacle2.cc.o[0m
[30.537s] [ 62%] [32m[1mLinking CXX executable turtlebot3_drive[0m
[31.432s] [ 62%] Built target turtlebot3_drive
[31.509s] [ 75%] [32mBuilding CXX object CMakeFiles/obstacles.dir/models/turtlebot3_dqn_world/obstacle_plugin/obstacles.cc.o[0m
[46.233s] [ 87%] [32m[1mLinking CXX shared library libobstacle2.so[0m
[46.572s] [ 87%] Built target obstacle2
[46.728s] [100%] [32m[1mLinking CXX shared library libobstacles.so[0m
[46.949s] [100%] Built target obstacles
