[0.177s] Invoking command in '/home/ahmedk/dev_ws/build/my_own_srv': CMAKE_PREFIX_PATH=${CMAKE_PREFIX_PATH}:/home/ahmedk/dev_ws/install/add_two_int_srv:/home/ahmedk/dev_ws/install/my_first_py:/opt/ros/humble /usr/bin/cmake --build /home/ahmedk/dev_ws/build/my_own_srv -- -j2 -l2
[0.275s] [  3%] Built target my_own_srv__cpp
[0.295s] [ 12%] Built target my_own_srv__rosidl_generator_c
[0.347s] [ 12%] Built target ament_cmake_python_symlink_my_own_srv
[0.362s] [ 22%] Built target my_own_srv__rosidl_typesupport_cpp
[0.407s] [ 32%] Built target my_own_srv__rosidl_typesupport_fastrtps_c
[0.432s] [ 41%] Built target my_own_srv__rosidl_typesupport_fastrtps_cpp
[0.468s] [ 51%] Built target my_own_srv__rosidl_typesupport_c
[0.488s] [ 61%] Built target my_own_srv__rosidl_typesupport_introspection_c
[0.499s] [ 70%] Built target my_own_srv__rosidl_typesupport_introspection_cpp
[0.546s] [ 70%] Built target my_own_srv
[0.593s] [ 74%] Built target my_own_srv__py
[0.627s] [ 80%] Built target my_own_srv__rosidl_generator_py
[0.670s] [ 87%] Built target my_own_srv__rosidl_typesupport_fastrtps_c__pyext
[0.703s] [ 93%] Built target my_own_srv__rosidl_typesupport_introspection_c__pyext
[0.743s] [100%] Built target my_own_srv__rosidl_typesupport_c__pyext
[1.012s] running egg_info
[1.012s] writing my_own_srv.egg-info/PKG-INFO
[1.013s] writing dependency_links to my_own_srv.egg-info/dependency_links.txt
[1.015s] writing top-level names to my_own_srv.egg-info/top_level.txt
[1.018s] reading manifest file 'my_own_srv.egg-info/SOURCES.txt'
[1.019s] writing manifest file 'my_own_srv.egg-info/SOURCES.txt'
[1.064s] [100%] Built target ament_cmake_python_build_my_own_srv_egg
[1.086s] Invoked command in '/home/ahmedk/dev_ws/build/my_own_srv' returned '0': CMAKE_PREFIX_PATH=${CMAKE_PREFIX_PATH}:/home/ahmedk/dev_ws/install/add_two_int_srv:/home/ahmedk/dev_ws/install/my_first_py:/opt/ros/humble /usr/bin/cmake --build /home/ahmedk/dev_ws/build/my_own_srv -- -j2 -l2
[1.239s] Invoking command in '/home/ahmedk/dev_ws/build/my_own_srv': CMAKE_PREFIX_PATH=${CMAKE_PREFIX_PATH}:/home/ahmedk/dev_ws/install/add_two_int_srv:/home/ahmedk/dev_ws/install/my_first_py:/opt/ros/humble /usr/bin/cmake --install /home/ahmedk/dev_ws/build/my_own_srv
[1.256s] -- Install configuration: ""
[1.257s] -- Execute custom install script
[1.257s] -- Up-to-date symlink: /home/ahmedk/dev_ws/install/my_own_srv/share/ament_index/resource_index/rosidl_interfaces/my_own_srv
[1.258s] -- Up-to-date symlink: /home/ahmedk/dev_ws/install/my_own_srv/include/my_own_srv/my_own_srv/msg/rosidl_generator_c__visibility_control.h
[1.258s] -- Up-to-date symlink: /home/ahmedk/dev_ws/install/my_own_srv/include/my_own_srv/my_own_srv/srv/add_two_ints.h
[1.258s] -- Up-to-date symlink: /home/ahmedk/dev_ws/install/my_own_srv/include/my_own_srv/my_own_srv/srv/detail/add_two_ints__functions.h
[1.259s] -- Up-to-date symlink: /home/ahmedk/dev_ws/install/my_own_srv/include/my_own_srv/my_own_srv/srv/detail/add_two_ints__struct.h
[1.259s] -- Up-to-date symlink: /home/ahmedk/dev_ws/install/my_own_srv/include/my_own_srv/my_own_srv/srv/detail/add_two_ints__type_support.h
[1.259s] -- Up-to-date symlink: /home/ahmedk/dev_ws/install/my_own_srv/share/my_own_srv/environment/library_path.sh
[1.260s] -- Up-to-date symlink: /home/ahmedk/dev_ws/install/my_own_srv/share/my_own_srv/environment/library_path.dsv
[1.260s] -- Up-to-date symlink: /home/ahmedk/dev_ws/install/my_own_srv/include/my_own_srv/my_own_srv/msg/rosidl_typesupport_fastrtps_c__visibility_control.h
[1.260s] -- Up-to-date symlink: /home/ahmedk/dev_ws/install/my_own_srv/include/my_own_srv/my_own_srv/srv/detail/add_two_ints__rosidl_typesupport_fastrtps_c.h
[1.261s] -- Up-to-date symlink: /home/ahmedk/dev_ws/install/my_own_srv/include/my_own_srv/my_own_srv/srv/add_two_ints.hpp
[1.261s] -- Up-to-date symlink: /home/ahmedk/dev_ws/install/my_own_srv/include/my_own_srv/my_own_srv/srv/detail/add_two_ints__builder.hpp
[1.261s] -- Up-to-date symlink: /home/ahmedk/dev_ws/install/my_own_srv/include/my_own_srv/my_own_srv/srv/detail/add_two_ints__struct.hpp
[1.261s] -- Up-to-date symlink: /home/ahmedk/dev_ws/install/my_own_srv/include/my_own_srv/my_own_srv/srv/detail/add_two_ints__traits.hpp
[1.263s] -- Up-to-date symlink: /home/ahmedk/dev_ws/install/my_own_srv/include/my_own_srv/my_own_srv/msg/rosidl_typesupport_fastrtps_cpp__visibility_control.h
[1.263s] -- Up-to-date symlink: /home/ahmedk/dev_ws/install/my_own_srv/include/my_own_srv/my_own_srv/srv/detail/add_two_ints__rosidl_typesupport_fastrtps_cpp.hpp
[1.263s] -- Up-to-date symlink: /home/ahmedk/dev_ws/install/my_own_srv/include/my_own_srv/my_own_srv/msg/rosidl_typesupport_introspection_c__visibility_control.h
[1.263s] -- Up-to-date symlink: /home/ahmedk/dev_ws/install/my_own_srv/include/my_own_srv/my_own_srv/srv/detail/add_two_ints__rosidl_typesupport_introspection_c.h
[1.264s] -- Up-to-date symlink: /home/ahmedk/dev_ws/install/my_own_srv/include/my_own_srv/my_own_srv/srv/detail/add_two_ints__rosidl_typesupport_introspection_cpp.hpp
[1.264s] -- Up-to-date symlink: /home/ahmedk/dev_ws/install/my_own_srv/share/my_own_srv/environment/pythonpath.sh
[1.265s] -- Up-to-date symlink: /home/ahmedk/dev_ws/install/my_own_srv/share/my_own_srv/environment/pythonpath.dsv
[1.266s] -- Up-to-date symlink: /home/ahmedk/dev_ws/install/my_own_srv/local/lib/python3.10/dist-packages/my_own_srv-0.0.0-py3.10.egg-info/PKG-INFO
[1.266s] -- Up-to-date symlink: /home/ahmedk/dev_ws/install/my_own_srv/local/lib/python3.10/dist-packages/my_own_srv-0.0.0-py3.10.egg-info/SOURCES.txt
[1.266s] -- Up-to-date symlink: /home/ahmedk/dev_ws/install/my_own_srv/local/lib/python3.10/dist-packages/my_own_srv-0.0.0-py3.10.egg-info/dependency_links.txt
[1.266s] -- Up-to-date symlink: /home/ahmedk/dev_ws/install/my_own_srv/local/lib/python3.10/dist-packages/my_own_srv-0.0.0-py3.10.egg-info/top_level.txt
[1.267s] -- Up-to-date symlink: /home/ahmedk/dev_ws/install/my_own_srv/local/lib/python3.10/dist-packages/my_own_srv/__init__.py
[1.267s] -- Up-to-date symlink: /home/ahmedk/dev_ws/install/my_own_srv/local/lib/python3.10/dist-packages/my_own_srv/_my_own_srv_s.ep.rosidl_typesupport_c.c
[1.267s] -- Up-to-date symlink: /home/ahmedk/dev_ws/install/my_own_srv/local/lib/python3.10/dist-packages/my_own_srv/_my_own_srv_s.ep.rosidl_typesupport_fastrtps_c.c
[1.267s] -- Up-to-date symlink: /home/ahmedk/dev_ws/install/my_own_srv/local/lib/python3.10/dist-packages/my_own_srv/_my_own_srv_s.ep.rosidl_typesupport_introspection_c.c
[1.267s] -- Up-to-date symlink: /home/ahmedk/dev_ws/install/my_own_srv/local/lib/python3.10/dist-packages/my_own_srv/libmy_own_srv__rosidl_generator_py.so
[1.268s] -- Up-to-date symlink: /home/ahmedk/dev_ws/install/my_own_srv/local/lib/python3.10/dist-packages/my_own_srv/my_own_srv_s__rosidl_typesupport_c.cpython-310-x86_64-linux-gnu.so
[1.268s] -- Up-to-date symlink: /home/ahmedk/dev_ws/install/my_own_srv/local/lib/python3.10/dist-packages/my_own_srv/my_own_srv_s__rosidl_typesupport_fastrtps_c.cpython-310-x86_64-linux-gnu.so
[1.268s] -- Up-to-date symlink: /home/ahmedk/dev_ws/install/my_own_srv/local/lib/python3.10/dist-packages/my_own_srv/my_own_srv_s__rosidl_typesupport_introspection_c.cpython-310-x86_64-linux-gnu.so
[1.268s] -- Up-to-date symlink: /home/ahmedk/dev_ws/install/my_own_srv/local/lib/python3.10/dist-packages/my_own_srv/srv/__init__.py
[1.268s] -- Up-to-date symlink: /home/ahmedk/dev_ws/install/my_own_srv/local/lib/python3.10/dist-packages/my_own_srv/srv/_add_two_ints.py
[1.269s] -- Up-to-date symlink: /home/ahmedk/dev_ws/install/my_own_srv/local/lib/python3.10/dist-packages/my_own_srv/srv/_add_two_ints_s.c
[1.269s] -- Up-to-date symlink: /home/ahmedk/dev_ws/install/my_own_srv/local/lib/python3.10/dist-packages/my_own_srv/my_own_srv_s__rosidl_typesupport_fastrtps_c.cpython-310-x86_64-linux-gnu.so
[1.269s] -- Up-to-date symlink: /home/ahmedk/dev_ws/install/my_own_srv/local/lib/python3.10/dist-packages/my_own_srv/my_own_srv_s__rosidl_typesupport_introspection_c.cpython-310-x86_64-linux-gnu.so
[1.270s] -- Up-to-date symlink: /home/ahmedk/dev_ws/install/my_own_srv/local/lib/python3.10/dist-packages/my_own_srv/my_own_srv_s__rosidl_typesupport_c.cpython-310-x86_64-linux-gnu.so
[1.270s] -- Up-to-date symlink: /home/ahmedk/dev_ws/install/my_own_srv/share/my_own_srv/srv/AddTwoInts.idl
[1.270s] -- Up-to-date symlink: /home/ahmedk/dev_ws/install/my_own_srv/share/my_own_srv/srv/AddTwoInts.srv
[1.271s] -- Up-to-date symlink: /home/ahmedk/dev_ws/install/my_own_srv/share/my_own_srv/srv/AddTwoInts_Request.msg
[1.271s] -- Up-to-date symlink: /home/ahmedk/dev_ws/install/my_own_srv/share/my_own_srv/srv/AddTwoInts_Response.msg
[1.271s] -- Up-to-date symlink: /home/ahmedk/dev_ws/install/my_own_srv/share/ament_index/resource_index/package_run_dependencies/my_own_srv
[1.271s] -- Up-to-date symlink: /home/ahmedk/dev_ws/install/my_own_srv/share/ament_index/resource_index/parent_prefix_path/my_own_srv
[1.271s] -- Up-to-date symlink: /home/ahmedk/dev_ws/install/my_own_srv/share/my_own_srv/environment/ament_prefix_path.sh
[1.271s] -- Up-to-date symlink: /home/ahmedk/dev_ws/install/my_own_srv/share/my_own_srv/environment/ament_prefix_path.dsv
[1.272s] -- Up-to-date symlink: /home/ahmedk/dev_ws/install/my_own_srv/share/my_own_srv/environment/path.sh
[1.272s] -- Up-to-date symlink: /home/ahmedk/dev_ws/install/my_own_srv/share/my_own_srv/environment/path.dsv
[1.272s] -- Up-to-date symlink: /home/ahmedk/dev_ws/install/my_own_srv/share/my_own_srv/local_setup.bash
[1.272s] -- Up-to-date symlink: /home/ahmedk/dev_ws/install/my_own_srv/share/my_own_srv/local_setup.sh
[1.272s] -- Up-to-date symlink: /home/ahmedk/dev_ws/install/my_own_srv/share/my_own_srv/local_setup.zsh
[1.273s] -- Up-to-date symlink: /home/ahmedk/dev_ws/install/my_own_srv/share/my_own_srv/local_setup.dsv
[1.273s] -- Symlinking: /home/ahmedk/dev_ws/install/my_own_srv/share/my_own_srv/package.dsv
[1.289s] -- Up-to-date symlink: /home/ahmedk/dev_ws/install/my_own_srv/share/ament_index/resource_index/packages/my_own_srv
[1.289s] -- Up-to-date symlink: /home/ahmedk/dev_ws/install/my_own_srv/share/my_own_srv/cmake/rosidl_cmake-extras.cmake
[1.289s] -- Up-to-date symlink: /home/ahmedk/dev_ws/install/my_own_srv/share/my_own_srv/cmake/ament_cmake_export_dependencies-extras.cmake
[1.289s] -- Up-to-date symlink: /home/ahmedk/dev_ws/install/my_own_srv/share/my_own_srv/cmake/ament_cmake_export_include_directories-extras.cmake
[1.289s] -- Up-to-date symlink: /home/ahmedk/dev_ws/install/my_own_srv/share/my_own_srv/cmake/ament_cmake_export_libraries-extras.cmake
[1.289s] -- Up-to-date symlink: /home/ahmedk/dev_ws/install/my_own_srv/share/my_own_srv/cmake/ament_cmake_export_targets-extras.cmake
[1.290s] -- Up-to-date symlink: /home/ahmedk/dev_ws/install/my_own_srv/share/my_own_srv/cmake/rosidl_cmake_export_typesupport_targets-extras.cmake
[1.290s] -- Up-to-date symlink: /home/ahmedk/dev_ws/install/my_own_srv/share/my_own_srv/cmake/rosidl_cmake_export_typesupport_libraries-extras.cmake
[1.291s] -- Up-to-date symlink: /home/ahmedk/dev_ws/install/my_own_srv/share/my_own_srv/cmake/my_own_srvConfig.cmake
[1.291s] -- Up-to-date symlink: /home/ahmedk/dev_ws/install/my_own_srv/share/my_own_srv/cmake/my_own_srvConfig-version.cmake
[1.291s] -- Up-to-date symlink: /home/ahmedk/dev_ws/install/my_own_srv/share/my_own_srv/package.xml
[1.291s] -- Up-to-date: /home/ahmedk/dev_ws/install/my_own_srv/lib/libmy_own_srv__rosidl_generator_c.so
[1.292s] -- Up-to-date: /home/ahmedk/dev_ws/install/my_own_srv/lib/libmy_own_srv__rosidl_typesupport_fastrtps_c.so
[1.292s] -- Up-to-date: /home/ahmedk/dev_ws/install/my_own_srv/lib/libmy_own_srv__rosidl_typesupport_fastrtps_cpp.so
[1.292s] -- Up-to-date: /home/ahmedk/dev_ws/install/my_own_srv/lib/libmy_own_srv__rosidl_typesupport_introspection_c.so
[1.292s] -- Up-to-date: /home/ahmedk/dev_ws/install/my_own_srv/lib/libmy_own_srv__rosidl_typesupport_c.so
[1.293s] -- Up-to-date: /home/ahmedk/dev_ws/install/my_own_srv/lib/libmy_own_srv__rosidl_typesupport_introspection_cpp.so
[1.293s] -- Up-to-date: /home/ahmedk/dev_ws/install/my_own_srv/lib/libmy_own_srv__rosidl_typesupport_cpp.so
[1.368s] Listing '/home/ahmedk/dev_ws/install/my_own_srv/local/lib/python3.10/dist-packages/my_own_srv'...
[1.368s] Listing '/home/ahmedk/dev_ws/install/my_own_srv/local/lib/python3.10/dist-packages/my_own_srv/srv'...
[1.373s] -- Up-to-date: /home/ahmedk/dev_ws/install/my_own_srv/lib/libmy_own_srv__rosidl_generator_py.so
[1.373s] -- Up-to-date: /home/ahmedk/dev_ws/install/my_own_srv/share/my_own_srv/cmake/export_my_own_srv__rosidl_generator_cExport.cmake
[1.373s] -- Up-to-date: /home/ahmedk/dev_ws/install/my_own_srv/share/my_own_srv/cmake/export_my_own_srv__rosidl_generator_cExport-noconfig.cmake
[1.374s] -- Up-to-date: /home/ahmedk/dev_ws/install/my_own_srv/share/my_own_srv/cmake/export_my_own_srv__rosidl_typesupport_fastrtps_cExport.cmake
[1.374s] -- Up-to-date: /home/ahmedk/dev_ws/install/my_own_srv/share/my_own_srv/cmake/export_my_own_srv__rosidl_typesupport_fastrtps_cExport-noconfig.cmake
[1.374s] -- Up-to-date: /home/ahmedk/dev_ws/install/my_own_srv/share/my_own_srv/cmake/export_my_own_srv__rosidl_generator_cppExport.cmake
[1.374s] -- Up-to-date: /home/ahmedk/dev_ws/install/my_own_srv/share/my_own_srv/cmake/export_my_own_srv__rosidl_typesupport_fastrtps_cppExport.cmake
[1.374s] -- Up-to-date: /home/ahmedk/dev_ws/install/my_own_srv/share/my_own_srv/cmake/export_my_own_srv__rosidl_typesupport_fastrtps_cppExport-noconfig.cmake
[1.375s] -- Up-to-date: /home/ahmedk/dev_ws/install/my_own_srv/share/my_own_srv/cmake/my_own_srv__rosidl_typesupport_introspection_cExport.cmake
[1.375s] -- Up-to-date: /home/ahmedk/dev_ws/install/my_own_srv/share/my_own_srv/cmake/my_own_srv__rosidl_typesupport_introspection_cExport-noconfig.cmake
[1.375s] -- Up-to-date: /home/ahmedk/dev_ws/install/my_own_srv/share/my_own_srv/cmake/my_own_srv__rosidl_typesupport_cExport.cmake
[1.375s] -- Up-to-date: /home/ahmedk/dev_ws/install/my_own_srv/share/my_own_srv/cmake/my_own_srv__rosidl_typesupport_cExport-noconfig.cmake
[1.375s] -- Up-to-date: /home/ahmedk/dev_ws/install/my_own_srv/share/my_own_srv/cmake/my_own_srv__rosidl_typesupport_introspection_cppExport.cmake
[1.375s] -- Up-to-date: /home/ahmedk/dev_ws/install/my_own_srv/share/my_own_srv/cmake/my_own_srv__rosidl_typesupport_introspection_cppExport-noconfig.cmake
[1.375s] -- Up-to-date: /home/ahmedk/dev_ws/install/my_own_srv/share/my_own_srv/cmake/my_own_srv__rosidl_typesupport_cppExport.cmake
[1.375s] -- Up-to-date: /home/ahmedk/dev_ws/install/my_own_srv/share/my_own_srv/cmake/my_own_srv__rosidl_typesupport_cppExport-noconfig.cmake
[1.376s] -- Up-to-date: /home/ahmedk/dev_ws/install/my_own_srv/share/my_own_srv/cmake/export_my_own_srv__rosidl_generator_pyExport.cmake
[1.376s] -- Up-to-date: /home/ahmedk/dev_ws/install/my_own_srv/share/my_own_srv/cmake/export_my_own_srv__rosidl_generator_pyExport-noconfig.cmake
[1.439s] Invoked command in '/home/ahmedk/dev_ws/build/my_own_srv' returned '0': CMAKE_PREFIX_PATH=${CMAKE_PREFIX_PATH}:/home/ahmedk/dev_ws/install/add_two_int_srv:/home/ahmedk/dev_ws/install/my_first_py:/opt/ros/humble /usr/bin/cmake --install /home/ahmedk/dev_ws/build/my_own_srv
