[0.115s] Invoking command in '/home/ahmedk/dev_ws/build/my_package': CMAKE_PREFIX_PATH=${CMAKE_PREFIX_PATH}:/home/ahmedk/dev_ws/install/add_two_int_srv:/home/ahmedk/dev_ws/install/my_first_py:/opt/ros/humble /usr/bin/cmake --build /home/ahmedk/dev_ws/build/my_package -- -j2 -l2
[0.174s] Invoked command in '/home/ahmedk/dev_ws/build/my_package' returned '0': CMAKE_PREFIX_PATH=${CMAKE_PREFIX_PATH}:/home/ahmedk/dev_ws/install/add_two_int_srv:/home/ahmedk/dev_ws/install/my_first_py:/opt/ros/humble /usr/bin/cmake --build /home/ahmedk/dev_ws/build/my_package -- -j2 -l2
[0.215s] Invoking command in '/home/ahmedk/dev_ws/build/my_package': CMAKE_PREFIX_PATH=${CMAKE_PREFIX_PATH}:/home/ahmedk/dev_ws/install/add_two_int_srv:/home/ahmedk/dev_ws/install/my_first_py:/opt/ros/humble /usr/bin/cmake --install /home/ahmedk/dev_ws/build/my_package
[0.232s] -- Install configuration: ""
[0.233s] -- Execute custom install script
[0.234s] -- Up-to-date symlink: /home/ahmedk/dev_ws/install/my_package/share/my_package/launch/talker.launch.py
[0.234s] -- Up-to-date symlink: /home/ahmedk/dev_ws/install/my_package/share/ament_index/resource_index/package_run_dependencies/my_package
[0.235s] -- Up-to-date symlink: /home/ahmedk/dev_ws/install/my_package/share/ament_index/resource_index/parent_prefix_path/my_package
[0.235s] -- Up-to-date symlink: /home/ahmedk/dev_ws/install/my_package/share/my_package/environment/ament_prefix_path.sh
[0.236s] -- Up-to-date symlink: /home/ahmedk/dev_ws/install/my_package/share/my_package/environment/ament_prefix_path.dsv
[0.236s] -- Up-to-date symlink: /home/ahmedk/dev_ws/install/my_package/share/my_package/environment/path.sh
[0.236s] -- Up-to-date symlink: /home/ahmedk/dev_ws/install/my_package/share/my_package/environment/path.dsv
[0.237s] -- Up-to-date symlink: /home/ahmedk/dev_ws/install/my_package/share/my_package/local_setup.bash
[0.237s] -- Up-to-date symlink: /home/ahmedk/dev_ws/install/my_package/share/my_package/local_setup.sh
[0.239s] -- Up-to-date symlink: /home/ahmedk/dev_ws/install/my_package/share/my_package/local_setup.zsh
[0.239s] -- Up-to-date symlink: /home/ahmedk/dev_ws/install/my_package/share/my_package/local_setup.dsv
[0.240s] -- Symlinking: /home/ahmedk/dev_ws/install/my_package/share/my_package/package.dsv
[0.260s] -- Up-to-date symlink: /home/ahmedk/dev_ws/install/my_package/share/ament_index/resource_index/packages/my_package
[0.261s] -- Up-to-date symlink: /home/ahmedk/dev_ws/install/my_package/share/my_package/cmake/my_packageConfig.cmake
[0.261s] -- Up-to-date symlink: /home/ahmedk/dev_ws/install/my_package/share/my_package/cmake/my_packageConfig-version.cmake
[0.263s] -- Up-to-date symlink: /home/ahmedk/dev_ws/install/my_package/share/my_package/package.xml
[0.267s] Invoked command in '/home/ahmedk/dev_ws/build/my_package' returned '0': CMAKE_PREFIX_PATH=${CMAKE_PREFIX_PATH}:/home/ahmedk/dev_ws/install/add_two_int_srv:/home/ahmedk/dev_ws/install/my_first_py:/opt/ros/humble /usr/bin/cmake --install /home/ahmedk/dev_ws/build/my_package
