[2.032s] Invoking command in '/home/ahmedk/dev_ws/build/my_first_py': PYTHONPATH=/home/ahmedk/dev_ws/build/my_first_py/prefix_override:/home/ahmedk/dev_ws/install/my_first_py/lib/python3.10/site-packages:${PYTHONPATH} /usr/bin/python3 setup.py develop --editable --build-directory /home/ahmedk/dev_ws/build/my_first_py/build --no-deps install_data
[2.664s] running develop
[2.965s] running egg_info
[2.965s] creating my_first_py.egg-info
[2.966s] writing my_first_py.egg-info/PKG-INFO
[2.966s] writing dependency_links to my_first_py.egg-info/dependency_links.txt
[2.966s] writing entry points to my_first_py.egg-info/entry_points.txt
[2.966s] writing requirements to my_first_py.egg-info/requires.txt
[2.966s] writing top-level names to my_first_py.egg-info/top_level.txt
[2.967s] writing manifest file 'my_first_py.egg-info/SOURCES.txt'
[2.968s] reading manifest file 'my_first_py.egg-info/SOURCES.txt'
[2.969s] writing manifest file 'my_first_py.egg-info/SOURCES.txt'
[2.970s] running build_ext
[2.970s] Creating /home/ahmedk/dev_ws/install/my_first_py/lib/python3.10/site-packages/my-first-py.egg-link (link to .)
[2.971s] Installing listner script to /home/ahmedk/dev_ws/install/my_first_py/lib/my_first_py
[2.971s] Installing talker script to /home/ahmedk/dev_ws/install/my_first_py/lib/my_first_py
[2.972s] 
[2.972s] Installed /home/ahmedk/dev_ws/build/my_first_py
[2.972s] running install_data
[2.972s] creating /home/ahmedk/dev_ws/install/my_first_py/share/ament_index
[2.972s] creating /home/ahmedk/dev_ws/install/my_first_py/share/ament_index/resource_index
[2.973s] creating /home/ahmedk/dev_ws/install/my_first_py/share/ament_index/resource_index/packages
[2.973s] copying resource/my_first_py -> /home/ahmedk/dev_ws/install/my_first_py/share/ament_index/resource_index/packages
[2.973s] copying package.xml -> /home/ahmedk/dev_ws/install/my_first_py/share/my_first_py
[3.020s] Invoked command in '/home/ahmedk/dev_ws/build/my_first_py' returned '0': PYTHONPATH=/home/ahmedk/dev_ws/build/my_first_py/prefix_override:/home/ahmedk/dev_ws/install/my_first_py/lib/python3.10/site-packages:${PYTHONPATH} /usr/bin/python3 setup.py develop --editable --build-directory /home/ahmedk/dev_ws/build/my_first_py/build --no-deps install_data
