running develop
Removing /home/ahmedk/dev_ws/install/my_first_py/lib/python3.10/site-packages/my-first-py.egg-link (link to .)
running egg_info
writing ../../build/my_first_py/my_first_py.egg-info/PKG-INFO
writing dependency_links to ../../build/my_first_py/my_first_py.egg-info/dependency_links.txt
writing entry points to ../../build/my_first_py/my_first_py.egg-info/entry_points.txt
writing requirements to ../../build/my_first_py/my_first_py.egg-info/requires.txt
writing top-level names to ../../build/my_first_py/my_first_py.egg-info/top_level.txt
reading manifest file '../../build/my_first_py/my_first_py.egg-info/SOURCES.txt'
writing manifest file '../../build/my_first_py/my_first_py.egg-info/SOURCES.txt'
running build
running build_py
creating /home/ahmedk/dev_ws/build/my_first_py/build
creating /home/ahmedk/dev_ws/build/my_first_py/build/lib
creating /home/ahmedk/dev_ws/build/my_first_py/build/lib/my_first_py
copying my_first_py/subscriber.py -> /home/ahmedk/dev_ws/build/my_first_py/build/lib/my_first_py
copying my_first_py/__init__.py -> /home/ahmedk/dev_ws/build/my_first_py/build/lib/my_first_py
copying my_first_py/publisher.py -> /home/ahmedk/dev_ws/build/my_first_py/build/lib/my_first_py
running install
running install_lib
creating /home/ahmedk/dev_ws/install/my_first_py/lib/python3.10/site-packages/my_first_py
copying /home/ahmedk/dev_ws/build/my_first_py/build/lib/my_first_py/subscriber.py -> /home/ahmedk/dev_ws/install/my_first_py/lib/python3.10/site-packages/my_first_py
copying /home/ahmedk/dev_ws/build/my_first_py/build/lib/my_first_py/__init__.py -> /home/ahmedk/dev_ws/install/my_first_py/lib/python3.10/site-packages/my_first_py
copying /home/ahmedk/dev_ws/build/my_first_py/build/lib/my_first_py/publisher.py -> /home/ahmedk/dev_ws/install/my_first_py/lib/python3.10/site-packages/my_first_py
byte-compiling /home/ahmedk/dev_ws/install/my_first_py/lib/python3.10/site-packages/my_first_py/subscriber.py to subscriber.cpython-310.pyc
byte-compiling /home/ahmedk/dev_ws/install/my_first_py/lib/python3.10/site-packages/my_first_py/__init__.py to __init__.cpython-310.pyc
byte-compiling /home/ahmedk/dev_ws/install/my_first_py/lib/python3.10/site-packages/my_first_py/publisher.py to publisher.cpython-310.pyc
running install_data
running install_egg_info
Copying ../../build/my_first_py/my_first_py.egg-info to /home/ahmedk/dev_ws/install/my_first_py/lib/python3.10/site-packages/my_first_py-0.0.0-py3.10.egg-info
running install_scripts
Installing listner script to /home/ahmedk/dev_ws/install/my_first_py/lib/my_first_py
Installing talker script to /home/ahmedk/dev_ws/install/my_first_py/lib/my_first_py
writing list of installed files to '/home/ahmedk/dev_ws/build/my_first_py/install.log'
