[0.201s] Invoking command in '/home/ahmedk/dev_ws/build/hector_map_tools': /usr/bin/cmake /home/ahmedk/dev_ws/src/hector_slam/hector_map_tools -DCATKIN_INSTALL_INTO_PREFIX_ROOT=0 -DCMAKE_INSTALL_PREFIX=/home/ahmedk/dev_ws/install/hector_map_tools
[0.531s] -- The C compiler identification is GNU 11.4.0
[0.759s] -- The CXX compiler identification is GNU 11.4.0
[0.793s] -- Detecting C compiler ABI info
[0.935s] -- Detecting C compiler ABI info - done
[0.946s] -- Check for working C compiler: /usr/bin/cc - skipped
[0.948s] -- Detecting C compile features
[0.950s] -- Detecting C compile features - done
[0.958s] -- Detecting CXX compiler ABI info
[1.084s] -- Detecting CXX compiler ABI info - done
[1.096s] -- Check for working CXX compiler: /usr/bin/c++ - skipped
[1.096s] -- Detecting CXX compile features
[1.097s] -- Detecting CXX compile features - done
[1.129s] [31mCMake Error at CMakeLists.txt:4 (find_package):
[1.129s]   By not providing "Findcatkin.cmake" in CMAKE_MODULE_PATH this project has
[1.129s]   asked CMake to find a package configuration file provided by "catkin", but
[1.129s]   CMake did not find one.
[1.129s] 
[1.130s]   Could not find a package configuration file provided by "catkin" with any
[1.130s]   of the following names:
[1.130s] 
[1.130s]     catkinConfig.cmake
[1.130s]     catkin-config.cmake
[1.130s] 
[1.131s]   Add the installation prefix of "catkin" to CMAKE_PREFIX_PATH or set
[1.131s]   "catkin_DIR" to a directory containing one of the above files.  If "catkin"
[1.131s]   provides a separate development package or SDK, be sure it has been
[1.132s]   installed.
[1.132s] 
[1.136s] -- Configuring incomplete, errors occurred!
[1.138s] See also "/home/ahmedk/dev_ws/build/hector_map_tools/CMakeFiles/CMakeOutput.log".
[1.139s] [0m
[1.140s] Invoked command in '/home/ahmedk/dev_ws/build/hector_map_tools' returned '1': /usr/bin/cmake /home/ahmedk/dev_ws/src/hector_slam/hector_map_tools -DCATKIN_INSTALL_INTO_PREFIX_ROOT=0 -DCMAKE_INSTALL_PREFIX=/home/ahmedk/dev_ws/install/hector_map_tools
