[0.139s] Invoking command in '/home/ahmedk/dev_ws/build/turtlebot3_fake_node': CMAKE_PREFIX_PATH=${CMAKE_PREFIX_PATH}:/home/ahmedk/dev_ws/install/add_two_int_srv:/home/ahmedk/dev_ws/install/my_first_py:/opt/ros/humble /usr/bin/cmake /home/ahmedk/dev_ws/src/turtlebot3_simulations/turtlebot3_fake_node -DAMENT_CMAKE_SYMLINK_INSTALL=1 -DCMAKE_INSTALL_PREFIX=/home/ahmedk/dev_ws/install/turtlebot3_fake_node
[0.208s] -- Found ament_cmake: 1.3.6 (/opt/ros/humble/share/ament_cmake/cmake)
[0.460s] -- Override CMake install command with custom implementation using symlinks instead of copying resources
[0.510s] -- Found geometry_msgs: 4.2.3 (/opt/ros/humble/share/geometry_msgs/cmake)
[0.590s] -- Found rosidl_generator_c: 3.1.5 (/opt/ros/humble/share/rosidl_generator_c/cmake)
[0.603s] -- Found rosidl_adapter: 3.1.5 (/opt/ros/humble/share/rosidl_adapter/cmake)
[0.625s] -- Found rosidl_generator_cpp: 3.1.5 (/opt/ros/humble/share/rosidl_generator_cpp/cmake)
[0.657s] -- Using all available rosidl_typesupport_c: rosidl_typesupport_fastrtps_c;rosidl_typesupport_introspection_c
[0.701s] -- Using all available rosidl_typesupport_cpp: rosidl_typesupport_fastrtps_cpp;rosidl_typesupport_introspection_cpp
[0.947s] -- Found nav_msgs: 4.2.3 (/opt/ros/humble/share/nav_msgs/cmake)
[1.134s] -- Found rclcpp: 16.0.7 (/opt/ros/humble/share/rclcpp/cmake)
[1.304s] -- Found rmw_implementation_cmake: 6.1.1 (/opt/ros/humble/share/rmw_implementation_cmake/cmake)
[1.312s] -- Found rmw_fastrtps_cpp: 6.2.5 (/opt/ros/humble/share/rmw_fastrtps_cpp/cmake)
[1.588s] -- Using RMW implementation 'rmw_fastrtps_cpp' as default
[1.841s] -- Found sensor_msgs: 4.2.3 (/opt/ros/humble/share/sensor_msgs/cmake)
[1.980s] -- Found tf2: 0.25.5 (/opt/ros/humble/share/tf2/cmake)
[2.009s] -- Found tf2_msgs: 0.25.5 (/opt/ros/humble/share/tf2_msgs/cmake)
[2.382s] -- Found turtlebot3_msgs: 2.2.3 (/opt/ros/humble/share/turtlebot3_msgs/cmake)
[2.724s] -- Configuring done
[2.767s] -- Generating done
[2.774s] -- Build files have been written to: /home/ahmedk/dev_ws/build/turtlebot3_fake_node
[2.800s] Invoked command in '/home/ahmedk/dev_ws/build/turtlebot3_fake_node' returned '0': CMAKE_PREFIX_PATH=${CMAKE_PREFIX_PATH}:/home/ahmedk/dev_ws/install/add_two_int_srv:/home/ahmedk/dev_ws/install/my_first_py:/opt/ros/humble /usr/bin/cmake /home/ahmedk/dev_ws/src/turtlebot3_simulations/turtlebot3_fake_node -DAMENT_CMAKE_SYMLINK_INSTALL=1 -DCMAKE_INSTALL_PREFIX=/home/ahmedk/dev_ws/install/turtlebot3_fake_node
[2.801s] Invoking command in '/home/ahmedk/dev_ws/build/turtlebot3_fake_node': CMAKE_PREFIX_PATH=${CMAKE_PREFIX_PATH}:/home/ahmedk/dev_ws/install/add_two_int_srv:/home/ahmedk/dev_ws/install/my_first_py:/opt/ros/humble /usr/bin/cmake --build /home/ahmedk/dev_ws/build/turtlebot3_fake_node -- -j2 -l2
[2.874s] [35m[1mConsolidate compiler generated dependencies of target turtlebot3_fake_node[0m
[2.958s] [100%] Built target turtlebot3_fake_node
[2.983s] Invoked command in '/home/ahmedk/dev_ws/build/turtlebot3_fake_node' returned '0': CMAKE_PREFIX_PATH=${CMAKE_PREFIX_PATH}:/home/ahmedk/dev_ws/install/add_two_int_srv:/home/ahmedk/dev_ws/install/my_first_py:/opt/ros/humble /usr/bin/cmake --build /home/ahmedk/dev_ws/build/turtlebot3_fake_node -- -j2 -l2
[3.118s] Invoking command in '/home/ahmedk/dev_ws/build/turtlebot3_fake_node': CMAKE_PREFIX_PATH=${CMAKE_PREFIX_PATH}:/home/ahmedk/dev_ws/install/add_two_int_srv:/home/ahmedk/dev_ws/install/my_first_py:/opt/ros/humble /usr/bin/cmake --install /home/ahmedk/dev_ws/build/turtlebot3_fake_node
[3.132s] -- Install configuration: ""
[3.133s] -- Execute custom install script
[3.135s] -- Up-to-date symlink: /home/ahmedk/dev_ws/install/turtlebot3_fake_node/lib/turtlebot3_fake_node/turtlebot3_fake_node
[3.138s] -- Up-to-date symlink: /home/ahmedk/dev_ws/install/turtlebot3_fake_node/share/turtlebot3_fake_node/launch/rviz2.launch.py
[3.139s] -- Up-to-date symlink: /home/ahmedk/dev_ws/install/turtlebot3_fake_node/share/turtlebot3_fake_node/launch/turtlebot3_fake_node.launch.py
[3.140s] -- Up-to-date symlink: /home/ahmedk/dev_ws/install/turtlebot3_fake_node/share/turtlebot3_fake_node/param/burger.yaml
[3.141s] -- Up-to-date symlink: /home/ahmedk/dev_ws/install/turtlebot3_fake_node/share/turtlebot3_fake_node/param/waffle.yaml
[3.142s] -- Up-to-date symlink: /home/ahmedk/dev_ws/install/turtlebot3_fake_node/share/turtlebot3_fake_node/param/waffle_pi.yaml
[3.144s] -- Up-to-date symlink: /home/ahmedk/dev_ws/install/turtlebot3_fake_node/include//turtlebot3_fake_node/turtlebot3_fake_node.hpp
[3.145s] -- Up-to-date symlink: /home/ahmedk/dev_ws/install/turtlebot3_fake_node/share/ament_index/resource_index/package_run_dependencies/turtlebot3_fake_node
[3.146s] -- Up-to-date symlink: /home/ahmedk/dev_ws/install/turtlebot3_fake_node/share/ament_index/resource_index/parent_prefix_path/turtlebot3_fake_node
[3.147s] -- Up-to-date symlink: /home/ahmedk/dev_ws/install/turtlebot3_fake_node/share/turtlebot3_fake_node/environment/ament_prefix_path.sh
[3.147s] -- Up-to-date symlink: /home/ahmedk/dev_ws/install/turtlebot3_fake_node/share/turtlebot3_fake_node/environment/ament_prefix_path.dsv
[3.148s] -- Up-to-date symlink: /home/ahmedk/dev_ws/install/turtlebot3_fake_node/share/turtlebot3_fake_node/environment/path.sh
[3.149s] -- Up-to-date symlink: /home/ahmedk/dev_ws/install/turtlebot3_fake_node/share/turtlebot3_fake_node/environment/path.dsv
[3.149s] -- Up-to-date symlink: /home/ahmedk/dev_ws/install/turtlebot3_fake_node/share/turtlebot3_fake_node/local_setup.bash
[3.151s] -- Up-to-date symlink: /home/ahmedk/dev_ws/install/turtlebot3_fake_node/share/turtlebot3_fake_node/local_setup.sh
[3.152s] -- Up-to-date symlink: /home/ahmedk/dev_ws/install/turtlebot3_fake_node/share/turtlebot3_fake_node/local_setup.zsh
[3.152s] -- Up-to-date symlink: /home/ahmedk/dev_ws/install/turtlebot3_fake_node/share/turtlebot3_fake_node/local_setup.dsv
[3.152s] -- Symlinking: /home/ahmedk/dev_ws/install/turtlebot3_fake_node/share/turtlebot3_fake_node/package.dsv
[3.183s] -- Up-to-date symlink: /home/ahmedk/dev_ws/install/turtlebot3_fake_node/share/ament_index/resource_index/packages/turtlebot3_fake_node
[3.185s] -- Up-to-date symlink: /home/ahmedk/dev_ws/install/turtlebot3_fake_node/share/turtlebot3_fake_node/cmake/ament_cmake_export_include_directories-extras.cmake
[3.186s] -- Up-to-date symlink: /home/ahmedk/dev_ws/install/turtlebot3_fake_node/share/turtlebot3_fake_node/cmake/ament_cmake_export_dependencies-extras.cmake
[3.187s] -- Up-to-date symlink: /home/ahmedk/dev_ws/install/turtlebot3_fake_node/share/turtlebot3_fake_node/cmake/turtlebot3_fake_nodeConfig.cmake
[3.188s] -- Up-to-date symlink: /home/ahmedk/dev_ws/install/turtlebot3_fake_node/share/turtlebot3_fake_node/cmake/turtlebot3_fake_nodeConfig-version.cmake
[3.188s] -- Up-to-date symlink: /home/ahmedk/dev_ws/install/turtlebot3_fake_node/share/turtlebot3_fake_node/package.xml
[3.199s] Invoked command in '/home/ahmedk/dev_ws/build/turtlebot3_fake_node' returned '0': CMAKE_PREFIX_PATH=${CMAKE_PREFIX_PATH}:/home/ahmedk/dev_ws/install/add_two_int_srv:/home/ahmedk/dev_ws/install/my_first_py:/opt/ros/humble /usr/bin/cmake --install /home/ahmedk/dev_ws/build/turtlebot3_fake_node
