[0.014s] Invoking command in '/home/ahmedk/dev_ws/build/my_package': CMAKE_PREFIX_PATH=${CMAKE_PREFIX_PATH}:/home/ahmedk/dev_ws/install/add_two_int_srv:/home/ahmedk/dev_ws/install/my_first_py:/opt/ros/humble /usr/bin/cmake --build /home/ahmedk/dev_ws/build/my_package -- -j2 -l2
[0.068s] Invoked command in '/home/ahmedk/dev_ws/build/my_package' returned '0': CMAKE_PREFIX_PATH=${CMAKE_PREFIX_PATH}:/home/ahmedk/dev_ws/install/add_two_int_srv:/home/ahmedk/dev_ws/install/my_first_py:/opt/ros/humble /usr/bin/cmake --build /home/ahmedk/dev_ws/build/my_package -- -j2 -l2
[0.101s] Invoking command in '/home/ahmedk/dev_ws/build/my_package': CMAKE_PREFIX_PATH=${CMAKE_PREFIX_PATH}:/home/ahmedk/dev_ws/install/add_two_int_srv:/home/ahmedk/dev_ws/install/my_first_py:/opt/ros/humble /usr/bin/cmake --install /home/ahmedk/dev_ws/build/my_package
[0.110s] -- Install configuration: ""
[0.111s] -- Execute custom install script
[0.112s] -- Up-to-date symlink: /home/ahmedk/dev_ws/install/my_package/share/my_package/launch/talker.launch.py
[0.113s] -- Up-to-date symlink: /home/ahmedk/dev_ws/install/my_package/share/ament_index/resource_index/package_run_dependencies/my_package
[0.113s] -- Up-to-date symlink: /home/ahmedk/dev_ws/install/my_package/share/ament_index/resource_index/parent_prefix_path/my_package
[0.114s] -- Up-to-date symlink: /home/ahmedk/dev_ws/install/my_package/share/my_package/environment/ament_prefix_path.sh
[0.115s] -- Up-to-date symlink: /home/ahmedk/dev_ws/install/my_package/share/my_package/environment/ament_prefix_path.dsv
[0.115s] -- Up-to-date symlink: /home/ahmedk/dev_ws/install/my_package/share/my_package/environment/path.sh
[0.115s] -- Up-to-date symlink: /home/ahmedk/dev_ws/install/my_package/share/my_package/environment/path.dsv
[0.116s] -- Up-to-date symlink: /home/ahmedk/dev_ws/install/my_package/share/my_package/local_setup.bash
[0.116s] -- Up-to-date symlink: /home/ahmedk/dev_ws/install/my_package/share/my_package/local_setup.sh
[0.117s] -- Up-to-date symlink: /home/ahmedk/dev_ws/install/my_package/share/my_package/local_setup.zsh
[0.117s] -- Up-to-date symlink: /home/ahmedk/dev_ws/install/my_package/share/my_package/local_setup.dsv
[0.118s] -- Symlinking: /home/ahmedk/dev_ws/install/my_package/share/my_package/package.dsv
[0.126s] -- Up-to-date symlink: /home/ahmedk/dev_ws/install/my_package/share/ament_index/resource_index/packages/my_package
[0.127s] -- Up-to-date symlink: /home/ahmedk/dev_ws/install/my_package/share/my_package/cmake/my_packageConfig.cmake
[0.128s] -- Up-to-date symlink: /home/ahmedk/dev_ws/install/my_package/share/my_package/cmake/my_packageConfig-version.cmake
[0.128s] -- Up-to-date symlink: /home/ahmedk/dev_ws/install/my_package/share/my_package/package.xml
[0.132s] Invoked command in '/home/ahmedk/dev_ws/build/my_package' returned '0': CMAKE_PREFIX_PATH=${CMAKE_PREFIX_PATH}:/home/ahmedk/dev_ws/install/add_two_int_srv:/home/ahmedk/dev_ws/install/my_first_py:/opt/ros/humble /usr/bin/cmake --install /home/ahmedk/dev_ws/build/my_package
